		Time			Cycle	PC		Insn	Decoded instruction	Register and memory contents
          65000	         5	80000004	00000293	addi	x5,x0,0	  x0:0x00000000  x5=0x00000000
          75000	         6	80000008	00000313	addi	x6,x0,0	  x0:0x00000000  x6=0x00000000
          85000	         7	8000000c	00628263	beq	x5,x6,80000010	  x5:0x00000000  x6:0x00000000
          95000	         8	00000000	00000013	addi	x0,x0,0	  x0:0x00000000
         105000	         9	8000000c	00000013	addi	x0,x0,0	  x0:0x00000000
         115000	        10	80000010	00000997	auipc	x19,0x0	 x19=0x8000000c
         125000	        11	80000014	00c98993	addi	x19,x19,12	 x19:0x8000000c x19=0x80000018
         135000	        12	80000018	00098067	jalr	x0,x19,0	 x19:0x80000018
         145000	        13	00000000	00000013	addi	x0,x0,0	  x0:0x00000000
         155000	        14	80000018	00000013	addi	x0,x0,0	  x0:0x00000000
         165000	        15	8000001c	400004b7	lui	x9,0x40000	  x9=0x40000000
         175000	        16	80000020	10048493	addi	x9,x9,256	  x9:0x40000000  x9=0x40000100
         185000	        17	80000024	00000013	addi	x0,x0,0	  x0:0x00000000
         195000	        18	80000028	0000aa97	auipc	x21,0xa	 x21=0x8000a024
         205000	        19	8000002c	fa0a8a93	addi	x21,x21,-96	 x21:0x8000a024 x21=0x80009fc4
         215000	        20	80000030	00007497	auipc	x9,0x7	  x9=0x8000702c
         225000	        21	80000034	5c448493	addi	x9,x9,1476	  x9:0x8000702c  x9=0x800075f0
         235000	        22	80000038	0014e493	ori	x9,x9,1	  x9:0x800075f0  x9=0x800075f1
         245000	        23	8000003c	00000013	addi	x0,x0,0	  x0:0x00000000
         255000	        24	80000040	00000497	auipc	x9,0x0	  x9=0x8000003c
         265000	        25	80000044	02048493	addi	x9,x9,32	  x9:0x8000003c  x9=0x8000005c
         275000	        26	80000048	00000013	addi	x0,x0,0	  x0:0x00000000
         285000	        27	8000004c	00000013	addi	x0,x0,0	  x0:0x00000000
         295000	        28	80000050	000024b7	lui	x9,0x2	  x9=0x00002000
         305000	        29	80000054	80048493	addi	x9,x9,-2048	  x9:0x00002000  x9=0x00001800
         315000	        30	80000058	00000013	addi	x0,x0,0	  x0:0x00000000
         325000	        31	8000005c	00000013	addi	x0,x0,0	  x0:0x00000000
         335000	        32	80000060	00000013	addi	x0,x0,0	  x0:0x00000000
         345000	        33	80000064	597850b7	lui	x1,0x59785	  x1=0x59785000
         355000	        34	80000068	8db08093	addi	x1,x1,-1829	  x1:0x59785000  x1=0x597848db
         365000	        35	8000006c	00000113	addi	x2,x0,0	  x0:0x00000000  x2=0x00000000
         375000	        36	80000070	800001b7	lui	x3,0x80000	  x3=0x80000000
         385000	        37	80000074	00600213	addi	x4,x0,6	  x0:0x00000000  x4=0x00000006
         395000	        38	80000078	00000293	addi	x5,x0,0	  x0:0x00000000  x5=0x00000000
         405000	        39	8000007c	00000313	addi	x6,x0,0	  x0:0x00000000  x6=0x00000000
         415000	        40	80000080	00000393	addi	x7,x0,0	  x0:0x00000000  x7=0x00000000
         425000	        41	80000084	80000437	lui	x8,0x80000	  x8=0x80000000
         435000	        42	80000088	117914b7	lui	x9,0x11791	  x9=0x11791000
         445000	        43	8000008c	54b48493	addi	x9,x9,1355	  x9:0x11791000  x9=0x1179154b
         455000	        44	80000090	00000513	addi	x10,x0,0	  x0:0x00000000 x10=0x00000000
         465000	        45	80000094	867205b7	lui	x11,0x86720	 x11=0x86720000
         475000	        46	80000098	66258593	addi	x11,x11,1634	 x11:0x86720000 x11=0x86720662
         485000	        47	8000009c	0c26a637	lui	x12,0xc26a	 x12=0x0c26a000
         495000	        48	800000a0	f0460613	addi	x12,x12,-252	 x12:0x0c26a000 x12=0x0c269f04
         505000	        49	800000a4	00000693	addi	x13,x0,0	  x0:0x00000000 x13=0x00000000
         515000	        50	800000a8	f8a017b7	lui	x15,0xf8a01	 x15=0xf8a01000
         525000	        51	800000ac	13778793	addi	x15,x15,311	 x15:0xf8a01000 x15=0xf8a01137
         535000	        52	800000b0	80000837	lui	x16,0x80000	 x16=0x80000000
         545000	        53	800000b4	00400893	addi	x17,x0,4	  x0:0x00000000 x17=0x00000004
         555000	        54	800000b8	00300913	addi	x18,x0,3	  x0:0x00000000 x18=0x00000003
         565000	        55	800000bc	00000993	addi	x19,x0,0	  x0:0x00000000 x19=0x00000000
         575000	        56	800000c0	0a559a37	lui	x20,0xa559	 x20=0x0a559000
         585000	        57	800000c4	b95a0a13	addi	x20,x20,-1131	 x20:0x0a559000 x20=0x0a558b95
         595000	        58	800000c8	ebb94b37	lui	x22,0xebb94	 x22=0xebb94000
         605000	        59	800000cc	843b0b13	addi	x22,x22,-1981	 x22:0xebb94000 x22=0xebb93843
         615000	        60	800000d0	80000bb7	lui	x23,0x80000	 x23=0x80000000
         625000	        61	800000d4	00d00c13	addi	x24,x0,13	  x0:0x00000000 x24=0x0000000d
         635000	        62	800000d8	80000cb7	lui	x25,0x80000	 x25=0x80000000
         645000	        63	800000dc	00000d13	addi	x26,x0,0	  x0:0x00000000 x26=0x00000000
         655000	        64	800000e0	f3b85db7	lui	x27,0xf3b85	 x27=0xf3b85000
         665000	        65	800000e4	383d8d93	addi	x27,x27,899	 x27:0xf3b85000 x27=0xf3b85383
         675000	        66	800000e8	00000e13	addi	x28,x0,0	  x0:0x00000000 x28=0x00000000
         685000	        67	800000ec	00000e93	addi	x29,x0,0	  x0:0x00000000 x29=0x00000000
         695000	        68	800000f0	00000f13	addi	x30,x0,0	  x0:0x00000000 x30=0x00000000
         705000	        69	800000f4	00000f93	addi	x31,x0,0	  x0:0x00000000 x31=0x00000000
         715000	        70	800000f8	0000a717	auipc	x14,0xa	 x14=0x8000a0f4
         725000	        71	800000fc	e9070713	addi	x14,x14,-368	 x14:0x8000a0f4 x14=0x80009f84
         735000	        72	80000100	00009117	auipc	x2,0x9	  x2=0x800090fc
         745000	        73	80000104	96910113	addi	x2,x2,-1687	  x2:0x800090fc  x2=0x80008a65
         755000	        74	80000108	2cf14203	lbu	x4,719(x2)	  x2:0x80008a65  x4=0x0000006e PA:0x80008d34
         765000	        75	8000010c	4e6116a3	sh	x6,1261(x2)	  x2:0x80008a65  x6:0x00000000 PA:0x80008f52
         775000	        76	80000110	3e210183	lb	x3,994(x2)	  x2:0x80008a65  x3=0x00000073 PA:0x80008e47
         785000	        77	80000114	e3a10603	lb	x12,-454(x2)	  x2:0x80008a65 x12=0x0000007b PA:0x8000889f
         795000	        78	80000118	02f90093	addi	x1,x18,47	 x18:0x00000003  x1=0x00000032
         805000	        79	8000011c	41e86693	ori	x13,x16,1054	 x16:0x80000000 x13=0x8000041e
         815000	        80	80000120	55f15e03	lhu	x28,1375(x2)	  x2:0x80008a65 x28=0x00005b98 PA:0x80008fc4
         825000	        81	80000124	e7f10c23	sb	x31,-392(x2)	  x2:0x80008a65 x31:0x00000000 PA:0x800088dd
         835000	        82	80000128	47714003	lbu	x0,1143(x2)	  x2:0x80008a65 PA:0x80008edc
         845000	        83	8000012c	4d514383	lbu	x7,1237(x2)	  x2:0x80008a65  x7=0x00000091 PA:0x80008f3a
         855000	        84	80000130	41d14883	lbu	x17,1053(x2)	  x2:0x80008a65 x17=0x000000a6 PA:0x80008e82
         865000	        85	80000134	f64c2613	slti	x12,x24,-156	 x24:0x0000000d x12=0x00000000
         875000	        86	80000138	405bdc33	sra	x24,x23,x5	 x23:0x80000000  x5:0x00000000 x24=0x80000000
         885000	        87	8000013c	05712b03	lw	x22,87(x2)	  x2:0x80008a65 x22=0x36cbb933 PA:0x80008abc
         895000	        88	80000140	0139ad33	slt	x26,x19,x19	 x19:0x00000000 x19:0x00000000 x26=0x00000000
         905000	        89	80000144	e4712d03	lw	x26,-441(x2)	  x2:0x80008a65 x26=0xe6af9258 PA:0x800088ac
         915000	        90	80000148	42a11aa3	sh	x10,1077(x2)	  x2:0x80008a65 x10:0x00000000 PA:0x80008e9a
         925000	        91	8000014c	2c4101a3	sb	x4,707(x2)	  x2:0x80008a65  x4:0x0000006e PA:0x80008d28
         935000	        92	80000150	761d0c93	addi	x25,x26,1889	 x26:0xe6af9258 x25=0xe6af99b9
         945000	        93	80000154	0c214903	lbu	x18,194(x2)	  x2:0x80008a65 x18=0x0000005c PA:0x80008b27
         955000	        94	80000158	56b15d03	lhu	x26,1387(x2)	  x2:0x80008a65 x26=0x0000dcd6 PA:0x80008fd0
         965000	        95	8000015c	0b312da3	sw	x19,187(x2)	  x2:0x80008a65 x19:0x00000000 PA:0x80008b20
         975000	        96	80000160	e0f15d03	lhu	x26,-497(x2)	  x2:0x80008a65 x26=0x0000e068 PA:0x80008874
         985000	        97	80000164	39b15203	lhu	x4,923(x2)	  x2:0x80008a65  x4=0x0000774a PA:0x80008e00
         995000	        98	00000000	00000013	addi	x0,x0,0	  x0:0x00000000
        1005000	        99	80000168	2a410803	lb	x16,676(x2)	  x2:0x80008a65 x16=0x0000000f PA:0x80008d09
        1015000	       100	8000016c	b097c093	xori	x1,x15,-1271	 x15:0xf8a01137  x1=0x075fea3e
        1025000	       101	80000170	e3d78413	addi	x8,x15,-451	 x15:0xf8a01137  x8=0xf8a00f74
        1035000	       102	80000174	00d2b433	sltu	x8,x5,x13	  x5:0x00000000 x13:0x8000041e  x8=0x00000001
        1045000	       103	80000178	28111583	lh	x11,641(x2)	  x2:0x80008a65 x11=0x00000159 PA:0x80008ce6
        1055000	       104	8000017c	dd010083	lb	x1,-560(x2)	  x2:0x80008a65  x1=0xffffff90 PA:0x80008835
        1065000	       105	80000180	25610883	lb	x17,598(x2)	  x2:0x80008a65 x17=0xffffffc9 PA:0x80008cbb
        1075000	       106	00000000	00000013	addi	x0,x0,0	  x0:0x00000000
        1085000	       107	80000184	f3110683	lb	x13,-207(x2)	  x2:0x80008a65 x13=0xffffffa2 PA:0x80008996
        1095000	       108	80000188	21d15d83	lhu	x27,541(x2)	  x2:0x80008a65 x27=0x0000f50a PA:0x80008c82
        1105000	       109	8000018c	24b14583	lbu	x11,587(x2)	  x2:0x80008a65 x11=0x00000071 PA:0x80008cb0
        1115000	       110	80000190	3e210823	sb	x2,1008(x2)	  x2:0x80008a65  x2:0x80008a65 PA:0x80008e55
        1125000	       111	80000194	00681313	slli	x6,x16,0x6	 x16:0x0000000f  x6=0x000003c0
        1135000	       112	80000198	23814803	lbu	x16,568(x2)	  x2:0x80008a65 x16=0x00000098 PA:0x80008c9d
        1145000	       113	8000019c	38600c93	addi	x25,x0,902	  x0:0x00000000 x25=0x00000386
        1155000	       114	800001a0	f9b14c83	lbu	x25,-101(x2)	  x2:0x80008a65 x25=0x0000009c PA:0x80008a00
        1165000	       115	800001a4	59f73413	sltiu	x8,x14,1439	 x14:0x80009f84  x8=0x00000000
        1175000	       116	800001a8	3fa10823	sb	x26,1008(x2)	  x2:0x80008a65 x26:0x0000e068 PA:0x80008e55
        1185000	       117	800001ac	00008117	auipc	x2,0x8	  x2=0x800081a8
        1195000	       118	800001b0	53e10113	addi	x2,x2,1342	  x2:0x800081a8  x2=0x800086e6
        1205000	       119	800001b4	001cd293	srli	x5,x25,0x1	 x25:0x0000009c  x5=0x0000004e
        1215000	       120	800001b8	6bfc7e93	andi	x29,x24,1727	 x24:0x80000000 x29=0x00000000
        1225000	       121	800001bc	02b10c83	lb	x25,43(x2)	  x2:0x800086e6 x25=0xffffffda PA:0x80008711
        1235000	       122	800001c0	b7dd8397	auipc	x7,0xb7dd8	  x7=0x37dd81bc
        1245000	       123	800001c4	00413b33	sltu	x22,x2,x4	  x2:0x800086e6  x4:0x0000774a x22=0x00000000
        1255000	       124	800001c8	402adbb3	sra	x23,x21,x2	 x21:0x80009fc4  x2:0x800086e6 x23=0xfe00027f
        1265000	       125	800001cc	415b5cb3	sra	x25,x22,x21	 x22:0x00000000 x21:0x80009fc4 x25=0x00000000
        1275000	       126	800001d0	004a8233	add	x4,x21,x4	 x21:0x80009fc4  x4:0x0000774a  x4=0x8001170e
        1285000	       127	800001d4	01b09893	slli	x17,x1,0x1b	  x1:0xffffff90 x17=0x80000000
        1295000	       128	800001d8	fd212803	lw	x16,-46(x2)	  x2:0x800086e6 x16=0x04bfd478 PA:0x800086b8
        1305000	       129	800001dc	fcf12523	sw	x15,-54(x2)	  x2:0x800086e6 x15:0xf8a01137 PA:0x800086b0
        1315000	       130	800001e0	ff411223	sh	x20,-28(x2)	  x2:0x800086e6 x20:0x0a558b95 PA:0x800086ca
        1325000	       131	800001e4	004f8433	add	x8,x31,x4	 x31:0x00000000  x4:0x8001170e  x8=0x8001170e
        1335000	       132	800001e8	01e10803	lb	x16,30(x2)	  x2:0x800086e6 x16=0x00000027 PA:0x80008704
        1345000	       133	800001ec	01710f03	lb	x30,23(x2)	  x2:0x800086e6 x30=0xffffffc1 PA:0x800086fd
        1355000	       134	800001f0	01411b83	lh	x23,20(x2)	  x2:0x800086e6 x23=0xffff9111 PA:0x800086fa
        1365000	       135	800001f4	81263d93	sltiu	x27,x12,-2030	 x12:0x00000000 x27=0x00000001
        1375000	       136	800001f8	006c1b93	slli	x23,x24,0x6	 x24:0x80000000 x23=0x00000000
        1385000	       137	800001fc	02710483	lb	x9,39(x2)	  x2:0x800086e6  x9=0xffffffc0 PA:0x8000870d
        1395000	       138	80000200	03b10303	lb	x6,59(x2)	  x2:0x800086e6  x6=0xfffffff7 PA:0x80008721
        1405000	       139	80000204	fe412323	sw	x4,-26(x2)	  x2:0x800086e6  x4:0x8001170e PA:0x800086cc
        1415000	       140	80000208	03914683	lbu	x13,57(x2)	  x2:0x800086e6 x13=0x00000044 PA:0x8000871f
        1425000	       141	8000020c	009782b3	add	x5,x15,x9	 x15:0xf8a01137  x9:0xffffffc0  x5=0xf8a010f7
        1435000	       142	80000210	511d0a13	addi	x20,x26,1297	 x26:0x0000e068 x20=0x0000e579
        1445000	       143	80000214	011a8a33	add	x20,x21,x17	 x21:0x80009fc4 x17:0x80000000 x20=0x00009fc4
        1455000	       144	80000218	00000013	addi	x0,x0,0	  x0:0x00000000
        1465000	       145	8000021c	00a58833	add	x16,x11,x10	 x11:0x00000071 x10:0x00000000 x16=0x00000071
        1475000	       146	80000220	00745e33	srl	x28,x8,x7	  x8:0x8001170e  x7:0x37dd81bc x28=0x00000008
        1485000	       147	80000224	003b16b3	sll	x13,x22,x3	 x22:0x00000000  x3:0x00000073 x13=0x00000000
        1495000	       148	80000228	a0e4af93	slti	x31,x9,-1522	  x9:0xffffffc0 x31=0x00000000
        1505000	       149	8000022c	01707933	and	x18,x0,x23	  x0:0x00000000 x23:0x00000000 x18=0x00000000
        1515000	       150	80000230	01e4ad33	slt	x26,x9,x30	  x9:0xffffffc0 x30:0xffffffc1 x26=0x00000001
        1525000	       151	80000234	1dd47237	lui	x4,0x1dd47	  x4=0x1dd47000
        1535000	       152	80000238	00000013	addi	x0,x0,0	  x0:0x00000000
        1545000	       153	8000023c	01ca2db3	slt	x27,x20,x28	 x20:0x00009fc4 x28:0x00000008 x27=0x00000000
        1555000	       154	80000240	fec11383	lh	x7,-20(x2)	  x2:0x800086e6  x7=0x00000fe1 PA:0x800086d2
        1565000	       155	80000244	fed10e03	lb	x28,-19(x2)	  x2:0x800086e6 x28=0x0000000f PA:0x800086d3
        1575000	       156	80000248	00008517	auipc	x10,0x8	 x10=0x80008244
        1585000	       157	8000024c	fc150513	addi	x10,x10,-63	 x10:0x80008244 x10=0x80008205
        1595000	       158	80000250	f5650123	sb	x22,-190(x10)	 x10:0x80008205 x22:0x00000000 PA:0x80008147
        1605000	       159	80000254	01d92cb3	slt	x25,x18,x29	 x18:0x00000000 x29:0x00000000 x25=0x00000000
        1615000	       160	80000258	fac50123	sb	x12,-94(x10)	 x10:0x80008205 x12:0x00000000 PA:0x800081a7
        1625000	       161	8000025c	00db2eb3	slt	x29,x22,x13	 x22:0x00000000 x13:0x00000000 x29=0x00000000
        1635000	       162	80000260	010a5113	srli	x2,x20,0x10	 x20:0x00009fc4  x2=0x00000000
        1645000	       163	80000264	00df05b3	add	x11,x30,x13	 x30:0xffffffc1 x13:0x00000000 x11=0xffffffc1
        1655000	       164	80000268	54e07913	andi	x18,x0,1358	  x0:0x00000000 x18=0x00000000
        1665000	       165	8000026c	f2250083	lb	x1,-222(x10)	 x10:0x80008205  x1=0x00000043 PA:0x80008127
        1675000	       166	80000270	fec50803	lb	x16,-20(x10)	 x10:0x80008205 x16=0xffffffc4 PA:0x800081f1
        1685000	       167	80000274	012595b3	sll	x11,x11,x18	 x11:0xffffffc1 x18:0x00000000 x11=0xffffffc1
        1695000	       168	80000278	fd7500a3	sb	x23,-63(x10)	 x10:0x80008205 x23:0x00000000 PA:0x800081c6
        1705000	       169	8000027c	09d50c23	sb	x29,152(x10)	 x10:0x80008205 x29:0x00000000 PA:0x8000829d
        1715000	       170	80000280	41c95393	srai	x7,x18,0x1c	 x18:0x00000000  x7=0x00000000
        1725000	       171	80000284	4193d913	srai	x18,x7,0x19	  x7:0x00000000 x18=0x00000000
        1735000	       172	80000288	00000013	addi	x0,x0,0	  x0:0x00000000
        1745000	       173	8000028c	bc4ee937	lui	x18,0xbc4ee	 x18=0xbc4ee000
        1755000	       174	80000290	fa4504a3	sb	x4,-87(x10)	 x10:0x80008205  x4:0x1dd47000 PA:0x800081ae
        1765000	       175	80000294	01050323	sb	x16,6(x10)	 x10:0x80008205 x16:0xffffffc4 PA:0x8000820b
        1775000	       176	80000298	fdd54b83	lbu	x23,-35(x10)	 x10:0x80008205 x23=0x00000011 PA:0x800081e2
        1785000	       177	8000029c	05ba98b7	lui	x17,0x5ba9	 x17=0x05ba9000
        1795000	       178	800002a0	ff850603	lb	x12,-8(x10)	 x10:0x80008205 x12=0x00000017 PA:0x800081fd
        1805000	       179	800002a4	08950723	sb	x9,142(x10)	 x10:0x80008205  x9:0xffffffc0 PA:0x80008293
        1815000	       180	800002a8	fd550d23	sb	x21,-38(x10)	 x10:0x80008205 x21:0x80009fc4 PA:0x800081df
        1825000	       181	800002ac	0fa50b83	lb	x23,250(x10)	 x10:0x80008205 x23=0xffffff8c PA:0x800082ff
        1835000	       182	800002b0	02352103	lw	x2,35(x10)	 x10:0x80008205  x2=0x964335d3 PA:0x80008228
        1845000	       183	800002b4	41170333	sub	x6,x14,x17	 x14:0x80009f84 x17:0x05ba9000  x6=0x7a460f84
        1855000	       184	800002b8	fda50b03	lb	x22,-38(x10)	 x10:0x80008205 x22=0xffffffc4 PA:0x800081df
        1865000	       185	800002bc	0145bf33	sltu	x30,x11,x20	 x11:0xffffffc1 x20:0x00009fc4 x30=0x00000000
        1875000	       186	800002c0	78cc36b7	lui	x13,0x78cc3	 x13=0x78cc3000
        1885000	       187	800002c4	f8f50123	sb	x15,-126(x10)	 x10:0x80008205 x15:0xf8a01137 PA:0x80008187
        1895000	       188	800002c8	8e768c13	addi	x24,x13,-1817	 x13:0x78cc3000 x24=0x78cc28e7
        1905000	       189	800002cc	0d74b293	sltiu	x5,x9,215	  x9:0xffffffc0  x5=0x00000000
        1915000	       190	800002d0	06254683	lbu	x13,98(x10)	 x10:0x80008205 x13=0x0000004f PA:0x80008267
        1925000	       191	00000000	00000013	addi	x0,x0,0	  x0:0x00000000
        1935000	       192	800002d4	f4d51a03	lh	x20,-179(x10)	 x10:0x80008205 x20=0xffff906a PA:0x80008152
        1945000	       193	800002d8	00eb1d93	slli	x27,x22,0xe	 x22:0xffffffc4 x27=0xfff10000
        1955000	       194	800002dc	24b62397	auipc	x7,0x24b62	  x7=0xa4b622d8
        1965000	       195	800002e0	00e5d833	srl	x16,x11,x14	 x11:0xffffffc1 x14:0x80009f84 x16=0x0ffffffc
        1975000	       196	800002e4	f6854d03	lbu	x26,-152(x10)	 x10:0x80008205 x26=0x00000084 PA:0x8000816d
        1985000	       197	800002e8	fa154403	lbu	x8,-95(x10)	 x10:0x80008205  x8=0x00000036 PA:0x800081a6
        1995000	       198	800002ec	0fb54b83	lbu	x23,251(x10)	 x10:0x80008205 x23=0x00000088 PA:0x80008300
        2005000	       199	800002f0	fbc50783	lb	x15,-68(x10)	 x10:0x80008205 x15=0xffffffea PA:0x800081c1
        2015000	       200	800002f4	00008117	auipc	x2,0x8	  x2=0x800082f0
        2025000	       201	800002f8	40d10113	addi	x2,x2,1037	  x2:0x800082f0  x2=0x800086fd
        2035000	       202	800002fc	fe310903	lb	x18,-29(x2)	  x2:0x800086fd x18=0x0000007d PA:0x800086e0
        2045000	       203	80000300	00ebd8b3	srl	x17,x23,x14	 x23:0x00000088 x14:0x80009f84 x17=0x00000008
        2055000	       204	80000304	01d8c7b3	xor	x15,x17,x29	 x17:0x00000008 x29:0x00000000 x15=0x00000008
        2065000	       205	80000308	96265217	auipc	x4,0x96265	  x4=0x16265304
        2075000	       206	8000030c	0709cf13	xori	x30,x19,112	 x19:0x00000000 x30=0x00000070
        2085000	       207	80000310	fe310623	sb	x3,-20(x2)	  x2:0x800086fd  x3:0x00000073 PA:0x800086e9
        2095000	       208	80000314	fc211ba3	sh	x2,-41(x2)	  x2:0x800086fd  x2:0x800086fd PA:0x800086d4
        2105000	       209	80000318	00ced893	srli	x17,x29,0xc	 x29:0x00000000 x17=0x00000000
        2115000	       210	8000031c	fc910323	sb	x9,-58(x2)	  x2:0x800086fd  x9:0xffffffc0 PA:0x800086c3
        2125000	       211	80000320	41bd5313	srai	x6,x26,0x1b	 x26:0x00000084  x6=0x00000000
        2135000	       212	80000324	02d10c23	sb	x13,56(x2)	  x2:0x800086fd x13:0x0000004f PA:0x80008735
        2145000	       213	80000328	00581e33	sll	x28,x16,x5	 x16:0x0ffffffc  x5:0x00000000 x28=0x0ffffffc
        2155000	       214	8000032c	02311883	lh	x17,35(x2)	  x2:0x800086fd x17=0xfffff7ed PA:0x80008720
        2165000	       215	80000330	fe9109a3	sb	x9,-13(x2)	  x2:0x800086fd  x9:0xffffffc0 PA:0x800086f0
        2175000	       216	80000334	dd1c0697	auipc	x13,0xdd1c0	 x13=0x5d1c0330
        2185000	       217	80000338	fdf14403	lbu	x8,-33(x2)	  x2:0x800086fd  x8=0x0000003e PA:0x800086dc
        2195000	       218	8000033c	fc514d83	lbu	x27,-59(x2)	  x2:0x800086fd x27=0x0000005f PA:0x800086c2
        2205000	       219	80000340	fd814003	lbu	x0,-40(x2)	  x2:0x800086fd PA:0x800086d5
        2215000	       220	80000344	00a10003	lb	x0,10(x2)	  x2:0x800086fd PA:0x80008707
        2225000	       221	80000348	108b0fb7	lui	x31,0x108b0	 x31=0x108b0000
        2235000	       222	8000034c	fde14403	lbu	x8,-34(x2)	  x2:0x800086fd  x8=0x000000b3 PA:0x800086db
        2245000	       223	80000350	fda14503	lbu	x10,-38(x2)	  x2:0x800086fd x10=0x00000041 PA:0x800086d7
        2255000	       224	80000354	03d15e03	lhu	x28,61(x2)	  x2:0x800086fd x28=0x00006d12 PA:0x8000873a
        2265000	       225	80000358	02c10e03	lb	x28,44(x2)	  x2:0x800086fd x28=0x0000004b PA:0x80008729
        2275000	       226	8000035c	230bf193	andi	x3,x23,560	 x23:0x00000088  x3=0x00000000
        2285000	       227	80000360	fcc10d83	lb	x27,-52(x2)	  x2:0x800086fd x27=0xffffff86 PA:0x800086c9
        2295000	       228	80000364	fd510423	sb	x21,-56(x2)	  x2:0x800086fd x21:0x80009fc4 PA:0x800086c5
        2305000	       229	80000368	fc610503	lb	x10,-58(x2)	  x2:0x800086fd x10=0xffffffc0 PA:0x800086c3
        2315000	       230	00000000	00000013	addi	x0,x0,0	  x0:0x00000000
        2325000	       231	8000036c	fca10483	lb	x9,-54(x2)	  x2:0x800086fd  x9=0x00000010 PA:0x800086c7
        2335000	       232	80000370	03710a23	sb	x23,52(x2)	  x2:0x800086fd x23:0x00000088 PA:0x80008731
        2345000	       233	80000374	00009117	auipc	x2,0x9	  x2=0x80009370
        2355000	       234	80000378	b6510113	addi	x2,x2,-1179	  x2:0x80009370  x2=0x80008ed5
        2365000	       235	8000037c	654f2893	slti	x17,x30,1620	 x30:0x00000070 x17=0x00000001
        2375000	       236	80000380	01fa1c93	slli	x25,x20,0x1f	 x20:0xffff906a x25=0x00000000
        2385000	       237	80000384	00535213	srli	x4,x6,0x5	  x6:0x00000000  x4=0x00000000
        2395000	       238	80000388	01e2c333	xor	x6,x5,x30	  x5:0x00000000 x30:0x00000070  x6=0x00000070
        2405000	       239	8000038c	fa110f83	lb	x31,-95(x2)	  x2:0x80008ed5 x31=0xffffffaa PA:0x80008e76
        2415000	       240	80000390	06410083	lb	x1,100(x2)	  x2:0x80008ed5  x1=0xffffff90 PA:0x80008f39
        2425000	       241	80000394	01ca1a33	sll	x20,x20,x28	 x20:0xffff906a x28:0x0000004b x20=0xfc835000
        2435000	       242	80000398	05e10603	lb	x12,94(x2)	  x2:0x80008ed5 x12=0xffffffd8 PA:0x80008f33
        2445000	       243	8000039c	0080d4b3	srl	x9,x1,x8	  x1:0xffffff90  x8:0x000000b3  x9=0x00001fff
        2455000	       244	800003a0	fdc10203	lb	x4,-36(x2)	  x2:0x80008ed5  x4=0x00000003 PA:0x80008eb1
        2465000	       245	800003a4	f38115a3	sh	x24,-213(x2)	  x2:0x80008ed5 x24:0x78cc28e7 PA:0x80008e00
        2475000	       246	800003a8	06010f03	lb	x30,96(x2)	  x2:0x80008ed5 x30=0x00000028 PA:0x80008f35
        2485000	       247	800003ac	0073a233	slt	x4,x7,x7	  x7:0xa4b622d8  x7:0xa4b622d8  x4=0x00000000
        2495000	       248	800003b0	075c8593	addi	x11,x25,117	 x25:0x00000000 x11=0x00000075
        2505000	       249	800003b4	0cb11603	lh	x12,203(x2)	  x2:0x80008ed5 x12=0xffff8d1f PA:0x80008fa0
        2515000	       250	800003b8	00e71d33	sll	x26,x14,x14	 x14:0x80009f84 x14:0x80009f84 x26=0x0009f840
        2525000	       251	800003bc	e9debc93	sltiu	x25,x29,-355	 x29:0x00000000 x25=0x00000001
        2535000	       252	800003c0	f0e10503	lb	x10,-242(x2)	  x2:0x80008ed5 x10=0xffffff86 PA:0x80008de3
        2545000	       253	800003c4	fb814e03	lbu	x28,-72(x2)	  x2:0x80008ed5 x28=0x00000016 PA:0x80008e8d
        2555000	       254	800003c8	5136a413	slti	x8,x13,1299	 x13:0x5d1c0330  x8=0x00000000
        2565000	       255	800003cc	f8310823	sb	x3,-112(x2)	  x2:0x80008ed5  x3:0x00000000 PA:0x80008e65
        2575000	       256	800003d0	ff9106a3	sb	x25,-19(x2)	  x2:0x80008ed5 x25:0x00000001 PA:0x80008ec2
        2585000	       257	800003d4	0da14183	lbu	x3,218(x2)	  x2:0x80008ed5  x3=0x00000075 PA:0x80008faf
        2595000	       258	800003d8	f0014c83	lbu	x25,-256(x2)	  x2:0x80008ed5 x25=0x000000a9 PA:0x80008dd5
        2605000	       259	800003dc	03f11ea3	sh	x31,61(x2)	  x2:0x80008ed5 x31:0xffffffaa PA:0x80008f12
        2615000	       260	800003e0	6354fd13	andi	x26,x9,1589	  x9:0x00001fff x26=0x00000635
        2625000	       261	800003e4	fa810503	lb	x10,-88(x2)	  x2:0x80008ed5 x10=0xffffffd9 PA:0x80008e7d
        2635000	       262	800003e8	00000013	addi	x0,x0,0	  x0:0x00000000
        2645000	       263	800003ec	011a1e93	slli	x29,x20,0x11	 x20:0xfc835000 x29=0xa0000000
        2655000	       264	800003f0	000194b3	sll	x9,x3,x0	  x3:0x00000075  x0:0x00000000  x9=0x00000075
        2665000	       265	800003f4	f5714d83	lbu	x27,-169(x2)	  x2:0x80008ed5 x27=0x00000018 PA:0x80008e2c
        2675000	       266	800003f8	f6810823	sb	x8,-144(x2)	  x2:0x80008ed5  x8:0x00000000 PA:0x80008e45
        2685000	       267	800003fc	08b100a3	sb	x11,129(x2)	  x2:0x80008ed5 x11:0x00000075 PA:0x80008f56
        2695000	       268	80000400	7d3ca893	slti	x17,x25,2003	 x25:0x000000a9 x17=0x00000001
        2705000	       269	80000404	adad0f13	addi	x30,x26,-1318	 x26:0x00000635 x30=0x0000010f
        2715000	       270	80000408	b1cfa393	slti	x7,x31,-1252	 x31:0xffffffaa  x7=0x00000000
        2725000	       271	8000040c	408f03b3	sub	x7,x30,x8	 x30:0x0000010f  x8:0x00000000  x7=0x0000010f
        2735000	       272	80000410	00370d33	add	x26,x14,x3	 x14:0x80009f84  x3:0x00000075 x26=0x80009ff9
        2745000	       273	80000414	41668f33	sub	x30,x13,x22	 x13:0x5d1c0330 x22:0xffffffc4 x30=0x5d1c036c
        2755000	       274	80000418	00000013	addi	x0,x0,0	  x0:0x00000000
        2765000	       275	8000041c	005a28b3	slt	x17,x20,x5	 x20:0xfc835000  x5:0x00000000 x17=0x00000001
        2775000	       276	80000420	7265f593	andi	x11,x11,1830	 x11:0x00000075 x11=0x00000024
        2785000	       277	80000424	4c5b6393	ori	x7,x22,1221	 x22:0xffffffc4  x7=0xffffffc5
        2795000	       278	80000428	fdb12803	lw	x16,-37(x2)	  x2:0x80008ed5 x16=0xb5dd0368 PA:0x80008eb0
        2805000	       279	8000042c	06915083	lhu	x1,105(x2)	  x2:0x80008ed5  x1=0x0000e513 PA:0x80008f3e
        2815000	       280	80000430	05010e83	lb	x29,80(x2)	  x2:0x80008ed5 x29=0x00000034 PA:0x80008f25
        2825000	       281	80000434	1b0aa093	slti	x1,x21,432	 x21:0x80009fc4  x1=0x00000001
        2835000	       282	80000438	f6410283	lb	x5,-156(x2)	  x2:0x80008ed5  x5=0x00000012 PA:0x80008e39
        2845000	       283	8000043c	72b06d13	ori	x26,x0,1835	  x0:0x00000000 x26=0x0000072b
        2855000	       284	80000440	009f7fb3	and	x31,x30,x9	 x30:0x5d1c036c  x9:0x00000075 x31=0x00000064
        2865000	       285	80000444	31f14513	xori	x10,x2,799	  x2:0x80008ed5 x10=0x80008dca
        2875000	       286	80000448	06311803	lh	x16,99(x2)	  x2:0x80008ed5 x16=0xffff9097 PA:0x80008f38
        2885000	       287	8000044c	07c108a3	sb	x28,113(x2)	  x2:0x80008ed5 x28:0x00000016 PA:0x80008f46
        2895000	       288	80000450	fd710423	sb	x23,-56(x2)	  x2:0x80008ed5 x23:0x00000088 PA:0x80008e9d
        2905000	       289	80000454	925c4e93	xori	x29,x24,-1755	 x24:0x78cc28e7 x29=0x8733d1c2
        2915000	       290	80000458	f6814f83	lbu	x31,-152(x2)	  x2:0x80008ed5 x31=0x000000be PA:0x80008e3d
        2925000	       291	8000045c	f7610783	lb	x15,-138(x2)	  x2:0x80008ed5 x15=0x0000003b PA:0x80008e4b
        2935000	       292	80000460	00008697	auipc	x13,0x8	 x13=0x8000845c
        2945000	       293	80000464	dd868693	addi	x13,x13,-552	 x13:0x8000845c x13=0x80008234
        2955000	       294	80000468	f6e69183	lh	x3,-146(x13)	 x13:0x80008234  x3=0x000074f8 PA:0x800081a2
        2965000	       295	8000046c	00715093	srli	x1,x2,0x7	  x2:0x80008ed5  x1=0x0100011d
        2975000	       296	80000470	f306c203	lbu	x4,-208(x13)	 x13:0x80008234  x4=0x00000014 PA:0x80008164
        2985000	       297	80000474	09269d03	lh	x26,146(x13)	 x13:0x80008234 x26=0x00001e21 PA:0x800082c6
        2995000	       298	80000478	002118b3	sll	x17,x2,x2	  x2:0x80008ed5  x2:0x80008ed5 x17=0xdaa00000
        3005000	       299	8000047c	fa068b83	lb	x23,-96(x13)	 x13:0x80008234 x23=0xfffffff2 PA:0x800081d4
        3015000	       300	80000480	161c4e13	xori	x28,x24,353	 x24:0x78cc28e7 x28=0x78cc2986
        3025000	       301	80000484	fb46db83	lhu	x23,-76(x13)	 x13:0x80008234 x23=0x000049fa PA:0x800081e8
        3035000	       302	80000488	018d1533	sll	x10,x26,x24	 x26:0x00001e21 x24:0x78cc28e7 x10=0x000f1080
        3045000	       303	8000048c	0ae6aa23	sw	x14,180(x13)	 x13:0x80008234 x14:0x80009f84 PA:0x800082e8
        3055000	       304	80000490	10068f83	lb	x31,256(x13)	 x13:0x80008234 x31=0x00000038 PA:0x80008334
        3065000	       305	80000494	fa168d03	lb	x26,-95(x13)	 x13:0x80008234 x26=0x0000002f PA:0x800081d5
        3075000	       306	80000498	0d268103	lb	x2,210(x13)	 x13:0x80008234  x2=0xffffffd3 PA:0x80008306
        3085000	       307	8000049c	8a0b3f13	sltiu	x30,x22,-1888	 x22:0xffffffc4 x30=0x00000000
        3095000	       308	800004a0	f1774d13	xori	x26,x14,-233	 x14:0x80009f84 x26=0x7fff6093
        3105000	       309	800004a4	fe768ba3	sb	x7,-9(x13)	 x13:0x80008234  x7:0xffffffc5 PA:0x8000822b
        3115000	       310	800004a8	40e19517	auipc	x10,0x40e19	 x10=0xc0e194a4
        3125000	       311	800004ac	01e23033	sltu	x0,x4,x30	  x4:0x00000014 x30:0x00000000
        3135000	       312	800004b0	88e58013	addi	x0,x11,-1906	 x11:0x00000024
        3145000	       313	800004b4	f506c103	lbu	x2,-176(x13)	 x13:0x80008234  x2=0x00000008 PA:0x80008184
        3155000	       314	800004b8	01a51fb3	sll	x31,x10,x26	 x10:0xc0e194a4 x26:0x7fff6093 x31=0xa5200000
        3165000	       315	800004bc	f766a623	sw	x22,-148(x13)	 x13:0x80008234 x22:0xffffffc4 PA:0x800081a0
        3175000	       316	800004c0	0f368e03	lb	x28,243(x13)	 x13:0x80008234 x28=0x0000002d PA:0x80008327
        3185000	       317	800004c4	c88bfb93	andi	x23,x23,-888	 x23:0x000049fa x23=0x00004888
        3195000	       318	800004c8	01059593	slli	x11,x11,0x10	 x11:0x00000024 x11=0x00240000
        3205000	       319	800004cc	00aece33	xor	x28,x29,x10	 x29:0x8733d1c2 x10:0xc0e194a4 x28=0x47d24566
        3215000	       320	800004d0	990dda37	lui	x20,0x990dd	 x20=0x990dd000
        3225000	       321	800004d4	fde6cf83	lbu	x31,-34(x13)	 x13:0x80008234 x31=0x0000006d PA:0x80008212
        3235000	       322	800004d8	0dc69603	lh	x12,220(x13)	 x13:0x80008234 x12=0xffff8938 PA:0x80008310
        3245000	       323	800004dc	fd168183	lb	x3,-47(x13)	 x13:0x80008234  x3=0xffffff89 PA:0x80008205
        3255000	       324	800004e0	f1968f03	lb	x30,-231(x13)	 x13:0x80008234 x30=0xffffffec PA:0x8000814d
        3265000	       325	800004e4	04569523	sh	x5,74(x13)	 x13:0x80008234  x5:0x00000012 PA:0x8000827e
        3275000	       326	800004e8	04a688a3	sb	x10,81(x13)	 x13:0x80008234 x10:0xc0e194a4 PA:0x80008285
        3285000	       327	800004ec	01568eb3	add	x29,x13,x21	 x13:0x80008234 x21:0x80009fc4 x29=0x000121f8
        3295000	       328	800004f0	9419c013	xori	x0,x19,-1727	 x19:0x00000000
        3305000	       329	800004f4	d42c4d93	xori	x27,x24,-702	 x24:0x78cc28e7 x27=0x8733d5a5
        3315000	       330	800004f8	0aa6d183	lhu	x3,170(x13)	 x13:0x80008234  x3=0x00003921 PA:0x800082de
        3325000	       331	800004fc	f3c6dc83	lhu	x25,-196(x13)	 x13:0x80008234 x25=0x0000999d PA:0x80008170
        3335000	       332	80000500	0b372393	slti	x7,x14,179	 x14:0x80009f84  x7=0x00000001
        3345000	       333	80000504	fb16c503	lbu	x10,-79(x13)	 x13:0x80008234 x10=0x000000d2 PA:0x800081e5
        3355000	       334	80000508	00000013	addi	x0,x0,0	  x0:0x00000000
        3365000	       335	8000050c	01de1a13	slli	x20,x28,0x1d	 x28:0x47d24566 x20=0xc0000000
        3375000	       336	80000510	fb968803	lb	x16,-71(x13)	 x13:0x80008234 x16=0xffffffb1 PA:0x800081ed
        3385000	       337	80000514	00009f97	auipc	x31,0x9	 x31=0x80009510
        3395000	       338	80000518	aaaf8f93	addi	x31,x31,-1366	 x31:0x80009510 x31=0x80008fba
        3405000	       339	8000051c	00d24933	xor	x18,x4,x13	  x4:0x00000014 x13:0x80008234 x18=0x80008220
        3415000	       340	80000520	f2ef8103	lb	x2,-210(x31)	 x31:0x80008fba  x2=0xffffffb3 PA:0x80008ee8
        3425000	       341	80000524	8d734893	xori	x17,x6,-1833	  x6:0x00000070 x17=0xfffff8a7
        3435000	       342	80000528	fb4fc683	lbu	x13,-76(x31)	 x31:0x80008fba x13=0x000000ad PA:0x80008f6e
        3445000	       343	8000052c	f6e0c613	xori	x12,x1,-146	  x1:0x0100011d x12=0xfefffe73
        3455000	       344	80000530	03ff9623	sh	x31,44(x31)	 x31:0x80008fba x31:0x80008fba PA:0x80008fe6
        3465000	       345	80000534	017f9893	slli	x17,x31,0x17	 x31:0x80008fba x17=0xdd000000
        3475000	       346	80000538	99fa07b7	lui	x15,0x99fa0	 x15=0x99fa0000
        3485000	       347	8000053c	f33f8103	lb	x2,-205(x31)	 x31:0x80008fba  x2=0xffffff9c PA:0x80008eed
        3495000	       348	80000540	41350c33	sub	x24,x10,x19	 x10:0x000000d2 x19:0x00000000 x24=0x000000d2
        3505000	       349	80000544	7a2cc5b7	lui	x11,0x7a2cc	 x11=0x7a2cc000
        3515000	       350	80000548	400f5d33	sra	x26,x30,x0	 x30:0xffffffec  x0:0x00000000 x26=0xffffffec
        3525000	       351	8000054c	f00f8583	lb	x11,-256(x31)	 x31:0x80008fba x11=0xffffff95 PA:0x80008eba
        3535000	       352	80000550	00000013	addi	x0,x0,0	  x0:0x00000000
        3545000	       353	80000554	40f508b3	sub	x17,x10,x15	 x10:0x000000d2 x15:0x99fa0000 x17=0x660600d2
        3555000	       354	80000558	f63f8203	lb	x4,-157(x31)	 x31:0x80008fba  x4=0xffffffaf PA:0x80008f1d
        3565000	       355	00000000	00000013	addi	x0,x0,0	  x0:0x00000000
        3575000	       356	8000055c	10422593	slti	x11,x4,260	  x4:0xffffffaf x11=0x00000001
        3585000	       357	80000560	645f7617	auipc	x12,0x645f7	 x12=0xe45f755c
        3595000	       358	80000564	01b88633	add	x12,x17,x27	 x17:0x660600d2 x27:0x8733d5a5 x12=0xed39d677
        3605000	       359	80000568	00522cb3	slt	x25,x4,x5	  x4:0xffffffaf  x5:0x00000012 x25=0x00000001
        3615000	       360	8000056c	f71f8683	lb	x13,-143(x31)	 x31:0x80008fba x13=0x0000004e PA:0x80008f2b
        3625000	       361	80000570	0170d593	srli	x11,x1,0x17	  x1:0x0100011d x11=0x00000002
        3635000	       362	80000574	f79f8483	lb	x9,-135(x31)	 x31:0x80008fba  x9=0xffffffd8 PA:0x80008f33
        3645000	       363	80000578	fa6fac03	lw	x24,-90(x31)	 x31:0x80008fba x24=0x86d62c1b PA:0x80008f60
        3655000	       364	8000057c	fcdf8c83	lb	x25,-51(x31)	 x31:0x80008fba x25=0x00000028 PA:0x80008f87
        3665000	       365	80000580	187a8c93	addi	x25,x21,391	 x21:0x80009fc4 x25=0x8000a14b
        3675000	       366	80000584	f3dfc403	lbu	x8,-195(x31)	 x31:0x80008fba  x8=0x000000a9 PA:0x80008ef7
        3685000	       367	80000588	0117db93	srli	x23,x15,0x11	 x15:0x99fa0000 x23=0x00004cfd
        3695000	       368	8000058c	41a9dc93	srai	x25,x19,0x1a	 x19:0x00000000 x25=0x00000000
        3705000	       369	80000590	f65fc403	lbu	x8,-155(x31)	 x31:0x80008fba  x8=0x00000046 PA:0x80008f1f
        3715000	       370	80000594	0178d213	srli	x4,x17,0x17	 x17:0x660600d2  x4=0x000000cc
        3725000	       371	80000598	8770a937	lui	x18,0x8770a	 x18=0x8770a000
        3735000	       372	8000059c	00000013	addi	x0,x0,0	  x0:0x00000000
        3745000	       373	800005a0	3e378b13	addi	x22,x15,995	 x15:0x99fa0000 x22=0x99fa03e3
        3755000	       374	800005a4	415184b3	sub	x9,x3,x21	  x3:0x00003921 x21:0x80009fc4  x9=0x7fff995d
        3765000	       375	800005a8	e7712e93	slti	x29,x2,-393	  x2:0xffffff9c x29=0x00000000
        3775000	       376	800005ac	01f727b3	slt	x15,x14,x31	 x14:0x80009f84 x31:0x80008fba x15=0x00000000
        3785000	       377	800005b0	af49c113	xori	x2,x19,-1292	 x19:0x00000000  x2=0xfffffaf4
        3795000	       378	800005b4	f58f9823	sh	x24,-176(x31)	 x31:0x80008fba x24:0x86d62c1b PA:0x80008f0a
        3805000	       379	800005b8	0169dd93	srli	x27,x19,0x16	 x19:0x00000000 x27=0x00000000
        3815000	       380	800005bc	f23f9d23	sh	x3,-198(x31)	 x31:0x80008fba  x3:0x00003921 PA:0x80008ef4
        3825000	       381	800005c0	01258b33	add	x22,x11,x18	 x11:0x00000002 x18:0x8770a000 x22=0x8770a002
        3835000	       382	800005c4	03cc7a63	bgeu	x24,x28,800005f8	 x24:0x86d62c1b x28:0x47d24566
        3845000	       383	00000000	00000013	addi	x0,x0,0	  x0:0x00000000
        3855000	       384	800005f4	00000013	addi	x0,x0,0	  x0:0x00000000
        3865000	       385	800005f8	04fd1463	bne	x26,x15,80000640	 x26:0xffffffec x15:0x00000000
        3875000	       386	00000000	00000013	addi	x0,x0,0	  x0:0x00000000
        3885000	       387	8000063c	00000013	addi	x0,x0,0	  x0:0x00000000
        3895000	       388	80000640	00ee9493	slli	x9,x29,0xe	 x29:0x00000000  x9=0x00000000
        3905000	       389	80000644	41430a33	sub	x20,x6,x20	  x6:0x00000070 x20:0xc0000000 x20=0x40000070
        3915000	       390	80000648	03f67a63	bgeu	x12,x31,8000067c	 x12:0xed39d677 x31:0x80008fba
        3925000	       391	00000000	00000013	addi	x0,x0,0	  x0:0x00000000
        3935000	       392	80000678	00000013	addi	x0,x0,0	  x0:0x00000000
        3945000	       393	8000067c	41b181b3	sub	x3,x3,x27	  x3:0x00003921 x27:0x00000000  x3=0x00003921
        3955000	       394	80000680	41b55d13	srai	x26,x10,0x1b	 x10:0x000000d2 x26=0x00000000
        3965000	       395	80000684	2e43ec93	ori	x25,x7,740	  x7:0x00000001 x25=0x000002e5
        3975000	       396	80000688	00129413	slli	x8,x5,0x1	  x5:0x00000012  x8=0x00000024
        3985000	       397	8000068c	009803b3	add	x7,x16,x9	 x16:0xffffffb1  x9:0x00000000  x7=0xffffffb1
        3995000	       398	80000690	04e29863	bne	x5,x14,800006e0	  x5:0x00000012 x14:0x80009f84
        4005000	       399	00000000	00000013	addi	x0,x0,0	  x0:0x00000000
        4015000	       400	800006dc	00000013	addi	x0,x0,0	  x0:0x00000000
        4025000	       401	800006e0	d8cce613	ori	x12,x25,-628	 x25:0x000002e5 x12=0xffffffed
        4035000	       402	800006e4	41cfd3b3	sra	x7,x31,x28	 x31:0x80008fba x28:0x47d24566  x7=0xfe00023e
        4045000	       403	800006e8	04e0d463	bge	x1,x14,80000730	  x1:0x0100011d x14:0x80009f84
        4055000	       404	00000000	00000013	addi	x0,x0,0	  x0:0x00000000
        4065000	       405	8000072c	00000013	addi	x0,x0,0	  x0:0x00000000
        4075000	       406	80000730	01881333	sll	x6,x16,x24	 x16:0xffffffb1 x24:0x86d62c1b  x6=0x88000000
        4085000	       407	80000734	01c33433	sltu	x8,x6,x28	  x6:0x88000000 x28:0x47d24566  x8=0x00000000
        4095000	       408	80000738	a4ea4837	lui	x16,0xa4ea4	 x16=0xa4ea4000
        4105000	       409	8000073c	03087a63	bgeu	x16,x16,80000770	 x16:0xa4ea4000 x16:0xa4ea4000
        4115000	       410	00000000	00000013	addi	x0,x0,0	  x0:0x00000000
        4125000	       411	8000076c	00000013	addi	x0,x0,0	  x0:0x00000000
        4135000	       412	80000770	0024d513	srli	x10,x9,0x2	  x9:0x00000000 x10=0x00000000
        4145000	       413	80000774	0192aeb3	slt	x29,x5,x25	  x5:0x00000012 x25:0x000002e5 x29=0x00000001
        4155000	       414	80000778	d4acc137	lui	x2,0xd4acc	  x2=0xd4acc000
        4165000	       415	8000077c	00d716b3	sll	x13,x14,x13	 x14:0x80009f84 x13:0x0000004e x13=0x27e10000
        4175000	       416	80000780	00000013	addi	x0,x0,0	  x0:0x00000000
        4185000	       417	80000784	62522813	slti	x16,x4,1573	  x4:0x000000cc x16=0x00000001
        4195000	       418	80000788	40d75533	sra	x10,x14,x13	 x14:0x80009f84 x13:0x27e10000 x10=0x80009f84
        4205000	       419	8000078c	019ae663	bltu	x21,x25,80000798	 x21:0x80009fc4 x25:0x000002e5
        4215000	       420	80000790	011df263	bgeu	x27,x17,80000794	 x27:0x00000000 x17:0x660600d2
        4225000	       421	80000794	01a2fdb3	and	x27,x5,x26	  x5:0x00000012 x26:0x00000000 x27=0x00000000
        4235000	       422	80000798	bacba113	slti	x2,x23,-1108	 x23:0x00004cfd  x2=0x00000000
        4245000	       423	8000079c	4125da13	srai	x20,x11,0x12	 x11:0x00000002 x20=0x00000000
        4255000	       424	800007a0	02824063	blt	x4,x8,800007c0	  x4:0x000000cc  x8:0x00000000
        4265000	       425	800007a4	00431093	slli	x1,x6,0x4	  x6:0x88000000  x1=0x80000000
        4275000	       426	800007a8	00bda133	slt	x2,x27,x11	 x27:0x00000000 x11:0x00000002  x2=0x00000001
        4285000	       427	800007ac	01a87e33	and	x28,x16,x26	 x16:0x00000001 x26:0x00000000 x28=0x00000000
        4295000	       428	800007b0	d1d02193	slti	x3,x0,-739	  x0:0x00000000  x3=0x00000000
        4305000	       429	800007b4	0080c263	blt	x1,x8,800007b8	  x1:0x80000000  x8:0x00000000
        4315000	       430	00000000	00000013	addi	x0,x0,0	  x0:0x00000000
        4325000	       431	800007b4	00000013	addi	x0,x0,0	  x0:0x00000000
        4335000	       432	800007b8	01c5e333	or	x6,x11,x28	 x11:0x00000002 x28:0x00000000  x6=0x00000002
        4345000	       433	800007bc	b7e268b7	lui	x17,0xb7e26	 x17=0xb7e26000
        4355000	       434	800007c0	168f3793	sltiu	x15,x30,360	 x30:0xffffffec x15=0x00000000
        4365000	       435	800007c4	00d38463	beq	x7,x13,800007cc	  x7:0xfe00023e x13:0x27e10000
        4375000	       436	800007c8	01ef1493	slli	x9,x30,0x1e	 x30:0xffffffec  x9=0x00000000
        4385000	       437	800007cc	18268b13	addi	x22,x13,386	 x13:0x27e10000 x22=0x27e10182
        4395000	       438	800007d0	00002533	slt	x10,x0,x0	  x0:0x00000000  x0:0x00000000 x10=0x00000000
        4405000	       439	800007d4	00788433	add	x8,x17,x7	 x17:0xb7e26000  x7:0xfe00023e  x8=0xb5e2623e
        4415000	       440	800007d8	ddc20093	addi	x1,x4,-548	  x4:0x000000cc  x1=0xfffffea8
        4425000	       441	800007dc	007b8633	add	x12,x23,x7	 x23:0x00004cfd  x7:0xfe00023e x12=0xfe004f3b
        4435000	       442	800007e0	04a2f863	bgeu	x5,x10,80000830	  x5:0x00000012 x10:0x00000000
        4445000	       443	00000000	00000013	addi	x0,x0,0	  x0:0x00000000
        4455000	       444	8000082c	00000013	addi	x0,x0,0	  x0:0x00000000
        4465000	       445	80000830	01c67033	and	x0,x12,x28	 x12:0xfe004f3b x28:0x00000000
        4475000	       446	80000834	01fccb33	xor	x22,x25,x31	 x25:0x000002e5 x31:0x80008fba x22=0x80008d5f
        4485000	       447	80000838	40e6acb7	lui	x25,0x40e6a	 x25=0x40e6a000
        4495000	       448	8000083c	00f37463	bgeu	x6,x15,80000844	  x6:0x00000002 x15:0x00000000
        4505000	       449	00000000	00000013	addi	x0,x0,0	  x0:0x00000000
        4515000	       450	80000840	00000013	addi	x0,x0,0	  x0:0x00000000
        4525000	       451	80000844	01e06d33	or	x26,x0,x30	  x0:0x00000000 x30:0xffffffec x26=0xffffffec
        4535000	       452	80000848	00000013	addi	x0,x0,0	  x0:0x00000000
        4545000	       453	8000084c	04ab8063	beq	x23,x10,8000088c	 x23:0x00004cfd x10:0x00000000
        4555000	       454	80000850	01c62e33	slt	x28,x12,x28	 x12:0xfe004f3b x28:0x00000000 x28=0x00000001
        4565000	       455	80000854	008d0c33	add	x24,x26,x8	 x26:0xffffffec  x8:0xb5e2623e x24=0xb5e2622a
        4575000	       456	80000858	025d5a63	bge	x26,x5,8000088c	 x26:0xffffffec  x5:0x00000012
        4585000	       457	8000085c	97253693	sltiu	x13,x10,-1678	 x10:0x00000000 x13=0x00000001
        4595000	       458	80000860	012f5293	srli	x5,x30,0x12	 x30:0xffffffec  x5=0x00003fff
        4605000	       459	80000864	40715e13	srai	x28,x2,0x7	  x2:0x00000001 x28=0x00000000
        4615000	       460	80000868	0193f463	bgeu	x7,x25,80000870	  x7:0xfe00023e x25:0x40e6a000
        4625000	       461	00000000	00000013	addi	x0,x0,0	  x0:0x00000000
        4635000	       462	8000086c	00000013	addi	x0,x0,0	  x0:0x00000000
        4645000	       463	80000870	cc8f3793	sltiu	x15,x30,-824	 x30:0xffffffec x15=0x00000000
        4655000	       464	80000874	00d305b3	add	x11,x6,x13	  x6:0x00000002 x13:0x00000001 x11=0x00000003
        4665000	       465	80000878	01615263	bge	x2,x22,8000087c	  x2:0x00000001 x22:0x80008d5f
        4675000	       466	00000000	00000013	addi	x0,x0,0	  x0:0x00000000
        4685000	       467	80000878	00000013	addi	x0,x0,0	  x0:0x00000000
        4695000	       468	8000087c	3ea6cd13	xori	x26,x13,1002	 x13:0x00000001 x26=0x000003eb
        4705000	       469	80000880	6919db97	auipc	x23,0x6919d	 x23=0xe919d87c
        4715000	       470	80000884	0266c063	blt	x13,x6,800008a4	 x13:0x00000001  x6:0x00000002
        4725000	       471	00000000	00000013	addi	x0,x0,0	  x0:0x00000000
        4735000	       472	800008a0	00000013	addi	x0,x0,0	  x0:0x00000000
        4745000	       473	800008a4	003677b3	and	x15,x12,x3	 x12:0xfe004f3b  x3:0x00000000 x15=0x00000000
        4755000	       474	800008a8	03df7463	bgeu	x30,x29,800008d0	 x30:0xffffffec x29:0x00000001
        4765000	       475	00000000	00000013	addi	x0,x0,0	  x0:0x00000000
        4775000	       476	800008cc	00000013	addi	x0,x0,0	  x0:0x00000000
        4785000	       477	800008d0	40880333	sub	x6,x16,x8	 x16:0x00000001  x8:0xb5e2623e  x6=0x4a1d9dc3
        4795000	       478	800008d4	000591b3	sll	x3,x11,x0	 x11:0x00000003  x0:0x00000000  x3=0x00000003
        4805000	       479	800008d8	01225e33	srl	x28,x4,x18	  x4:0x000000cc x18:0x8770a000 x28=0x000000cc
        4815000	       480	800008dc	001a7533	and	x10,x20,x1	 x20:0x00000000  x1:0xfffffea8 x10=0x00000000
        4825000	       481	800008e0	007902b3	add	x5,x18,x7	 x18:0x8770a000  x7:0xfe00023e  x5=0x8570a23e
        4835000	       482	800008e4	1360bc93	sltiu	x25,x1,310	  x1:0xfffffea8 x25=0x00000000
        4845000	       483	800008e8	026b1663	bne	x22,x6,80000914	 x22:0x80008d5f  x6:0x4a1d9dc3
        4855000	       484	00000000	00000013	addi	x0,x0,0	  x0:0x00000000
        4865000	       485	80000910	00000013	addi	x0,x0,0	  x0:0x00000000
        4875000	       486	80000914	db863c13	sltiu	x24,x12,-584	 x12:0xfe004f3b x24=0x00000001
        4885000	       487	80000918	0047b333	sltu	x6,x15,x4	 x15:0x00000000  x4:0x000000cc  x6=0x00000001
        4895000	       488	8000091c	01247933	and	x18,x8,x18	  x8:0xb5e2623e x18:0x8770a000 x18=0x85602000
        4905000	       489	80000920	00459cb3	sll	x25,x11,x4	 x11:0x00000003  x4:0x000000cc x25=0x00003000
        4915000	       490	80000924	043fd263	bge	x31,x3,80000968	 x31:0x80008fba  x3:0x00000003
        4925000	       491	80000928	00aef663	bgeu	x29,x10,80000934	 x29:0x00000001 x10:0x00000000
        4935000	       492	00000000	00000013	addi	x0,x0,0	  x0:0x00000000
        4945000	       493	80000930	00000013	addi	x0,x0,0	  x0:0x00000000
        4955000	       494	80000934	8156c493	xori	x9,x13,-2027	 x13:0x00000001  x9=0xfffff814
        4965000	       495	80000938	008a8263	beq	x21,x8,8000093c	 x21:0x80009fc4  x8:0xb5e2623e
        4975000	       496	8000093c	002a1193	slli	x3,x20,0x2	 x20:0x00000000  x3=0x00000000
        4985000	       497	80000940	40f25f93	srai	x31,x4,0xf	  x4:0x000000cc x31=0x00000000
        4995000	       498	80000944	01555113	srli	x2,x10,0x15	 x10:0x00000000  x2=0x00000000
        5005000	       499	80000948	40210833	sub	x16,x2,x2	  x2:0x00000000  x2:0x00000000 x16=0x00000000
        5015000	       500	8000094c	41175313	srai	x6,x14,0x11	 x14:0x80009f84  x6=0xffffc000
        5025000	       501	80000950	00dc4463	blt	x24,x13,80000958	 x24:0x00000001 x13:0x00000001
        5035000	       502	80000954	01aa1513	slli	x10,x20,0x1a	 x20:0x00000000 x10=0x00000000
        5045000	       503	80000958	046ad663	bge	x21,x6,800009a4	 x21:0x80009fc4  x6:0xffffc000
        5055000	       504	8000095c	0369ca63	blt	x19,x22,80000990	 x19:0x00000000 x22:0x80008d5f
        5065000	       505	80000960	000c9913	slli	x18,x25,0x0	 x25:0x00003000 x18=0x00003000
        5075000	       506	80000964	d8c48a13	addi	x20,x9,-628	  x9:0xfffff814 x20=0xfffff5a0
        5085000	       507	80000968	00a52233	slt	x4,x10,x10	 x10:0x00000000 x10:0x00000000  x4=0x00000000
        5095000	       508	8000096c	41140533	sub	x10,x8,x17	  x8:0xb5e2623e x17:0xb7e26000 x10=0xfe00023e
        5105000	       509	80000970	00cc8a33	add	x20,x25,x12	 x25:0x00003000 x12:0xfe004f3b x20=0xfe007f3b
        5115000	       510	80000974	65ee8637	lui	x12,0x65ee8	 x12=0x65ee8000
        5125000	       511	80000978	92a36413	ori	x8,x6,-1750	  x6:0xffffc000  x8=0xfffff92a
        5135000	       512	8000097c	00000013	addi	x0,x0,0	  x0:0x00000000
        5145000	       513	80000980	493f0e97	auipc	x29,0x493f0	 x29=0xc93f097c
        5155000	       514	80000984	006a9393	slli	x7,x21,0x6	 x21:0x80009fc4  x7=0x0027f100
        5165000	       515	80000988	403ed033	sra	x0,x29,x3	 x29:0xc93f097c  x3:0x00000000
        5175000	       516	8000098c	3b17ad13	slti	x26,x15,945	 x15:0x00000000 x26=0x00000001
        5185000	       517	80000990	00000013	addi	x0,x0,0	  x0:0x00000000
        5195000	       518	80000994	41a65813	srai	x16,x12,0x1a	 x12:0x65ee8000 x16=0x00000019
        5205000	       519	80000998	0149feb3	and	x29,x19,x20	 x19:0x00000000 x20:0xfe007f3b x29=0x00000000
        5215000	       520	8000099c	53dc8593	addi	x11,x25,1341	 x25:0x00003000 x11=0x0000353d
        5225000	       521	800009a0	16be0e93	addi	x29,x28,363	 x28:0x000000cc x29=0x00000237
        5235000	       522	800009a4	c79dc297	auipc	x5,0xc79dc	  x5=0x479dc9a0
        5245000	       523	800009a8	00f5f263	bgeu	x11,x15,800009ac	 x11:0x0000353d x15:0x00000000
        5255000	       524	00000000	00000013	addi	x0,x0,0	  x0:0x00000000
        5265000	       525	800009a8	00000013	addi	x0,x0,0	  x0:0x00000000
        5275000	       526	800009ac	017971b3	and	x3,x18,x23	 x18:0x00003000 x23:0xe919d87c  x3=0x00001000
        5285000	       527	800009b0	00321233	sll	x4,x4,x3	  x4:0x00000000  x3:0x00001000  x4=0x00000000
        5295000	       528	800009b4	88cd4613	xori	x12,x26,-1908	 x26:0x00000001 x12=0xfffff88d
        5305000	       529	800009b8	05201463	bne	x0,x18,80000a00	  x0:0x00000000 x18:0x00003000
        5315000	       530	00000000	00000013	addi	x0,x0,0	  x0:0x00000000
        5325000	       531	800009fc	00000013	addi	x0,x0,0	  x0:0x00000000
        5335000	       532	80000a00	014d4633	xor	x12,x26,x20	 x26:0x00000001 x20:0xfe007f3b x12=0xfe007f3a
        5345000	       533	80000a04	00f352b3	srl	x5,x6,x15	  x6:0xffffc000 x15:0x00000000  x5=0xffffc000
        5355000	       534	80000a08	02e78463	beq	x15,x14,80000a30	 x15:0x00000000 x14:0x80009f84
        5365000	       535	80000a0c	007b6533	or	x10,x22,x7	 x22:0x80008d5f  x7:0x0027f100 x10=0x8027fd5f
        5375000	       536	80000a10	00defcb3	and	x25,x29,x13	 x29:0x00000237 x13:0x00000001 x25=0x00000001
        5385000	       537	80000a14	89d27637	lui	x12,0x89d27	 x12=0x89d27000
        5395000	       538	80000a18	001ef3b3	and	x7,x29,x1	 x29:0x00000237  x1:0xfffffea8  x7=0x00000220
        5405000	       539	80000a1c	0180fd33	and	x26,x1,x24	  x1:0xfffffea8 x24:0x00000001 x26=0x00000000
        5415000	       540	80000a20	418bd793	srai	x15,x23,0x18	 x23:0xe919d87c x15=0xffffffe9
        5425000	       541	80000a24	01ba9463	bne	x21,x27,80000a2c	 x21:0x80009fc4 x27:0x00000000
        5435000	       542	00000000	00000013	addi	x0,x0,0	  x0:0x00000000
        5445000	       543	80000a28	00000013	addi	x0,x0,0	  x0:0x00000000
        5455000	       544	80000a2c	01edd793	srli	x15,x27,0x1e	 x27:0x00000000 x15=0x00000000
        5465000	       545	80000a30	01aae2b3	or	x5,x21,x26	 x21:0x80009fc4 x26:0x00000000  x5=0x80009fc4
        5475000	       546	80000a34	415b8833	sub	x16,x23,x21	 x23:0xe919d87c x21:0x80009fc4 x16=0x691938b8
        5485000	       547	80000a38	00e65593	srli	x11,x12,0xe	 x12:0x89d27000 x11=0x00022749
        5495000	       548	80000a3c	0023c2b3	xor	x5,x7,x2	  x7:0x00000220  x2:0x00000000  x5=0x00000220
        5505000	       549	80000a40	00901d13	slli	x26,x0,0x9	  x0:0x00000000 x26=0x00000000
        5515000	       550	80000a44	00c6f233	and	x4,x13,x12	 x13:0x00000001 x12:0x89d27000  x4=0x00000000
        5525000	       551	80000a48	00e12833	slt	x16,x2,x14	  x2:0x00000000 x14:0x80009f84 x16=0x00000000
        5535000	       552	80000a4c	ec8baa13	slti	x20,x23,-312	 x23:0xe919d87c x20=0x00000001
        5545000	       553	80000a50	0186db33	srl	x22,x13,x24	 x13:0x00000001 x24:0x00000001 x22=0x00000000
        5555000	       554	80000a54	00194263	blt	x18,x1,80000a58	 x18:0x00003000  x1:0xfffffea8
        5565000	       555	80000a58	04678463	beq	x15,x6,80000aa0	 x15:0x00000000  x6:0xffffc000
        5575000	       556	80000a5c	40515eb3	sra	x29,x2,x5	  x2:0x00000000  x5:0x00000220 x29=0x00000000
        5585000	       557	80000a60	0175f463	bgeu	x11,x23,80000a68	 x11:0x00022749 x23:0xe919d87c
        5595000	       558	80000a64	01bcd0b3	srl	x1,x25,x27	 x25:0x00000001 x27:0x00000000  x1=0x00000001
        5605000	       559	80000a68	02475263	bge	x14,x4,80000a8c	 x14:0x80009f84  x4:0x00000000
        5615000	       560	80000a6c	0189cc33	xor	x24,x19,x24	 x19:0x00000000 x24:0x00000001 x24=0x00000001
        5625000	       561	80000a70	1a456e93	ori	x29,x10,420	 x10:0x8027fd5f x29=0x8027fdff
        5635000	       562	80000a74	8715f413	andi	x8,x11,-1935	 x11:0x00022749  x8=0x00022041
        5645000	       563	80000a78	00755f33	srl	x30,x10,x7	 x10:0x8027fd5f  x7:0x00000220 x30=0x8027fd5f
        5655000	       564	80000a7c	4031d613	srai	x12,x3,0x3	  x3:0x00001000 x12=0x00000200
        5665000	       565	80000a80	02b37663	bgeu	x6,x11,80000aac	  x6:0xffffc000 x11:0x00022749
        5675000	       566	00000000	00000013	addi	x0,x0,0	  x0:0x00000000
        5685000	       567	80000aa8	00000013	addi	x0,x0,0	  x0:0x00000000
        5695000	       568	80000aac	00784b33	xor	x22,x16,x7	 x16:0x00000000  x7:0x00000220 x22=0x00000220
        5705000	       569	80000ab0	3de70793	addi	x15,x14,990	 x14:0x80009f84 x15=0x8000a362
        5715000	       570	80000ab4	00879693	slli	x13,x15,0x8	 x15:0x8000a362 x13=0x00a36200
        5725000	       571	80000ab8	0021db33	srl	x22,x3,x2	  x3:0x00001000  x2:0x00000000 x22=0x00001000
        5735000	       572	80000abc	00000013	addi	x0,x0,0	  x0:0x00000000
        5745000	       573	80000ac0	018694b3	sll	x9,x13,x24	 x13:0x00a36200 x24:0x00000001  x9=0x0146c400
        5755000	       574	80000ac4	003ae533	or	x10,x21,x3	 x21:0x80009fc4  x3:0x00001000 x10=0x80009fc4
        5765000	       575	80000ac8	015176b3	and	x13,x2,x21	  x2:0x00000000 x21:0x80009fc4 x13=0x00000000
        5775000	       576	80000acc	08b17393	andi	x7,x2,139	  x2:0x00000000  x7=0x00000000
        5785000	       577	80000ad0	05b86663	bltu	x16,x27,80000b1c	 x16:0x00000000 x27:0x00000000
        5795000	       578	80000ad4	b26ee913	ori	x18,x29,-1242	 x29:0x8027fdff x18=0xffffffff
        5805000	       579	80000ad8	2fe6ee93	ori	x29,x13,766	 x13:0x00000000 x29=0x000002fe
        5815000	       580	80000adc	05e68063	beq	x13,x30,80000b1c	 x13:0x00000000 x30:0x8027fd5f
        5825000	       581	80000ae0	01cfc833	xor	x16,x31,x28	 x31:0x00000000 x28:0x000000cc x16=0x000000cc
        5835000	       582	80000ae4	00000013	addi	x0,x0,0	  x0:0x00000000
        5845000	       583	80000ae8	61903513	sltiu	x10,x0,1561	  x0:0x00000000 x10=0x00000001
        5855000	       584	80000aec	2bc32f93	slti	x31,x6,700	  x6:0xffffc000 x31=0x00000001
        5865000	       585	80000af0	69ea0c13	addi	x24,x20,1694	 x20:0x00000001 x24=0x0000069f
        5875000	       586	80000af4	f4054d93	xori	x27,x10,-192	 x10:0x00000001 x27=0xffffff41
        5885000	       587	80000af8	011fd463	bge	x31,x17,80000b00	 x31:0x00000001 x17:0xb7e26000
        5895000	       588	00000000	00000013	addi	x0,x0,0	  x0:0x00000000
        5905000	       589	80000afc	00000013	addi	x0,x0,0	  x0:0x00000000
        5915000	       590	80000b00	21ac8393	addi	x7,x25,538	 x25:0x00000001  x7=0x0000021b
        5925000	       591	80000b04	41df5e93	srai	x29,x30,0x1d	 x30:0x8027fd5f x29=0xfffffffc
        5935000	       592	80000b08	bac242b7	lui	x5,0xbac24	  x5=0xbac24000
        5945000	       593	80000b0c	01d65b33	srl	x22,x12,x29	 x12:0x00000200 x29:0xfffffffc x22=0x00000000
        5955000	       594	80000b10	02000063	beq	x0,x0,80000b30	  x0:0x00000000  x0:0x00000000
        5965000	       595	00000000	00000013	addi	x0,x0,0	  x0:0x00000000
        5975000	       596	80000b2c	00000013	addi	x0,x0,0	  x0:0x00000000
        5985000	       597	80000b30	023fea63	bltu	x31,x3,80000b64	 x31:0x00000001  x3:0x00001000
        5995000	       598	00000000	00000013	addi	x0,x0,0	  x0:0x00000000
        6005000	       599	80000b60	00000013	addi	x0,x0,0	  x0:0x00000000
        6015000	       600	80000b64	0114b033	sltu	x0,x9,x17	  x9:0x0146c400 x17:0xb7e26000
        6025000	       601	80000b68	054be463	bltu	x23,x20,80000bb0	 x23:0xe919d87c x20:0x00000001
        6035000	       602	80000b6c	88ec2c93	slti	x25,x24,-1906	 x24:0x0000069f x25=0x00000000
        6045000	       603	80000b70	01aa7c33	and	x24,x20,x26	 x20:0x00000001 x26:0x00000000 x24=0x00000000
        6055000	       604	80000b74	027b0663	beq	x22,x7,80000ba0	 x22:0x00000000  x7:0x0000021b
        6065000	       605	80000b78	01059eb3	sll	x29,x11,x16	 x11:0x00022749 x16:0x000000cc x29=0x22749000
        6075000	       606	80000b7c	40f08133	sub	x2,x1,x15	  x1:0x00000001 x15:0x8000a362  x2=0x7fff5c9f
        6085000	       607	80000b80	418c86b3	sub	x13,x25,x24	 x25:0x00000000 x24:0x00000000 x13=0x00000000
        6095000	       608	80000b84	928ef913	andi	x18,x29,-1752	 x29:0x22749000 x18=0x22749000
        6105000	       609	80000b88	183e54b7	lui	x9,0x183e5	  x9=0x183e5000
        6115000	       610	80000b8c	01fa3f33	sltu	x30,x20,x31	 x20:0x00000001 x31:0x00000001 x30=0x00000000
        6125000	       611	80000b90	00449933	sll	x18,x9,x4	  x9:0x183e5000  x4:0x00000000 x18=0x183e5000
        6135000	       612	80000b94	01734c33	xor	x24,x6,x23	  x6:0xffffc000 x23:0xe919d87c x24=0x16e6187c
        6145000	       613	80000b98	104df613	andi	x12,x27,260	 x27:0xffffff41 x12=0x00000100
        6155000	       614	80000b9c	d9b0a213	slti	x4,x1,-613	  x1:0x00000001  x4=0x00000000
        6165000	       615	80000ba0	a9136313	ori	x6,x6,-1391	  x6:0xffffc000  x6=0xfffffa91
        6175000	       616	80000ba4	419a5d93	srai	x27,x20,0x19	 x20:0x00000001 x27=0x00000000
        6185000	       617	80000ba8	415dd893	srai	x17,x27,0x15	 x27:0x00000000 x17=0x00000000
        6195000	       618	80000bac	00276463	bltu	x14,x2,80000bb4	 x14:0x80009f84  x2:0x7fff5c9f
        6205000	       619	80000bb0	03900a63	beq	x0,x25,80000be4	  x0:0x00000000 x25:0x00000000
        6215000	       620	00000000	00000013	addi	x0,x0,0	  x0:0x00000000
        6225000	       621	80000be0	00000013	addi	x0,x0,0	  x0:0x00000000
        6235000	       622	80000be4	f303b213	sltiu	x4,x7,-208	  x7:0x0000021b  x4=0x00000001
        6245000	       623	80000be8	2e478813	addi	x16,x15,740	 x15:0x8000a362 x16=0x8000a646
        6255000	       624	80000bec	04181463	bne	x16,x1,80000c34	 x16:0x8000a646  x1:0x00000001
        6265000	       625	00000000	00000013	addi	x0,x0,0	  x0:0x00000000
        6275000	       626	80000c30	00000013	addi	x0,x0,0	  x0:0x00000000
        6285000	       627	80000c34	d04fba13	sltiu	x20,x31,-764	 x31:0x00000001 x20=0x00000001
        6295000	       628	80000c38	01755263	bge	x10,x23,80000c3c	 x10:0x00000001 x23:0xe919d87c
        6305000	       629	00000000	00000013	addi	x0,x0,0	  x0:0x00000000
        6315000	       630	80000c38	00000013	addi	x0,x0,0	  x0:0x00000000
        6325000	       631	80000c3c	01f51463	bne	x10,x31,80000c44	 x10:0x00000001 x31:0x00000001
        6335000	       632	80000c40	027ff063	bgeu	x31,x7,80000c60	 x31:0x00000001  x7:0x0000021b
        6345000	       633	80000c44	00666793	ori	x15,x12,6	 x12:0x00000100 x15=0x00000106
        6355000	       634	80000c48	00145663	bge	x8,x1,80000c54	  x8:0x00022041  x1:0x00000001
        6365000	       635	00000000	00000013	addi	x0,x0,0	  x0:0x00000000
        6375000	       636	80000c50	00000013	addi	x0,x0,0	  x0:0x00000000
        6385000	       637	80000c54	9749b0b7	lui	x1,0x9749b	  x1=0x9749b000
        6395000	       638	80000c58	011d3833	sltu	x16,x26,x17	 x26:0x00000000 x17:0x00000000 x16=0x00000000
        6405000	       639	80000c5c	004daf33	slt	x30,x27,x4	 x27:0x00000000  x4:0x00000001 x30=0x00000001
        6415000	       640	80000c60	0081f0b3	and	x1,x3,x8	  x3:0x00001000  x8:0x00022041  x1=0x00000000
        6425000	       641	80000c64	001e24b3	slt	x9,x28,x1	 x28:0x000000cc  x1:0x00000000  x9=0x00000000
        6435000	       642	80000c68	01517633	and	x12,x2,x21	  x2:0x7fff5c9f x21:0x80009fc4 x12=0x00001c84
        6445000	       643	80000c6c	593b2d93	slti	x27,x22,1427	 x22:0x00000000 x27=0x00000001
        6455000	       644	80000c70	b854e793	ori	x15,x9,-1147	  x9:0x00000000 x15=0xfffffb85
        6465000	       645	80000c74	05255463	bge	x10,x18,80000cbc	 x10:0x00000001 x18:0x183e5000
        6475000	       646	80000c78	411addb3	sra	x27,x21,x17	 x21:0x80009fc4 x17:0x00000000 x27=0x80009fc4
        6485000	       647	80000c7c	007fb133	sltu	x2,x31,x7	 x31:0x00000001  x7:0x0000021b  x2=0x00000001
        6495000	       648	80000c80	03c56263	bltu	x10,x28,80000ca4	 x10:0x00000001 x28:0x000000cc
        6505000	       649	00000000	00000013	addi	x0,x0,0	  x0:0x00000000
        6515000	       650	80000ca0	00000013	addi	x0,x0,0	  x0:0x00000000
        6525000	       651	80000ca4	018ad4b3	srl	x9,x21,x24	 x21:0x80009fc4 x24:0x16e6187c  x9=0x00000008
        6535000	       652	80000ca8	98373493	sltiu	x9,x14,-1661	 x14:0x80009f84  x9=0x00000001
        6545000	       653	80000cac	011ac533	xor	x10,x21,x17	 x21:0x80009fc4 x17:0x00000000 x10=0x80009fc4
        6555000	       654	80000cb0	0102a433	slt	x8,x5,x16	  x5:0xbac24000 x16:0x00000000  x8=0x00000001
        6565000	       655	80000cb4	01f252b3	srl	x5,x4,x31	  x4:0x00000001 x31:0x00000001  x5=0x00000000
        6575000	       656	80000cb8	01b678b3	and	x17,x12,x27	 x12:0x00001c84 x27:0x80009fc4 x17=0x00001c84
        6585000	       657	80000cbc	01388263	beq	x17,x19,80000cc0	 x17:0x00001c84 x19:0x00000000
        6595000	       658	80000cc0	050c6063	bltu	x24,x16,80000d00	 x24:0x16e6187c x16:0x00000000
        6605000	       659	80000cc4	0161f663	bgeu	x3,x22,80000cd0	  x3:0x00001000 x22:0x00000000
        6615000	       660	00000000	00000013	addi	x0,x0,0	  x0:0x00000000
        6625000	       661	80000ccc	00000013	addi	x0,x0,0	  x0:0x00000000
        6635000	       662	80000cd0	0052df93	srli	x31,x5,0x5	  x5:0x00000000 x31=0x00000000
        6645000	       663	80000cd4	4c01f337	lui	x6,0x4c01f	  x6=0x4c01f000
        6655000	       664	80000cd8	03dae663	bltu	x21,x29,80000d04	 x21:0x80009fc4 x29:0x22749000
        6665000	       665	80000cdc	77fd2f93	slti	x31,x26,1919	 x26:0x00000000 x31=0x00000001
        6675000	       666	80000ce0	00cf6463	bltu	x30,x12,80000ce8	 x30:0x00000001 x12:0x00001c84
        6685000	       667	00000000	00000013	addi	x0,x0,0	  x0:0x00000000
        6695000	       668	80000ce4	00000013	addi	x0,x0,0	  x0:0x00000000
        6705000	       669	80000ce8	4a0a3393	sltiu	x7,x20,1184	 x20:0x00000001  x7=0x00000001
        6715000	       670	80000cec	01cf88b3	add	x17,x31,x28	 x31:0x00000001 x28:0x000000cc x17=0x000000cd
        6725000	       671	80000cf0	01268133	add	x2,x13,x18	 x13:0x00000000 x18:0x183e5000  x2=0x183e5000
        6735000	       672	80000cf4	01755813	srli	x16,x10,0x17	 x10:0x80009fc4 x16=0x00000100
        6745000	       673	80000cf8	00000013	addi	x0,x0,0	  x0:0x00000000
        6755000	       674	80000cfc	01c19433	sll	x8,x3,x28	  x3:0x00001000 x28:0x000000cc  x8=0x01000000
        6765000	       675	80000d00	00df5513	srli	x10,x30,0xd	 x30:0x00000001 x10=0x00000000
        6775000	       676	80000d04	00e350b3	srl	x1,x6,x14	  x6:0x4c01f000 x14:0x80009f84  x1=0x04c01f00
        6785000	       677	80000d08	022a4a63	blt	x20,x2,80000d3c	 x20:0x00000001  x2:0x183e5000
        6795000	       678	00000000	00000013	addi	x0,x0,0	  x0:0x00000000
        6805000	       679	80000d38	00000013	addi	x0,x0,0	  x0:0x00000000
        6815000	       680	80000d3c	03dc0a63	beq	x24,x29,80000d70	 x24:0x16e6187c x29:0x22749000
        6825000	       681	80000d40	039b8663	beq	x23,x25,80000d6c	 x23:0xe919d87c x25:0x00000000
        6835000	       682	80000d44	05466863	bltu	x12,x20,80000d94	 x12:0x00001c84 x20:0x00000001
        6845000	       683	80000d48	01d74fb3	xor	x31,x14,x29	 x14:0x80009f84 x29:0x22749000 x31=0xa2740f84
        6855000	       684	80000d4c	00bec133	xor	x2,x29,x11	 x29:0x22749000 x11:0x00022749  x2=0x2276b749
        6865000	       685	80000d50	9e328093	addi	x1,x5,-1565	  x5:0x00000000  x1=0xfffff9e3
        6875000	       686	80000d54	02f9c663	blt	x19,x15,80000d80	 x19:0x00000000 x15:0xfffffb85
        6885000	       687	80000d58	00ad5793	srli	x15,x26,0xa	 x26:0x00000000 x15=0x00000000
        6895000	       688	80000d5c	018a3833	sltu	x16,x20,x24	 x20:0x00000001 x24:0x16e6187c x16=0x00000001
        6905000	       689	80000d60	00000013	addi	x0,x0,0	  x0:0x00000000
        6915000	       690	80000d64	4185d433	sra	x8,x11,x24	 x11:0x00022749 x24:0x16e6187c  x8=0x00000000
        6925000	       691	80000d68	0187d793	srli	x15,x15,0x18	 x15:0x00000000 x15=0x00000000
        6935000	       692	80000d6c	05804463	blt	x0,x24,80000db4	  x0:0x00000000 x24:0x16e6187c
        6945000	       693	00000000	00000013	addi	x0,x0,0	  x0:0x00000000
        6955000	       694	80000db0	00000013	addi	x0,x0,0	  x0:0x00000000
        6965000	       695	80000db4	001f72b3	and	x5,x30,x1	 x30:0x00000001  x1:0xfffff9e3  x5=0x00000001
        6975000	       696	80000db8	06c87263	bgeu	x16,x12,80000e1c	 x16:0x00000001 x12:0x00001c84
        6985000	       697	80000dbc	01cd4263	blt	x26,x28,80000dc0	 x26:0x00000000 x28:0x000000cc
        6995000	       698	00000000	00000013	addi	x0,x0,0	  x0:0x00000000
        7005000	       699	80000dbc	00000013	addi	x0,x0,0	  x0:0x00000000
        7015000	       700	80000dc0	01949913	slli	x18,x9,0x19	  x9:0x00000001 x18=0x02000000
        7025000	       701	80000dc4	0132ebb3	or	x23,x5,x19	  x5:0x00000001 x19:0x00000000 x23=0x00000001
        7035000	       702	80000dc8	00004417	auipc	x8,0x4	  x8=0x80004dc4
        7045000	       703	80000dcc	23440413	addi	x8,x8,564	  x8:0x80004dc4  x8=0x80004ff8
        7055000	       704	80000dd0	00257f33	and	x30,x10,x2	 x10:0x00000000  x2:0x2276b749 x30=0x00000000
        7065000	       705	80000dd4	019b9b33	sll	x22,x23,x25	 x23:0x00000001 x25:0x00000000 x22=0x00000001
        7075000	       706	80000dd8	d8f40413	addi	x8,x8,-625	  x8:0x80004ff8  x8=0x80004d87
        7085000	       707	80000ddc	58a06bb7	lui	x23,0x58a06	 x23=0x58a06000
        7095000	       708	80000de0	01f9f5b3	and	x11,x19,x31	 x19:0x00000000 x31:0xa2740f84 x11=0x00000000
        7105000	       709	80000de4	53afe493	ori	x9,x31,1338	 x31:0xa2740f84  x9=0xa2740fbe
        7115000	       710	80000de8	27140367	jalr	x6,x8,625	  x8:0x80004d87  x6=0x80000de8
        7125000	       711	00000000	00000013	addi	x0,x0,0	  x0:0x00000000
        7135000	       712	80004ff8	00000013	addi	x0,x0,0	  x0:0x00000000
        7145000	       713	80004ffc	fd870713	addi	x14,x14,-40	 x14:0x80009f84 x14=0x80009f5c
        7155000	       714	80005000	00672223	sw	x6,4(x14)	 x14:0x80009f5c  x6:0x80000de8 PA:0x80009f60
        7165000	       715	80005004	006e0033	add	x0,x28,x6	 x28:0x000000cc  x6:0x80000de8
        7175000	       716	80005008	ec97a693	slti	x13,x15,-311	 x15:0x00000000 x13=0x00000000
        7185000	       717	8000500c	01245bb3	srl	x23,x8,x18	  x8:0x80004d87 x18:0x02000000 x23=0x80004d87
        7195000	       718	80005010	00004297	auipc	x5,0x4	  x5=0x8000900c
        7205000	       719	80005014	a5328293	addi	x5,x5,-1453	  x5:0x8000900c  x5=0x80008a5f
        7215000	       720	80005018	005fa133	slt	x2,x31,x5	 x31:0xa2740f84  x5:0x80008a5f  x2=0x00000000
        7225000	       721	8000501c	00b31db3	sll	x27,x6,x11	  x6:0x80000de8 x11:0x00000000 x27=0x80000de8
        7235000	       722	80005020	41275fb3	sra	x31,x14,x18	 x14:0x80009f5c x18:0x02000000 x31=0x80009f5c
        7245000	       723	80005024	fe42cd03	lbu	x26,-28(x5)	  x5:0x80008a5f x26=0x00000068 PA:0x80008a43
        7255000	       724	80005028	07b29203	lh	x4,123(x5)	  x5:0x80008a5f  x4=0xffff8a6a PA:0x80008ada
        7265000	       725	8000502c	003a9597	auipc	x11,0x3a9	 x11=0x803ae028
        7275000	       726	80005030	f2328a23	sb	x3,-204(x5)	  x5:0x80008a5f  x3:0x00001000 PA:0x80008993
        7285000	       727	80005034	c3470c93	addi	x25,x14,-972	 x14:0x80009f5c x25=0x80009b90
        7295000	       728	80005038	fac29ca3	sh	x12,-71(x5)	  x5:0x80008a5f x12:0x00001c84 PA:0x80008a18
        7305000	       729	8000503c	fb628ea3	sb	x22,-67(x5)	  x5:0x80008a5f x22:0x00000001 PA:0x80008a1c
        7315000	       730	80005040	00b2dd03	lhu	x26,11(x5)	  x5:0x80008a5f x26=0x0000acf1 PA:0x80008a6a
        7325000	       731	80005044	00749f93	slli	x31,x9,0x7	  x9:0xa2740fbe x31=0x3a07df00
        7335000	       732	80005048	34717a13	andi	x20,x2,839	  x2:0x00000000 x20=0x00000000
        7345000	       733	8000504c	415c5313	srai	x6,x24,0x15	 x24:0x16e6187c  x6=0x000000b7
        7355000	       734	80005050	4cc6bb13	sltiu	x22,x13,1228	 x13:0x00000000 x22=0x00000001
        7365000	       735	80005054	fbf29503	lh	x10,-65(x5)	  x5:0x80008a5f x10=0xffffe69b PA:0x80008a1e
        7375000	       736	80005058	04e28b03	lb	x22,78(x5)	  x5:0x80008a5f x22=0x00000045 PA:0x80008aad
        7385000	       737	8000505c	0e6289a3	sb	x6,243(x5)	  x5:0x80008a5f  x6:0x000000b7 PA:0x80008b52
        7395000	       738	80005060	fc828b23	sb	x8,-42(x5)	  x5:0x80008a5f  x8:0x80004d87 PA:0x80008a35
        7405000	       739	80005064	41e30f33	sub	x30,x6,x30	  x6:0x000000b7 x30:0x00000000 x30=0x000000b7
        7415000	       740	80005068	3c2a6c17	auipc	x24,0x3c2a6	 x24=0xbc2ab064
        7425000	       741	8000506c	003b9d13	slli	x26,x23,0x3	 x23:0x80004d87 x26=0x00026c38
        7435000	       742	80005070	009285a3	sb	x9,11(x5)	  x5:0x80008a5f  x9:0xa2740fbe PA:0x80008a6a
        7445000	       743	80005074	5451f513	andi	x10,x3,1349	  x3:0x00001000 x10=0x00000000
        7455000	       744	80005078	0124c333	xor	x6,x9,x18	  x9:0xa2740fbe x18:0x02000000  x6=0xa0740fbe
        7465000	       745	8000507c	09a28123	sb	x26,130(x5)	  x5:0x80008a5f x26:0x00026c38 PA:0x80008ae1
        7475000	       746	80005080	0df28223	sb	x31,196(x5)	  x5:0x80008a5f x31:0x3a07df00 PA:0x80008b23
        7485000	       747	80005084	003f9933	sll	x18,x31,x3	 x31:0x3a07df00  x3:0x00001000 x18=0x3a07df00
        7495000	       748	80005088	01549f13	slli	x30,x9,0x15	  x9:0xa2740fbe x30=0xf7c00000
        7505000	       749	8000508c	f272df83	lhu	x31,-217(x5)	  x5:0x80008a5f x31=0x00001138 PA:0x80008986
        7515000	       750	80005090	41c10233	sub	x4,x2,x28	  x2:0x00000000 x28:0x000000cc  x4=0xffffff34
        7525000	       751	80005094	371aba13	sltiu	x20,x21,881	 x21:0x80009fc4 x20=0x00000000
        7535000	       752	80005098	0136ce33	xor	x28,x13,x19	 x13:0x00000000 x19:0x00000000 x28=0x00000000
        7545000	       753	8000509c	00000013	addi	x0,x0,0	  x0:0x00000000
        7555000	       754	800050a0	40aa5db3	sra	x27,x20,x10	 x20:0x00000000 x10:0x00000000 x27=0x00000000
        7565000	       755	800050a4	015ed533	srl	x10,x29,x21	 x29:0x22749000 x21:0x80009fc4 x10=0x02274900
        7575000	       756	800050a8	410ed013	srai	x0,x29,0x10	 x29:0x22749000
        7585000	       757	800050ac	00d62fb3	slt	x31,x12,x13	 x12:0x00001c84 x13:0x00000000 x31=0x00000000
        7595000	       758	800050b0	50c0036f	jal	x6,800050b0	  x6=0x800050b0
        7605000	       759	00000000	00000013	addi	x0,x0,0	  x0:0x00000000
        7615000	       760	800055b8	00000013	addi	x0,x0,0	  x0:0x00000000
        7625000	       761	800055bc	00fad663	bge	x21,x15,800055c8	 x21:0x80009fc4 x15:0x00000000
        7635000	       762	800055c0	009653b3	srl	x7,x12,x9	 x12:0x00001c84  x9:0xa2740fbe  x7=0x00000000
        7645000	       763	800055c4	597aa2b7	lui	x5,0x597aa	  x5=0x597aa000
        7655000	       764	800055c8	ff470713	addi	x14,x14,-12	 x14:0x80009f5c x14=0x80009f50
        7665000	       765	800055cc	00000013	addi	x0,x0,0	  x0:0x00000000
        7675000	       766	800055d0	012ae233	or	x4,x21,x18	 x21:0x80009fc4 x18:0x3a07df00  x4=0xba07dfc4
        7685000	       767	800055d4	004e1e13	slli	x28,x28,0x4	 x28:0x00000000 x28=0x00000000
        7695000	       768	800055d8	00672223	sw	x6,4(x14)	 x14:0x80009f50  x6:0x800050b0 PA:0x80009f54
        7705000	       769	800055dc	b83a8613	addi	x12,x21,-1149	 x21:0x80009fc4 x12=0x80009b47
        7715000	       770	800055e0	00000013	addi	x0,x0,0	  x0:0x00000000
        7725000	       771	800055e4	00d28fb3	add	x31,x5,x13	  x5:0x597aa000 x13:0x00000000 x31=0x597aa000
        7735000	       772	800055e8	00003117	auipc	x2,0x3	  x2=0x800085e4
        7745000	       773	800055ec	f0b10113	addi	x2,x2,-245	  x2:0x800085e4  x2=0x800084ef
        7755000	       774	800055f0	30c104a3	sb	x12,777(x2)	  x2:0x800084ef x12:0x80009b47 PA:0x800087f8
        7765000	       775	800055f4	0021c533	xor	x10,x3,x2	  x3:0x00001000  x2:0x800084ef x10=0x800094ef
        7775000	       776	800055f8	ee114e83	lbu	x29,-287(x2)	  x2:0x800084ef x29=0x00000029 PA:0x800083d0
        7785000	       777	800055fc	eb27e313	ori	x6,x15,-334	 x15:0x00000000  x6=0xfffffeb2
        7795000	       778	80005600	e9522913	slti	x18,x4,-363	  x4:0xba07dfc4 x18=0x00000001
        7805000	       779	80005604	118115a3	sh	x24,267(x2)	  x2:0x800084ef x24:0xbc2ab064 PA:0x800085fa
        7815000	       780	80005608	b7c14303	lbu	x6,-1156(x2)	  x2:0x800084ef  x6=0x0000006d PA:0x8000806b
        7825000	       781	8000560c	01ea5613	srli	x12,x20,0x1e	 x20:0x00000000 x12=0x00000000
        7835000	       782	80005610	bbb10b03	lb	x22,-1093(x2)	  x2:0x800084ef x22=0x00000036 PA:0x800080aa
        7845000	       783	80005614	019c1413	slli	x8,x24,0x19	 x24:0xbc2ab064  x8=0xc8000000
        7855000	       784	80005618	31810683	lb	x13,792(x2)	  x2:0x800084ef x13=0xfffffff0 PA:0x80008807
        7865000	       785	8000561c	fd3b4b93	xori	x23,x22,-45	 x22:0x00000036 x23=0xffffffe5
        7875000	       786	80005620	e7910283	lb	x5,-391(x2)	  x2:0x800084ef  x5=0xffffffc1 PA:0x80008368
        7885000	       787	80005624	bce120a3	sw	x14,-1087(x2)	  x2:0x800084ef x14:0x80009f50 PA:0x800080b0
        7895000	       788	80005628	0169f593	andi	x11,x19,22	 x19:0x00000000 x11=0x00000000
        7905000	       789	8000562c	00963eb3	sltu	x29,x12,x9	 x12:0x00000000  x9:0xa2740fbe x29=0x00000001
        7915000	       790	80005630	10512083	lw	x1,261(x2)	  x2:0x800084ef  x1=0x301e3b62 PA:0x800085f4
        7925000	       791	80005634	21914903	lbu	x18,537(x2)	  x2:0x800084ef x18=0x00000006 PA:0x80008708
        7935000	       792	80005638	fa114503	lbu	x10,-95(x2)	  x2:0x800084ef x10=0x00000072 PA:0x80008490
        7945000	       793	8000563c	2e711003	lh	x0,743(x2)	  x2:0x800084ef PA:0x800087d6
        7955000	       794	80005640	00c45e13	srli	x28,x8,0xc	  x8:0xc8000000 x28=0x000c8000
        7965000	       795	80005644	b9014a03	lbu	x20,-1136(x2)	  x2:0x800084ef x20=0x00000035 PA:0x8000807f
        7975000	       796	80005648	d355e093	ori	x1,x11,-715	 x11:0x00000000  x1=0xfffffd35
        7985000	       797	8000564c	f5d10023	sb	x29,-192(x2)	  x2:0x800084ef x29:0x00000001 PA:0x8000842f
        7995000	       798	80005650	2c111903	lh	x18,705(x2)	  x2:0x800084ef x18=0x000066e6 PA:0x800087b0
        8005000	       799	80005654	11412ca3	sw	x20,281(x2)	  x2:0x800084ef x20:0x00000035 PA:0x80008608
        8015000	       800	80005658	23b11883	lh	x17,571(x2)	  x2:0x800084ef x17=0xfffffb34 PA:0x8000872a
        8025000	       801	8000565c	11214a03	lbu	x20,274(x2)	  x2:0x800084ef x20=0x000000b5 PA:0x80008601
        8035000	       802	80005660	0b114783	lbu	x15,177(x2)	  x2:0x800084ef x15=0x00000032 PA:0x800085a0
        8045000	       803	80005664	00003117	auipc	x2,0x3	  x2=0x80008660
        8055000	       804	80005668	12310113	addi	x2,x2,291	  x2:0x80008660  x2=0x80008783
        8065000	       805	8000566c	00710183	lb	x3,7(x2)	  x2:0x80008783  x3=0x00000035 PA:0x8000878a
        8075000	       806	80005670	ff010083	lb	x1,-16(x2)	  x2:0x80008783  x1=0x0000001e PA:0x80008773
        8085000	       807	80005674	40235c13	srai	x24,x6,0x2	  x6:0x0000006d x24=0x0000001b
        8095000	       808	80005678	00370e93	addi	x29,x14,3	 x14:0x80009f50 x29=0x80009f53
        8105000	       809	8000567c	01010b83	lb	x23,16(x2)	  x2:0x80008783 x23=0x0000002b PA:0x80008793
        8115000	       810	80005680	7dcf6b97	auipc	x23,0x7dcf6	 x23=0xfdcfb67c
        8125000	       811	80005684	00010783	lb	x15,0(x2)	  x2:0x80008783 x15=0xfffffff7 PA:0x80008783
        8135000	       812	80005688	01c3a633	slt	x12,x7,x28	  x7:0x00000000 x28:0x000c8000 x12=0x00000001
        8145000	       813	8000568c	0105b033	sltu	x0,x11,x16	 x11:0x00000000 x16:0x00000001
        8155000	       814	80005690	01014183	lbu	x3,16(x2)	  x2:0x80008783  x3=0x0000002b PA:0x80008793
        8165000	       815	80005694	00e10583	lb	x11,14(x2)	  x2:0x80008783 x11=0xffffffaa PA:0x80008791
        8175000	       816	80005698	7a5ee093	ori	x1,x29,1957	 x29:0x80009f53  x1=0x80009ff7
        8185000	       817	8000569c	014572b3	and	x5,x10,x20	 x10:0x00000072 x20:0x000000b5  x5=0x00000030
        8195000	       818	800056a0	ffe10f83	lb	x31,-2(x2)	  x2:0x80008783 x31=0xffffff9e PA:0x80008781
        8205000	       819	800056a4	00de8e33	add	x28,x29,x13	 x29:0x80009f53 x13:0xfffffff0 x28=0x80009f43
        8215000	       820	800056a8	01d69fb3	sll	x31,x13,x29	 x13:0xfffffff0 x29:0x80009f53 x31=0xff800000
        8225000	       821	800056ac	bcd74217	auipc	x4,0xbcd74	  x4=0x3cd796a8
        8235000	       822	800056b0	00000013	addi	x0,x0,0	  x0:0x00000000
        8245000	       823	800056b4	000750b3	srl	x1,x14,x0	 x14:0x80009f50  x0:0x00000000  x1=0x80009f50
        8255000	       824	800056b8	5e42a213	slti	x4,x5,1508	  x5:0x00000030  x4=0x00000001
        8265000	       825	800056bc	f13fbc13	sltiu	x24,x31,-237	 x31:0xff800000 x24=0x00000001
        8275000	       826	800056c0	ff714883	lbu	x17,-9(x2)	  x2:0x80008783 x17=0x000000de PA:0x8000877a
        8285000	       827	800056c4	0061fb33	and	x22,x3,x6	  x3:0x0000002b  x6:0x0000006d x22=0x00000029
        8295000	       828	800056c8	7a80af13	slti	x30,x1,1960	  x1:0x80009f50 x30=0x00000001
        8305000	       829	800056cc	40825013	srai	x0,x4,0x8	  x4:0x00000001
        8315000	       830	800056d0	02f64b97	auipc	x23,0x2f64	 x23=0x82f696cc
        8325000	       831	800056d4	00cfe933	or	x18,x31,x12	 x31:0xff800000 x12:0x00000001 x18=0xff800001
        8335000	       832	800056d8	4c6b6493	ori	x9,x22,1222	 x22:0x00000029  x9=0x000004ef
        8345000	       833	800056dc	ff515003	lhu	x0,-11(x2)	  x2:0x80008783 PA:0x80008778
        8355000	       834	800056e0	ff014903	lbu	x18,-16(x2)	  x2:0x80008783 x18=0x0000001e PA:0x80008773
        8365000	       835	800056e4	00ca9193	slli	x3,x21,0xc	 x21:0x80009fc4  x3=0x09fc4000
        8375000	       836	800056e8	00310823	sb	x3,16(x2)	  x2:0x80008783  x3:0x09fc4000 PA:0x80008793
        8385000	       837	800056ec	41d7dc93	srai	x25,x15,0x1d	 x15:0xfffffff7 x25=0xffffffff
        8395000	       838	800056f0	fee10a23	sb	x14,-12(x2)	  x2:0x80008783 x14:0x80009f50 PA:0x80008777
        8405000	       839	800056f4	00000013	addi	x0,x0,0	  x0:0x00000000
        8415000	       840	800056f8	f7c51eb7	lui	x29,0xf7c51	 x29=0xf7c51000
        8425000	       841	800056fc	3ac03b13	sltiu	x22,x0,940	  x0:0x00000000 x22=0x00000001
        8435000	       842	80005700	74e381b7	lui	x3,0x74e38	  x3=0x74e38000
        8445000	       843	80005704	fe3128a3	sw	x3,-15(x2)	  x2:0x80008783  x3:0x74e38000 PA:0x80008774
        8455000	       844	80005708	01010423	sb	x16,8(x2)	  x2:0x80008783 x16:0x00000001 PA:0x8000878b
        8465000	       845	8000570c	ffa10c03	lb	x24,-6(x2)	  x2:0x80008783 x24=0x00000045 PA:0x8000877d
        8475000	       846	00000000	00000013	addi	x0,x0,0	  x0:0x00000000
        8485000	       847	80005710	d6bc3d17	auipc	x26,0xd6bc3	 x26=0x56bc870c
        8495000	       848	80005714	a5acf213	andi	x4,x25,-1446	 x25:0xffffffff  x4=0xfffffa5a
        8505000	       849	80005718	01f7b933	sltu	x18,x15,x31	 x15:0xfffffff7 x31:0xff800000 x18=0x00000000
        8515000	       850	8000571c	ff710f03	lb	x30,-9(x2)	  x2:0x80008783 x30=0xffffffde PA:0x8000877a
        8525000	       851	80005720	015ae7b3	or	x15,x21,x21	 x21:0x80009fc4 x21:0x80009fc4 x15=0x80009fc4
        8535000	       852	80005724	008915b3	sll	x11,x18,x8	 x18:0x00000000  x8:0xc8000000 x11=0x00000000
        8545000	       853	80005728	00105b93	srli	x23,x0,0x1	  x0:0x00000000 x23=0x00000000
        8555000	       854	8000572c	00cf8fb3	add	x31,x31,x12	 x31:0xff800000 x12:0x00000001 x31=0xff800001
        8565000	       855	80005730	402c0b33	sub	x22,x24,x2	 x24:0x00000045  x2:0x80008783 x22=0x7fff78c2
        8575000	       856	80005734	41e35fb3	sra	x31,x6,x30	  x6:0x0000006d x30:0xffffffde x31=0x00000000
        8585000	       857	80005738	01a30533	add	x10,x6,x26	  x6:0x0000006d x26:0x56bc870c x10=0x56bc8779
        8595000	       858	8000573c	0e528093	addi	x1,x5,229	  x5:0x00000030  x1=0x00000115
        8605000	       859	80005740	0171edb3	or	x27,x3,x23	  x3:0x74e38000 x23:0x00000000 x27=0x74e38000
        8615000	       860	80005744	02195263	bge	x18,x1,80005768	 x18:0x00000000  x1:0x00000115
        8625000	       861	80005748	00db1513	slli	x10,x22,0xd	 x22:0x7fff78c2 x10=0xef184000
        8635000	       862	8000574c	00efb233	sltu	x4,x31,x14	 x31:0x00000000 x14:0x80009f50  x4=0x00000001
        8645000	       863	80005750	0054c933	xor	x18,x9,x5	  x9:0x000004ef  x5:0x00000030 x18=0x000004df
        8655000	       864	80005754	c82b1517	auipc	x10,0xc82b1	 x10=0x482b6750
        8665000	       865	80005758	00a5c233	xor	x4,x11,x10	 x11:0x00000000 x10:0x482b6750  x4=0x482b6750
        8675000	       866	8000575c	00dfc833	xor	x16,x31,x13	 x31:0x00000000 x13:0xfffffff0 x16=0xfffffff0
        8685000	       867	80005760	05755863	bge	x10,x23,800057b0	 x10:0x482b6750 x23:0x00000000
        8695000	       868	00000000	00000013	addi	x0,x0,0	  x0:0x00000000
        8705000	       869	800057ac	00000013	addi	x0,x0,0	  x0:0x00000000
        8715000	       870	800057b0	00e92a33	slt	x20,x18,x14	 x18:0x000004df x14:0x80009f50 x20=0x00000000
        8725000	       871	800057b4	00e708b3	add	x17,x14,x14	 x14:0x80009f50 x14:0x80009f50 x17=0x00013ea0
        8735000	       872	800057b8	029a0a63	beq	x20,x9,800057ec	 x20:0x00000000  x9:0x000004ef
        8745000	       873	800057bc	01d88f33	add	x30,x17,x29	 x17:0x00013ea0 x29:0xf7c51000 x30=0xf7c64ea0
        8755000	       874	800057c0	00011fb3	sll	x31,x2,x0	  x2:0x80008783  x0:0x00000000 x31=0x80008783
        8765000	       875	800057c4	01941033	sll	x0,x8,x25	  x8:0xc8000000 x25:0xffffffff
        8775000	       876	800057c8	03908c63	beq	x1,x25,80005800	  x1:0x00000115 x25:0xffffffff
        8785000	       877	800057cc	015053b3	srl	x7,x0,x21	  x0:0x00000000 x21:0x80009fc4  x7=0x00000000
        8795000	       878	800057d0	0108d133	srl	x2,x17,x16	 x17:0x00013ea0 x16:0xfffffff0  x2=0x00000001
        8805000	       879	800057d4	00125213	srli	x4,x4,0x1	  x4:0x482b6750  x4=0x2415b3a8
        8815000	       880	800057d8	0045f333	and	x6,x11,x4	 x11:0x00000000  x4:0x2415b3a8  x6=0x00000000
        8825000	       881	800057dc	ed302693	slti	x13,x0,-301	  x0:0x00000000 x13=0x00000000
        8835000	       882	800057e0	00c7da33	srl	x20,x15,x12	 x15:0x80009fc4 x12:0x00000001 x20=0x40004fe2
        8845000	       883	800057e4	00ba5813	srli	x16,x20,0xb	 x20:0x40004fe2 x16=0x00080009
        8855000	       884	800057e8	000ecc63	blt	x29,x0,80005800	 x29:0xf7c51000  x0:0x00000000
        8865000	       885	00000000	00000013	addi	x0,x0,0	  x0:0x00000000
        8875000	       886	800057fc	00000013	addi	x0,x0,0	  x0:0x00000000
        8885000	       887	80005800	f528e013	ori	x0,x17,-174	 x17:0x00013ea0
        8895000	       888	80005804	39fb2e17	auipc	x28,0x39fb2	 x28=0xb9fb7800
        8905000	       889	80005808	e0a8f097	auipc	x1,0xe0a8f	  x1=0x60a94804
        8915000	       890	8000580c	01c95493	srli	x9,x18,0x1c	 x18:0x000004df  x9=0x00000000
        8925000	       891	80005810	1d86c613	xori	x12,x13,472	 x13:0x00000000 x12=0x000001d8
        8935000	       892	80005814	41c00833	sub	x16,x0,x28	  x0:0x00000000 x28:0xb9fb7800 x16=0x46048800
        8945000	       893	80005818	b00c5eb7	lui	x29,0xb00c5	 x29=0xb00c5000
        8955000	       894	8000581c	018b6c33	or	x24,x22,x24	 x22:0x7fff78c2 x24:0x00000045 x24=0x7fff78c7
        8965000	       895	80005820	01b8c4b3	xor	x9,x17,x27	 x17:0x00013ea0 x27:0x74e38000  x9=0x74e2bea0
        8975000	       896	80005824	401ddc13	srai	x24,x27,0x1	 x27:0x74e38000 x24=0x3a71c000
        8985000	       897	80005828	4010da13	srai	x20,x1,0x1	  x1:0x60a94804 x20=0x3054a402
        8995000	       898	8000582c	01687263	bgeu	x16,x22,80005830	 x16:0x46048800 x22:0x7fff78c2
        9005000	       899	80005830	01c6b2b3	sltu	x5,x13,x28	 x13:0x00000000 x28:0xb9fb7800  x5=0x00000001
        9015000	       900	80005834	01cd7633	and	x12,x26,x28	 x26:0x56bc870c x28:0xb9fb7800 x12=0x10b80000
        9025000	       901	80005838	40b5db93	srai	x23,x11,0xb	 x11:0x00000000 x23=0x00000000
        9035000	       902	8000583c	019c70b3	and	x1,x24,x25	 x24:0x3a71c000 x25:0xffffffff  x1=0x3a71c000
        9045000	       903	80005840	00003f97	auipc	x31,0x3	 x31=0x8000883c
        9055000	       904	80005844	667f8f93	addi	x31,x31,1639	 x31:0x8000883c x31=0x80008ea3
        9065000	       905	80005848	335290b7	lui	x1,0x33529	  x1=0x33529000
        9075000	       906	8000584c	01cf8283	lb	x5,28(x31)	 x31:0x80008ea3  x5=0xffffffe5 PA:0x80008ebf
        9085000	       907	00000000	00000013	addi	x0,x0,0	  x0:0x00000000
        9095000	       908	80005850	fe5fd203	lhu	x4,-27(x31)	 x31:0x80008ea3  x4=0x00000381 PA:0x80008e88
        9105000	       909	80005854	bbb80613	addi	x12,x16,-1093	 x16:0x46048800 x12=0x460483bb
        9115000	       910	80005858	024f98a3	sh	x4,49(x31)	 x31:0x80008ea3  x4:0x00000381 PA:0x80008ed4
        9125000	       911	8000585c	7808eb93	ori	x23,x17,1920	 x17:0x00013ea0 x23=0x00013fa0
        9135000	       912	80005860	17933c93	sltiu	x25,x6,377	  x6:0x00000000 x25=0x00000001
        9145000	       913	80005864	ad2c3813	sltiu	x16,x24,-1326	 x24:0x3a71c000 x16=0x00000001
        9155000	       914	80005868	00cad5b3	srl	x11,x21,x12	 x21:0x80009fc4 x12:0x460483bb x11=0x00000010
        9165000	       915	8000586c	40f105b3	sub	x11,x2,x15	  x2:0x00000001 x15:0x80009fc4 x11=0x7fff603d
        9175000	       916	80005870	016bb4b3	sltu	x9,x23,x22	 x23:0x00013fa0 x22:0x7fff78c2  x9=0x00000001
        9185000	       917	80005874	fe4f97a3	sh	x4,-17(x31)	 x31:0x80008ea3  x4:0x00000381 PA:0x80008e92
        9195000	       918	80005878	ac886913	ori	x18,x16,-1336	 x16:0x00000001 x18=0xfffffac9
        9205000	       919	8000587c	ff6f93a3	sh	x22,-25(x31)	 x31:0x80008ea3 x22:0x7fff78c2 PA:0x80008e8a
        9215000	       920	80005880	02efc603	lbu	x12,46(x31)	 x31:0x80008ea3 x12=0x00000020 PA:0x80008ed1
        9225000	       921	80005884	014dfb33	and	x22,x27,x20	 x27:0x74e38000 x20:0x3054a402 x22=0x30408000
        9235000	       922	80005888	01b6beb3	sltu	x29,x13,x27	 x13:0x00000000 x27:0x74e38000 x29=0x00000001
        9245000	       923	8000588c	01c41113	slli	x2,x8,0x1c	  x8:0xc8000000  x2=0x00000000
        9255000	       924	80005890	5c282c13	slti	x24,x16,1474	 x16:0x00000001 x24=0x00000001
        9265000	       925	80005894	01af8033	add	x0,x31,x26	 x31:0x80008ea3 x26:0x56bc870c
        9275000	       926	80005898	ff9f8a03	lb	x20,-7(x31)	 x31:0x80008ea3 x20=0xffffffd8 PA:0x80008e9c
        9285000	       927	8000589c	6024a097	auipc	x1,0x6024a	  x1=0xe024f898
        9295000	       928	800058a0	41ff8b33	sub	x22,x31,x31	 x31:0x80008ea3 x31:0x80008ea3 x22=0x00000000
        9305000	       929	800058a4	01bfc783	lbu	x15,27(x31)	 x31:0x80008ea3 x15=0x00000081 PA:0x80008ebe
        9315000	       930	800058a8	ffff9903	lh	x18,-1(x31)	 x31:0x80008ea3 x18=0x00002e56 PA:0x80008ea2
        9325000	       931	800058ac	01159f13	slli	x30,x11,0x11	 x11:0x7fff603d x30=0xc07a0000
        9335000	       932	800058b0	01d4fb33	and	x22,x9,x29	  x9:0x00000001 x29:0x00000001 x22=0x00000001
        9345000	       933	800058b4	00b68db3	add	x27,x13,x11	 x13:0x00000000 x11:0x7fff603d x27=0x7fff603d
        9355000	       934	800058b8	022f8623	sb	x2,44(x31)	 x31:0x80008ea3  x2:0x00000000 PA:0x80008ecf
        9365000	       935	800058bc	fdff9603	lh	x12,-33(x31)	 x31:0x80008ea3 x12=0xfffff6a6 PA:0x80008e82
        9375000	       936	800058c0	030fc783	lbu	x15,48(x31)	 x31:0x80008ea3 x15=0x00000061 PA:0x80008ed3
        9385000	       937	800058c4	01433eb3	sltu	x29,x6,x20	  x6:0x00000000 x20:0xffffffd8 x29=0x00000001
        9395000	       938	800058c8	0150ce33	xor	x28,x1,x21	  x1:0xe024f898 x21:0x80009fc4 x28=0x6024675c
        9405000	       939	800058cc	00cb7133	and	x2,x22,x12	 x22:0x00000001 x12:0xfffff6a6  x2=0x00000000
        9415000	       940	800058d0	00000013	addi	x0,x0,0	  x0:0x00000000
        9425000	       941	800058d4	00311b93	slli	x23,x2,0x3	  x2:0x00000000 x23=0x00000000
        9435000	       942	800058d8	0959e813	ori	x16,x19,149	 x19:0x00000000 x16=0x00000095
        9445000	       943	800058dc	40a586b3	sub	x13,x11,x10	 x11:0x7fff603d x10:0x482b6750 x13=0x37d3f8ed
        9455000	       944	800058e0	40028033	sub	x0,x5,x0	  x5:0xffffffe5  x0:0x00000000
        9465000	       945	800058e4	f4573a13	sltiu	x20,x14,-187	 x14:0x80009f50 x20=0x00000001
        9475000	       946	800058e8	01973333	sltu	x6,x14,x25	 x14:0x80009f50 x25:0x00000001  x6=0x00000000
        9485000	       947	800058ec	44f8f193	andi	x3,x17,1103	 x17:0x00013ea0  x3=0x00000400
        9495000	       948	800058f0	008cc433	xor	x8,x25,x8	 x25:0x00000001  x8:0xc8000000  x8=0xc8000001
        9505000	       949	800058f4	7501c293	xori	x5,x3,1872	  x3:0x00000400  x5=0x00000350
        9515000	       950	800058f8	b2bed797	auipc	x15,0xb2bed	 x15=0x32bf28f4
        9525000	       951	800058fc	00b90fb3	add	x31,x18,x11	 x18:0x00002e56 x11:0x7fff603d x31=0x7fff8e93
        9535000	       952	80005900	41c30533	sub	x10,x6,x28	  x6:0x00000000 x28:0x6024675c x10=0x9fdb98a4
        9545000	       953	80005904	017f33b3	sltu	x7,x30,x23	 x30:0xc07a0000 x23:0x00000000  x7=0x00000000
        9555000	       954	80005908	594e6e93	ori	x29,x28,1428	 x28:0x6024675c x29=0x602467dc
        9565000	       955	8000590c	35b0f913	andi	x18,x1,859	  x1:0xe024f898 x18=0x00000018
        9575000	       956	80005910	01201813	slli	x16,x0,0x12	  x0:0x00000000 x16=0x00000000
        9585000	       957	80005914	03dff463	bgeu	x31,x29,8000593c	 x31:0x7fff8e93 x29:0x602467dc
        9595000	       958	00000000	00000013	addi	x0,x0,0	  x0:0x00000000
        9605000	       959	80005938	00000013	addi	x0,x0,0	  x0:0x00000000
        9615000	       960	8000593c	02f59263	bne	x11,x15,80005960	 x11:0x7fff603d x15:0x32bf28f4
        9625000	       961	00000000	00000013	addi	x0,x0,0	  x0:0x00000000
        9635000	       962	8000595c	00000013	addi	x0,x0,0	  x0:0x00000000
        9645000	       963	80005960	24390593	addi	x11,x18,579	 x18:0x00000018 x11=0x0000025b
        9655000	       964	80005964	005ebd33	sltu	x26,x29,x5	 x29:0x602467dc  x5:0x00000350 x26=0x00000000
        9665000	       965	80005968	04335463	bge	x6,x3,800059b0	  x6:0x00000000  x3:0x00000400
        9675000	       966	8000596c	01eb8fb3	add	x31,x23,x30	 x23:0x00000000 x30:0xc07a0000 x31=0xc07a0000
        9685000	       967	80005970	4073d033	sra	x0,x7,x7	  x7:0x00000000  x7:0x00000000
        9695000	       968	80005974	00b59413	slli	x8,x11,0xb	 x11:0x0000025b  x8=0x0012d800
        9705000	       969	80005978	af456f13	ori	x30,x10,-1292	 x10:0x9fdb98a4 x30=0xfffffaf4
        9715000	       970	8000597c	01ade333	or	x6,x27,x26	 x27:0x7fff603d x26:0x00000000  x6=0x7fff603d
        9725000	       971	80005980	41920833	sub	x16,x4,x25	  x4:0x00000381 x25:0x00000001 x16=0x00000380
        9735000	       972	80005984	d7c53313	sltiu	x6,x10,-644	 x10:0x9fdb98a4  x6=0x00000001
        9745000	       973	80005988	1a9a7493	andi	x9,x20,425	 x20:0x00000001  x9=0x00000001
        9755000	       974	8000598c	04380063	beq	x16,x3,800059cc	 x16:0x00000380  x3:0x00000400
        9765000	       975	80005990	41735bb3	sra	x23,x6,x23	  x6:0x00000001 x23:0x00000000 x23=0x00000001
        9775000	       976	80005994	03fc6263	bltu	x24,x31,800059b8	 x24:0x00000001 x31:0xc07a0000
        9785000	       977	00000000	00000013	addi	x0,x0,0	  x0:0x00000000
        9795000	       978	800059b4	00000013	addi	x0,x0,0	  x0:0x00000000
        9805000	       979	800059b8	414e85b3	sub	x11,x29,x20	 x29:0x602467dc x20:0x00000001 x11=0x602467db
        9815000	       980	800059bc	411ad1b3	sra	x3,x21,x17	 x21:0x80009fc4 x17:0x00013ea0  x3=0x80009fc4
        9825000	       981	800059c0	00179263	bne	x15,x1,800059c4	 x15:0x32bf28f4  x1:0xe024f898
        9835000	       982	00000000	00000013	addi	x0,x0,0	  x0:0x00000000
        9845000	       983	800059c0	00000013	addi	x0,x0,0	  x0:0x00000000
        9855000	       984	800059c4	018c8413	addi	x8,x25,24	 x25:0x00000001  x8=0x00000019
        9865000	       985	800059c8	01bb5e63	bge	x22,x27,800059e4	 x22:0x00000001 x27:0x7fff603d
        9875000	       986	800059cc	01dbd613	srli	x12,x23,0x1d	 x23:0x00000001 x12=0x00000000
        9885000	       987	800059d0	c44d0f13	addi	x30,x26,-956	 x26:0x00000000 x30=0xfffffc44
        9895000	       988	800059d4	03fc8e63	beq	x25,x31,80005a10	 x25:0x00000001 x31:0xc07a0000
        9905000	       989	800059d8	78403693	sltiu	x13,x0,1924	  x0:0x00000000 x13=0x00000001
        9915000	       990	800059dc	00e68c63	beq	x13,x14,800059f4	 x13:0x00000001 x14:0x80009f50
        9925000	       991	800059e0	01f81593	slli	x11,x16,0x1f	 x16:0x00000380 x11=0x00000000
        9935000	       992	800059e4	00482833	slt	x16,x16,x4	 x16:0x00000380  x4:0x00000381 x16=0x00000001
        9945000	       993	800059e8	00adf1b3	and	x3,x27,x10	 x27:0x7fff603d x10:0x9fdb98a4  x3=0x1fdb0024
        9955000	       994	800059ec	04499863	bne	x19,x4,80005a3c	 x19:0x00000000  x4:0x00000381
        9965000	       995	00000000	00000013	addi	x0,x0,0	  x0:0x00000000
        9975000	       996	80005a38	00000013	addi	x0,x0,0	  x0:0x00000000
        9985000	       997	80005a3c	40f284b3	sub	x9,x5,x15	  x5:0x00000350 x15:0x32bf28f4  x9=0xcd40da5c
        9995000	       998	80005a40	b3e6e793	ori	x15,x13,-1218	 x13:0x00000001 x15=0xfffffb3f
       10005000	       999	80005a44	016b0cb3	add	x25,x22,x22	 x22:0x00000001 x22:0x00000001 x25=0x00000002
       10015000	      1000	80005a48	02cf6463	bltu	x30,x12,80005a70	 x30:0xfffffc44 x12:0x00000000
       10025000	      1001	80005a4c	00331eb3	sll	x29,x6,x3	  x6:0x00000001  x3:0x1fdb0024 x29=0x00000010
       10035000	      1002	80005a50	001bf863	bgeu	x23,x1,80005a60	 x23:0x00000001  x1:0xe024f898
       10045000	      1003	80005a54	02c84263	blt	x16,x12,80005a78	 x16:0x00000001 x12:0x00000000
       10055000	      1004	80005a58	026f7263	bgeu	x30,x6,80005a7c	 x30:0xfffffc44  x6:0x00000001
       10065000	      1005	00000000	00000013	addi	x0,x0,0	  x0:0x00000000
       10075000	      1006	80005a78	00000013	addi	x0,x0,0	  x0:0x00000000
       10085000	      1007	80005a7c	01e334b3	sltu	x9,x6,x30	  x6:0x00000001 x30:0xfffffc44  x9=0x00000001
       10095000	      1008	80005a80	0482f263	bgeu	x5,x8,80005ac4	  x5:0x00000350  x8:0x00000019
       10105000	      1009	00000000	00000013	addi	x0,x0,0	  x0:0x00000000
       10115000	      1010	80005ac0	00000013	addi	x0,x0,0	  x0:0x00000000
       10125000	      1011	80005ac4	00ed32b3	sltu	x5,x26,x14	 x26:0x00000000 x14:0x80009f50  x5=0x00000001
       10135000	      1012	80005ac8	047f9063	bne	x31,x7,80005b08	 x31:0xc07a0000  x7:0x00000000
       10145000	      1013	00000000	00000013	addi	x0,x0,0	  x0:0x00000000
       10155000	      1014	80005b04	00000013	addi	x0,x0,0	  x0:0x00000000
       10165000	      1015	80005b08	01a5c3b3	xor	x7,x11,x26	 x11:0x00000000 x26:0x00000000  x7=0x00000000
       10175000	      1016	80005b0c	61c9b093	sltiu	x1,x19,1564	 x19:0x00000000  x1=0x00000001
       10185000	      1017	80005b10	04877463	bgeu	x14,x8,80005b58	 x14:0x80009f50  x8:0x00000019
       10195000	      1018	00000000	00000013	addi	x0,x0,0	  x0:0x00000000
       10205000	      1019	80005b54	00000013	addi	x0,x0,0	  x0:0x00000000
       10215000	      1020	80005b58	41698933	sub	x18,x19,x22	 x19:0x00000000 x22:0x00000001 x18=0xffffffff
       10225000	      1021	80005b5c	010d9293	slli	x5,x27,0x10	 x27:0x7fff603d  x5=0x603d0000
       10235000	      1022	80005b60	00c85b33	srl	x22,x16,x12	 x16:0x00000001 x12:0x00000000 x22=0x00000001
       10245000	      1023	80005b64	39741897	auipc	x17,0x39741	 x17=0xb9746b60
       10255000	      1024	80005b68	051c7663	bgeu	x24,x17,80005bb4	 x24:0x00000001 x17:0xb9746b60
       10265000	      1025	80005b6c	85056e93	ori	x29,x10,-1968	 x10:0x9fdb98a4 x29=0xfffff8f4
       10275000	      1026	80005b70	4148d213	srai	x4,x17,0x14	 x17:0xb9746b60  x4=0xfffffb97
       10285000	      1027	80005b74	01ed36b3	sltu	x13,x26,x30	 x26:0x00000000 x30:0xfffffc44 x13=0x00000001
       10295000	      1028	80005b78	00d84db3	xor	x27,x16,x13	 x16:0x00000001 x13:0x00000001 x27=0x00000000
       10305000	      1029	80005b7c	40f55313	srai	x6,x10,0xf	 x10:0x9fdb98a4  x6=0xffff3fb7
       10315000	      1030	80005b80	0086e533	or	x10,x13,x8	 x13:0x00000001  x8:0x00000019 x10=0x00000019
       10325000	      1031	80005b84	00feb933	sltu	x18,x29,x15	 x29:0xfffff8f4 x15:0xfffffb3f x18=0x00000001
       10335000	      1032	80005b88	00b0db93	srli	x23,x1,0xb	  x1:0x00000001 x23=0x00000000
       10345000	      1033	80005b8c	405bd113	srai	x2,x23,0x5	 x23:0x00000000  x2=0x00000000
       10355000	      1034	80005b90	01ac7833	and	x16,x24,x26	 x24:0x00000001 x26:0x00000000 x16=0x00000000
       10365000	      1035	80005b94	00bc28b3	slt	x17,x24,x11	 x24:0x00000001 x11:0x00000000 x17=0x00000000
       10375000	      1036	80005b98	8a727d93	andi	x27,x4,-1881	  x4:0xfffffb97 x27=0xfffff887
       10385000	      1037	80005b9c	009b9c13	slli	x24,x23,0x9	 x23:0x00000000 x24=0x00000000
       10395000	      1038	80005ba0	ed03d597	auipc	x11,0xed03d	 x11=0x6d042b9c
       10405000	      1039	80005ba4	41bbd313	srai	x6,x23,0x1b	 x23:0x00000000  x6=0x00000000
       10415000	      1040	80005ba8	01091d13	slli	x26,x18,0x10	 x18:0x00000001 x26=0x00010000
       10425000	      1041	80005bac	0102d263	bge	x5,x16,80005bb0	  x5:0x603d0000 x16:0x00000000
       10435000	      1042	00000000	00000013	addi	x0,x0,0	  x0:0x00000000
       10445000	      1043	80005bac	00000013	addi	x0,x0,0	  x0:0x00000000
       10455000	      1044	80005bb0	41905b93	srai	x23,x0,0x19	  x0:0x00000000 x23=0x00000000
       10465000	      1045	80005bb4	00c4acb3	slt	x25,x9,x12	  x9:0x00000001 x12:0x00000000 x25=0x00000000
       10475000	      1046	80005bb8	25704313	xori	x6,x0,599	  x0:0x00000000  x6=0x00000257
       10485000	      1047	80005bbc	40905c93	srai	x25,x0,0x9	  x0:0x00000000 x25=0x00000000
       10495000	      1048	80005bc0	3edda413	slti	x8,x27,1005	 x27:0xfffff887  x8=0x00000001
       10505000	      1049	80005bc4	010f5b13	srli	x22,x30,0x10	 x30:0xfffffc44 x22=0x0000ffff
       10515000	      1050	80005bc8	02dcf063	bgeu	x25,x13,80005be8	 x25:0x00000000 x13:0x00000001
       10525000	      1051	80005bcc	00000013	addi	x0,x0,0	  x0:0x00000000
       10535000	      1052	80005bd0	fd22ac97	auipc	x25,0xfd22a	 x25=0x7d22fbcc
       10545000	      1053	80005bd4	41d55113	srai	x2,x10,0x1d	 x10:0x00000019  x2=0x00000000
       10555000	      1054	80005bd8	03394463	blt	x18,x19,80005c00	 x18:0x00000001 x19:0x00000000
       10565000	      1055	80005bdc	0486e863	bltu	x13,x8,80005c2c	 x13:0x00000001  x8:0x00000001
       10575000	      1056	80005be0	031a4a63	blt	x20,x17,80005c14	 x20:0x00000001 x17:0x00000000
       10585000	      1057	80005be4	40278fb3	sub	x31,x15,x2	 x15:0xfffffb3f  x2:0x00000000 x31=0xfffffb3f
       10595000	      1058	80005be8	0064b6b3	sltu	x13,x9,x6	  x9:0x00000001  x6:0x00000257 x13=0x00000001
       10605000	      1059	80005bec	00000013	addi	x0,x0,0	  x0:0x00000000
       10615000	      1060	80005bf0	03691463	bne	x18,x22,80005c18	 x18:0x00000001 x22:0x0000ffff
       10625000	      1061	00000000	00000013	addi	x0,x0,0	  x0:0x00000000
       10635000	      1062	80005c14	00000013	addi	x0,x0,0	  x0:0x00000000
       10645000	      1063	80005c18	0088f033	and	x0,x17,x8	 x17:0x00000000  x8:0x00000001
       10655000	      1064	80005c1c	99b82b93	slti	x23,x16,-1637	 x16:0x00000000 x23=0x00000000
       10665000	      1065	80005c20	ced3ba13	sltiu	x20,x7,-787	  x7:0x00000000 x20=0x00000001
       10675000	      1066	80005c24	41a6dc33	sra	x24,x13,x26	 x13:0x00000001 x26:0x00010000 x24=0x00000001
       10685000	      1067	80005c28	010e5493	srli	x9,x28,0x10	 x28:0x6024675c  x9=0x00006024
       10695000	      1068	80005c2c	003b7863	bgeu	x22,x3,80005c3c	 x22:0x0000ffff  x3:0x1fdb0024
       10705000	      1069	80005c30	050d9063	bne	x27,x16,80005c70	 x27:0xfffff887 x16:0x00000000
       10715000	      1070	00000000	00000013	addi	x0,x0,0	  x0:0x00000000
       10725000	      1071	80005c6c	00000013	addi	x0,x0,0	  x0:0x00000000
       10735000	      1072	80005c70	022b5263	bge	x22,x2,80005c94	 x22:0x0000ffff  x2:0x00000000
       10745000	      1073	00000000	00000013	addi	x0,x0,0	  x0:0x00000000
       10755000	      1074	80005c90	00000013	addi	x0,x0,0	  x0:0x00000000
       10765000	      1075	80005c94	021d8863	beq	x27,x1,80005cc4	 x27:0xfffff887  x1:0x00000001
       10775000	      1076	80005c98	01c247b3	xor	x15,x4,x28	  x4:0xfffffb97 x28:0x6024675c x15=0x9fdb9ccb
       10785000	      1077	80005c9c	41cb5f33	sra	x30,x22,x28	 x22:0x0000ffff x28:0x6024675c x30=0x00000000
       10795000	      1078	80005ca0	01db4a63	blt	x22,x29,80005cb4	 x22:0x0000ffff x29:0xfffff8f4
       10805000	      1079	80005ca4	01479c13	slli	x24,x15,0x14	 x15:0x9fdb9ccb x24=0xccb00000
       10815000	      1080	80005ca8	056d5863	bge	x26,x22,80005cf8	 x26:0x00010000 x22:0x0000ffff
       10825000	      1081	00000000	00000013	addi	x0,x0,0	  x0:0x00000000
       10835000	      1082	80005cf4	00000013	addi	x0,x0,0	  x0:0x00000000
       10845000	      1083	80005cf8	00df8eb3	add	x29,x31,x13	 x31:0xfffffb3f x13:0x00000001 x29=0xfffffb40
       10855000	      1084	80005cfc	40cf0f33	sub	x30,x30,x12	 x30:0x00000000 x12:0x00000000 x30=0x00000000
       10865000	      1085	80005d00	8c3b4693	xori	x13,x22,-1853	 x22:0x0000ffff x13=0xffff073c
       10875000	      1086	80005d04	80b9b793	sltiu	x15,x19,-2037	 x19:0x00000000 x15=0x00000001
       10885000	      1087	80005d08	15863e93	sltiu	x29,x12,344	 x12:0x00000000 x29=0x00000001
       10895000	      1088	80005d0c	01675833	srl	x16,x14,x22	 x14:0x80009f50 x22:0x0000ffff x16=0x00000001
       10905000	      1089	80005d10	018fdf93	srli	x31,x31,0x18	 x31:0xfffffb3f x31=0x000000ff
       10915000	      1090	80005d14	b37d8813	addi	x16,x27,-1225	 x27:0xfffff887 x16=0xfffff3be
       10925000	      1091	80005d18	0174f863	bgeu	x9,x23,80005d28	  x9:0x00006024 x23:0x00000000
       10935000	      1092	00000000	00000013	addi	x0,x0,0	  x0:0x00000000
       10945000	      1093	80005d24	00000013	addi	x0,x0,0	  x0:0x00000000
       10955000	      1094	80005d28	41f50133	sub	x2,x10,x31	 x10:0x00000019 x31:0x000000ff  x2=0xffffff1a
       10965000	      1095	80005d2c	017dd893	srli	x17,x27,0x17	 x27:0xfffff887 x17=0x000001ff
       10975000	      1096	80005d30	7dc24c17	auipc	x24,0x7dc24	 x24=0xfdc29d2c
       10985000	      1097	80005d34	87ed4693	xori	x13,x26,-1922	 x26:0x00010000 x13=0xfffef87e
       10995000	      1098	80005d38	03a5c263	blt	x11,x26,80005d5c	 x11:0x6d042b9c x26:0x00010000
       11005000	      1099	80005d3c	f91b0493	addi	x9,x22,-111	 x22:0x0000ffff  x9=0x0000ff90
       11015000	      1100	80005d40	01802533	slt	x10,x0,x24	  x0:0x00000000 x24:0xfdc29d2c x10=0x00000000
       11025000	      1101	80005d44	00691113	slli	x2,x18,0x6	 x18:0x00000001  x2=0x00000040
       11035000	      1102	80005d48	30747393	andi	x7,x8,775	  x8:0x00000001  x7=0x00000001
       11045000	      1103	80005d4c	409e5793	srai	x15,x28,0x9	 x28:0x6024675c x15=0x00301233
       11055000	      1104	80005d50	418e07b3	sub	x15,x28,x24	 x28:0x6024675c x24:0xfdc29d2c x15=0x6261ca30
       11065000	      1105	80005d54	5606b513	sltiu	x10,x13,1376	 x13:0xfffef87e x10=0x00000000
       11075000	      1106	80005d58	01250263	beq	x10,x18,80005d5c	 x10:0x00000000 x18:0x00000001
       11085000	      1107	80005d5c	059f1063	bne	x30,x25,80005d9c	 x30:0x00000000 x25:0x7d22fbcc
       11095000	      1108	00000000	00000013	addi	x0,x0,0	  x0:0x00000000
       11105000	      1109	80005d98	00000013	addi	x0,x0,0	  x0:0x00000000
       11115000	      1110	80005d9c	00c4f433	and	x8,x9,x12	  x9:0x0000ff90 x12:0x00000000  x8=0x00000000
       11125000	      1111	80005da0	0413e663	bltu	x7,x1,80005dec	  x7:0x00000001  x1:0x00000001
       11135000	      1112	80005da4	00608633	add	x12,x1,x6	  x1:0x00000001  x6:0x00000257 x12=0x00000258
       11145000	      1113	80005da8	000157b3	srl	x15,x2,x0	  x2:0x00000040  x0:0x00000000 x15=0x00000040
       11155000	      1114	80005dac	00aa1613	slli	x12,x20,0xa	 x20:0x00000001 x12=0x00000400
       11165000	      1115	80005db0	00000013	addi	x0,x0,0	  x0:0x00000000
       11175000	      1116	80005db4	01ea86b3	add	x13,x21,x30	 x21:0x80009fc4 x30:0x00000000 x13=0x80009fc4
       11185000	      1117	80005db8	002d0cb3	add	x25,x26,x2	 x26:0x00010000  x2:0x00000040 x25=0x00010040
       11195000	      1118	80005dbc	01dae933	or	x18,x21,x29	 x21:0x80009fc4 x29:0x00000001 x18=0x80009fc5
       11205000	      1119	80005dc0	00695093	srli	x1,x18,0x6	 x18:0x80009fc5  x1=0x0200027f
       11215000	      1120	80005dc4	003e3b33	sltu	x22,x28,x3	 x28:0x6024675c  x3:0x1fdb0024 x22=0x00000000
       11225000	      1121	80005dc8	00000013	addi	x0,x0,0	  x0:0x00000000
       11235000	      1122	80005dcc	00235633	srl	x12,x6,x2	  x6:0x00000257  x2:0x00000040 x12=0x00000257
       11245000	      1123	80005dd0	befeff13	andi	x30,x29,-1041	 x29:0x00000001 x30=0x00000001
       11255000	      1124	80005dd4	01252033	slt	x0,x10,x18	 x10:0x00000000 x18:0x80009fc5
       11265000	      1125	80005dd8	01985313	srli	x6,x16,0x19	 x16:0xfffff3be  x6=0x0000007f
       11275000	      1126	80005ddc	01ce9d13	slli	x26,x29,0x1c	 x29:0x00000001 x26=0x10000000
       11285000	      1127	80005de0	0053eeb3	or	x29,x7,x5	  x7:0x00000001  x5:0x603d0000 x29=0x603d0001
       11295000	      1128	80005de4	e9e5cf93	xori	x31,x11,-354	 x11:0x6d042b9c x31=0x92fbd502
       11305000	      1129	80005de8	01ca6e33	or	x28,x20,x28	 x20:0x00000001 x28:0x6024675c x28=0x6024675d
       11315000	      1130	80005dec	418704b3	sub	x9,x14,x24	 x14:0x80009f50 x24:0xfdc29d2c  x9=0x823e0224
       11325000	      1131	80005df0	00000013	addi	x0,x0,0	  x0:0x00000000
       11335000	      1132	80005df4	05027463	bgeu	x4,x16,80005e3c	  x4:0xfffffb97 x16:0xfffff3be
       11345000	      1133	00000000	00000013	addi	x0,x0,0	  x0:0x00000000
       11355000	      1134	80005e38	00000013	addi	x0,x0,0	  x0:0x00000000
       11365000	      1135	80005e3c	1f2aa113	slti	x2,x21,498	 x21:0x80009fc4  x2=0x00000001
       11375000	      1136	80005e40	41dcd793	srai	x15,x25,0x1d	 x25:0x00010040 x15=0x00000000
       11385000	      1137	80005e44	04384463	blt	x16,x3,80005e8c	 x16:0xfffff3be  x3:0x1fdb0024
       11395000	      1138	00000000	00000013	addi	x0,x0,0	  x0:0x00000000
       11405000	      1139	80005e88	00000013	addi	x0,x0,0	  x0:0x00000000
       11415000	      1140	80005e8c	00000013	addi	x0,x0,0	  x0:0x00000000
       11425000	      1141	80005e90	02cbfa63	bgeu	x23,x12,80005ec4	 x23:0x00000000 x12:0x00000257
       11435000	      1142	80005e94	40eb5d93	srai	x27,x22,0xe	 x22:0x00000000 x27=0x00000000
       11445000	      1143	80005e98	40975c33	sra	x24,x14,x9	 x14:0x80009f50  x9:0x823e0224 x24=0xf80009f5
       11455000	      1144	80005e9c	41a4db93	srai	x23,x9,0x1a	  x9:0x823e0224 x23=0xffffffe0
       11465000	      1145	80005ea0	031eca63	blt	x29,x17,80005ed4	 x29:0x603d0001 x17:0x000001ff
       11475000	      1146	80005ea4	bcf0bd93	sltiu	x27,x1,-1073	  x1:0x0200027f x27=0x00000001
       11485000	      1147	80005ea8	c654b813	sltiu	x16,x9,-923	  x9:0x823e0224 x16=0x00000001
       11495000	      1148	80005eac	0186cbb3	xor	x23,x13,x24	 x13:0x80009fc4 x24:0xf80009f5 x23=0x78009631
       11505000	      1149	80005eb0	01f10d33	add	x26,x2,x31	  x2:0x00000001 x31:0x92fbd502 x26=0x92fbd503
       11515000	      1150	80005eb4	601e9c97	auipc	x25,0x601e9	 x25=0xe01eeeb0
       11525000	      1151	80005eb8	003433b3	sltu	x7,x8,x3	  x8:0x00000000  x3:0x1fdb0024  x7=0x00000001
       11535000	      1152	80005ebc	0063d693	srli	x13,x7,0x6	  x7:0x00000001 x13=0x00000000
       11545000	      1153	80005ec0	0c688c13	addi	x24,x17,198	 x17:0x000001ff x24=0x000002c5
       11555000	      1154	80005ec4	00b7f833	and	x16,x15,x11	 x15:0x00000000 x11:0x6d042b9c x16=0x00000000
       11565000	      1155	80005ec8	05e37463	bgeu	x6,x30,80005f10	  x6:0x0000007f x30:0x00000001
       11575000	      1156	00000000	00000013	addi	x0,x0,0	  x0:0x00000000
       11585000	      1157	80005f0c	00000013	addi	x0,x0,0	  x0:0x00000000
       11595000	      1158	80005f10	00805263	bge	x0,x8,80005f14	  x0:0x00000000  x8:0x00000000
       11605000	      1159	00000000	00000013	addi	x0,x0,0	  x0:0x00000000
       11615000	      1160	80005f10	00000013	addi	x0,x0,0	  x0:0x00000000
       11625000	      1161	80005f14	78a31b17	auipc	x22,0x78a31	 x22=0xf8a36f10
       11635000	      1162	80005f18	60250b13	addi	x22,x10,1538	 x10:0x00000000 x22=0x00000602
       11645000	      1163	80005f1c	00c82e33	slt	x28,x16,x12	 x16:0x00000000 x12:0x00000257 x28=0x00000001
       11655000	      1164	80005f20	40185c13	srai	x24,x16,0x1	 x16:0x00000000 x24=0x00000000
       11665000	      1165	80005f24	0046f663	bgeu	x13,x4,80005f30	 x13:0x00000000  x4:0xfffffb97
       11675000	      1166	80005f28	01baf463	bgeu	x21,x27,80005f30	 x21:0x80009fc4 x27:0x00000001
       11685000	      1167	00000000	00000013	addi	x0,x0,0	  x0:0x00000000
       11695000	      1168	80005f2c	00000013	addi	x0,x0,0	  x0:0x00000000
       11705000	      1169	80005f30	01e75393	srli	x7,x14,0x1e	 x14:0x80009f50  x7=0x00000002
       11715000	      1170	80005f34	e74ef793	andi	x15,x29,-396	 x29:0x603d0001 x15=0x603d0000
       11725000	      1171	80005f38	41735fb3	sra	x31,x6,x23	  x6:0x0000007f x23:0x78009631 x31=0x00000000
       11735000	      1172	80005f3c	43a20e13	addi	x28,x4,1082	  x4:0xfffffb97 x28=0xffffffd1
       11745000	      1173	80005f40	00472303	lw	x6,4(x14)	 x14:0x80009f50  x6=0x800050b0 PA:0x80009f54
       11755000	      1174	80005f44	00c70713	addi	x14,x14,12	 x14:0x80009f50 x14=0x80009f5c
       11765000	      1175	80005f48	e9d00f93	addi	x31,x0,-355	  x0:0x00000000 x31=0xfffffe9d
       11775000	      1176	80005f4c	00030d13	addi	x26,x6,0	  x6:0x800050b0 x26=0x800050b0
       11785000	      1177	80005f50	000d0d67	jalr	x26,x26,0	 x26:0x800050b0 x26=0x80005f50
       11795000	      1178	00000000	00000013	addi	x0,x0,0	  x0:0x00000000
       11805000	      1179	800050b0	00000013	addi	x0,x0,0	  x0:0x00000000
       11815000	      1180	800050b4	01519d13	slli	x26,x3,0x15	  x3:0x1fdb0024 x26=0x04800000
       11825000	      1181	800050b8	a74d4f93	xori	x31,x26,-1420	 x26:0x04800000 x31=0xfb7ffa74
       11835000	      1182	800050bc	e964b513	sltiu	x10,x9,-362	  x9:0x823e0224 x10=0x00000001
       11845000	      1183	800050c0	0160b6b3	sltu	x13,x1,x22	  x1:0x0200027f x22:0x00000602 x13=0x00000000
       11855000	      1184	800050c4	41747b13	andi	x22,x8,1047	  x8:0x00000000 x22=0x00000000
       11865000	      1185	800050c8	00a82f33	slt	x30,x16,x10	 x16:0x00000000 x10:0x00000001 x30=0x00000001
       11875000	      1186	800050cc	5c9cb213	sltiu	x4,x25,1481	 x25:0xe01eeeb0  x4=0x00000000
       11885000	      1187	800050d0	a8a5ff93	andi	x31,x11,-1398	 x11:0x6d042b9c x31=0x6d042a88
       11895000	      1188	800050d4	01e85e63	bge	x16,x30,800050f0	 x16:0x00000000 x30:0x00000001
       11905000	      1189	800050d8	012a6033	or	x0,x20,x18	 x20:0x00000001 x18:0x80009fc5
       11915000	      1190	800050dc	01af5663	bge	x30,x26,800050e8	 x30:0x00000001 x26:0x04800000
       11925000	      1191	800050e0	87046193	ori	x3,x8,-1936	  x8:0x00000000  x3=0xfffff870
       11935000	      1192	800050e4	114ad663	bge	x21,x20,800051f0	 x21:0x80009fc4 x20:0x00000001
       11945000	      1193	800050e8	43eee213	ori	x4,x29,1086	 x29:0x603d0001  x4=0x603d043f
       11955000	      1194	800050ec	d229e513	ori	x10,x19,-734	 x19:0x00000000 x10=0xfffffd22
       11965000	      1195	800050f0	40f253b3	sra	x7,x4,x15	  x4:0x603d043f x15:0x603d0000  x7=0x603d043f
       11975000	      1196	800050f4	0e79f463	bgeu	x19,x7,800051dc	 x19:0x00000000  x7:0x603d043f
       11985000	      1197	800050f8	414a5d13	srai	x26,x20,0x14	 x20:0x00000001 x26=0x00000000
       11995000	      1198	800050fc	05024b13	xori	x22,x4,80	  x4:0x603d043f x22=0x603d046f
       12005000	      1199	80005100	00003e97	auipc	x29,0x3	 x29=0x800080fc
       12015000	      1200	80005104	605e8e93	addi	x29,x29,1541	 x29:0x800080fc x29=0x80008701
       12025000	      1201	80005108	40075813	srai	x16,x14,0x0	 x14:0x80009f5c x16=0x80009f5c
       12035000	      1202	8000510c	0030ecb3	or	x25,x1,x3	  x1:0x0200027f  x3:0xfffff870 x25=0xfffffa7f
       12045000	      1203	80005110	00d0eb33	or	x22,x1,x13	  x1:0x0200027f x13:0x00000000 x22=0x0200027f
       12055000	      1204	80005114	8d443313	sltiu	x6,x8,-1836	  x8:0x00000000  x6=0x00000001
       12065000	      1205	80005118	4fa1bb13	sltiu	x22,x3,1274	  x3:0xfffff870 x22=0x00000000
       12075000	      1206	8000511c	002ecc83	lbu	x25,2(x29)	 x29:0x80008701 x25=0x00000051 PA:0x80008703
       12085000	      1207	80005120	fe6e8503	lb	x10,-26(x29)	 x29:0x80008701 x10=0xffffffc6 PA:0x800086e7
       12095000	      1208	80005124	00b0d633	srl	x12,x1,x11	  x1:0x0200027f x11:0x6d042b9c x12=0x00000000
       12105000	      1209	80005128	023ecd83	lbu	x27,35(x29)	 x29:0x80008701 x27=0x000000f8 PA:0x80008724
       12115000	      1210	8000512c	98892d17	auipc	x26,0x98892	 x26=0x18897128
       12125000	      1211	80005130	fd1eafa3	sw	x17,-33(x29)	 x29:0x80008701 x17:0x000001ff PA:0x800086e0
       12135000	      1212	80005134	00000013	addi	x0,x0,0	  x0:0x00000000
       12145000	      1213	80005138	00b7ab33	slt	x22,x15,x11	 x15:0x603d0000 x11:0x6d042b9c x22=0x00000001
       12155000	      1214	8000513c	018545b3	xor	x11,x10,x24	 x10:0xffffffc6 x24:0x00000000 x11=0xffffffc6
       12165000	      1215	80005140	02ee8b23	sb	x14,54(x29)	 x29:0x80008701 x14:0x80009f5c PA:0x80008737
       12175000	      1216	80005144	fdceaba3	sw	x28,-41(x29)	 x29:0x80008701 x28:0xffffffd1 PA:0x800086d8
       12185000	      1217	80005148	007017b3	sll	x15,x0,x7	  x0:0x00000000  x7:0x603d043f x15=0x00000000
       12195000	      1218	8000514c	01ee9333	sll	x6,x29,x30	 x29:0x80008701 x30:0x00000001  x6=0x00010e02
       12205000	      1219	80005150	f38c3493	sltiu	x9,x24,-200	 x24:0x00000000  x9=0x00000001
       12215000	      1220	80005154	965ccd93	xori	x27,x25,-1691	 x25:0x00000051 x27=0xfffff934
       12225000	      1221	80005158	ff3e81a3	sb	x19,-29(x29)	 x29:0x80008701 x19:0x00000000 PA:0x800086e4
       12235000	      1222	8000515c	012df433	and	x8,x27,x18	 x27:0xfffff934 x18:0x80009fc5  x8=0x80009904
       12245000	      1223	80005160	ff2ec783	lbu	x15,-14(x29)	 x29:0x80008701 x15=0x0000003a PA:0x800086f3
       12255000	      1224	80005164	0416fc93	andi	x25,x13,65	 x13:0x00000000 x25=0x00000000
       12265000	      1225	80005168	a4a2fd97	auipc	x27,0xa4a2f	 x27=0x24a34164
       12275000	      1226	8000516c	fe6e81a3	sb	x6,-29(x29)	 x29:0x80008701  x6:0x00010e02 PA:0x800086e4
       12285000	      1227	80005170	404fd593	srai	x11,x31,0x4	 x31:0x6d042a88 x11=0x06d042a8
       12295000	      1228	80005174	febed583	lhu	x11,-21(x29)	 x29:0x80008701 x11=0x00005687 PA:0x800086ec
       12305000	      1229	80005178	feee8803	lb	x16,-18(x29)	 x29:0x80008701 x16=0x0000006a PA:0x800086ef
       12315000	      1230	8000517c	fffe9303	lh	x6,-1(x29)	 x29:0x80008701  x6=0xffffb32f PA:0x80008700
       12325000	      1231	80005180	030e89a3	sb	x16,51(x29)	 x29:0x80008701 x16:0x0000006a PA:0x80008734
       12335000	      1232	80005184	01d29933	sll	x18,x5,x29	  x5:0x603d0000 x29:0x80008701 x18=0xc07a0000
       12345000	      1233	80005188	461f6813	ori	x16,x30,1121	 x30:0x00000001 x16=0x00000461
       12355000	      1234	8000518c	23ef8393	addi	x7,x31,574	 x31:0x6d042a88  x7=0x6d042cc6
       12365000	      1235	80005190	fe5e9c03	lh	x24,-27(x29)	 x29:0x80008701 x24=0xffffc68c PA:0x800086e6
       12375000	      1236	80005194	5488b037	lui	x0,0x5488b	
       12385000	      1237	80005198	fedec783	lbu	x15,-19(x29)	 x29:0x80008701 x15=0x000000a8 PA:0x800086ee
       12395000	      1238	8000519c	fc4ec283	lbu	x5,-60(x29)	 x29:0x80008701  x5=0x000000c4 PA:0x800086c5
       12405000	      1239	800051a0	fdfe8aa3	sb	x31,-43(x29)	 x29:0x80008701 x31:0x6d042a88 PA:0x800086d6
       12415000	      1240	800051a4	00e09633	sll	x12,x1,x14	  x1:0x0200027f x14:0x80009f5c x12=0xf0000000
       12425000	      1241	800051a8	00000013	addi	x0,x0,0	  x0:0x00000000
       12435000	      1242	800051ac	41090f33	sub	x30,x18,x16	 x18:0xc07a0000 x16:0x00000461 x30=0xc079fb9f
       12445000	      1243	800051b0	01d8c3b3	xor	x7,x17,x29	 x17:0x000001ff x29:0x80008701  x7=0x800086fe
       12455000	      1244	800051b4	ffce97a3	sh	x28,-17(x29)	 x29:0x80008701 x28:0xffffffd1 PA:0x800086f0
       12465000	      1245	800051b8	fd8ec403	lbu	x8,-40(x29)	 x29:0x80008701  x8=0x000000ff PA:0x800086d9
       12475000	      1246	800051bc	01ea9f33	sll	x30,x21,x30	 x21:0x80009fc4 x30:0xc079fb9f x30=0x00000000
       12485000	      1247	800051c0	03c95e63	bge	x18,x28,800051fc	 x18:0xc07a0000 x28:0xffffffd1
       12495000	      1248	800051c4	052b0613	addi	x12,x22,82	 x22:0x00000001 x12=0x00000053
       12505000	      1249	800051c8	01bb9663	bne	x23,x27,800051d4	 x23:0x78009631 x27:0x24a34164
       12515000	      1250	00000000	00000013	addi	x0,x0,0	  x0:0x00000000
       12525000	      1251	800051d0	00000013	addi	x0,x0,0	  x0:0x00000000
       12535000	      1252	800051d4	72b97b37	lui	x22,0x72b97	 x22=0x72b97000
       12545000	      1253	800051d8	00f04c63	blt	x0,x15,800051f0	  x0:0x00000000 x15:0x000000a8
       12555000	      1254	00000000	00000013	addi	x0,x0,0	  x0:0x00000000
       12565000	      1255	800051ec	00000013	addi	x0,x0,0	  x0:0x00000000
       12575000	      1256	800051f0	f8923513	sltiu	x10,x4,-119	  x4:0x603d043f x10=0x00000001
       12585000	      1257	800051f4	40ac8133	sub	x2,x25,x10	 x25:0x00000000 x10:0x00000001  x2=0xffffffff
       12595000	      1258	800051f8	05b91063	bne	x18,x27,80005238	 x18:0xc07a0000 x27:0x24a34164
       12605000	      1259	00000000	00000013	addi	x0,x0,0	  x0:0x00000000
       12615000	      1260	80005234	00000013	addi	x0,x0,0	  x0:0x00000000
       12625000	      1261	80005238	004f9463	bne	x31,x4,80005240	 x31:0x6d042a88  x4:0x603d043f
       12635000	      1262	00000000	00000013	addi	x0,x0,0	  x0:0x00000000
       12645000	      1263	8000523c	00000013	addi	x0,x0,0	  x0:0x00000000
       12655000	      1264	80005240	87cc7b37	lui	x22,0x87cc7	 x22=0x87cc7000
       12665000	      1265	80005244	5cd74913	xori	x18,x14,1485	 x14:0x80009f5c x18=0x80009a91
       12675000	      1266	80005248	0014afb3	slt	x31,x9,x1	  x9:0x00000001  x1:0x0200027f x31=0x00000001
       12685000	      1267	8000524c	62bce313	ori	x6,x25,1579	 x25:0x00000000  x6=0x0000062b
       12695000	      1268	80005250	00ac00b3	add	x1,x24,x10	 x24:0xffffc68c x10:0x00000001  x1=0xffffc68d
       12705000	      1269	80005254	00000013	addi	x0,x0,0	  x0:0x00000000
       12715000	      1270	80005258	018cdd33	srl	x26,x25,x24	 x25:0x00000000 x24:0xffffc68c x26=0x00000000
       12725000	      1271	8000525c	012a2233	slt	x4,x20,x18	 x20:0x00000001 x18:0x80009a91  x4=0x00000000
       12735000	      1272	80005260	01db30b3	sltu	x1,x22,x29	 x22:0x87cc7000 x29:0x80008701  x1=0x00000000
       12745000	      1273	80005264	013e7e33	and	x28,x28,x19	 x28:0xffffffd1 x19:0x00000000 x28=0x00000000
       12755000	      1274	80005268	001b60b3	or	x1,x22,x1	 x22:0x87cc7000  x1:0x00000000  x1=0x87cc7000
       12765000	      1275	8000526c	ffdc8193	addi	x3,x25,-3	 x25:0x00000000  x3=0xfffffffd
       12775000	      1276	80005270	014de433	or	x8,x27,x20	 x27:0x24a34164 x20:0x00000001  x8=0x24a34165
       12785000	      1277	80005274	01b51933	sll	x18,x10,x27	 x10:0x00000001 x27:0x24a34164 x18=0x00000010
       12795000	      1278	80005278	f697efb7	lui	x31,0xf697e	 x31=0xf697e000
       12805000	      1279	8000527c	8d6ecb93	xori	x23,x29,-1834	 x29:0x80008701 x23=0x7fff7fd7
       12815000	      1280	80005280	0007f633	and	x12,x15,x0	 x15:0x000000a8  x0:0x00000000 x12=0x00000000
       12825000	      1281	80005284	c6aa2593	slti	x11,x20,-918	 x20:0x00000001 x11=0x00000000
       12835000	      1282	80005288	41a85893	srai	x17,x16,0x1a	 x16:0x00000461 x17=0x00000000
       12845000	      1283	8000528c	048f5263	bge	x30,x8,800052d0	 x30:0x00000000  x8:0x24a34165
       12855000	      1284	80005290	41485693	srai	x13,x16,0x14	 x16:0x00000461 x13=0x00000000
       12865000	      1285	80005294	00d46863	bltu	x8,x13,800052a4	  x8:0x24a34165 x13:0x00000000
       12875000	      1286	80005298	9984ed13	ori	x26,x9,-1640	  x9:0x00000001 x26=0xfffff999
       12885000	      1287	8000529c	26ba3a13	sltiu	x20,x20,619	 x20:0x00000001 x20=0x00000001
       12895000	      1288	800052a0	41045093	srai	x1,x8,0x10	  x8:0x24a34165  x1=0x000024a3
       12905000	      1289	800052a4	41545eb3	sra	x29,x8,x21	  x8:0x24a34165 x21:0x80009fc4 x29=0x024a3416
       12915000	      1290	800052a8	38056b93	ori	x23,x10,896	 x10:0x00000001 x23=0x00000381
       12925000	      1291	800052ac	00000013	addi	x0,x0,0	  x0:0x00000000
       12935000	      1292	800052b0	d15db913	sltiu	x18,x27,-747	 x27:0x24a34164 x18=0x00000001
       12945000	      1293	800052b4	40ecd793	srai	x15,x25,0xe	 x25:0x00000000 x15=0x00000000
       12955000	      1294	800052b8	05130063	beq	x6,x17,800052f8	  x6:0x0000062b x17:0x00000000
       12965000	      1295	800052bc	03747863	bgeu	x8,x23,800052ec	  x8:0x24a34165 x23:0x00000381
       12975000	      1296	00000000	00000013	addi	x0,x0,0	  x0:0x00000000
       12985000	      1297	800052e8	00000013	addi	x0,x0,0	  x0:0x00000000
       12995000	      1298	800052ec	0568e463	bltu	x17,x22,80005334	 x17:0x00000000 x22:0x87cc7000
       13005000	      1299	00000000	00000013	addi	x0,x0,0	  x0:0x00000000
       13015000	      1300	80005330	00000013	addi	x0,x0,0	  x0:0x00000000
       13025000	      1301	80005334	40da0cb3	sub	x25,x20,x13	 x20:0x00000001 x13:0x00000000 x25=0x00000001
       13035000	      1302	80005338	00b9da13	srli	x20,x19,0xb	 x19:0x00000000 x20=0x00000000
       13045000	      1303	8000533c	3f7eab13	slti	x22,x29,1015	 x29:0x024a3416 x22=0x00000000
       13055000	      1304	80005340	d958b913	sltiu	x18,x17,-619	 x17:0x00000000 x18=0x00000001
       13065000	      1305	80005344	17754693	xori	x13,x10,375	 x10:0x00000001 x13=0x00000176
       13075000	      1306	80005348	00055013	srli	x0,x10,0x0	 x10:0x00000001
       13085000	      1307	8000534c	00000013	addi	x0,x0,0	  x0:0x00000000
       13095000	      1308	80005350	adb02793	slti	x15,x0,-1317	  x0:0x00000000 x15=0x00000000
       13105000	      1309	80005354	00c99e93	slli	x29,x19,0xc	 x19:0x00000000 x29=0x00000000
       13115000	      1310	80005358	0030f233	and	x4,x1,x3	  x1:0x000024a3  x3:0xfffffffd  x4=0x000024a1
       13125000	      1311	8000535c	040ce097	auipc	x1,0x40ce	  x1=0x840d3358
       13135000	      1312	80005360	01146633	or	x12,x8,x17	  x8:0x24a34165 x17:0x00000000 x12=0x24a34165
       13145000	      1313	80005364	1464f813	andi	x16,x9,326	  x9:0x00000001 x16=0x00000000
       13155000	      1314	80005368	2827c897	auipc	x17,0x2827c	 x17=0xa8281364
       13165000	      1315	8000536c	f4dfb013	sltiu	x0,x31,-179	 x31:0xf697e000
       13175000	      1316	80005370	01a8ea33	or	x20,x17,x26	 x17:0xa8281364 x26:0xfffff999 x20=0xfffffbfd
       13185000	      1317	80005374	409f8f33	sub	x30,x31,x9	 x31:0xf697e000  x9:0x00000001 x30=0xf697dfff
       13195000	      1318	80005378	00a663b3	or	x7,x12,x10	 x12:0x24a34165 x10:0x00000001  x7=0x24a34165
       13205000	      1319	8000537c	00c037b3	sltu	x15,x0,x12	  x0:0x00000000 x12:0x24a34165 x15=0x00000001
       13215000	      1320	80005380	00000013	addi	x0,x0,0	  x0:0x00000000
       13225000	      1321	80005384	ee572493	slti	x9,x14,-283	 x14:0x80009f5c  x9=0x00000001
       13235000	      1322	80005388	03d4de63	bge	x9,x29,800053c4	  x9:0x00000001 x29:0x00000000
       13245000	      1323	00000000	00000013	addi	x0,x0,0	  x0:0x00000000
       13255000	      1324	800053c0	00000013	addi	x0,x0,0	  x0:0x00000000
       13265000	      1325	800053c4	01dfd433	srl	x8,x31,x29	 x31:0xf697e000 x29:0x00000000  x8=0xf697e000
       13275000	      1326	800053c8	b2b67d13	andi	x26,x12,-1237	 x12:0x24a34165 x26=0x24a34121
       13285000	      1327	800053cc	025d5063	bge	x26,x5,800053ec	 x26:0x24a34121  x5:0x000000c4
       13295000	      1328	00000000	00000013	addi	x0,x0,0	  x0:0x00000000
       13305000	      1329	800053e8	00000013	addi	x0,x0,0	  x0:0x00000000
       13315000	      1330	800053ec	01b38263	beq	x7,x27,800053f0	  x7:0x24a34165 x27:0x24a34164
       13325000	      1331	800053f0	41bada33	sra	x20,x21,x27	 x21:0x80009fc4 x27:0x24a34164 x20=0xf80009fc
       13335000	      1332	800053f4	585b8f93	addi	x31,x23,1413	 x23:0x00000381 x31=0x00000906
       13345000	      1333	800053f8	00589393	slli	x7,x17,0x5	 x17:0xa8281364  x7=0x05026c80
       13355000	      1334	800053fc	05279063	bne	x15,x18,8000543c	 x15:0x00000001 x18:0x00000001
       13365000	      1335	80005400	00000013	addi	x0,x0,0	  x0:0x00000000
       13375000	      1336	80005404	00000013	addi	x0,x0,0	  x0:0x00000000
       13385000	      1337	80005408	0110d5b3	srl	x11,x1,x17	  x1:0x840d3358 x17:0xa8281364 x11=0x0840d335
       13395000	      1338	8000540c	013afc63	bgeu	x21,x19,80005424	 x21:0x80009fc4 x19:0x00000000
       13405000	      1339	00000000	00000013	addi	x0,x0,0	  x0:0x00000000
       13415000	      1340	80005420	00000013	addi	x0,x0,0	  x0:0x00000000
       13425000	      1341	80005424	01d7f663	bgeu	x15,x29,80005430	 x15:0x00000001 x29:0x00000000
       13435000	      1342	00000000	00000013	addi	x0,x0,0	  x0:0x00000000
       13445000	      1343	8000542c	00000013	addi	x0,x0,0	  x0:0x00000000
       13455000	      1344	80005430	00000013	addi	x0,x0,0	  x0:0x00000000
       13465000	      1345	80005434	0033fc33	and	x24,x7,x3	  x7:0x05026c80  x3:0xfffffffd x24=0x05026c80
       13475000	      1346	80005438	016b9213	slli	x4,x23,0x16	 x23:0x00000381  x4=0xe0400000
       13485000	      1347	8000543c	05ae4063	blt	x28,x26,8000547c	 x28:0x00000000 x26:0x24a34121
       13495000	      1348	00000000	00000013	addi	x0,x0,0	  x0:0x00000000
       13505000	      1349	80005478	00000013	addi	x0,x0,0	  x0:0x00000000
       13515000	      1350	8000547c	019d76b3	and	x13,x26,x25	 x26:0x24a34121 x25:0x00000001 x13=0x00000001
       13525000	      1351	80005480	02999e63	bne	x19,x9,800054bc	 x19:0x00000000  x9:0x00000001
       13535000	      1352	00000000	00000013	addi	x0,x0,0	  x0:0x00000000
       13545000	      1353	800054b8	00000013	addi	x0,x0,0	  x0:0x00000000
       13555000	      1354	800054bc	004b5913	srli	x18,x22,0x4	 x22:0x00000000 x18=0x00000000
       13565000	      1355	800054c0	0012bbb3	sltu	x23,x5,x1	  x5:0x000000c4  x1:0x840d3358 x23=0x00000001
       13575000	      1356	800054c4	00868033	add	x0,x13,x8	 x13:0x00000001  x8:0xf697e000
       13585000	      1357	800054c8	01425463	bge	x4,x20,800054d0	  x4:0xe0400000 x20:0xf80009fc
       13595000	      1358	800054cc	01b4e4b3	or	x9,x9,x27	  x9:0x00000001 x27:0x24a34164  x9=0x24a34165
       13605000	      1359	800054d0	007b3c33	sltu	x24,x22,x7	 x22:0x00000000  x7:0x05026c80 x24=0x00000001
       13615000	      1360	800054d4	001fceb3	xor	x29,x31,x1	 x31:0x00000906  x1:0x840d3358 x29=0x840d3a5e
       13625000	      1361	800054d8	ca3cf893	andi	x17,x25,-861	 x25:0x00000001 x17=0x00000001
       13635000	      1362	800054dc	002b0bb3	add	x23,x22,x2	 x22:0x00000000  x2:0xffffffff x23=0xffffffff
       13645000	      1363	800054e0	00000013	addi	x0,x0,0	  x0:0x00000000
       13655000	      1364	800054e4	00110a63	beq	x2,x1,800054f8	  x2:0xffffffff  x1:0x840d3358
       13665000	      1365	800054e8	029bd663	bge	x23,x9,80005514	 x23:0xffffffff  x9:0x24a34165
       13675000	      1366	800054ec	00285863	bge	x16,x2,800054fc	 x16:0x00000000  x2:0xffffffff
       13685000	      1367	00000000	00000013	addi	x0,x0,0	  x0:0x00000000
       13695000	      1368	800054f8	00000013	addi	x0,x0,0	  x0:0x00000000
       13705000	      1369	800054fc	017e9cb3	sll	x25,x29,x23	 x29:0x840d3a5e x23:0xffffffff x25=0x00000000
       13715000	      1370	80005500	00365c33	srl	x24,x12,x3	 x12:0x24a34165  x3:0xfffffffd x24=0x00000001
       13725000	      1371	80005504	00c708b3	add	x17,x14,x12	 x14:0x80009f5c x12:0x24a34165 x17=0xa4a3e0c1
       13735000	      1372	80005508	01e95913	srli	x18,x18,0x1e	 x18:0x00000000 x18=0x00000000
       13745000	      1373	8000550c	fcfc2693	slti	x13,x24,-49	 x24:0x00000001 x13=0x00000000
       13755000	      1374	80005510	72997913	andi	x18,x18,1833	 x18:0x00000000 x18=0x00000000
       13765000	      1375	80005514	fe626b97	auipc	x23,0xfe626	 x23=0x7e62b510
       13775000	      1376	80005518	001ed5b3	srl	x11,x29,x1	 x29:0x840d3a5e  x1:0x840d3358 x11=0x00000084
       13785000	      1377	8000551c	85f8d137	lui	x2,0x85f8d	  x2=0x85f8d000
       13795000	      1378	80005520	e470f617	auipc	x12,0xe470f	 x12=0x6471451c
       13805000	      1379	80005524	01cc5e33	srl	x28,x24,x28	 x24:0x00000001 x28:0x00000000 x28=0x00000001
       13815000	      1380	80005528	aef4c513	xori	x10,x9,-1297	  x9:0x24a34165 x10=0xdb5cbb8a
       13825000	      1381	8000552c	60877237	lui	x4,0x60877	  x4=0x60877000
       13835000	      1382	80005530	019e1193	slli	x3,x28,0x19	 x28:0x00000001  x3=0x02000000
       13845000	      1383	80005534	03c05263	bge	x0,x28,80005558	  x0:0x00000000 x28:0x00000001
       13855000	      1384	80005538	0ceae893	ori	x17,x21,206	 x21:0x80009fc4 x17=0x80009fce
       13865000	      1385	8000553c	0396e863	bltu	x13,x25,8000556c	 x13:0x00000000 x25:0x00000000
       13875000	      1386	80005540	6c630e37	lui	x28,0x6c630	 x28=0x6c630000
       13885000	      1387	80005544	94f53293	sltiu	x5,x10,-1713	 x10:0xdb5cbb8a  x5=0x00000001
       13895000	      1388	80005548	01e63c33	sltu	x24,x12,x30	 x12:0x6471451c x30:0xf697dfff x24=0x00000001
       13905000	      1389	8000554c	00000013	addi	x0,x0,0	  x0:0x00000000
       13915000	      1390	80005550	aba56513	ori	x10,x10,-1350	 x10:0xdb5cbb8a x10=0xfffffbba
       13925000	      1391	80005554	006d0c33	add	x24,x26,x6	 x26:0x24a34121  x6:0x0000062b x24=0x24a3474c
       13935000	      1392	80005558	00a9de63	bge	x19,x10,80005574	 x19:0x00000000 x10:0xfffffbba
       13945000	      1393	00000000	00000013	addi	x0,x0,0	  x0:0x00000000
       13955000	      1394	80005570	00000013	addi	x0,x0,0	  x0:0x00000000
       13965000	      1395	80005574	98451b97	auipc	x23,0x98451	 x23=0x18456570
       13975000	      1396	80005578	00196e63	bltu	x18,x1,80005594	 x18:0x00000000  x1:0x840d3358
       13985000	      1397	00000000	00000013	addi	x0,x0,0	  x0:0x00000000
       13995000	      1398	80005590	00000013	addi	x0,x0,0	  x0:0x00000000
       14005000	      1399	80005594	f4f68f93	addi	x31,x13,-177	 x13:0x00000000 x31=0xffffff4f
       14015000	      1400	80005598	012a13b3	sll	x7,x20,x18	 x20:0xf80009fc x18:0x00000000  x7=0xf80009fc
       14025000	      1401	8000559c	0084eb33	or	x22,x9,x8	  x9:0x24a34165  x8:0xf697e000 x22=0xf6b7e165
       14035000	      1402	800055a0	0128d093	srli	x1,x17,0x12	 x17:0x80009fce  x1=0x00002000
       14045000	      1403	800055a4	00472303	lw	x6,4(x14)	 x14:0x80009f5c  x6=0x80000de8 PA:0x80009f60
       14055000	      1404	800055a8	02870713	addi	x14,x14,40	 x14:0x80009f5c x14=0x80009f84
       14065000	      1405	800055ac	17584693	xori	x13,x16,373	 x16:0x00000000 x13=0x00000175
       14075000	      1406	800055b0	01c4f8b3	and	x17,x9,x28	  x9:0x24a34165 x28:0x6c630000 x17=0x24230000
       14085000	      1407	800055b4	00130393	addi	x7,x6,1	  x6:0x80000de8  x7=0x80000de9
       14095000	      1408	800055b8	000383e7	jalr	x7,x7,0	  x7:0x80000de9  x7=0x800055b8
       14105000	      1409	00000000	00000013	addi	x0,x0,0	  x0:0x00000000
       14115000	      1410	80000de8	00000013	addi	x0,x0,0	  x0:0x00000000
       14125000	      1411	80000dec	01165c13	srli	x24,x12,0x11	 x12:0x6471451c x24=0x00003238
       14135000	      1412	80000df0	00b9ff33	and	x30,x19,x11	 x19:0x00000000 x11:0x00000084 x30=0x00000000
       14145000	      1413	80000df4	00000013	addi	x0,x0,0	  x0:0x00000000
       14155000	      1414	80000df8	00000013	addi	x0,x0,0	  x0:0x00000000
       14165000	      1415	80000dfc	00f08033	add	x0,x1,x15	  x1:0x00002000 x15:0x00000001
       14175000	      1416	80000e00	09a00b13	addi	x22,x0,154	  x0:0x00000000 x22=0x0000009a
       14185000	      1417	80000e04	01181613	slli	x12,x16,0x11	 x16:0x00000000 x12=0x00000000
       14195000	      1418	80000e08	369e6f13	ori	x30,x28,873	 x28:0x6c630000 x30=0x6c630369
       14205000	      1419	80000e0c	1b9efe93	andi	x29,x29,441	 x29:0x840d3a5e x29=0x00000018
       14215000	      1420	80000e10	36f0f393	andi	x7,x1,879	  x1:0x00002000  x7=0x00000000
       14225000	      1421	80000e14	008e5013	srli	x0,x28,0x8	 x28:0x6c630000
       14235000	      1422	80000e18	d9d66c13	ori	x24,x12,-611	 x12:0x00000000 x24=0xfffffd9d
       14245000	      1423	80000e1c	00de5333	srl	x6,x28,x13	 x28:0x6c630000 x13:0x00000175  x6=0x00000363
       14255000	      1424	80000e20	050d6193	ori	x3,x26,80	 x26:0x24a34121  x3=0x24a34171
       14265000	      1425	80000e24	759fdd37	lui	x26,0x759fd	 x26=0x759fd000
       14275000	      1426	80000e28	01304033	xor	x0,x0,x19	  x0:0x00000000 x19:0x00000000
       14285000	      1427	80000e2c	4145d193	srai	x3,x11,0x14	 x11:0x00000084  x3=0x00000000
       14295000	      1428	80000e30	b3279a17	auipc	x20,0xb3279	 x20=0x33279e2c
       14305000	      1429	80000e34	02cffa63	bgeu	x31,x12,80000e68	 x31:0xffffff4f x12:0x00000000
       14315000	      1430	00000000	00000013	addi	x0,x0,0	  x0:0x00000000
       14325000	      1431	80000e64	00000013	addi	x0,x0,0	  x0:0x00000000
       14335000	      1432	80000e68	79a84237	lui	x4,0x79a84	  x4=0x79a84000
       14345000	      1433	80000e6c	41b3deb3	sra	x29,x7,x27	  x7:0x00000000 x27:0x24a34164 x29=0x00000000
       14355000	      1434	80000e70	02a69a63	bne	x13,x10,80000ea4	 x13:0x00000175 x10:0xfffffbba
       14365000	      1435	00000000	00000013	addi	x0,x0,0	  x0:0x00000000
       14375000	      1436	80000ea0	00000013	addi	x0,x0,0	  x0:0x00000000
       14385000	      1437	80000ea4	018fe033	or	x0,x31,x24	 x31:0xffffff4f x24:0xfffffd9d
       14395000	      1438	80000ea8	02ca4663	blt	x20,x12,80000ed4	 x20:0x33279e2c x12:0x00000000
       14405000	      1439	80000eac	4378fd13	andi	x26,x17,1079	 x17:0x24230000 x26=0x00000000
       14415000	      1440	80000eb0	414c8133	sub	x2,x25,x20	 x25:0x00000000 x20:0x33279e2c  x2=0xccd861d4
       14425000	      1441	80000eb4	00101833	sll	x16,x0,x1	  x0:0x00000000  x1:0x00002000 x16=0x00000000
       14435000	      1442	80000eb8	01d9af33	slt	x30,x19,x29	 x19:0x00000000 x29:0x00000000 x30=0x00000000
       14445000	      1443	80000ebc	07c3d663	bge	x7,x28,80000f28	  x7:0x00000000 x28:0x6c630000
       14455000	      1444	80000ec0	0012d463	bge	x5,x1,80000ec8	  x5:0x00000001  x1:0x00002000
       14465000	      1445	80000ec4	01895513	srli	x10,x18,0x18	 x18:0x00000000 x10=0x00000000
       14475000	      1446	80000ec8	888f2313	slti	x6,x30,-1912	 x30:0x00000000  x6=0x00000000
       14485000	      1447	80000ecc	27a3fc93	andi	x25,x7,634	  x7:0x00000000 x25=0x00000000
       14495000	      1448	80000ed0	003e9533	sll	x10,x29,x3	 x29:0x00000000  x3:0x00000000 x10=0x00000000
       14505000	      1449	80000ed4	08117063	bgeu	x2,x1,80000f54	  x2:0xccd861d4  x1:0x00002000
       14515000	      1450	00000000	00000013	addi	x0,x0,0	  x0:0x00000000
       14525000	      1451	80000f50	00000013	addi	x0,x0,0	  x0:0x00000000
       14535000	      1452	80000f54	bee571b7	lui	x3,0xbee57	  x3=0xbee57000
       14545000	      1453	80000f58	05064663	blt	x12,x16,80000fa4	 x12:0x00000000 x16:0x00000000
       14555000	      1454	80000f5c	4097d793	srai	x15,x15,0x9	 x15:0x00000001 x15=0x00000000
       14565000	      1455	80000f60	41f55a13	srai	x20,x10,0x1f	 x10:0x00000000 x20=0x00000000
       14575000	      1456	80000f64	002f7db3	and	x27,x30,x2	 x30:0x00000000  x2:0xccd861d4 x27=0x00000000
       14585000	      1457	80000f68	404a8933	sub	x18,x21,x4	 x21:0x80009fc4  x4:0x79a84000 x18=0x06585fc4
       14595000	      1458	80000f6c	004e3fb3	sltu	x31,x28,x4	 x28:0x6c630000  x4:0x79a84000 x31=0x00000001
       14605000	      1459	80000f70	00f6d5b3	srl	x11,x13,x15	 x13:0x00000175 x15:0x00000000 x11=0x00000175
       14615000	      1460	80000f74	003d35b3	sltu	x11,x26,x3	 x26:0x00000000  x3:0xbee57000 x11=0x00000001
       14625000	      1461	80000f78	410d5c93	srai	x25,x26,0x10	 x26:0x00000000 x25=0x00000000
       14635000	      1462	80000f7c	0ab6a613	slti	x12,x13,171	 x13:0x00000175 x12=0x00000000
       14645000	      1463	80000f80	00000013	addi	x0,x0,0	  x0:0x00000000
       14655000	      1464	80000f84	03b17463	bgeu	x2,x27,80000fac	  x2:0xccd861d4 x27:0x00000000
       14665000	      1465	00000000	00000013	addi	x0,x0,0	  x0:0x00000000
       14675000	      1466	80000fa8	00000013	addi	x0,x0,0	  x0:0x00000000
       14685000	      1467	80000fac	01a3d263	bge	x7,x26,80000fb0	  x7:0x00000000 x26:0x00000000
       14695000	      1468	00000000	00000013	addi	x0,x0,0	  x0:0x00000000
       14705000	      1469	80000fac	00000013	addi	x0,x0,0	  x0:0x00000000
       14715000	      1470	80000fb0	002bddb3	srl	x27,x23,x2	 x23:0x18456570  x2:0xccd861d4 x27=0x00000184
       14725000	      1471	80000fb4	407f55b3	sra	x11,x30,x7	 x30:0x00000000  x7:0x00000000 x11=0x00000000
       14735000	      1472	80000fb8	00cb9d13	slli	x26,x23,0xc	 x23:0x18456570 x26=0x56570000
       14745000	      1473	80000fbc	05b70463	beq	x14,x27,80001004	 x14:0x80009f84 x27:0x00000184
       14755000	      1474	80000fc0	00000013	addi	x0,x0,0	  x0:0x00000000
       14765000	      1475	80000fc4	0137e0b3	or	x1,x15,x19	 x15:0x00000000 x19:0x00000000  x1=0x00000000
       14775000	      1476	80000fc8	a0d03513	sltiu	x10,x0,-1523	  x0:0x00000000 x10=0x00000001
       14785000	      1477	80000fcc	f0210d17	auipc	x26,0xf0210	 x26=0x70210fc8
       14795000	      1478	80000fd0	d52cb213	sltiu	x4,x25,-686	 x25:0x00000000  x4=0x00000001
       14805000	      1479	80000fd4	400884b3	sub	x9,x17,x0	 x17:0x24230000  x0:0x00000000  x9=0x24230000
       14815000	      1480	80000fd8	1dc6ac93	slti	x25,x13,476	 x13:0x00000175 x25=0x00000001
       14825000	      1481	80000fdc	00000013	addi	x0,x0,0	  x0:0x00000000
       14835000	      1482	80000fe0	019d9b13	slli	x22,x27,0x19	 x27:0x00000184 x22=0x08000000
       14845000	      1483	80000fe4	00aab533	sltu	x10,x21,x10	 x21:0x80009fc4 x10:0x00000001 x10=0x00000000
       14855000	      1484	80000fe8	dc7de393	ori	x7,x27,-569	 x27:0x00000184  x7=0xfffffdc7
       14865000	      1485	80000fec	43059937	lui	x18,0x43059	 x18=0x43059000
       14875000	      1486	80000ff0	00ab4d33	xor	x26,x22,x10	 x22:0x08000000 x10:0x00000000 x26=0x08000000
       14885000	      1487	80000ff4	014f4fb3	xor	x31,x30,x20	 x30:0x00000000 x20:0x00000000 x31=0x00000000
       14895000	      1488	80000ff8	ad5b2297	auipc	x5,0xad5b2	  x5=0x2d5b2ff4
       14905000	      1489	80000ffc	93dd8437	lui	x8,0x93dd8	  x8=0x93dd8000
       14915000	      1490	80001000	40df5513	srai	x10,x30,0xd	 x30:0x00000000 x10=0x00000000
       14925000	      1491	80001004	05156863	bltu	x10,x17,80001054	 x10:0x00000000 x17:0x24230000
       14935000	      1492	00000000	00000013	addi	x0,x0,0	  x0:0x00000000
       14945000	      1493	80001050	00000013	addi	x0,x0,0	  x0:0x00000000
       14955000	      1494	80001054	009541b3	xor	x3,x10,x9	 x10:0x00000000  x9:0x24230000  x3=0x24230000
       14965000	      1495	80001058	00899393	slli	x7,x19,0x8	 x19:0x00000000  x7=0x00000000
       14975000	      1496	8000105c	0125d633	srl	x12,x11,x18	 x11:0x00000000 x18:0x43059000 x12=0x00000000
       14985000	      1497	80001060	00d798b3	sll	x17,x15,x13	 x15:0x00000000 x13:0x00000175 x17=0x00000000
       14995000	      1498	80001064	f8a5a613	slti	x12,x11,-118	 x11:0x00000000 x12=0x00000000
       15005000	      1499	80001068	55a6b5b7	lui	x11,0x55a6b	 x11=0x55a6b000
       15015000	      1500	8000106c	00d24b33	xor	x22,x4,x13	  x4:0x00000001 x13:0x00000175 x22=0x00000174
       15025000	      1501	80001070	014b6263	bltu	x22,x20,80001074	 x22:0x00000174 x20:0x00000000
       15035000	      1502	80001074	03d21263	bne	x4,x29,80001098	  x4:0x00000001 x29:0x00000000
       15045000	      1503	00000000	00000013	addi	x0,x0,0	  x0:0x00000000
       15055000	      1504	80001094	00000013	addi	x0,x0,0	  x0:0x00000000
       15065000	      1505	80001098	41388633	sub	x12,x17,x19	 x17:0x00000000 x19:0x00000000 x12=0x00000000
       15075000	      1506	8000109c	0273ca63	blt	x7,x7,800010d0	  x7:0x00000000  x7:0x00000000
       15085000	      1507	800010a0	00e3fc33	and	x24,x7,x14	  x7:0x00000000 x14:0x80009f84 x24=0x00000000
       15095000	      1508	800010a4	04718463	beq	x3,x7,800010ec	  x3:0x24230000  x7:0x00000000
       15105000	      1509	800010a8	402dd333	sra	x6,x27,x2	 x27:0x00000184  x2:0xccd861d4  x6=0x00000000
       15115000	      1510	800010ac	01aa0a33	add	x20,x20,x26	 x20:0x00000000 x26:0x08000000 x20=0x08000000
       15125000	      1511	800010b0	40e853b3	sra	x7,x16,x14	 x16:0x00000000 x14:0x80009f84  x7=0x00000000
       15135000	      1512	800010b4	011927b3	slt	x15,x18,x17	 x18:0x43059000 x17:0x00000000 x15=0x00000000
       15145000	      1513	800010b8	023d0063	beq	x26,x3,800010d8	 x26:0x08000000  x3:0x24230000
       15155000	      1514	800010bc	00b67463	bgeu	x12,x11,800010c4	 x12:0x00000000 x11:0x55a6b000
       15165000	      1515	800010c0	010911b3	sll	x3,x18,x16	 x18:0x43059000 x16:0x00000000  x3=0x43059000
       15175000	      1516	800010c4	049af063	bgeu	x21,x9,80001104	 x21:0x80009fc4  x9:0x24230000
       15185000	      1517	00000000	00000013	addi	x0,x0,0	  x0:0x00000000
       15195000	      1518	80001100	00000013	addi	x0,x0,0	  x0:0x00000000
       15205000	      1519	80001104	00ce4c63	blt	x28,x12,8000111c	 x28:0x6c630000 x12:0x00000000
       15215000	      1520	80001108	04f4e263	bltu	x9,x15,8000114c	  x9:0x24230000 x15:0x00000000
       15225000	      1521	8000110c	02ef0463	beq	x30,x14,80001134	 x30:0x00000000 x14:0x80009f84
       15235000	      1522	80001110	00496463	bltu	x18,x4,80001118	 x18:0x43059000  x4:0x00000001
       15245000	      1523	80001114	01a21663	bne	x4,x26,80001120	  x4:0x00000001 x26:0x08000000
       15255000	      1524	00000000	00000013	addi	x0,x0,0	  x0:0x00000000
       15265000	      1525	8000111c	00000013	addi	x0,x0,0	  x0:0x00000000
       15275000	      1526	80001120	00fbe463	bltu	x23,x15,80001128	 x23:0x18456570 x15:0x00000000
       15285000	      1527	80001124	41aa0f33	sub	x30,x20,x26	 x20:0x08000000 x26:0x08000000 x30=0x00000000
       15295000	      1528	80001128	dbb87293	andi	x5,x16,-581	 x16:0x00000000  x5=0x00000000
       15305000	      1529	8000112c	40bc5c33	sra	x24,x24,x11	 x24:0x00000000 x11:0x55a6b000 x24=0x00000000
       15315000	      1530	80001130	4aa18397	auipc	x7,0x4aa18	  x7=0xcaa1912c
       15325000	      1531	80001134	06504663	blt	x0,x5,800011a0	  x0:0x00000000  x5:0x00000000
       15335000	      1532	80001138	00b5f113	andi	x2,x11,11	 x11:0x55a6b000  x2=0x00000000
       15345000	      1533	8000113c	00c16d33	or	x26,x2,x12	  x2:0x00000000 x12:0x00000000 x26=0x00000000
       15355000	      1534	80001140	010701b3	add	x3,x14,x16	 x14:0x80009f84 x16:0x00000000  x3=0x80009f84
       15365000	      1535	80001144	41748933	sub	x18,x9,x23	  x9:0x24230000 x23:0x18456570 x18=0x0bdd9a90
       15375000	      1536	80001148	c7a9b613	sltiu	x12,x19,-902	 x19:0x00000000 x12=0x00000001
       15385000	      1537	8000114c	ee072513	slti	x10,x14,-288	 x14:0x80009f84 x10=0x00000001
       15395000	      1538	80001150	04c46263	bltu	x8,x12,80001194	  x8:0x93dd8000 x12:0x00000001
       15405000	      1539	80001154	00ac66b3	or	x13,x24,x10	 x24:0x00000000 x10:0x00000001 x13=0x00000001
       15415000	      1540	80001158	01617263	bgeu	x2,x22,8000115c	  x2:0x00000000 x22:0x00000174
       15425000	      1541	8000115c	5829c793	xori	x15,x19,1410	 x19:0x00000000 x15=0x00000582
       15435000	      1542	80001160	41e2d813	srai	x16,x5,0x1e	  x5:0x00000000 x16=0x00000000
       15445000	      1543	80001164	00004117	auipc	x2,0x4	  x2=0x80005160
       15455000	      1544	80001168	e9810113	addi	x2,x2,-360	  x2:0x80005160  x2=0x80004ff8
       15465000	      1545	8000116c	7461bf13	sltiu	x30,x3,1862	  x3:0x80009f84 x30=0x00000000
       15475000	      1546	80001170	01f730b3	sltu	x1,x14,x31	 x14:0x80009f84 x31:0x00000000  x1=0x00000000
       15485000	      1547	80001174	00c51413	slli	x8,x10,0xc	 x10:0x00000001  x8=0x00001000
       15495000	      1548	80001178	3e510113	addi	x2,x2,997	  x2:0x80004ff8  x2=0x800053dd
       15505000	      1549	8000117c	015ae933	or	x18,x21,x21	 x21:0x80009fc4 x21:0x80009fc4 x18=0x80009fc4
       15515000	      1550	80001180	c1b10367	jalr	x6,x2,-997	  x2:0x800053dd  x6=0x80001180
       15525000	      1551	00000000	00000013	addi	x0,x0,0	  x0:0x00000000
       15535000	      1552	80004ff8	00000013	addi	x0,x0,0	  x0:0x00000000
       15545000	      1553	80004ffc	fd870713	addi	x14,x14,-40	 x14:0x80009f84 x14=0x80009f5c
       15555000	      1554	80005000	00672223	sw	x6,4(x14)	 x14:0x80009f5c  x6:0x80001180 PA:0x80009f60
       15565000	      1555	80005004	006e0033	add	x0,x28,x6	 x28:0x6c630000  x6:0x80001180
       15575000	      1556	80005008	ec97a693	slti	x13,x15,-311	 x15:0x00000582 x13=0x00000000
       15585000	      1557	8000500c	01245bb3	srl	x23,x8,x18	  x8:0x00001000 x18:0x80009fc4 x23=0x00000100
       15595000	      1558	80005010	00004297	auipc	x5,0x4	  x5=0x8000900c
       15605000	      1559	80005014	a5328293	addi	x5,x5,-1453	  x5:0x8000900c  x5=0x80008a5f
       15615000	      1560	80005018	005fa133	slt	x2,x31,x5	 x31:0x00000000  x5:0x80008a5f  x2=0x00000000
       15625000	      1561	8000501c	00b31db3	sll	x27,x6,x11	  x6:0x80001180 x11:0x55a6b000 x27=0x80001180
       15635000	      1562	80005020	41275fb3	sra	x31,x14,x18	 x14:0x80009f5c x18:0x80009fc4 x31=0xf80009f5
       15645000	      1563	80005024	fe42cd03	lbu	x26,-28(x5)	  x5:0x80008a5f x26=0x00000068 PA:0x80008a43
       15655000	      1564	80005028	07b29203	lh	x4,123(x5)	  x5:0x80008a5f  x4=0xffff8a6a PA:0x80008ada
       15665000	      1565	8000502c	003a9597	auipc	x11,0x3a9	 x11=0x803ae028
       15675000	      1566	80005030	f2328a23	sb	x3,-204(x5)	  x5:0x80008a5f  x3:0x80009f84 PA:0x80008993
       15685000	      1567	80005034	c3470c93	addi	x25,x14,-972	 x14:0x80009f5c x25=0x80009b90
       15695000	      1568	80005038	fac29ca3	sh	x12,-71(x5)	  x5:0x80008a5f x12:0x00000001 PA:0x80008a18
       15705000	      1569	8000503c	fb628ea3	sb	x22,-67(x5)	  x5:0x80008a5f x22:0x00000174 PA:0x80008a1c
       15715000	      1570	80005040	00b2dd03	lhu	x26,11(x5)	  x5:0x80008a5f x26=0x0000acbe PA:0x80008a6a
       15725000	      1571	80005044	00749f93	slli	x31,x9,0x7	  x9:0x24230000 x31=0x11800000
       15735000	      1572	80005048	34717a13	andi	x20,x2,839	  x2:0x00000000 x20=0x00000000
       15745000	      1573	8000504c	415c5313	srai	x6,x24,0x15	 x24:0x00000000  x6=0x00000000
       15755000	      1574	80005050	4cc6bb13	sltiu	x22,x13,1228	 x13:0x00000000 x22=0x00000001
       15765000	      1575	80005054	fbf29503	lh	x10,-65(x5)	  x5:0x80008a5f x10=0xffffe69b PA:0x80008a1e
       15775000	      1576	80005058	04e28b03	lb	x22,78(x5)	  x5:0x80008a5f x22=0x00000045 PA:0x80008aad
       15785000	      1577	8000505c	0e6289a3	sb	x6,243(x5)	  x5:0x80008a5f  x6:0x00000000 PA:0x80008b52
       15795000	      1578	80005060	fc828b23	sb	x8,-42(x5)	  x5:0x80008a5f  x8:0x00001000 PA:0x80008a35
       15805000	      1579	80005064	41e30f33	sub	x30,x6,x30	  x6:0x00000000 x30:0x00000000 x30=0x00000000
       15815000	      1580	80005068	3c2a6c17	auipc	x24,0x3c2a6	 x24=0xbc2ab064
       15825000	      1581	8000506c	003b9d13	slli	x26,x23,0x3	 x23:0x00000100 x26=0x00000800
       15835000	      1582	80005070	009285a3	sb	x9,11(x5)	  x5:0x80008a5f  x9:0x24230000 PA:0x80008a6a
       15845000	      1583	80005074	5451f513	andi	x10,x3,1349	  x3:0x80009f84 x10=0x00000504
       15855000	      1584	80005078	0124c333	xor	x6,x9,x18	  x9:0x24230000 x18:0x80009fc4  x6=0xa4239fc4
       15865000	      1585	8000507c	09a28123	sb	x26,130(x5)	  x5:0x80008a5f x26:0x00000800 PA:0x80008ae1
       15875000	      1586	80005080	0df28223	sb	x31,196(x5)	  x5:0x80008a5f x31:0x11800000 PA:0x80008b23
       15885000	      1587	80005084	003f9933	sll	x18,x31,x3	 x31:0x11800000  x3:0x80009f84 x18=0x18000000
       15895000	      1588	80005088	01549f13	slli	x30,x9,0x15	  x9:0x24230000 x30=0x00000000
       15905000	      1589	8000508c	f272df83	lhu	x31,-217(x5)	  x5:0x80008a5f x31=0x00001138 PA:0x80008986
       15915000	      1590	80005090	41c10233	sub	x4,x2,x28	  x2:0x00000000 x28:0x6c630000  x4=0x939d0000
       15925000	      1591	80005094	371aba13	sltiu	x20,x21,881	 x21:0x80009fc4 x20=0x00000000
       15935000	      1592	80005098	0136ce33	xor	x28,x13,x19	 x13:0x00000000 x19:0x00000000 x28=0x00000000
       15945000	      1593	8000509c	00000013	addi	x0,x0,0	  x0:0x00000000
       15955000	      1594	800050a0	40aa5db3	sra	x27,x20,x10	 x20:0x00000000 x10:0x00000504 x27=0x00000000
       15965000	      1595	800050a4	015ed533	srl	x10,x29,x21	 x29:0x00000000 x21:0x80009fc4 x10=0x00000000
       15975000	      1596	800050a8	410ed013	srai	x0,x29,0x10	 x29:0x00000000
       15985000	      1597	800050ac	00d62fb3	slt	x31,x12,x13	 x12:0x00000001 x13:0x00000000 x31=0x00000000
       15995000	      1598	800050b0	50c0036f	jal	x6,800050b0	  x6=0x800050b0
       16005000	      1599	00000000	00000013	addi	x0,x0,0	  x0:0x00000000
       16015000	      1600	800055b8	00000013	addi	x0,x0,0	  x0:0x00000000
       16025000	      1601	800055bc	00fad663	bge	x21,x15,800055c8	 x21:0x80009fc4 x15:0x00000582
       16035000	      1602	800055c0	009653b3	srl	x7,x12,x9	 x12:0x00000001  x9:0x24230000  x7=0x00000001
       16045000	      1603	800055c4	597aa2b7	lui	x5,0x597aa	  x5=0x597aa000
       16055000	      1604	800055c8	ff470713	addi	x14,x14,-12	 x14:0x80009f5c x14=0x80009f50
       16065000	      1605	800055cc	00000013	addi	x0,x0,0	  x0:0x00000000
       16075000	      1606	800055d0	012ae233	or	x4,x21,x18	 x21:0x80009fc4 x18:0x18000000  x4=0x98009fc4
       16085000	      1607	800055d4	004e1e13	slli	x28,x28,0x4	 x28:0x00000000 x28=0x00000000
       16095000	      1608	800055d8	00672223	sw	x6,4(x14)	 x14:0x80009f50  x6:0x800050b0 PA:0x80009f54
       16105000	      1609	800055dc	b83a8613	addi	x12,x21,-1149	 x21:0x80009fc4 x12=0x80009b47
       16115000	      1610	800055e0	00000013	addi	x0,x0,0	  x0:0x00000000
       16125000	      1611	800055e4	00d28fb3	add	x31,x5,x13	  x5:0x597aa000 x13:0x00000000 x31=0x597aa000
       16135000	      1612	800055e8	00003117	auipc	x2,0x3	  x2=0x800085e4
       16145000	      1613	800055ec	f0b10113	addi	x2,x2,-245	  x2:0x800085e4  x2=0x800084ef
       16155000	      1614	800055f0	30c104a3	sb	x12,777(x2)	  x2:0x800084ef x12:0x80009b47 PA:0x800087f8
       16165000	      1615	800055f4	0021c533	xor	x10,x3,x2	  x3:0x80009f84  x2:0x800084ef x10=0x00001b6b
       16175000	      1616	800055f8	ee114e83	lbu	x29,-287(x2)	  x2:0x800084ef x29=0x00000029 PA:0x800083d0
       16185000	      1617	800055fc	eb27e313	ori	x6,x15,-334	 x15:0x00000582  x6=0xffffffb2
       16195000	      1618	80005600	e9522913	slti	x18,x4,-363	  x4:0x98009fc4 x18=0x00000001
       16205000	      1619	80005604	118115a3	sh	x24,267(x2)	  x2:0x800084ef x24:0xbc2ab064 PA:0x800085fa
       16215000	      1620	80005608	b7c14303	lbu	x6,-1156(x2)	  x2:0x800084ef  x6=0x0000006d PA:0x8000806b
       16225000	      1621	8000560c	01ea5613	srli	x12,x20,0x1e	 x20:0x00000000 x12=0x00000000
       16235000	      1622	80005610	bbb10b03	lb	x22,-1093(x2)	  x2:0x800084ef x22=0x00000036 PA:0x800080aa
       16245000	      1623	80005614	019c1413	slli	x8,x24,0x19	 x24:0xbc2ab064  x8=0xc8000000
       16255000	      1624	80005618	31810683	lb	x13,792(x2)	  x2:0x800084ef x13=0xfffffff0 PA:0x80008807
       16265000	      1625	8000561c	fd3b4b93	xori	x23,x22,-45	 x22:0x00000036 x23=0xffffffe5
       16275000	      1626	80005620	e7910283	lb	x5,-391(x2)	  x2:0x800084ef  x5=0xffffffc1 PA:0x80008368
       16285000	      1627	80005624	bce120a3	sw	x14,-1087(x2)	  x2:0x800084ef x14:0x80009f50 PA:0x800080b0
       16295000	      1628	80005628	0169f593	andi	x11,x19,22	 x19:0x00000000 x11=0x00000000
       16305000	      1629	8000562c	00963eb3	sltu	x29,x12,x9	 x12:0x00000000  x9:0x24230000 x29=0x00000001
       16315000	      1630	80005630	10512083	lw	x1,261(x2)	  x2:0x800084ef  x1=0x301e3b62 PA:0x800085f4
       16325000	      1631	80005634	21914903	lbu	x18,537(x2)	  x2:0x800084ef x18=0x00000006 PA:0x80008708
       16335000	      1632	80005638	fa114503	lbu	x10,-95(x2)	  x2:0x800084ef x10=0x00000072 PA:0x80008490
       16345000	      1633	8000563c	2e711003	lh	x0,743(x2)	  x2:0x800084ef PA:0x800087d6
       16355000	      1634	80005640	00c45e13	srli	x28,x8,0xc	  x8:0xc8000000 x28=0x000c8000
       16365000	      1635	80005644	b9014a03	lbu	x20,-1136(x2)	  x2:0x800084ef x20=0x00000035 PA:0x8000807f
       16375000	      1636	80005648	d355e093	ori	x1,x11,-715	 x11:0x00000000  x1=0xfffffd35
       16385000	      1637	8000564c	f5d10023	sb	x29,-192(x2)	  x2:0x800084ef x29:0x00000001 PA:0x8000842f
       16395000	      1638	80005650	2c111903	lh	x18,705(x2)	  x2:0x800084ef x18=0x000066e6 PA:0x800087b0
       16405000	      1639	80005654	11412ca3	sw	x20,281(x2)	  x2:0x800084ef x20:0x00000035 PA:0x80008608
       16415000	      1640	80005658	23b11883	lh	x17,571(x2)	  x2:0x800084ef x17=0xfffffb34 PA:0x8000872a
       16425000	      1641	8000565c	11214a03	lbu	x20,274(x2)	  x2:0x800084ef x20=0x000000b5 PA:0x80008601
       16435000	      1642	80005660	0b114783	lbu	x15,177(x2)	  x2:0x800084ef x15=0x00000032 PA:0x800085a0
       16445000	      1643	80005664	00003117	auipc	x2,0x3	  x2=0x80008660
       16455000	      1644	80005668	12310113	addi	x2,x2,291	  x2:0x80008660  x2=0x80008783
       16465000	      1645	8000566c	00710183	lb	x3,7(x2)	  x2:0x80008783  x3=0x00000035 PA:0x8000878a
       16475000	      1646	80005670	ff010083	lb	x1,-16(x2)	  x2:0x80008783  x1=0x0000001e PA:0x80008773
       16485000	      1647	80005674	40235c13	srai	x24,x6,0x2	  x6:0x0000006d x24=0x0000001b
       16495000	      1648	80005678	00370e93	addi	x29,x14,3	 x14:0x80009f50 x29=0x80009f53
       16505000	      1649	8000567c	01010b83	lb	x23,16(x2)	  x2:0x80008783 x23=0x00000000 PA:0x80008793
       16515000	      1650	80005680	7dcf6b97	auipc	x23,0x7dcf6	 x23=0xfdcfb67c
       16525000	      1651	80005684	00010783	lb	x15,0(x2)	  x2:0x80008783 x15=0xfffffff7 PA:0x80008783
       16535000	      1652	80005688	01c3a633	slt	x12,x7,x28	  x7:0x00000001 x28:0x000c8000 x12=0x00000001
       16545000	      1653	8000568c	0105b033	sltu	x0,x11,x16	 x11:0x00000000 x16:0x00000000
       16555000	      1654	80005690	01014183	lbu	x3,16(x2)	  x2:0x80008783  x3=0x00000000 PA:0x80008793
       16565000	      1655	80005694	00e10583	lb	x11,14(x2)	  x2:0x80008783 x11=0xffffffaa PA:0x80008791
       16575000	      1656	80005698	7a5ee093	ori	x1,x29,1957	 x29:0x80009f53  x1=0x80009ff7
       16585000	      1657	8000569c	014572b3	and	x5,x10,x20	 x10:0x00000072 x20:0x000000b5  x5=0x00000030
       16595000	      1658	800056a0	ffe10f83	lb	x31,-2(x2)	  x2:0x80008783 x31=0xffffff9e PA:0x80008781
       16605000	      1659	800056a4	00de8e33	add	x28,x29,x13	 x29:0x80009f53 x13:0xfffffff0 x28=0x80009f43
       16615000	      1660	800056a8	01d69fb3	sll	x31,x13,x29	 x13:0xfffffff0 x29:0x80009f53 x31=0xff800000
       16625000	      1661	800056ac	bcd74217	auipc	x4,0xbcd74	  x4=0x3cd796a8
       16635000	      1662	800056b0	00000013	addi	x0,x0,0	  x0:0x00000000
       16645000	      1663	800056b4	000750b3	srl	x1,x14,x0	 x14:0x80009f50  x0:0x00000000  x1=0x80009f50
       16655000	      1664	800056b8	5e42a213	slti	x4,x5,1508	  x5:0x00000030  x4=0x00000001
       16665000	      1665	800056bc	f13fbc13	sltiu	x24,x31,-237	 x31:0xff800000 x24=0x00000001
       16675000	      1666	800056c0	ff714883	lbu	x17,-9(x2)	  x2:0x80008783 x17=0x000000de PA:0x8000877a
       16685000	      1667	800056c4	0061fb33	and	x22,x3,x6	  x3:0x00000000  x6:0x0000006d x22=0x00000000
       16695000	      1668	800056c8	7a80af13	slti	x30,x1,1960	  x1:0x80009f50 x30=0x00000001
       16705000	      1669	800056cc	40825013	srai	x0,x4,0x8	  x4:0x00000001
       16715000	      1670	800056d0	02f64b97	auipc	x23,0x2f64	 x23=0x82f696cc
       16725000	      1671	800056d4	00cfe933	or	x18,x31,x12	 x31:0xff800000 x12:0x00000001 x18=0xff800001
       16735000	      1672	800056d8	4c6b6493	ori	x9,x22,1222	 x22:0x00000000  x9=0x000004c6
       16745000	      1673	800056dc	ff515003	lhu	x0,-11(x2)	  x2:0x80008783 PA:0x80008778
       16755000	      1674	800056e0	ff014903	lbu	x18,-16(x2)	  x2:0x80008783 x18=0x0000001e PA:0x80008773
       16765000	      1675	800056e4	00ca9193	slli	x3,x21,0xc	 x21:0x80009fc4  x3=0x09fc4000
       16775000	      1676	800056e8	00310823	sb	x3,16(x2)	  x2:0x80008783  x3:0x09fc4000 PA:0x80008793
       16785000	      1677	800056ec	41d7dc93	srai	x25,x15,0x1d	 x15:0xfffffff7 x25=0xffffffff
       16795000	      1678	800056f0	fee10a23	sb	x14,-12(x2)	  x2:0x80008783 x14:0x80009f50 PA:0x80008777
       16805000	      1679	800056f4	00000013	addi	x0,x0,0	  x0:0x00000000
       16815000	      1680	800056f8	f7c51eb7	lui	x29,0xf7c51	 x29=0xf7c51000
       16825000	      1681	800056fc	3ac03b13	sltiu	x22,x0,940	  x0:0x00000000 x22=0x00000001
       16835000	      1682	80005700	74e381b7	lui	x3,0x74e38	  x3=0x74e38000
       16845000	      1683	80005704	fe3128a3	sw	x3,-15(x2)	  x2:0x80008783  x3:0x74e38000 PA:0x80008774
       16855000	      1684	80005708	01010423	sb	x16,8(x2)	  x2:0x80008783 x16:0x00000000 PA:0x8000878b
       16865000	      1685	8000570c	ffa10c03	lb	x24,-6(x2)	  x2:0x80008783 x24=0x00000045 PA:0x8000877d
       16875000	      1686	00000000	00000013	addi	x0,x0,0	  x0:0x00000000
       16885000	      1687	80005710	d6bc3d17	auipc	x26,0xd6bc3	 x26=0x56bc870c
       16895000	      1688	80005714	a5acf213	andi	x4,x25,-1446	 x25:0xffffffff  x4=0xfffffa5a
       16905000	      1689	80005718	01f7b933	sltu	x18,x15,x31	 x15:0xfffffff7 x31:0xff800000 x18=0x00000000
       16915000	      1690	8000571c	ff710f03	lb	x30,-9(x2)	  x2:0x80008783 x30=0xffffffde PA:0x8000877a
       16925000	      1691	80005720	015ae7b3	or	x15,x21,x21	 x21:0x80009fc4 x21:0x80009fc4 x15=0x80009fc4
       16935000	      1692	80005724	008915b3	sll	x11,x18,x8	 x18:0x00000000  x8:0xc8000000 x11=0x00000000
       16945000	      1693	80005728	00105b93	srli	x23,x0,0x1	  x0:0x00000000 x23=0x00000000
       16955000	      1694	8000572c	00cf8fb3	add	x31,x31,x12	 x31:0xff800000 x12:0x00000001 x31=0xff800001
       16965000	      1695	80005730	402c0b33	sub	x22,x24,x2	 x24:0x00000045  x2:0x80008783 x22=0x7fff78c2
       16975000	      1696	80005734	41e35fb3	sra	x31,x6,x30	  x6:0x0000006d x30:0xffffffde x31=0x00000000
       16985000	      1697	80005738	01a30533	add	x10,x6,x26	  x6:0x0000006d x26:0x56bc870c x10=0x56bc8779
       16995000	      1698	8000573c	0e528093	addi	x1,x5,229	  x5:0x00000030  x1=0x00000115
       17005000	      1699	80005740	0171edb3	or	x27,x3,x23	  x3:0x74e38000 x23:0x00000000 x27=0x74e38000
       17015000	      1700	80005744	02195263	bge	x18,x1,80005768	 x18:0x00000000  x1:0x00000115
       17025000	      1701	80005748	00db1513	slli	x10,x22,0xd	 x22:0x7fff78c2 x10=0xef184000
       17035000	      1702	8000574c	00efb233	sltu	x4,x31,x14	 x31:0x00000000 x14:0x80009f50  x4=0x00000001
       17045000	      1703	80005750	0054c933	xor	x18,x9,x5	  x9:0x000004c6  x5:0x00000030 x18=0x000004f6
       17055000	      1704	80005754	c82b1517	auipc	x10,0xc82b1	 x10=0x482b6750
       17065000	      1705	80005758	00a5c233	xor	x4,x11,x10	 x11:0x00000000 x10:0x482b6750  x4=0x482b6750
       17075000	      1706	8000575c	00dfc833	xor	x16,x31,x13	 x31:0x00000000 x13:0xfffffff0 x16=0xfffffff0
       17085000	      1707	80005760	05755863	bge	x10,x23,800057b0	 x10:0x482b6750 x23:0x00000000
       17095000	      1708	00000000	00000013	addi	x0,x0,0	  x0:0x00000000
       17105000	      1709	800057ac	00000013	addi	x0,x0,0	  x0:0x00000000
       17115000	      1710	800057b0	00e92a33	slt	x20,x18,x14	 x18:0x000004f6 x14:0x80009f50 x20=0x00000000
       17125000	      1711	800057b4	00e708b3	add	x17,x14,x14	 x14:0x80009f50 x14:0x80009f50 x17=0x00013ea0
       17135000	      1712	800057b8	029a0a63	beq	x20,x9,800057ec	 x20:0x00000000  x9:0x000004c6
       17145000	      1713	800057bc	01d88f33	add	x30,x17,x29	 x17:0x00013ea0 x29:0xf7c51000 x30=0xf7c64ea0
       17155000	      1714	800057c0	00011fb3	sll	x31,x2,x0	  x2:0x80008783  x0:0x00000000 x31=0x80008783
       17165000	      1715	800057c4	01941033	sll	x0,x8,x25	  x8:0xc8000000 x25:0xffffffff
       17175000	      1716	800057c8	03908c63	beq	x1,x25,80005800	  x1:0x00000115 x25:0xffffffff
       17185000	      1717	800057cc	015053b3	srl	x7,x0,x21	  x0:0x00000000 x21:0x80009fc4  x7=0x00000000
       17195000	      1718	800057d0	0108d133	srl	x2,x17,x16	 x17:0x00013ea0 x16:0xfffffff0  x2=0x00000001
       17205000	      1719	800057d4	00125213	srli	x4,x4,0x1	  x4:0x482b6750  x4=0x2415b3a8
       17215000	      1720	800057d8	0045f333	and	x6,x11,x4	 x11:0x00000000  x4:0x2415b3a8  x6=0x00000000
       17225000	      1721	800057dc	ed302693	slti	x13,x0,-301	  x0:0x00000000 x13=0x00000000
       17235000	      1722	800057e0	00c7da33	srl	x20,x15,x12	 x15:0x80009fc4 x12:0x00000001 x20=0x40004fe2
       17245000	      1723	800057e4	00ba5813	srli	x16,x20,0xb	 x20:0x40004fe2 x16=0x00080009
       17255000	      1724	800057e8	000ecc63	blt	x29,x0,80005800	 x29:0xf7c51000  x0:0x00000000
       17265000	      1725	00000000	00000013	addi	x0,x0,0	  x0:0x00000000
       17275000	      1726	800057fc	00000013	addi	x0,x0,0	  x0:0x00000000
       17285000	      1727	80005800	f528e013	ori	x0,x17,-174	 x17:0x00013ea0
       17295000	      1728	80005804	39fb2e17	auipc	x28,0x39fb2	 x28=0xb9fb7800
       17305000	      1729	80005808	e0a8f097	auipc	x1,0xe0a8f	  x1=0x60a94804
       17315000	      1730	8000580c	01c95493	srli	x9,x18,0x1c	 x18:0x000004f6  x9=0x00000000
       17325000	      1731	80005810	1d86c613	xori	x12,x13,472	 x13:0x00000000 x12=0x000001d8
       17335000	      1732	80005814	41c00833	sub	x16,x0,x28	  x0:0x00000000 x28:0xb9fb7800 x16=0x46048800
       17345000	      1733	80005818	b00c5eb7	lui	x29,0xb00c5	 x29=0xb00c5000
       17355000	      1734	8000581c	018b6c33	or	x24,x22,x24	 x22:0x7fff78c2 x24:0x00000045 x24=0x7fff78c7
       17365000	      1735	80005820	01b8c4b3	xor	x9,x17,x27	 x17:0x00013ea0 x27:0x74e38000  x9=0x74e2bea0
       17375000	      1736	80005824	401ddc13	srai	x24,x27,0x1	 x27:0x74e38000 x24=0x3a71c000
       17385000	      1737	80005828	4010da13	srai	x20,x1,0x1	  x1:0x60a94804 x20=0x3054a402
       17395000	      1738	8000582c	01687263	bgeu	x16,x22,80005830	 x16:0x46048800 x22:0x7fff78c2
       17405000	      1739	80005830	01c6b2b3	sltu	x5,x13,x28	 x13:0x00000000 x28:0xb9fb7800  x5=0x00000001
       17415000	      1740	80005834	01cd7633	and	x12,x26,x28	 x26:0x56bc870c x28:0xb9fb7800 x12=0x10b80000
       17425000	      1741	80005838	40b5db93	srai	x23,x11,0xb	 x11:0x00000000 x23=0x00000000
       17435000	      1742	8000583c	019c70b3	and	x1,x24,x25	 x24:0x3a71c000 x25:0xffffffff  x1=0x3a71c000
       17445000	      1743	80005840	00003f97	auipc	x31,0x3	 x31=0x8000883c
       17455000	      1744	80005844	667f8f93	addi	x31,x31,1639	 x31:0x8000883c x31=0x80008ea3
       17465000	      1745	80005848	335290b7	lui	x1,0x33529	  x1=0x33529000
       17475000	      1746	8000584c	01cf8283	lb	x5,28(x31)	 x31:0x80008ea3  x5=0xffffffe5 PA:0x80008ebf
       17485000	      1747	00000000	00000013	addi	x0,x0,0	  x0:0x00000000
       17495000	      1748	80005850	fe5fd203	lhu	x4,-27(x31)	 x31:0x80008ea3  x4=0x00000381 PA:0x80008e88
       17505000	      1749	80005854	bbb80613	addi	x12,x16,-1093	 x16:0x46048800 x12=0x460483bb
       17515000	      1750	80005858	024f98a3	sh	x4,49(x31)	 x31:0x80008ea3  x4:0x00000381 PA:0x80008ed4
       17525000	      1751	8000585c	7808eb93	ori	x23,x17,1920	 x17:0x00013ea0 x23=0x00013fa0
       17535000	      1752	80005860	17933c93	sltiu	x25,x6,377	  x6:0x00000000 x25=0x00000001
       17545000	      1753	80005864	ad2c3813	sltiu	x16,x24,-1326	 x24:0x3a71c000 x16=0x00000001
       17555000	      1754	80005868	00cad5b3	srl	x11,x21,x12	 x21:0x80009fc4 x12:0x460483bb x11=0x00000010
       17565000	      1755	8000586c	40f105b3	sub	x11,x2,x15	  x2:0x00000001 x15:0x80009fc4 x11=0x7fff603d
       17575000	      1756	80005870	016bb4b3	sltu	x9,x23,x22	 x23:0x00013fa0 x22:0x7fff78c2  x9=0x00000001
       17585000	      1757	80005874	fe4f97a3	sh	x4,-17(x31)	 x31:0x80008ea3  x4:0x00000381 PA:0x80008e92
       17595000	      1758	80005878	ac886913	ori	x18,x16,-1336	 x16:0x00000001 x18=0xfffffac9
       17605000	      1759	8000587c	ff6f93a3	sh	x22,-25(x31)	 x31:0x80008ea3 x22:0x7fff78c2 PA:0x80008e8a
       17615000	      1760	80005880	02efc603	lbu	x12,46(x31)	 x31:0x80008ea3 x12=0x00000020 PA:0x80008ed1
       17625000	      1761	80005884	014dfb33	and	x22,x27,x20	 x27:0x74e38000 x20:0x3054a402 x22=0x30408000
       17635000	      1762	80005888	01b6beb3	sltu	x29,x13,x27	 x13:0x00000000 x27:0x74e38000 x29=0x00000001
       17645000	      1763	8000588c	01c41113	slli	x2,x8,0x1c	  x8:0xc8000000  x2=0x00000000
       17655000	      1764	80005890	5c282c13	slti	x24,x16,1474	 x16:0x00000001 x24=0x00000001
       17665000	      1765	80005894	01af8033	add	x0,x31,x26	 x31:0x80008ea3 x26:0x56bc870c
       17675000	      1766	80005898	ff9f8a03	lb	x20,-7(x31)	 x31:0x80008ea3 x20=0xffffffd8 PA:0x80008e9c
       17685000	      1767	8000589c	6024a097	auipc	x1,0x6024a	  x1=0xe024f898
       17695000	      1768	800058a0	41ff8b33	sub	x22,x31,x31	 x31:0x80008ea3 x31:0x80008ea3 x22=0x00000000
       17705000	      1769	800058a4	01bfc783	lbu	x15,27(x31)	 x31:0x80008ea3 x15=0x00000081 PA:0x80008ebe
       17715000	      1770	800058a8	ffff9903	lh	x18,-1(x31)	 x31:0x80008ea3 x18=0x00002e56 PA:0x80008ea2
       17725000	      1771	800058ac	01159f13	slli	x30,x11,0x11	 x11:0x7fff603d x30=0xc07a0000
       17735000	      1772	800058b0	01d4fb33	and	x22,x9,x29	  x9:0x00000001 x29:0x00000001 x22=0x00000001
       17745000	      1773	800058b4	00b68db3	add	x27,x13,x11	 x13:0x00000000 x11:0x7fff603d x27=0x7fff603d
       17755000	      1774	800058b8	022f8623	sb	x2,44(x31)	 x31:0x80008ea3  x2:0x00000000 PA:0x80008ecf
       17765000	      1775	800058bc	fdff9603	lh	x12,-33(x31)	 x31:0x80008ea3 x12=0xfffff6a6 PA:0x80008e82
       17775000	      1776	800058c0	030fc783	lbu	x15,48(x31)	 x31:0x80008ea3 x15=0x00000061 PA:0x80008ed3
       17785000	      1777	800058c4	01433eb3	sltu	x29,x6,x20	  x6:0x00000000 x20:0xffffffd8 x29=0x00000001
       17795000	      1778	800058c8	0150ce33	xor	x28,x1,x21	  x1:0xe024f898 x21:0x80009fc4 x28=0x6024675c
       17805000	      1779	800058cc	00cb7133	and	x2,x22,x12	 x22:0x00000001 x12:0xfffff6a6  x2=0x00000000
       17815000	      1780	800058d0	00000013	addi	x0,x0,0	  x0:0x00000000
       17825000	      1781	800058d4	00311b93	slli	x23,x2,0x3	  x2:0x00000000 x23=0x00000000
       17835000	      1782	800058d8	0959e813	ori	x16,x19,149	 x19:0x00000000 x16=0x00000095
       17845000	      1783	800058dc	40a586b3	sub	x13,x11,x10	 x11:0x7fff603d x10:0x482b6750 x13=0x37d3f8ed
       17855000	      1784	800058e0	40028033	sub	x0,x5,x0	  x5:0xffffffe5  x0:0x00000000
       17865000	      1785	800058e4	f4573a13	sltiu	x20,x14,-187	 x14:0x80009f50 x20=0x00000001
       17875000	      1786	800058e8	01973333	sltu	x6,x14,x25	 x14:0x80009f50 x25:0x00000001  x6=0x00000000
       17885000	      1787	800058ec	44f8f193	andi	x3,x17,1103	 x17:0x00013ea0  x3=0x00000400
       17895000	      1788	800058f0	008cc433	xor	x8,x25,x8	 x25:0x00000001  x8:0xc8000000  x8=0xc8000001
       17905000	      1789	800058f4	7501c293	xori	x5,x3,1872	  x3:0x00000400  x5=0x00000350
       17915000	      1790	800058f8	b2bed797	auipc	x15,0xb2bed	 x15=0x32bf28f4
       17925000	      1791	800058fc	00b90fb3	add	x31,x18,x11	 x18:0x00002e56 x11:0x7fff603d x31=0x7fff8e93
       17935000	      1792	80005900	41c30533	sub	x10,x6,x28	  x6:0x00000000 x28:0x6024675c x10=0x9fdb98a4
       17945000	      1793	80005904	017f33b3	sltu	x7,x30,x23	 x30:0xc07a0000 x23:0x00000000  x7=0x00000000
       17955000	      1794	80005908	594e6e93	ori	x29,x28,1428	 x28:0x6024675c x29=0x602467dc
       17965000	      1795	8000590c	35b0f913	andi	x18,x1,859	  x1:0xe024f898 x18=0x00000018
       17975000	      1796	80005910	01201813	slli	x16,x0,0x12	  x0:0x00000000 x16=0x00000000
       17985000	      1797	80005914	03dff463	bgeu	x31,x29,8000593c	 x31:0x7fff8e93 x29:0x602467dc
       17995000	      1798	00000000	00000013	addi	x0,x0,0	  x0:0x00000000
       18005000	      1799	80005938	00000013	addi	x0,x0,0	  x0:0x00000000
       18015000	      1800	8000593c	02f59263	bne	x11,x15,80005960	 x11:0x7fff603d x15:0x32bf28f4
       18025000	      1801	00000000	00000013	addi	x0,x0,0	  x0:0x00000000
       18035000	      1802	8000595c	00000013	addi	x0,x0,0	  x0:0x00000000
       18045000	      1803	80005960	24390593	addi	x11,x18,579	 x18:0x00000018 x11=0x0000025b
       18055000	      1804	80005964	005ebd33	sltu	x26,x29,x5	 x29:0x602467dc  x5:0x00000350 x26=0x00000000
       18065000	      1805	80005968	04335463	bge	x6,x3,800059b0	  x6:0x00000000  x3:0x00000400
       18075000	      1806	8000596c	01eb8fb3	add	x31,x23,x30	 x23:0x00000000 x30:0xc07a0000 x31=0xc07a0000
       18085000	      1807	80005970	4073d033	sra	x0,x7,x7	  x7:0x00000000  x7:0x00000000
       18095000	      1808	80005974	00b59413	slli	x8,x11,0xb	 x11:0x0000025b  x8=0x0012d800
       18105000	      1809	80005978	af456f13	ori	x30,x10,-1292	 x10:0x9fdb98a4 x30=0xfffffaf4
       18115000	      1810	8000597c	01ade333	or	x6,x27,x26	 x27:0x7fff603d x26:0x00000000  x6=0x7fff603d
       18125000	      1811	80005980	41920833	sub	x16,x4,x25	  x4:0x00000381 x25:0x00000001 x16=0x00000380
       18135000	      1812	80005984	d7c53313	sltiu	x6,x10,-644	 x10:0x9fdb98a4  x6=0x00000001
       18145000	      1813	80005988	1a9a7493	andi	x9,x20,425	 x20:0x00000001  x9=0x00000001
       18155000	      1814	8000598c	04380063	beq	x16,x3,800059cc	 x16:0x00000380  x3:0x00000400
       18165000	      1815	80005990	41735bb3	sra	x23,x6,x23	  x6:0x00000001 x23:0x00000000 x23=0x00000001
       18175000	      1816	80005994	03fc6263	bltu	x24,x31,800059b8	 x24:0x00000001 x31:0xc07a0000
       18185000	      1817	00000000	00000013	addi	x0,x0,0	  x0:0x00000000
       18195000	      1818	800059b4	00000013	addi	x0,x0,0	  x0:0x00000000
       18205000	      1819	800059b8	414e85b3	sub	x11,x29,x20	 x29:0x602467dc x20:0x00000001 x11=0x602467db
       18215000	      1820	800059bc	411ad1b3	sra	x3,x21,x17	 x21:0x80009fc4 x17:0x00013ea0  x3=0x80009fc4
       18225000	      1821	800059c0	00179263	bne	x15,x1,800059c4	 x15:0x32bf28f4  x1:0xe024f898
       18235000	      1822	00000000	00000013	addi	x0,x0,0	  x0:0x00000000
       18245000	      1823	800059c0	00000013	addi	x0,x0,0	  x0:0x00000000
       18255000	      1824	800059c4	018c8413	addi	x8,x25,24	 x25:0x00000001  x8=0x00000019
       18265000	      1825	800059c8	01bb5e63	bge	x22,x27,800059e4	 x22:0x00000001 x27:0x7fff603d
       18275000	      1826	800059cc	01dbd613	srli	x12,x23,0x1d	 x23:0x00000001 x12=0x00000000
       18285000	      1827	800059d0	c44d0f13	addi	x30,x26,-956	 x26:0x00000000 x30=0xfffffc44
       18295000	      1828	800059d4	03fc8e63	beq	x25,x31,80005a10	 x25:0x00000001 x31:0xc07a0000
       18305000	      1829	800059d8	78403693	sltiu	x13,x0,1924	  x0:0x00000000 x13=0x00000001
       18315000	      1830	800059dc	00e68c63	beq	x13,x14,800059f4	 x13:0x00000001 x14:0x80009f50
       18325000	      1831	800059e0	01f81593	slli	x11,x16,0x1f	 x16:0x00000380 x11=0x00000000
       18335000	      1832	800059e4	00482833	slt	x16,x16,x4	 x16:0x00000380  x4:0x00000381 x16=0x00000001
       18345000	      1833	800059e8	00adf1b3	and	x3,x27,x10	 x27:0x7fff603d x10:0x9fdb98a4  x3=0x1fdb0024
       18355000	      1834	800059ec	04499863	bne	x19,x4,80005a3c	 x19:0x00000000  x4:0x00000381
       18365000	      1835	00000000	00000013	addi	x0,x0,0	  x0:0x00000000
       18375000	      1836	80005a38	00000013	addi	x0,x0,0	  x0:0x00000000
       18385000	      1837	80005a3c	40f284b3	sub	x9,x5,x15	  x5:0x00000350 x15:0x32bf28f4  x9=0xcd40da5c
       18395000	      1838	80005a40	b3e6e793	ori	x15,x13,-1218	 x13:0x00000001 x15=0xfffffb3f
       18405000	      1839	80005a44	016b0cb3	add	x25,x22,x22	 x22:0x00000001 x22:0x00000001 x25=0x00000002
       18415000	      1840	80005a48	02cf6463	bltu	x30,x12,80005a70	 x30:0xfffffc44 x12:0x00000000
       18425000	      1841	80005a4c	00331eb3	sll	x29,x6,x3	  x6:0x00000001  x3:0x1fdb0024 x29=0x00000010
       18435000	      1842	80005a50	001bf863	bgeu	x23,x1,80005a60	 x23:0x00000001  x1:0xe024f898
       18445000	      1843	80005a54	02c84263	blt	x16,x12,80005a78	 x16:0x00000001 x12:0x00000000
       18455000	      1844	80005a58	026f7263	bgeu	x30,x6,80005a7c	 x30:0xfffffc44  x6:0x00000001
       18465000	      1845	00000000	00000013	addi	x0,x0,0	  x0:0x00000000
       18475000	      1846	80005a78	00000013	addi	x0,x0,0	  x0:0x00000000
       18485000	      1847	80005a7c	01e334b3	sltu	x9,x6,x30	  x6:0x00000001 x30:0xfffffc44  x9=0x00000001
       18495000	      1848	80005a80	0482f263	bgeu	x5,x8,80005ac4	  x5:0x00000350  x8:0x00000019
       18505000	      1849	00000000	00000013	addi	x0,x0,0	  x0:0x00000000
       18515000	      1850	80005ac0	00000013	addi	x0,x0,0	  x0:0x00000000
       18525000	      1851	80005ac4	00ed32b3	sltu	x5,x26,x14	 x26:0x00000000 x14:0x80009f50  x5=0x00000001
       18535000	      1852	80005ac8	047f9063	bne	x31,x7,80005b08	 x31:0xc07a0000  x7:0x00000000
       18545000	      1853	00000000	00000013	addi	x0,x0,0	  x0:0x00000000
       18555000	      1854	80005b04	00000013	addi	x0,x0,0	  x0:0x00000000
       18565000	      1855	80005b08	01a5c3b3	xor	x7,x11,x26	 x11:0x00000000 x26:0x00000000  x7=0x00000000
       18575000	      1856	80005b0c	61c9b093	sltiu	x1,x19,1564	 x19:0x00000000  x1=0x00000001
       18585000	      1857	80005b10	04877463	bgeu	x14,x8,80005b58	 x14:0x80009f50  x8:0x00000019
       18595000	      1858	00000000	00000013	addi	x0,x0,0	  x0:0x00000000
       18605000	      1859	80005b54	00000013	addi	x0,x0,0	  x0:0x00000000
       18615000	      1860	80005b58	41698933	sub	x18,x19,x22	 x19:0x00000000 x22:0x00000001 x18=0xffffffff
       18625000	      1861	80005b5c	010d9293	slli	x5,x27,0x10	 x27:0x7fff603d  x5=0x603d0000
       18635000	      1862	80005b60	00c85b33	srl	x22,x16,x12	 x16:0x00000001 x12:0x00000000 x22=0x00000001
       18645000	      1863	80005b64	39741897	auipc	x17,0x39741	 x17=0xb9746b60
       18655000	      1864	80005b68	051c7663	bgeu	x24,x17,80005bb4	 x24:0x00000001 x17:0xb9746b60
       18665000	      1865	80005b6c	85056e93	ori	x29,x10,-1968	 x10:0x9fdb98a4 x29=0xfffff8f4
       18675000	      1866	80005b70	4148d213	srai	x4,x17,0x14	 x17:0xb9746b60  x4=0xfffffb97
       18685000	      1867	80005b74	01ed36b3	sltu	x13,x26,x30	 x26:0x00000000 x30:0xfffffc44 x13=0x00000001
       18695000	      1868	80005b78	00d84db3	xor	x27,x16,x13	 x16:0x00000001 x13:0x00000001 x27=0x00000000
       18705000	      1869	80005b7c	40f55313	srai	x6,x10,0xf	 x10:0x9fdb98a4  x6=0xffff3fb7
       18715000	      1870	80005b80	0086e533	or	x10,x13,x8	 x13:0x00000001  x8:0x00000019 x10=0x00000019
       18725000	      1871	80005b84	00feb933	sltu	x18,x29,x15	 x29:0xfffff8f4 x15:0xfffffb3f x18=0x00000001
       18735000	      1872	80005b88	00b0db93	srli	x23,x1,0xb	  x1:0x00000001 x23=0x00000000
       18745000	      1873	80005b8c	405bd113	srai	x2,x23,0x5	 x23:0x00000000  x2=0x00000000
       18755000	      1874	80005b90	01ac7833	and	x16,x24,x26	 x24:0x00000001 x26:0x00000000 x16=0x00000000
       18765000	      1875	80005b94	00bc28b3	slt	x17,x24,x11	 x24:0x00000001 x11:0x00000000 x17=0x00000000
       18775000	      1876	80005b98	8a727d93	andi	x27,x4,-1881	  x4:0xfffffb97 x27=0xfffff887
       18785000	      1877	80005b9c	009b9c13	slli	x24,x23,0x9	 x23:0x00000000 x24=0x00000000
       18795000	      1878	80005ba0	ed03d597	auipc	x11,0xed03d	 x11=0x6d042b9c
       18805000	      1879	80005ba4	41bbd313	srai	x6,x23,0x1b	 x23:0x00000000  x6=0x00000000
       18815000	      1880	80005ba8	01091d13	slli	x26,x18,0x10	 x18:0x00000001 x26=0x00010000
       18825000	      1881	80005bac	0102d263	bge	x5,x16,80005bb0	  x5:0x603d0000 x16:0x00000000
       18835000	      1882	00000000	00000013	addi	x0,x0,0	  x0:0x00000000
       18845000	      1883	80005bac	00000013	addi	x0,x0,0	  x0:0x00000000
       18855000	      1884	80005bb0	41905b93	srai	x23,x0,0x19	  x0:0x00000000 x23=0x00000000
       18865000	      1885	80005bb4	00c4acb3	slt	x25,x9,x12	  x9:0x00000001 x12:0x00000000 x25=0x00000000
       18875000	      1886	80005bb8	25704313	xori	x6,x0,599	  x0:0x00000000  x6=0x00000257
       18885000	      1887	80005bbc	40905c93	srai	x25,x0,0x9	  x0:0x00000000 x25=0x00000000
       18895000	      1888	80005bc0	3edda413	slti	x8,x27,1005	 x27:0xfffff887  x8=0x00000001
       18905000	      1889	80005bc4	010f5b13	srli	x22,x30,0x10	 x30:0xfffffc44 x22=0x0000ffff
       18915000	      1890	80005bc8	02dcf063	bgeu	x25,x13,80005be8	 x25:0x00000000 x13:0x00000001
       18925000	      1891	80005bcc	00000013	addi	x0,x0,0	  x0:0x00000000
       18935000	      1892	80005bd0	fd22ac97	auipc	x25,0xfd22a	 x25=0x7d22fbcc
       18945000	      1893	80005bd4	41d55113	srai	x2,x10,0x1d	 x10:0x00000019  x2=0x00000000
       18955000	      1894	80005bd8	03394463	blt	x18,x19,80005c00	 x18:0x00000001 x19:0x00000000
       18965000	      1895	80005bdc	0486e863	bltu	x13,x8,80005c2c	 x13:0x00000001  x8:0x00000001
       18975000	      1896	80005be0	031a4a63	blt	x20,x17,80005c14	 x20:0x00000001 x17:0x00000000
       18985000	      1897	80005be4	40278fb3	sub	x31,x15,x2	 x15:0xfffffb3f  x2:0x00000000 x31=0xfffffb3f
       18995000	      1898	80005be8	0064b6b3	sltu	x13,x9,x6	  x9:0x00000001  x6:0x00000257 x13=0x00000001
       19005000	      1899	80005bec	00000013	addi	x0,x0,0	  x0:0x00000000
       19015000	      1900	80005bf0	03691463	bne	x18,x22,80005c18	 x18:0x00000001 x22:0x0000ffff
       19025000	      1901	00000000	00000013	addi	x0,x0,0	  x0:0x00000000
       19035000	      1902	80005c14	00000013	addi	x0,x0,0	  x0:0x00000000
       19045000	      1903	80005c18	0088f033	and	x0,x17,x8	 x17:0x00000000  x8:0x00000001
       19055000	      1904	80005c1c	99b82b93	slti	x23,x16,-1637	 x16:0x00000000 x23=0x00000000
       19065000	      1905	80005c20	ced3ba13	sltiu	x20,x7,-787	  x7:0x00000000 x20=0x00000001
       19075000	      1906	80005c24	41a6dc33	sra	x24,x13,x26	 x13:0x00000001 x26:0x00010000 x24=0x00000001
       19085000	      1907	80005c28	010e5493	srli	x9,x28,0x10	 x28:0x6024675c  x9=0x00006024
       19095000	      1908	80005c2c	003b7863	bgeu	x22,x3,80005c3c	 x22:0x0000ffff  x3:0x1fdb0024
       19105000	      1909	80005c30	050d9063	bne	x27,x16,80005c70	 x27:0xfffff887 x16:0x00000000
       19115000	      1910	00000000	00000013	addi	x0,x0,0	  x0:0x00000000
       19125000	      1911	80005c6c	00000013	addi	x0,x0,0	  x0:0x00000000
       19135000	      1912	80005c70	022b5263	bge	x22,x2,80005c94	 x22:0x0000ffff  x2:0x00000000
       19145000	      1913	00000000	00000013	addi	x0,x0,0	  x0:0x00000000
       19155000	      1914	80005c90	00000013	addi	x0,x0,0	  x0:0x00000000
       19165000	      1915	80005c94	021d8863	beq	x27,x1,80005cc4	 x27:0xfffff887  x1:0x00000001
       19175000	      1916	80005c98	01c247b3	xor	x15,x4,x28	  x4:0xfffffb97 x28:0x6024675c x15=0x9fdb9ccb
       19185000	      1917	80005c9c	41cb5f33	sra	x30,x22,x28	 x22:0x0000ffff x28:0x6024675c x30=0x00000000
       19195000	      1918	80005ca0	01db4a63	blt	x22,x29,80005cb4	 x22:0x0000ffff x29:0xfffff8f4
       19205000	      1919	80005ca4	01479c13	slli	x24,x15,0x14	 x15:0x9fdb9ccb x24=0xccb00000
       19215000	      1920	80005ca8	056d5863	bge	x26,x22,80005cf8	 x26:0x00010000 x22:0x0000ffff
       19225000	      1921	00000000	00000013	addi	x0,x0,0	  x0:0x00000000
       19235000	      1922	80005cf4	00000013	addi	x0,x0,0	  x0:0x00000000
       19245000	      1923	80005cf8	00df8eb3	add	x29,x31,x13	 x31:0xfffffb3f x13:0x00000001 x29=0xfffffb40
       19255000	      1924	80005cfc	40cf0f33	sub	x30,x30,x12	 x30:0x00000000 x12:0x00000000 x30=0x00000000
       19265000	      1925	80005d00	8c3b4693	xori	x13,x22,-1853	 x22:0x0000ffff x13=0xffff073c
       19275000	      1926	80005d04	80b9b793	sltiu	x15,x19,-2037	 x19:0x00000000 x15=0x00000001
       19285000	      1927	80005d08	15863e93	sltiu	x29,x12,344	 x12:0x00000000 x29=0x00000001
       19295000	      1928	80005d0c	01675833	srl	x16,x14,x22	 x14:0x80009f50 x22:0x0000ffff x16=0x00000001
       19305000	      1929	80005d10	018fdf93	srli	x31,x31,0x18	 x31:0xfffffb3f x31=0x000000ff
       19315000	      1930	80005d14	b37d8813	addi	x16,x27,-1225	 x27:0xfffff887 x16=0xfffff3be
       19325000	      1931	80005d18	0174f863	bgeu	x9,x23,80005d28	  x9:0x00006024 x23:0x00000000
       19335000	      1932	00000000	00000013	addi	x0,x0,0	  x0:0x00000000
       19345000	      1933	80005d24	00000013	addi	x0,x0,0	  x0:0x00000000
       19355000	      1934	80005d28	41f50133	sub	x2,x10,x31	 x10:0x00000019 x31:0x000000ff  x2=0xffffff1a
       19365000	      1935	80005d2c	017dd893	srli	x17,x27,0x17	 x27:0xfffff887 x17=0x000001ff
       19375000	      1936	80005d30	7dc24c17	auipc	x24,0x7dc24	 x24=0xfdc29d2c
       19385000	      1937	80005d34	87ed4693	xori	x13,x26,-1922	 x26:0x00010000 x13=0xfffef87e
       19395000	      1938	80005d38	03a5c263	blt	x11,x26,80005d5c	 x11:0x6d042b9c x26:0x00010000
       19405000	      1939	80005d3c	f91b0493	addi	x9,x22,-111	 x22:0x0000ffff  x9=0x0000ff90
       19415000	      1940	80005d40	01802533	slt	x10,x0,x24	  x0:0x00000000 x24:0xfdc29d2c x10=0x00000000
       19425000	      1941	80005d44	00691113	slli	x2,x18,0x6	 x18:0x00000001  x2=0x00000040
       19435000	      1942	80005d48	30747393	andi	x7,x8,775	  x8:0x00000001  x7=0x00000001
       19445000	      1943	80005d4c	409e5793	srai	x15,x28,0x9	 x28:0x6024675c x15=0x00301233
       19455000	      1944	80005d50	418e07b3	sub	x15,x28,x24	 x28:0x6024675c x24:0xfdc29d2c x15=0x6261ca30
       19465000	      1945	80005d54	5606b513	sltiu	x10,x13,1376	 x13:0xfffef87e x10=0x00000000
       19475000	      1946	80005d58	01250263	beq	x10,x18,80005d5c	 x10:0x00000000 x18:0x00000001
       19485000	      1947	80005d5c	059f1063	bne	x30,x25,80005d9c	 x30:0x00000000 x25:0x7d22fbcc
       19495000	      1948	00000000	00000013	addi	x0,x0,0	  x0:0x00000000
       19505000	      1949	80005d98	00000013	addi	x0,x0,0	  x0:0x00000000
       19515000	      1950	80005d9c	00c4f433	and	x8,x9,x12	  x9:0x0000ff90 x12:0x00000000  x8=0x00000000
       19525000	      1951	80005da0	0413e663	bltu	x7,x1,80005dec	  x7:0x00000001  x1:0x00000001
       19535000	      1952	80005da4	00608633	add	x12,x1,x6	  x1:0x00000001  x6:0x00000257 x12=0x00000258
       19545000	      1953	80005da8	000157b3	srl	x15,x2,x0	  x2:0x00000040  x0:0x00000000 x15=0x00000040
       19555000	      1954	80005dac	00aa1613	slli	x12,x20,0xa	 x20:0x00000001 x12=0x00000400
       19565000	      1955	80005db0	00000013	addi	x0,x0,0	  x0:0x00000000
       19575000	      1956	80005db4	01ea86b3	add	x13,x21,x30	 x21:0x80009fc4 x30:0x00000000 x13=0x80009fc4
       19585000	      1957	80005db8	002d0cb3	add	x25,x26,x2	 x26:0x00010000  x2:0x00000040 x25=0x00010040
       19595000	      1958	80005dbc	01dae933	or	x18,x21,x29	 x21:0x80009fc4 x29:0x00000001 x18=0x80009fc5
       19605000	      1959	80005dc0	00695093	srli	x1,x18,0x6	 x18:0x80009fc5  x1=0x0200027f
       19615000	      1960	80005dc4	003e3b33	sltu	x22,x28,x3	 x28:0x6024675c  x3:0x1fdb0024 x22=0x00000000
       19625000	      1961	80005dc8	00000013	addi	x0,x0,0	  x0:0x00000000
       19635000	      1962	80005dcc	00235633	srl	x12,x6,x2	  x6:0x00000257  x2:0x00000040 x12=0x00000257
       19645000	      1963	80005dd0	befeff13	andi	x30,x29,-1041	 x29:0x00000001 x30=0x00000001
       19655000	      1964	80005dd4	01252033	slt	x0,x10,x18	 x10:0x00000000 x18:0x80009fc5
       19665000	      1965	80005dd8	01985313	srli	x6,x16,0x19	 x16:0xfffff3be  x6=0x0000007f
       19675000	      1966	80005ddc	01ce9d13	slli	x26,x29,0x1c	 x29:0x00000001 x26=0x10000000
       19685000	      1967	80005de0	0053eeb3	or	x29,x7,x5	  x7:0x00000001  x5:0x603d0000 x29=0x603d0001
       19695000	      1968	80005de4	e9e5cf93	xori	x31,x11,-354	 x11:0x6d042b9c x31=0x92fbd502
       19705000	      1969	80005de8	01ca6e33	or	x28,x20,x28	 x20:0x00000001 x28:0x6024675c x28=0x6024675d
       19715000	      1970	80005dec	418704b3	sub	x9,x14,x24	 x14:0x80009f50 x24:0xfdc29d2c  x9=0x823e0224
       19725000	      1971	80005df0	00000013	addi	x0,x0,0	  x0:0x00000000
       19735000	      1972	80005df4	05027463	bgeu	x4,x16,80005e3c	  x4:0xfffffb97 x16:0xfffff3be
       19745000	      1973	00000000	00000013	addi	x0,x0,0	  x0:0x00000000
       19755000	      1974	80005e38	00000013	addi	x0,x0,0	  x0:0x00000000
       19765000	      1975	80005e3c	1f2aa113	slti	x2,x21,498	 x21:0x80009fc4  x2=0x00000001
       19775000	      1976	80005e40	41dcd793	srai	x15,x25,0x1d	 x25:0x00010040 x15=0x00000000
       19785000	      1977	80005e44	04384463	blt	x16,x3,80005e8c	 x16:0xfffff3be  x3:0x1fdb0024
       19795000	      1978	00000000	00000013	addi	x0,x0,0	  x0:0x00000000
       19805000	      1979	80005e88	00000013	addi	x0,x0,0	  x0:0x00000000
       19815000	      1980	80005e8c	00000013	addi	x0,x0,0	  x0:0x00000000
       19825000	      1981	80005e90	02cbfa63	bgeu	x23,x12,80005ec4	 x23:0x00000000 x12:0x00000257
       19835000	      1982	80005e94	40eb5d93	srai	x27,x22,0xe	 x22:0x00000000 x27=0x00000000
       19845000	      1983	80005e98	40975c33	sra	x24,x14,x9	 x14:0x80009f50  x9:0x823e0224 x24=0xf80009f5
       19855000	      1984	80005e9c	41a4db93	srai	x23,x9,0x1a	  x9:0x823e0224 x23=0xffffffe0
       19865000	      1985	80005ea0	031eca63	blt	x29,x17,80005ed4	 x29:0x603d0001 x17:0x000001ff
       19875000	      1986	80005ea4	bcf0bd93	sltiu	x27,x1,-1073	  x1:0x0200027f x27=0x00000001
       19885000	      1987	80005ea8	c654b813	sltiu	x16,x9,-923	  x9:0x823e0224 x16=0x00000001
       19895000	      1988	80005eac	0186cbb3	xor	x23,x13,x24	 x13:0x80009fc4 x24:0xf80009f5 x23=0x78009631
       19905000	      1989	80005eb0	01f10d33	add	x26,x2,x31	  x2:0x00000001 x31:0x92fbd502 x26=0x92fbd503
       19915000	      1990	80005eb4	601e9c97	auipc	x25,0x601e9	 x25=0xe01eeeb0
       19925000	      1991	80005eb8	003433b3	sltu	x7,x8,x3	  x8:0x00000000  x3:0x1fdb0024  x7=0x00000001
       19935000	      1992	80005ebc	0063d693	srli	x13,x7,0x6	  x7:0x00000001 x13=0x00000000
       19945000	      1993	80005ec0	0c688c13	addi	x24,x17,198	 x17:0x000001ff x24=0x000002c5
       19955000	      1994	80005ec4	00b7f833	and	x16,x15,x11	 x15:0x00000000 x11:0x6d042b9c x16=0x00000000
       19965000	      1995	80005ec8	05e37463	bgeu	x6,x30,80005f10	  x6:0x0000007f x30:0x00000001
       19975000	      1996	00000000	00000013	addi	x0,x0,0	  x0:0x00000000
       19985000	      1997	80005f0c	00000013	addi	x0,x0,0	  x0:0x00000000
       19995000	      1998	80005f10	00805263	bge	x0,x8,80005f14	  x0:0x00000000  x8:0x00000000
       20005000	      1999	00000000	00000013	addi	x0,x0,0	  x0:0x00000000
       20015000	      2000	80005f10	00000013	addi	x0,x0,0	  x0:0x00000000
       20025000	      2001	80005f14	78a31b17	auipc	x22,0x78a31	 x22=0xf8a36f10
       20035000	      2002	80005f18	60250b13	addi	x22,x10,1538	 x10:0x00000000 x22=0x00000602
       20045000	      2003	80005f1c	00c82e33	slt	x28,x16,x12	 x16:0x00000000 x12:0x00000257 x28=0x00000001
       20055000	      2004	80005f20	40185c13	srai	x24,x16,0x1	 x16:0x00000000 x24=0x00000000
       20065000	      2005	80005f24	0046f663	bgeu	x13,x4,80005f30	 x13:0x00000000  x4:0xfffffb97
       20075000	      2006	80005f28	01baf463	bgeu	x21,x27,80005f30	 x21:0x80009fc4 x27:0x00000001
       20085000	      2007	00000000	00000013	addi	x0,x0,0	  x0:0x00000000
       20095000	      2008	80005f2c	00000013	addi	x0,x0,0	  x0:0x00000000
       20105000	      2009	80005f30	01e75393	srli	x7,x14,0x1e	 x14:0x80009f50  x7=0x00000002
       20115000	      2010	80005f34	e74ef793	andi	x15,x29,-396	 x29:0x603d0001 x15=0x603d0000
       20125000	      2011	80005f38	41735fb3	sra	x31,x6,x23	  x6:0x0000007f x23:0x78009631 x31=0x00000000
       20135000	      2012	80005f3c	43a20e13	addi	x28,x4,1082	  x4:0xfffffb97 x28=0xffffffd1
       20145000	      2013	80005f40	00472303	lw	x6,4(x14)	 x14:0x80009f50  x6=0x800050b0 PA:0x80009f54
       20155000	      2014	80005f44	00c70713	addi	x14,x14,12	 x14:0x80009f50 x14=0x80009f5c
       20165000	      2015	80005f48	e9d00f93	addi	x31,x0,-355	  x0:0x00000000 x31=0xfffffe9d
       20175000	      2016	80005f4c	00030d13	addi	x26,x6,0	  x6:0x800050b0 x26=0x800050b0
       20185000	      2017	80005f50	000d0d67	jalr	x26,x26,0	 x26:0x800050b0 x26=0x80005f50
       20195000	      2018	00000000	00000013	addi	x0,x0,0	  x0:0x00000000
       20205000	      2019	800050b0	00000013	addi	x0,x0,0	  x0:0x00000000
       20215000	      2020	800050b4	01519d13	slli	x26,x3,0x15	  x3:0x1fdb0024 x26=0x04800000
       20225000	      2021	800050b8	a74d4f93	xori	x31,x26,-1420	 x26:0x04800000 x31=0xfb7ffa74
       20235000	      2022	800050bc	e964b513	sltiu	x10,x9,-362	  x9:0x823e0224 x10=0x00000001
       20245000	      2023	800050c0	0160b6b3	sltu	x13,x1,x22	  x1:0x0200027f x22:0x00000602 x13=0x00000000
       20255000	      2024	800050c4	41747b13	andi	x22,x8,1047	  x8:0x00000000 x22=0x00000000
       20265000	      2025	800050c8	00a82f33	slt	x30,x16,x10	 x16:0x00000000 x10:0x00000001 x30=0x00000001
       20275000	      2026	800050cc	5c9cb213	sltiu	x4,x25,1481	 x25:0xe01eeeb0  x4=0x00000000
       20285000	      2027	800050d0	a8a5ff93	andi	x31,x11,-1398	 x11:0x6d042b9c x31=0x6d042a88
       20295000	      2028	800050d4	01e85e63	bge	x16,x30,800050f0	 x16:0x00000000 x30:0x00000001
       20305000	      2029	800050d8	012a6033	or	x0,x20,x18	 x20:0x00000001 x18:0x80009fc5
       20315000	      2030	800050dc	01af5663	bge	x30,x26,800050e8	 x30:0x00000001 x26:0x04800000
       20325000	      2031	800050e0	87046193	ori	x3,x8,-1936	  x8:0x00000000  x3=0xfffff870
       20335000	      2032	800050e4	114ad663	bge	x21,x20,800051f0	 x21:0x80009fc4 x20:0x00000001
       20345000	      2033	800050e8	43eee213	ori	x4,x29,1086	 x29:0x603d0001  x4=0x603d043f
       20355000	      2034	800050ec	d229e513	ori	x10,x19,-734	 x19:0x00000000 x10=0xfffffd22
       20365000	      2035	800050f0	40f253b3	sra	x7,x4,x15	  x4:0x603d043f x15:0x603d0000  x7=0x603d043f
       20375000	      2036	800050f4	0e79f463	bgeu	x19,x7,800051dc	 x19:0x00000000  x7:0x603d043f
       20385000	      2037	800050f8	414a5d13	srai	x26,x20,0x14	 x20:0x00000001 x26=0x00000000
       20395000	      2038	800050fc	05024b13	xori	x22,x4,80	  x4:0x603d043f x22=0x603d046f
       20405000	      2039	80005100	00003e97	auipc	x29,0x3	 x29=0x800080fc
       20415000	      2040	80005104	605e8e93	addi	x29,x29,1541	 x29:0x800080fc x29=0x80008701
       20425000	      2041	80005108	40075813	srai	x16,x14,0x0	 x14:0x80009f5c x16=0x80009f5c
       20435000	      2042	8000510c	0030ecb3	or	x25,x1,x3	  x1:0x0200027f  x3:0xfffff870 x25=0xfffffa7f
       20445000	      2043	80005110	00d0eb33	or	x22,x1,x13	  x1:0x0200027f x13:0x00000000 x22=0x0200027f
       20455000	      2044	80005114	8d443313	sltiu	x6,x8,-1836	  x8:0x00000000  x6=0x00000001
       20465000	      2045	80005118	4fa1bb13	sltiu	x22,x3,1274	  x3:0xfffff870 x22=0x00000000
       20475000	      2046	8000511c	002ecc83	lbu	x25,2(x29)	 x29:0x80008701 x25=0x00000051 PA:0x80008703
       20485000	      2047	80005120	fe6e8503	lb	x10,-26(x29)	 x29:0x80008701 x10=0xffffffc6 PA:0x800086e7
       20495000	      2048	80005124	00b0d633	srl	x12,x1,x11	  x1:0x0200027f x11:0x6d042b9c x12=0x00000000
       20505000	      2049	80005128	023ecd83	lbu	x27,35(x29)	 x29:0x80008701 x27=0x000000f8 PA:0x80008724
       20515000	      2050	8000512c	98892d17	auipc	x26,0x98892	 x26=0x18897128
       20525000	      2051	80005130	fd1eafa3	sw	x17,-33(x29)	 x29:0x80008701 x17:0x000001ff PA:0x800086e0
       20535000	      2052	80005134	00000013	addi	x0,x0,0	  x0:0x00000000
       20545000	      2053	80005138	00b7ab33	slt	x22,x15,x11	 x15:0x603d0000 x11:0x6d042b9c x22=0x00000001
       20555000	      2054	8000513c	018545b3	xor	x11,x10,x24	 x10:0xffffffc6 x24:0x00000000 x11=0xffffffc6
       20565000	      2055	80005140	02ee8b23	sb	x14,54(x29)	 x29:0x80008701 x14:0x80009f5c PA:0x80008737
       20575000	      2056	80005144	fdceaba3	sw	x28,-41(x29)	 x29:0x80008701 x28:0xffffffd1 PA:0x800086d8
       20585000	      2057	80005148	007017b3	sll	x15,x0,x7	  x0:0x00000000  x7:0x603d043f x15=0x00000000
       20595000	      2058	8000514c	01ee9333	sll	x6,x29,x30	 x29:0x80008701 x30:0x00000001  x6=0x00010e02
       20605000	      2059	80005150	f38c3493	sltiu	x9,x24,-200	 x24:0x00000000  x9=0x00000001
       20615000	      2060	80005154	965ccd93	xori	x27,x25,-1691	 x25:0x00000051 x27=0xfffff934
       20625000	      2061	80005158	ff3e81a3	sb	x19,-29(x29)	 x29:0x80008701 x19:0x00000000 PA:0x800086e4
       20635000	      2062	8000515c	012df433	and	x8,x27,x18	 x27:0xfffff934 x18:0x80009fc5  x8=0x80009904
       20645000	      2063	80005160	ff2ec783	lbu	x15,-14(x29)	 x29:0x80008701 x15=0x0000003a PA:0x800086f3
       20655000	      2064	80005164	0416fc93	andi	x25,x13,65	 x13:0x00000000 x25=0x00000000
       20665000	      2065	80005168	a4a2fd97	auipc	x27,0xa4a2f	 x27=0x24a34164
       20675000	      2066	8000516c	fe6e81a3	sb	x6,-29(x29)	 x29:0x80008701  x6:0x00010e02 PA:0x800086e4
       20685000	      2067	80005170	404fd593	srai	x11,x31,0x4	 x31:0x6d042a88 x11=0x06d042a8
       20695000	      2068	80005174	febed583	lhu	x11,-21(x29)	 x29:0x80008701 x11=0x00005687 PA:0x800086ec
       20705000	      2069	80005178	feee8803	lb	x16,-18(x29)	 x29:0x80008701 x16=0x0000006a PA:0x800086ef
       20715000	      2070	8000517c	fffe9303	lh	x6,-1(x29)	 x29:0x80008701  x6=0xffffb32f PA:0x80008700
       20725000	      2071	80005180	030e89a3	sb	x16,51(x29)	 x29:0x80008701 x16:0x0000006a PA:0x80008734
       20735000	      2072	80005184	01d29933	sll	x18,x5,x29	  x5:0x603d0000 x29:0x80008701 x18=0xc07a0000
       20745000	      2073	80005188	461f6813	ori	x16,x30,1121	 x30:0x00000001 x16=0x00000461
       20755000	      2074	8000518c	23ef8393	addi	x7,x31,574	 x31:0x6d042a88  x7=0x6d042cc6
       20765000	      2075	80005190	fe5e9c03	lh	x24,-27(x29)	 x29:0x80008701 x24=0xffffc68c PA:0x800086e6
       20775000	      2076	80005194	5488b037	lui	x0,0x5488b	
       20785000	      2077	80005198	fedec783	lbu	x15,-19(x29)	 x29:0x80008701 x15=0x000000a8 PA:0x800086ee
       20795000	      2078	8000519c	fc4ec283	lbu	x5,-60(x29)	 x29:0x80008701  x5=0x000000c4 PA:0x800086c5
       20805000	      2079	800051a0	fdfe8aa3	sb	x31,-43(x29)	 x29:0x80008701 x31:0x6d042a88 PA:0x800086d6
       20815000	      2080	800051a4	00e09633	sll	x12,x1,x14	  x1:0x0200027f x14:0x80009f5c x12=0xf0000000
       20825000	      2081	800051a8	00000013	addi	x0,x0,0	  x0:0x00000000
       20835000	      2082	800051ac	41090f33	sub	x30,x18,x16	 x18:0xc07a0000 x16:0x00000461 x30=0xc079fb9f
       20845000	      2083	800051b0	01d8c3b3	xor	x7,x17,x29	 x17:0x000001ff x29:0x80008701  x7=0x800086fe
       20855000	      2084	800051b4	ffce97a3	sh	x28,-17(x29)	 x29:0x80008701 x28:0xffffffd1 PA:0x800086f0
       20865000	      2085	800051b8	fd8ec403	lbu	x8,-40(x29)	 x29:0x80008701  x8=0x000000ff PA:0x800086d9
       20875000	      2086	800051bc	01ea9f33	sll	x30,x21,x30	 x21:0x80009fc4 x30:0xc079fb9f x30=0x00000000
       20885000	      2087	800051c0	03c95e63	bge	x18,x28,800051fc	 x18:0xc07a0000 x28:0xffffffd1
       20895000	      2088	800051c4	052b0613	addi	x12,x22,82	 x22:0x00000001 x12=0x00000053
       20905000	      2089	800051c8	01bb9663	bne	x23,x27,800051d4	 x23:0x78009631 x27:0x24a34164
       20915000	      2090	00000000	00000013	addi	x0,x0,0	  x0:0x00000000
       20925000	      2091	800051d0	00000013	addi	x0,x0,0	  x0:0x00000000
       20935000	      2092	800051d4	72b97b37	lui	x22,0x72b97	 x22=0x72b97000
       20945000	      2093	800051d8	00f04c63	blt	x0,x15,800051f0	  x0:0x00000000 x15:0x000000a8
       20955000	      2094	00000000	00000013	addi	x0,x0,0	  x0:0x00000000
       20965000	      2095	800051ec	00000013	addi	x0,x0,0	  x0:0x00000000
       20975000	      2096	800051f0	f8923513	sltiu	x10,x4,-119	  x4:0x603d043f x10=0x00000001
       20985000	      2097	800051f4	40ac8133	sub	x2,x25,x10	 x25:0x00000000 x10:0x00000001  x2=0xffffffff
       20995000	      2098	800051f8	05b91063	bne	x18,x27,80005238	 x18:0xc07a0000 x27:0x24a34164
       21005000	      2099	00000000	00000013	addi	x0,x0,0	  x0:0x00000000
       21015000	      2100	80005234	00000013	addi	x0,x0,0	  x0:0x00000000
       21025000	      2101	80005238	004f9463	bne	x31,x4,80005240	 x31:0x6d042a88  x4:0x603d043f
       21035000	      2102	00000000	00000013	addi	x0,x0,0	  x0:0x00000000
       21045000	      2103	8000523c	00000013	addi	x0,x0,0	  x0:0x00000000
       21055000	      2104	80005240	87cc7b37	lui	x22,0x87cc7	 x22=0x87cc7000
       21065000	      2105	80005244	5cd74913	xori	x18,x14,1485	 x14:0x80009f5c x18=0x80009a91
       21075000	      2106	80005248	0014afb3	slt	x31,x9,x1	  x9:0x00000001  x1:0x0200027f x31=0x00000001
       21085000	      2107	8000524c	62bce313	ori	x6,x25,1579	 x25:0x00000000  x6=0x0000062b
       21095000	      2108	80005250	00ac00b3	add	x1,x24,x10	 x24:0xffffc68c x10:0x00000001  x1=0xffffc68d
       21105000	      2109	80005254	00000013	addi	x0,x0,0	  x0:0x00000000
       21115000	      2110	80005258	018cdd33	srl	x26,x25,x24	 x25:0x00000000 x24:0xffffc68c x26=0x00000000
       21125000	      2111	8000525c	012a2233	slt	x4,x20,x18	 x20:0x00000001 x18:0x80009a91  x4=0x00000000
       21135000	      2112	80005260	01db30b3	sltu	x1,x22,x29	 x22:0x87cc7000 x29:0x80008701  x1=0x00000000
       21145000	      2113	80005264	013e7e33	and	x28,x28,x19	 x28:0xffffffd1 x19:0x00000000 x28=0x00000000
       21155000	      2114	80005268	001b60b3	or	x1,x22,x1	 x22:0x87cc7000  x1:0x00000000  x1=0x87cc7000
       21165000	      2115	8000526c	ffdc8193	addi	x3,x25,-3	 x25:0x00000000  x3=0xfffffffd
       21175000	      2116	80005270	014de433	or	x8,x27,x20	 x27:0x24a34164 x20:0x00000001  x8=0x24a34165
       21185000	      2117	80005274	01b51933	sll	x18,x10,x27	 x10:0x00000001 x27:0x24a34164 x18=0x00000010
       21195000	      2118	80005278	f697efb7	lui	x31,0xf697e	 x31=0xf697e000
       21205000	      2119	8000527c	8d6ecb93	xori	x23,x29,-1834	 x29:0x80008701 x23=0x7fff7fd7
       21215000	      2120	80005280	0007f633	and	x12,x15,x0	 x15:0x000000a8  x0:0x00000000 x12=0x00000000
       21225000	      2121	80005284	c6aa2593	slti	x11,x20,-918	 x20:0x00000001 x11=0x00000000
       21235000	      2122	80005288	41a85893	srai	x17,x16,0x1a	 x16:0x00000461 x17=0x00000000
       21245000	      2123	8000528c	048f5263	bge	x30,x8,800052d0	 x30:0x00000000  x8:0x24a34165
       21255000	      2124	80005290	41485693	srai	x13,x16,0x14	 x16:0x00000461 x13=0x00000000
       21265000	      2125	80005294	00d46863	bltu	x8,x13,800052a4	  x8:0x24a34165 x13:0x00000000
       21275000	      2126	80005298	9984ed13	ori	x26,x9,-1640	  x9:0x00000001 x26=0xfffff999
       21285000	      2127	8000529c	26ba3a13	sltiu	x20,x20,619	 x20:0x00000001 x20=0x00000001
       21295000	      2128	800052a0	41045093	srai	x1,x8,0x10	  x8:0x24a34165  x1=0x000024a3
       21305000	      2129	800052a4	41545eb3	sra	x29,x8,x21	  x8:0x24a34165 x21:0x80009fc4 x29=0x024a3416
       21315000	      2130	800052a8	38056b93	ori	x23,x10,896	 x10:0x00000001 x23=0x00000381
       21325000	      2131	800052ac	00000013	addi	x0,x0,0	  x0:0x00000000
       21335000	      2132	800052b0	d15db913	sltiu	x18,x27,-747	 x27:0x24a34164 x18=0x00000001
       21345000	      2133	800052b4	40ecd793	srai	x15,x25,0xe	 x25:0x00000000 x15=0x00000000
       21355000	      2134	800052b8	05130063	beq	x6,x17,800052f8	  x6:0x0000062b x17:0x00000000
       21365000	      2135	800052bc	03747863	bgeu	x8,x23,800052ec	  x8:0x24a34165 x23:0x00000381
       21375000	      2136	00000000	00000013	addi	x0,x0,0	  x0:0x00000000
       21385000	      2137	800052e8	00000013	addi	x0,x0,0	  x0:0x00000000
       21395000	      2138	800052ec	0568e463	bltu	x17,x22,80005334	 x17:0x00000000 x22:0x87cc7000
       21405000	      2139	00000000	00000013	addi	x0,x0,0	  x0:0x00000000
       21415000	      2140	80005330	00000013	addi	x0,x0,0	  x0:0x00000000
       21425000	      2141	80005334	40da0cb3	sub	x25,x20,x13	 x20:0x00000001 x13:0x00000000 x25=0x00000001
       21435000	      2142	80005338	00b9da13	srli	x20,x19,0xb	 x19:0x00000000 x20=0x00000000
       21445000	      2143	8000533c	3f7eab13	slti	x22,x29,1015	 x29:0x024a3416 x22=0x00000000
       21455000	      2144	80005340	d958b913	sltiu	x18,x17,-619	 x17:0x00000000 x18=0x00000001
       21465000	      2145	80005344	17754693	xori	x13,x10,375	 x10:0x00000001 x13=0x00000176
       21475000	      2146	80005348	00055013	srli	x0,x10,0x0	 x10:0x00000001
       21485000	      2147	8000534c	00000013	addi	x0,x0,0	  x0:0x00000000
       21495000	      2148	80005350	adb02793	slti	x15,x0,-1317	  x0:0x00000000 x15=0x00000000
       21505000	      2149	80005354	00c99e93	slli	x29,x19,0xc	 x19:0x00000000 x29=0x00000000
       21515000	      2150	80005358	0030f233	and	x4,x1,x3	  x1:0x000024a3  x3:0xfffffffd  x4=0x000024a1
       21525000	      2151	8000535c	040ce097	auipc	x1,0x40ce	  x1=0x840d3358
       21535000	      2152	80005360	01146633	or	x12,x8,x17	  x8:0x24a34165 x17:0x00000000 x12=0x24a34165
       21545000	      2153	80005364	1464f813	andi	x16,x9,326	  x9:0x00000001 x16=0x00000000
       21555000	      2154	80005368	2827c897	auipc	x17,0x2827c	 x17=0xa8281364
       21565000	      2155	8000536c	f4dfb013	sltiu	x0,x31,-179	 x31:0xf697e000
       21575000	      2156	80005370	01a8ea33	or	x20,x17,x26	 x17:0xa8281364 x26:0xfffff999 x20=0xfffffbfd
       21585000	      2157	80005374	409f8f33	sub	x30,x31,x9	 x31:0xf697e000  x9:0x00000001 x30=0xf697dfff
       21595000	      2158	80005378	00a663b3	or	x7,x12,x10	 x12:0x24a34165 x10:0x00000001  x7=0x24a34165
       21605000	      2159	8000537c	00c037b3	sltu	x15,x0,x12	  x0:0x00000000 x12:0x24a34165 x15=0x00000001
       21615000	      2160	80005380	00000013	addi	x0,x0,0	  x0:0x00000000
       21625000	      2161	80005384	ee572493	slti	x9,x14,-283	 x14:0x80009f5c  x9=0x00000001
       21635000	      2162	80005388	03d4de63	bge	x9,x29,800053c4	  x9:0x00000001 x29:0x00000000
       21645000	      2163	00000000	00000013	addi	x0,x0,0	  x0:0x00000000
       21655000	      2164	800053c0	00000013	addi	x0,x0,0	  x0:0x00000000
       21665000	      2165	800053c4	01dfd433	srl	x8,x31,x29	 x31:0xf697e000 x29:0x00000000  x8=0xf697e000
       21675000	      2166	800053c8	b2b67d13	andi	x26,x12,-1237	 x12:0x24a34165 x26=0x24a34121
       21685000	      2167	800053cc	025d5063	bge	x26,x5,800053ec	 x26:0x24a34121  x5:0x000000c4
       21695000	      2168	00000000	00000013	addi	x0,x0,0	  x0:0x00000000
       21705000	      2169	800053e8	00000013	addi	x0,x0,0	  x0:0x00000000
       21715000	      2170	800053ec	01b38263	beq	x7,x27,800053f0	  x7:0x24a34165 x27:0x24a34164
       21725000	      2171	800053f0	41bada33	sra	x20,x21,x27	 x21:0x80009fc4 x27:0x24a34164 x20=0xf80009fc
       21735000	      2172	800053f4	585b8f93	addi	x31,x23,1413	 x23:0x00000381 x31=0x00000906
       21745000	      2173	800053f8	00589393	slli	x7,x17,0x5	 x17:0xa8281364  x7=0x05026c80
       21755000	      2174	800053fc	05279063	bne	x15,x18,8000543c	 x15:0x00000001 x18:0x00000001
       21765000	      2175	80005400	00000013	addi	x0,x0,0	  x0:0x00000000
       21775000	      2176	80005404	00000013	addi	x0,x0,0	  x0:0x00000000
       21785000	      2177	80005408	0110d5b3	srl	x11,x1,x17	  x1:0x840d3358 x17:0xa8281364 x11=0x0840d335
       21795000	      2178	8000540c	013afc63	bgeu	x21,x19,80005424	 x21:0x80009fc4 x19:0x00000000
       21805000	      2179	00000000	00000013	addi	x0,x0,0	  x0:0x00000000
       21815000	      2180	80005420	00000013	addi	x0,x0,0	  x0:0x00000000
       21825000	      2181	80005424	01d7f663	bgeu	x15,x29,80005430	 x15:0x00000001 x29:0x00000000
       21835000	      2182	00000000	00000013	addi	x0,x0,0	  x0:0x00000000
       21845000	      2183	8000542c	00000013	addi	x0,x0,0	  x0:0x00000000
       21855000	      2184	80005430	00000013	addi	x0,x0,0	  x0:0x00000000
       21865000	      2185	80005434	0033fc33	and	x24,x7,x3	  x7:0x05026c80  x3:0xfffffffd x24=0x05026c80
       21875000	      2186	80005438	016b9213	slli	x4,x23,0x16	 x23:0x00000381  x4=0xe0400000
       21885000	      2187	8000543c	05ae4063	blt	x28,x26,8000547c	 x28:0x00000000 x26:0x24a34121
       21895000	      2188	00000000	00000013	addi	x0,x0,0	  x0:0x00000000
       21905000	      2189	80005478	00000013	addi	x0,x0,0	  x0:0x00000000
       21915000	      2190	8000547c	019d76b3	and	x13,x26,x25	 x26:0x24a34121 x25:0x00000001 x13=0x00000001
       21925000	      2191	80005480	02999e63	bne	x19,x9,800054bc	 x19:0x00000000  x9:0x00000001
       21935000	      2192	00000000	00000013	addi	x0,x0,0	  x0:0x00000000
       21945000	      2193	800054b8	00000013	addi	x0,x0,0	  x0:0x00000000
       21955000	      2194	800054bc	004b5913	srli	x18,x22,0x4	 x22:0x00000000 x18=0x00000000
       21965000	      2195	800054c0	0012bbb3	sltu	x23,x5,x1	  x5:0x000000c4  x1:0x840d3358 x23=0x00000001
       21975000	      2196	800054c4	00868033	add	x0,x13,x8	 x13:0x00000001  x8:0xf697e000
       21985000	      2197	800054c8	01425463	bge	x4,x20,800054d0	  x4:0xe0400000 x20:0xf80009fc
       21995000	      2198	800054cc	01b4e4b3	or	x9,x9,x27	  x9:0x00000001 x27:0x24a34164  x9=0x24a34165
       22005000	      2199	800054d0	007b3c33	sltu	x24,x22,x7	 x22:0x00000000  x7:0x05026c80 x24=0x00000001
       22015000	      2200	800054d4	001fceb3	xor	x29,x31,x1	 x31:0x00000906  x1:0x840d3358 x29=0x840d3a5e
       22025000	      2201	800054d8	ca3cf893	andi	x17,x25,-861	 x25:0x00000001 x17=0x00000001
       22035000	      2202	800054dc	002b0bb3	add	x23,x22,x2	 x22:0x00000000  x2:0xffffffff x23=0xffffffff
       22045000	      2203	800054e0	00000013	addi	x0,x0,0	  x0:0x00000000
       22055000	      2204	800054e4	00110a63	beq	x2,x1,800054f8	  x2:0xffffffff  x1:0x840d3358
       22065000	      2205	800054e8	029bd663	bge	x23,x9,80005514	 x23:0xffffffff  x9:0x24a34165
       22075000	      2206	800054ec	00285863	bge	x16,x2,800054fc	 x16:0x00000000  x2:0xffffffff
       22085000	      2207	00000000	00000013	addi	x0,x0,0	  x0:0x00000000
       22095000	      2208	800054f8	00000013	addi	x0,x0,0	  x0:0x00000000
       22105000	      2209	800054fc	017e9cb3	sll	x25,x29,x23	 x29:0x840d3a5e x23:0xffffffff x25=0x00000000
       22115000	      2210	80005500	00365c33	srl	x24,x12,x3	 x12:0x24a34165  x3:0xfffffffd x24=0x00000001
       22125000	      2211	80005504	00c708b3	add	x17,x14,x12	 x14:0x80009f5c x12:0x24a34165 x17=0xa4a3e0c1
       22135000	      2212	80005508	01e95913	srli	x18,x18,0x1e	 x18:0x00000000 x18=0x00000000
       22145000	      2213	8000550c	fcfc2693	slti	x13,x24,-49	 x24:0x00000001 x13=0x00000000
       22155000	      2214	80005510	72997913	andi	x18,x18,1833	 x18:0x00000000 x18=0x00000000
       22165000	      2215	80005514	fe626b97	auipc	x23,0xfe626	 x23=0x7e62b510
       22175000	      2216	80005518	001ed5b3	srl	x11,x29,x1	 x29:0x840d3a5e  x1:0x840d3358 x11=0x00000084
       22185000	      2217	8000551c	85f8d137	lui	x2,0x85f8d	  x2=0x85f8d000
       22195000	      2218	80005520	e470f617	auipc	x12,0xe470f	 x12=0x6471451c
       22205000	      2219	80005524	01cc5e33	srl	x28,x24,x28	 x24:0x00000001 x28:0x00000000 x28=0x00000001
       22215000	      2220	80005528	aef4c513	xori	x10,x9,-1297	  x9:0x24a34165 x10=0xdb5cbb8a
       22225000	      2221	8000552c	60877237	lui	x4,0x60877	  x4=0x60877000
       22235000	      2222	80005530	019e1193	slli	x3,x28,0x19	 x28:0x00000001  x3=0x02000000
       22245000	      2223	80005534	03c05263	bge	x0,x28,80005558	  x0:0x00000000 x28:0x00000001
       22255000	      2224	80005538	0ceae893	ori	x17,x21,206	 x21:0x80009fc4 x17=0x80009fce
       22265000	      2225	8000553c	0396e863	bltu	x13,x25,8000556c	 x13:0x00000000 x25:0x00000000
       22275000	      2226	80005540	6c630e37	lui	x28,0x6c630	 x28=0x6c630000
       22285000	      2227	80005544	94f53293	sltiu	x5,x10,-1713	 x10:0xdb5cbb8a  x5=0x00000001
       22295000	      2228	80005548	01e63c33	sltu	x24,x12,x30	 x12:0x6471451c x30:0xf697dfff x24=0x00000001
       22305000	      2229	8000554c	00000013	addi	x0,x0,0	  x0:0x00000000
       22315000	      2230	80005550	aba56513	ori	x10,x10,-1350	 x10:0xdb5cbb8a x10=0xfffffbba
       22325000	      2231	80005554	006d0c33	add	x24,x26,x6	 x26:0x24a34121  x6:0x0000062b x24=0x24a3474c
       22335000	      2232	80005558	00a9de63	bge	x19,x10,80005574	 x19:0x00000000 x10:0xfffffbba
       22345000	      2233	00000000	00000013	addi	x0,x0,0	  x0:0x00000000
       22355000	      2234	80005570	00000013	addi	x0,x0,0	  x0:0x00000000
       22365000	      2235	80005574	98451b97	auipc	x23,0x98451	 x23=0x18456570
       22375000	      2236	80005578	00196e63	bltu	x18,x1,80005594	 x18:0x00000000  x1:0x840d3358
       22385000	      2237	00000000	00000013	addi	x0,x0,0	  x0:0x00000000
       22395000	      2238	80005590	00000013	addi	x0,x0,0	  x0:0x00000000
       22405000	      2239	80005594	f4f68f93	addi	x31,x13,-177	 x13:0x00000000 x31=0xffffff4f
       22415000	      2240	80005598	012a13b3	sll	x7,x20,x18	 x20:0xf80009fc x18:0x00000000  x7=0xf80009fc
       22425000	      2241	8000559c	0084eb33	or	x22,x9,x8	  x9:0x24a34165  x8:0xf697e000 x22=0xf6b7e165
       22435000	      2242	800055a0	0128d093	srli	x1,x17,0x12	 x17:0x80009fce  x1=0x00002000
       22445000	      2243	800055a4	00472303	lw	x6,4(x14)	 x14:0x80009f5c  x6=0x80001180 PA:0x80009f60
       22455000	      2244	800055a8	02870713	addi	x14,x14,40	 x14:0x80009f5c x14=0x80009f84
       22465000	      2245	800055ac	17584693	xori	x13,x16,373	 x16:0x00000000 x13=0x00000175
       22475000	      2246	800055b0	01c4f8b3	and	x17,x9,x28	  x9:0x24a34165 x28:0x6c630000 x17=0x24230000
       22485000	      2247	800055b4	00130393	addi	x7,x6,1	  x6:0x80001180  x7=0x80001181
       22495000	      2248	800055b8	000383e7	jalr	x7,x7,0	  x7:0x80001181  x7=0x800055b8
       22505000	      2249	00000000	00000013	addi	x0,x0,0	  x0:0x00000000
       22515000	      2250	80001180	00000013	addi	x0,x0,0	  x0:0x00000000
       22525000	      2251	80001184	b4c4ea13	ori	x20,x9,-1204	  x9:0x24a34165 x20=0xfffffb6d
       22535000	      2252	80001188	03b84663	blt	x16,x27,800011b4	 x16:0x00000000 x27:0x24a34164
       22545000	      2253	00000000	00000013	addi	x0,x0,0	  x0:0x00000000
       22555000	      2254	800011b0	00000013	addi	x0,x0,0	  x0:0x00000000
       22565000	      2255	800011b4	028ee463	bltu	x29,x8,800011dc	 x29:0x840d3a5e  x8:0xf697e000
       22575000	      2256	00000000	00000013	addi	x0,x0,0	  x0:0x00000000
       22585000	      2257	800011d8	00000013	addi	x0,x0,0	  x0:0x00000000
       22595000	      2258	800011dc	051ec063	blt	x29,x17,8000121c	 x29:0x840d3a5e x17:0x24230000
       22605000	      2259	00000000	00000013	addi	x0,x0,0	  x0:0x00000000
       22615000	      2260	80001218	00000013	addi	x0,x0,0	  x0:0x00000000
       22625000	      2261	8000121c	7e44e913	ori	x18,x9,2020	  x9:0x24a34165 x18=0x24a347e5
       22635000	      2262	80001220	01f73f33	sltu	x30,x14,x31	 x14:0x80009f84 x31:0xffffff4f x30=0x00000001
       22645000	      2263	80001224	40bc5b33	sra	x22,x24,x11	 x24:0x24a3474c x11:0x00000084 x22=0x024a3474
       22655000	      2264	80001228	e01ac413	xori	x8,x21,-511	 x21:0x80009fc4  x8=0x7fff61c5
       22665000	      2265	8000122c	7e14f413	andi	x8,x9,2017	  x9:0x24a34165  x8=0x00000161
       22675000	      2266	80001230	370a2c97	auipc	x25,0x370a2	 x25=0xb70a322c
       22685000	      2267	80001234	00000013	addi	x0,x0,0	  x0:0x00000000
       22695000	      2268	80001238	01402eb3	slt	x29,x0,x20	  x0:0x00000000 x20:0xfffffb6d x29=0x00000000
       22705000	      2269	8000123c	2ee04493	xori	x9,x0,750	  x0:0x00000000  x9=0x000002ee
       22715000	      2270	80001240	41770e33	sub	x28,x14,x23	 x14:0x80009f84 x23:0x18456570 x28=0x67bb3a14
       22725000	      2271	80001244	405ddeb3	sra	x29,x27,x5	 x27:0x24a34164  x5:0x00000001 x29=0x1251a0b2
       22735000	      2272	80001248	02be5063	bge	x28,x11,80001268	 x28:0x67bb3a14 x11:0x00000084
       22745000	      2273	00000000	00000013	addi	x0,x0,0	  x0:0x00000000
       22755000	      2274	80001264	00000013	addi	x0,x0,0	  x0:0x00000000
       22765000	      2275	80001268	02277a63	bgeu	x14,x2,8000129c	 x14:0x80009f84  x2:0x85f8d000
       22775000	      2276	8000126c	00615b13	srli	x22,x2,0x6	  x2:0x85f8d000 x22=0x0217e340
       22785000	      2277	80001270	f2396413	ori	x8,x18,-221	 x18:0x24a347e5  x8=0xffffffe7
       22795000	      2278	80001274	00ea6e33	or	x28,x20,x14	 x20:0xfffffb6d x14:0x80009f84 x28=0xffffffed
       22805000	      2279	80001278	4055d513	srai	x10,x11,0x5	 x11:0x00000084 x10=0x00000004
       22815000	      2280	8000127c	035ffa63	bgeu	x31,x21,800012b0	 x31:0xffffff4f x21:0x80009fc4
       22825000	      2281	00000000	00000013	addi	x0,x0,0	  x0:0x00000000
       22835000	      2282	800012ac	00000013	addi	x0,x0,0	  x0:0x00000000
       22845000	      2283	800012b0	005f6933	or	x18,x30,x5	 x30:0x00000001  x5:0x00000001 x18=0x00000001
       22855000	      2284	800012b4	00000013	addi	x0,x0,0	  x0:0x00000000
       22865000	      2285	800012b8	4035d513	srai	x10,x11,0x3	 x11:0x00000084 x10=0x00000010
       22875000	      2286	800012bc	00c6fcb3	and	x25,x13,x12	 x13:0x00000175 x12:0x6471451c x25=0x00000114
       22885000	      2287	800012c0	5244ecb7	lui	x25,0x5244e	 x25=0x5244e000
       22895000	      2288	800012c4	00000013	addi	x0,x0,0	  x0:0x00000000
       22905000	      2289	800012c8	0c137417	auipc	x8,0xc137	  x8=0x8c1382c4
       22915000	      2290	800012cc	03878a63	beq	x15,x24,80001300	 x15:0x00000001 x24:0x24a3474c
       22925000	      2291	800012d0	69ab7313	andi	x6,x22,1690	 x22:0x0217e340  x6=0x00000200
       22935000	      2292	800012d4	01c67663	bgeu	x12,x28,800012e0	 x12:0x6471451c x28:0xffffffed
       22945000	      2293	800012d8	00000013	addi	x0,x0,0	  x0:0x00000000
       22955000	      2294	800012dc	016e11b3	sll	x3,x28,x22	 x28:0xffffffed x22:0x0217e340  x3=0xffffffed
       22965000	      2295	800012e0	00eff663	bgeu	x31,x14,800012ec	 x31:0xffffff4f x14:0x80009f84
       22975000	      2296	00000000	00000013	addi	x0,x0,0	  x0:0x00000000
       22985000	      2297	800012e8	00000013	addi	x0,x0,0	  x0:0x00000000
       22995000	      2298	800012ec	c1847093	andi	x1,x8,-1000	  x8:0x8c1382c4  x1=0x8c138000
       23005000	      2299	800012f0	005112b3	sll	x5,x2,x5	  x2:0x85f8d000  x5:0x00000001  x5=0x0bf1a000
       23015000	      2300	800012f4	0152f4b3	and	x9,x5,x21	  x5:0x0bf1a000 x21:0x80009fc4  x9=0x00008000
       23025000	      2301	800012f8	02900663	beq	x0,x9,80001324	  x0:0x00000000  x9:0x00008000
       23035000	      2302	800012fc	40055833	sra	x16,x10,x0	 x10:0x00000010  x0:0x00000000 x16=0x00000010
       23045000	      2303	80001300	ad4cbe93	sltiu	x29,x25,-1324	 x25:0x5244e000 x29=0x00000001
       23055000	      2304	80001304	41c0ddb3	sra	x27,x1,x28	  x1:0x8c138000 x28:0xffffffed x27=0xfffc609c
       23065000	      2305	80001308	0148e933	or	x18,x17,x20	 x17:0x24230000 x20:0xfffffb6d x18=0xfffffb6d
       23075000	      2306	8000130c	00895593	srli	x11,x18,0x8	 x18:0xfffffb6d x11=0x00fffffb
       23085000	      2307	80001310	b41ee313	ori	x6,x29,-1215	 x29:0x00000001  x6=0xfffffb41
       23095000	      2308	80001314	40a05cb3	sra	x25,x0,x10	  x0:0x00000000 x10:0x00000010 x25=0x00000000
       23105000	      2309	80001318	f5f0e2b7	lui	x5,0xf5f0e	  x5=0xf5f0e000
       23115000	      2310	8000131c	00734463	blt	x6,x7,80001324	  x6:0xfffffb41  x7:0x800055b8
       23125000	      2311	80001320	e44f4f13	xori	x30,x30,-444	 x30:0x00000001 x30=0xfffffe45
       23135000	      2312	80001324	503fdb17	auipc	x22,0x503fd	 x22=0xd03fe320
       23145000	      2313	80001328	8937b413	sltiu	x8,x15,-1901	 x15:0x00000001  x8=0x00000001
       23155000	      2314	8000132c	00000013	addi	x0,x0,0	  x0:0x00000000
       23165000	      2315	80001330	40898c33	sub	x24,x19,x8	 x19:0x00000000  x8:0x00000001 x24=0xffffffff
       23175000	      2316	80001334	0401c463	blt	x3,x0,8000137c	  x3:0xffffffed  x0:0x00000000
       23185000	      2317	00000000	00000013	addi	x0,x0,0	  x0:0x00000000
       23195000	      2318	80001378	00000013	addi	x0,x0,0	  x0:0x00000000
       23205000	      2319	8000137c	d08c3613	sltiu	x12,x24,-760	 x24:0xffffffff x12=0x00000000
       23215000	      2320	80001380	185ae013	ori	x0,x21,389	 x21:0x80009fc4
       23225000	      2321	80001384	01e2d5b3	srl	x11,x5,x30	  x5:0xf5f0e000 x30:0xfffffe45 x11=0x07af8700
       23235000	      2322	80001388	01aeb7b3	sltu	x15,x29,x26	 x29:0x00000001 x26:0x24a34121 x15=0x00000001
       23245000	      2323	8000138c	5f69f797	auipc	x15,0x5f69f	 x15=0xdf6a0388
       23255000	      2324	80001390	0460d463	bge	x1,x6,800013d8	  x1:0x8c138000  x6:0xfffffb41
       23265000	      2325	80001394	e5374d13	xori	x26,x14,-429	 x14:0x80009f84 x26=0x7fff61d7
       23275000	      2326	80001398	01a35033	srl	x0,x6,x26	  x6:0xfffffb41 x26:0x7fff61d7
       23285000	      2327	8000139c	0148c2b3	xor	x5,x17,x20	 x17:0x24230000 x20:0xfffffb6d  x5=0xdbdcfb6d
       23295000	      2328	800013a0	00000013	addi	x0,x0,0	  x0:0x00000000
       23305000	      2329	800013a4	40af5b93	srai	x23,x30,0xa	 x30:0xfffffe45 x23=0xffffffff
       23315000	      2330	800013a8	6eb48813	addi	x16,x9,1771	  x9:0x00008000 x16=0x000086eb
       23325000	      2331	800013ac	a19bbb13	sltiu	x22,x23,-1511	 x23:0xffffffff x22=0x00000000
       23335000	      2332	800013b0	05b24663	blt	x4,x27,800013fc	  x4:0x60877000 x27:0xfffc609c
       23345000	      2333	800013b4	00bc20b3	slt	x1,x24,x11	 x24:0xffffffff x11:0x07af8700  x1=0x00000001
       23355000	      2334	800013b8	a321eb13	ori	x22,x3,-1486	  x3:0xffffffed x22=0xffffffff
       23365000	      2335	800013bc	94f1e213	ori	x4,x3,-1713	  x3:0xffffffed  x4=0xffffffef
       23375000	      2336	800013c0	a295fd93	andi	x27,x11,-1495	 x11:0x07af8700 x27=0x07af8200
       23385000	      2337	800013c4	97c02093	slti	x1,x0,-1668	  x0:0x00000000  x1=0x00000000
       23395000	      2338	800013c8	01114e33	xor	x28,x2,x17	  x2:0x85f8d000 x17:0x24230000 x28=0xa1dbd000
       23405000	      2339	800013cc	00c94133	xor	x2,x18,x12	 x18:0xfffffb6d x12:0x00000000  x2=0xfffffb6d
       23415000	      2340	800013d0	4155d533	sra	x10,x11,x21	 x11:0x07af8700 x21:0x80009fc4 x10=0x007af870
       23425000	      2341	800013d4	0138f3b3	and	x7,x17,x19	 x17:0x24230000 x19:0x00000000  x7=0x00000000
       23435000	      2342	800013d8	0021a5b3	slt	x11,x3,x2	  x3:0xffffffed  x2:0xfffffb6d x11=0x00000000
       23445000	      2343	800013dc	01524463	blt	x4,x21,800013e4	  x4:0xffffffef x21:0x80009fc4
       23455000	      2344	800013e0	0b930313	addi	x6,x6,185	  x6:0xfffffb41  x6=0xfffffbfa
       23465000	      2345	800013e4	0106e7b3	or	x15,x13,x16	 x13:0x00000175 x16:0x000086eb x15=0x000087ff
       23475000	      2346	800013e8	b4d9a513	slti	x10,x19,-1203	 x19:0x00000000 x10=0x00000000
       23485000	      2347	800013ec	b9cca513	slti	x10,x25,-1124	 x25:0x00000000 x10=0x00000000
       23495000	      2348	800013f0	016f4863	blt	x30,x22,80001400	 x30:0xfffffe45 x22:0xffffffff
       23505000	      2349	00000000	00000013	addi	x0,x0,0	  x0:0x00000000
       23515000	      2350	800013fc	00000013	addi	x0,x0,0	  x0:0x00000000
       23525000	      2351	80001400	474ff493	andi	x9,x31,1140	 x31:0xffffff4f  x9=0x00000444
       23535000	      2352	80001404	00000997	auipc	x19,0x0	 x19=0x80001400
       23545000	      2353	80001408	00c98993	addi	x19,x19,12	 x19:0x80001400 x19=0x8000140c
       23555000	      2354	8000140c	00098067	jalr	x0,x19,0	 x19:0x8000140c
       23565000	      2355	00000000	00000013	addi	x0,x0,0	  x0:0x00000000
       23575000	      2356	8000140c	00000013	addi	x0,x0,0	  x0:0x00000000
       23585000	      2357	80001410	00100193	addi	x3,x0,1	  x0:0x00000000  x3=0x00000001
       23595000	      2358	80001414	00000073	ecall	
       23605000	      2359	80001418	00000013	addi	x0,x0,0	  x0:0x00000000
