		Time			Cycle	PC		Insn	Decoded instruction	Register and memory contents
          65000	         5	80000004	00000293	addi	x5,x0,0	  x0:0x00000000  x5=0x00000000
          75000	         6	80000008	00000313	addi	x6,x0,0	  x0:0x00000000  x6=0x00000000
          85000	         7	8000000c	00628263	beq	x5,x6,80000010	  x5:0x00000000  x6:0x00000000
          95000	         8	00000000	00000013	addi	x0,x0,0	  x0:0x00000000
         105000	         9	8000000c	00000013	addi	x0,x0,0	  x0:0x00000000
         115000	        10	80000010	00000e97	auipc	x29,0x0	 x29=0x8000000c
         125000	        11	80000014	00ce8e93	addi	x29,x29,12	 x29:0x8000000c x29=0x80000018
         135000	        12	80000018	000e8067	jalr	x0,x29,0	 x29:0x80000018
         145000	        13	00000000	00000013	addi	x0,x0,0	  x0:0x00000000
         155000	        14	80000018	00000013	addi	x0,x0,0	  x0:0x00000000
         165000	        15	8000001c	40000137	lui	x2,0x40000	  x2=0x40000000
         175000	        16	80000020	10010113	addi	x2,x2,256	  x2:0x40000000  x2=0x40000100
         185000	        17	80000024	00000013	addi	x0,x0,0	  x0:0x00000000
         195000	        18	80000028	0000a297	auipc	x5,0xa	  x5=0x8000a024
         205000	        19	8000002c	fa028293	addi	x5,x5,-96	  x5:0x8000a024  x5=0x80009fc4
         215000	        20	80000030	00007117	auipc	x2,0x7	  x2=0x8000702c
         225000	        21	80000034	ad010113	addi	x2,x2,-1328	  x2:0x8000702c  x2=0x80006afc
         235000	        22	80000038	00016113	ori	x2,x2,0	  x2:0x80006afc  x2=0x80006afc
         245000	        23	8000003c	00000013	addi	x0,x0,0	  x0:0x00000000
         255000	        24	80000040	00000117	auipc	x2,0x0	  x2=0x8000003c
         265000	        25	80000044	02010113	addi	x2,x2,32	  x2:0x8000003c  x2=0x8000005c
         275000	        26	80000048	00000013	addi	x0,x0,0	  x0:0x00000000
         285000	        27	8000004c	00000013	addi	x0,x0,0	  x0:0x00000000
         295000	        28	80000050	00002137	lui	x2,0x2	  x2=0x00002000
         305000	        29	80000054	80010113	addi	x2,x2,-2048	  x2:0x00002000  x2=0x00001800
         315000	        30	80000058	00000013	addi	x0,x0,0	  x0:0x00000000
         325000	        31	8000005c	00000013	addi	x0,x0,0	  x0:0x00000000
         335000	        32	80000060	669e8037	lui	x0,0x669e8	
         345000	        33	80000064	20800013	addi	x0,x0,520	  x0:0x00000000
         355000	        34	80000068	00200093	addi	x1,x0,2	  x0:0x00000000  x1=0x00000002
         365000	        35	8000006c	00a00113	addi	x2,x0,10	  x0:0x00000000  x2=0x0000000a
         375000	        36	80000070	800001b7	lui	x3,0x80000	  x3=0x80000000
         385000	        37	80000074	00200213	addi	x4,x0,2	  x0:0x00000000  x4=0x00000002
         395000	        38	80000078	f2945337	lui	x6,0xf2945	  x6=0xf2945000
         405000	        39	8000007c	6ee30313	addi	x6,x6,1774	  x6:0xf2945000  x6=0xf29456ee
         415000	        40	80000080	00000393	addi	x7,x0,0	  x0:0x00000000  x7=0x00000000
         425000	        41	80000084	80000437	lui	x8,0x80000	  x8=0x80000000
         435000	        42	80000088	facac4b7	lui	x9,0xfacac	  x9=0xfacac000
         445000	        43	8000008c	6ae48493	addi	x9,x9,1710	  x9:0xfacac000  x9=0xfacac6ae
         455000	        44	80000090	eed1b537	lui	x10,0xeed1b	 x10=0xeed1b000
         465000	        45	80000094	b5f50513	addi	x10,x10,-1185	 x10:0xeed1b000 x10=0xeed1ab5f
         475000	        46	80000098	235b85b7	lui	x11,0x235b8	 x11=0x235b8000
         485000	        47	8000009c	64758593	addi	x11,x11,1607	 x11:0x235b8000 x11=0x235b8647
         495000	        48	800000a0	80000637	lui	x12,0x80000	 x12=0x80000000
         505000	        49	800000a4	fa00c737	lui	x14,0xfa00c	 x14=0xfa00c000
         515000	        50	800000a8	be570713	addi	x14,x14,-1051	 x14:0xfa00c000 x14=0xfa00bbe5
         525000	        51	800000ac	309bf7b7	lui	x15,0x309bf	 x15=0x309bf000
         535000	        52	800000b0	13878793	addi	x15,x15,312	 x15:0x309bf000 x15=0x309bf138
         545000	        53	800000b4	c3a9f837	lui	x16,0xc3a9f	 x16=0xc3a9f000
         555000	        54	800000b8	8b980813	addi	x16,x16,-1863	 x16:0xc3a9f000 x16=0xc3a9e8b9
         565000	        55	800000bc	a81a48b7	lui	x17,0xa81a4	 x17=0xa81a4000
         575000	        56	800000c0	12188893	addi	x17,x17,289	 x17:0xa81a4000 x17=0xa81a4121
         585000	        57	800000c4	00000913	addi	x18,x0,0	  x0:0x00000000 x18=0x00000000
         595000	        58	800000c8	00000993	addi	x19,x0,0	  x0:0x00000000 x19=0x00000000
         605000	        59	800000cc	75f25a37	lui	x20,0x75f25	 x20=0x75f25000
         615000	        60	800000d0	de2a0a13	addi	x20,x20,-542	 x20:0x75f25000 x20=0x75f24de2
         625000	        61	800000d4	00e00a93	addi	x21,x0,14	  x0:0x00000000 x21=0x0000000e
         635000	        62	800000d8	d153fb37	lui	x22,0xd153f	 x22=0xd153f000
         645000	        63	800000dc	0fab0b13	addi	x22,x22,250	 x22:0xd153f000 x22=0xd153f0fa
         655000	        64	800000e0	00300b93	addi	x23,x0,3	  x0:0x00000000 x23=0x00000003
         665000	        65	800000e4	00000c13	addi	x24,x0,0	  x0:0x00000000 x24=0x00000000
         675000	        66	800000e8	a2720cb7	lui	x25,0xa2720	 x25=0xa2720000
         685000	        67	800000ec	ea3c8c93	addi	x25,x25,-349	 x25:0xa2720000 x25=0xa271fea3
         695000	        68	800000f0	51453d37	lui	x26,0x51453	 x26=0x51453000
         705000	        69	800000f4	55bd0d13	addi	x26,x26,1371	 x26:0x51453000 x26=0x5145355b
         715000	        70	800000f8	fab83db7	lui	x27,0xfab83	 x27=0xfab83000
         725000	        71	800000fc	de6d8d93	addi	x27,x27,-538	 x27:0xfab83000 x27=0xfab82de6
         735000	        72	80000100	f8417e37	lui	x28,0xf8417	 x28=0xf8417000
         745000	        73	80000104	d56e0e13	addi	x28,x28,-682	 x28:0xf8417000 x28=0xf8416d56
         755000	        74	80000108	59f83eb7	lui	x29,0x59f83	 x29=0x59f83000
         765000	        75	8000010c	c51e8e93	addi	x29,x29,-943	 x29:0x59f83000 x29=0x59f82c51
         775000	        76	80000110	faab4f37	lui	x30,0xfaab4	 x30=0xfaab4000
         785000	        77	80000114	299f0f13	addi	x30,x30,665	 x30:0xfaab4000 x30=0xfaab4299
         795000	        78	80000118	fa03cfb7	lui	x31,0xfa03c	 x31=0xfa03c000
         805000	        79	8000011c	55df8f93	addi	x31,x31,1373	 x31:0xfa03c000 x31=0xfa03c55d
         815000	        80	80000120	0000a697	auipc	x13,0xa	 x13=0x8000a11c
         825000	        81	80000124	e6868693	addi	x13,x13,-408	 x13:0x8000a11c x13=0x80009f84
         835000	        82	80000128	00709c93	slli	x25,x1,0x7	  x1:0x00000002 x25=0x00000100
         845000	        83	8000012c	00000517	auipc	x10,0x0	 x10=0x80000128
         855000	        84	80000130	45050513	addi	x10,x10,1104	 x10:0x80000128 x10=0x80000578
         865000	        85	80000134	01805bb3	srl	x23,x0,x24	  x0:0x00000000 x24:0x00000000 x23=0x00000000
         875000	        86	80000138	ec8dfd13	andi	x26,x27,-312	 x27:0xfab82de6 x26=0xfab82cc0
         885000	        87	8000013c	03050513	addi	x10,x10,48	 x10:0x80000578 x10=0x800005a8
         895000	        88	80000140	010b2333	slt	x6,x22,x16	 x22:0xd153f0fa x16:0xc3a9e8b9  x6=0x00000000
         905000	        89	80000144	0068d463	bge	x17,x6,8000014c	 x17:0xa81a4121  x6:0x00000000
         915000	        90	80000148	b1289c97	auipc	x25,0xb1289	 x25=0x31289144
         925000	        91	8000014c	fd0500e7	jalr	x1,x10,-48	 x10:0x800005a8  x1=0x8000014c
         935000	        92	00000000	00000013	addi	x0,x0,0	  x0:0x00000000
         945000	        93	80000578	00000013	addi	x0,x0,0	  x0:0x00000000
         955000	        94	8000057c	01361863	bne	x12,x19,8000058c	 x12:0x80000000 x19:0x00000000
         965000	        95	00000000	00000013	addi	x0,x0,0	  x0:0x00000000
         975000	        96	80000588	00000013	addi	x0,x0,0	  x0:0x00000000
         985000	        97	8000058c	fdc68693	addi	x13,x13,-36	 x13:0x80009f84 x13=0x80009f60
         995000	        98	80000590	14bead13	slti	x26,x29,331	 x29:0x59f82c51 x26=0x00000000
        1005000	        99	80000594	0016a223	sw	x1,4(x13)	 x13:0x80009f60  x1:0x8000014c PA:0x80009f64
        1015000	       100	80000598	de088893	addi	x17,x17,-544	 x17:0xa81a4121 x17=0xa81a3f01
        1025000	       101	8000059c	00803bb3	sltu	x23,x0,x8	  x0:0x00000000  x8:0x80000000 x23=0x00000001
        1035000	       102	800005a0	76142f13	slti	x30,x8,1889	  x8:0x80000000 x30=0x00000001
        1045000	       103	800005a4	00c25863	bge	x4,x12,800005b4	  x4:0x00000002 x12:0x80000000
        1055000	       104	00000000	00000013	addi	x0,x0,0	  x0:0x00000000
        1065000	       105	800005b0	00000013	addi	x0,x0,0	  x0:0x00000000
        1075000	       106	800005b4	104000ef	jal	x1,800005b4	  x1=0x800005b4
        1085000	       107	00000000	00000013	addi	x0,x0,0	  x0:0x00000000
        1095000	       108	800006b4	00000013	addi	x0,x0,0	  x0:0x00000000
        1105000	       109	800006b8	41160d33	sub	x26,x12,x17	 x12:0x80000000 x17:0xa81a3f01 x26=0xd7e5c0ff
        1115000	       110	800006bc	40d02213	slti	x4,x0,1037	  x0:0x00000000  x4=0x00000001
        1125000	       111	800006c0	205faf13	slti	x30,x31,517	 x31:0xfa03c55d x30=0x00000001
        1135000	       112	800006c4	00ad8263	beq	x27,x10,800006c8	 x27:0xfab82de6 x10:0x800005a8
        1145000	       113	800006c8	ff468693	addi	x13,x13,-12	 x13:0x80009f60 x13=0x80009f54
        1155000	       114	800006cc	41ff0433	sub	x8,x30,x31	 x30:0x00000001 x31:0xfa03c55d  x8=0x05fc3aa4
        1165000	       115	800006d0	0016a223	sw	x1,4(x13)	 x13:0x80009f54  x1:0x800005b4 PA:0x80009f58
        1175000	       116	800006d4	00391c33	sll	x24,x18,x3	 x18:0x00000000  x3:0x80000000 x24=0x00000000
        1185000	       117	800006d8	00008397	auipc	x7,0x8	  x7=0x800086d4
        1195000	       118	800006dc	9a138393	addi	x7,x7,-1631	  x7:0x800086d4  x7=0x80008075
        1205000	       119	800006e0	0a939f83	lh	x31,169(x7)	  x7:0x80008075 x31=0x00000000 PA:0x8000811e
        1215000	       120	800006e4	00d80933	add	x18,x16,x13	 x16:0xc3a9e8b9 x13:0x80009f54 x18=0x43aa880d
        1225000	       121	800006e8	017dd813	srli	x16,x27,0x17	 x27:0xfab82de6 x16=0x000001f5
        1235000	       122	800006ec	0b838a23	sb	x24,180(x7)	  x7:0x80008075 x24:0x00000000 PA:0x80008129
        1245000	       123	800006f0	016fb4b3	sltu	x9,x31,x22	 x31:0x00000000 x22:0xd153f0fa  x9=0x00000001
        1255000	       124	800006f4	0ee38123	sb	x14,226(x7)	  x7:0x80008075 x14:0xfa00bbe5 PA:0x80008157
        1265000	       125	800006f8	76fd0513	addi	x10,x26,1903	 x26:0xd7e5c0ff x10=0xd7e5c86e
        1275000	       126	800006fc	0ee3c883	lbu	x17,238(x7)	  x7:0x80008075 x17=0x00000000 PA:0x80008163
        1285000	       127	80000700	002396a3	sh	x2,13(x7)	  x7:0x80008075  x2:0x0000000a PA:0x80008082
        1295000	       128	80000704	01b39e03	lh	x28,27(x7)	  x7:0x80008075 x28=0x00000000 PA:0x80008090
        1305000	       129	80000708	00ff1613	slli	x12,x30,0xf	 x30:0x00000001 x12=0x00008000
        1315000	       130	8000070c	01063633	sltu	x12,x12,x16	 x12:0x00008000 x16:0x000001f5 x12=0x00000000
        1325000	       131	80000710	4186d413	srai	x8,x13,0x18	 x13:0x80009f54  x8=0xffffff80
        1335000	       132	80000714	41665413	srai	x8,x12,0x16	 x12:0x00000000  x8=0x00000000
        1345000	       133	80000718	c150e993	ori	x19,x1,-1003	  x1:0x800005b4 x19=0xfffffdb5
        1355000	       134	8000071c	feb39b83	lh	x23,-21(x7)	  x7:0x80008075 x23=0x00000000 PA:0x80008060
        1365000	       135	80000720	9d20c497	auipc	x9,0x9d20c	  x9=0x1d20c71c
        1375000	       136	80000724	05c38303	lb	x6,92(x7)	  x7:0x80008075  x6=0x00000000 PA:0x800080d1
        1385000	       137	80000728	02538e23	sb	x5,60(x7)	  x7:0x80008075  x5:0x80009fc4 PA:0x800080b1
        1395000	       138	8000072c	38576d93	ori	x27,x14,901	 x14:0xfa00bbe5 x27=0xfa00bbe5
        1405000	       139	80000730	0d8391a3	sh	x24,195(x7)	  x7:0x80008075 x24:0x00000000 PA:0x80008138
        1415000	       140	80000734	058388a3	sb	x24,81(x7)	  x7:0x80008075 x24:0x00000000 PA:0x800080c6
        1425000	       141	80000738	0103ad33	slt	x26,x7,x16	  x7:0x80008075 x16:0x000001f5 x26=0x00000001
        1435000	       142	8000073c	0003cf03	lbu	x30,0(x7)	  x7:0x80008075 x30=0x00000000 PA:0x80008075
        1445000	       143	80000740	41035c33	sra	x24,x6,x16	  x6:0x00000000 x16:0x000001f5 x24=0x00000000
        1455000	       144	80000744	050396a3	sh	x16,77(x7)	  x7:0x80008075 x16:0x000001f5 PA:0x800080c2
        1465000	       145	80000748	014609b3	add	x19,x12,x20	 x12:0x00000000 x20:0x75f24de2 x19=0x75f24de2
        1475000	       146	8000074c	07638c23	sb	x22,120(x7)	  x7:0x80008075 x22:0xd153f0fa PA:0x800080ed
        1485000	       147	80000750	014c9b93	slli	x23,x25,0x14	 x25:0x31289144 x23=0x14400000
        1495000	       148	80000754	006396a3	sh	x6,13(x7)	  x7:0x80008075  x6:0x00000000 PA:0x80008082
        1505000	       149	80000758	4eed5ab7	lui	x21,0x4eed5	 x21=0x4eed5000
        1515000	       150	8000075c	01b5dd13	srli	x26,x11,0x1b	 x11:0x235b8647 x26=0x00000004
        1525000	       151	80000760	00000013	addi	x0,x0,0	  x0:0x00000000
        1535000	       152	80000764	2d357813	andi	x16,x10,723	 x10:0xd7e5c86e x16=0x00000042
        1545000	       153	80000768	00141013	slli	x0,x8,0x1	  x8:0x00000000
        1555000	       154	8000076c	06438023	sb	x4,96(x7)	  x7:0x80008075  x4:0x00000001 PA:0x800080d5
        1565000	       155	80000770	02b38023	sb	x11,32(x7)	  x7:0x80008075 x11:0x235b8647 PA:0x80008095
        1575000	       156	80000774	00008597	auipc	x11,0x8	 x11=0x80008770
        1585000	       157	80000778	67c58593	addi	x11,x11,1660	 x11:0x80008770 x11=0x80008dec
        1595000	       158	8000077c	fea582a3	sb	x10,-27(x11)	 x11:0x80008dec x10:0xd7e5c86e PA:0x80008dd1
        1605000	       159	80000780	01cc5f33	srl	x30,x24,x28	 x24:0x00000000 x28:0x00000000 x30=0x00000000
        1615000	       160	80000784	00d59c23	sh	x13,24(x11)	 x11:0x80008dec x13:0x80009f54 PA:0x80008e04
        1625000	       161	80000788	098f4413	xori	x8,x30,152	 x30:0x00000000  x8=0x00000098
        1635000	       162	8000078c	0325dd83	lhu	x27,50(x11)	 x11:0x80008dec x27=0x00000000 PA:0x80008e1e
        1645000	       163	80000790	00259c83	lh	x25,2(x11)	 x11:0x80008dec x25=0x00000000 PA:0x80008dee
        1655000	       164	00000000	00000013	addi	x0,x0,0	  x0:0x00000000
        1665000	       165	80000794	659ea193	slti	x3,x29,1625	 x29:0x59f82c51  x3=0x00000000
        1675000	       166	80000798	00bb43b3	xor	x7,x22,x11	 x22:0xd153f0fa x11:0x80008dec  x7=0x51537d16
        1685000	       167	8000079c	eaf159b7	lui	x19,0xeaf15	 x19=0xeaf15000
        1695000	       168	800007a0	00d589a3	sb	x13,19(x11)	 x11:0x80008dec x13:0x80009f54 PA:0x80008dff
        1705000	       169	800007a4	01c7aa33	slt	x20,x15,x28	 x15:0x309bf138 x28:0x00000000 x20=0x00000000
        1715000	       170	800007a8	fc85d783	lhu	x15,-56(x11)	 x11:0x80008dec x15=0x00000000 PA:0x80008db4
        1725000	       171	800007ac	6a117b93	andi	x23,x2,1697	  x2:0x0000000a x23=0x00000000
        1735000	       172	800007b0	000a19b3	sll	x19,x20,x0	 x20:0x00000000  x0:0x00000000 x19=0x00000000
        1745000	       173	800007b4	0195ae23	sw	x25,28(x11)	 x11:0x80008dec x25:0x00000000 PA:0x80008e08
        1755000	       174	800007b8	ec6ae513	ori	x10,x21,-314	 x21:0x4eed5000 x10=0xfffffec6
        1765000	       175	800007bc	01475513	srli	x10,x14,0x14	 x14:0xfa00bbe5 x10=0x00000fa0
        1775000	       176	800007c0	00099a13	slli	x20,x19,0x0	 x19:0x00000000 x20=0x00000000
        1785000	       177	800007c4	fdd5c103	lbu	x2,-35(x11)	 x11:0x80008dec  x2=0x00000000 PA:0x80008dc9
        1795000	       178	800007c8	006fa7b3	slt	x15,x31,x6	 x31:0x00000000  x6:0x00000000 x15=0x00000000
        1805000	       179	800007cc	40a0d333	sra	x6,x1,x10	  x1:0x800005b4 x10:0x00000fa0  x6=0x800005b4
        1815000	       180	800007d0	01581113	slli	x2,x16,0x15	 x16:0x00000042  x2=0x08400000
        1825000	       181	800007d4	ff858fa3	sb	x24,-1(x11)	 x11:0x80008dec x24:0x00000000 PA:0x80008deb
        1835000	       182	800007d8	00700533	add	x10,x0,x7	  x0:0x00000000  x7:0x51537d16 x10=0x51537d16
        1845000	       183	800007dc	406f8033	sub	x0,x31,x6	 x31:0x00000000  x6:0x800005b4
        1855000	       184	800007e0	00189913	slli	x18,x17,0x1	 x17:0x00000000 x18=0x00000000
        1865000	       185	800007e4	00000013	addi	x0,x0,0	  x0:0x00000000
        1875000	       186	800007e8	40be0633	sub	x12,x28,x11	 x28:0x00000000 x11:0x80008dec x12=0x7fff7214
        1885000	       187	800007ec	01aa1993	slli	x19,x20,0x1a	 x20:0x00000000 x19=0x00000000
        1895000	       188	800007f0	c1f74213	xori	x4,x14,-993	 x14:0xfa00bbe5  x4=0x05ff47fa
        1905000	       189	800007f4	01a3f833	and	x16,x7,x26	  x7:0x51537d16 x26:0x00000004 x16=0x00000004
        1915000	       190	800007f8	0075c303	lbu	x6,7(x11)	 x11:0x80008dec  x6=0x00000000 PA:0x80008df3
        1925000	       191	800007fc	0395c903	lbu	x18,57(x11)	 x11:0x80008dec x18=0x00000000 PA:0x80008e25
        1935000	       192	80000800	00008117	auipc	x2,0x8	  x2=0x800087fc
        1945000	       193	80000804	d0e10113	addi	x2,x2,-754	  x2:0x800087fc  x2=0x8000850a
        1955000	       194	80000808	a65e4e17	auipc	x28,0xa65e4	 x28=0x265e4804
        1965000	       195	8000080c	01c1c033	xor	x0,x3,x28	  x3:0x00000000 x28:0x265e4804
        1975000	       196	80000810	22788a93	addi	x21,x17,551	 x17:0x00000000 x21=0x00000227
        1985000	       197	80000814	00b14583	lbu	x11,11(x2)	  x2:0x8000850a x11=0x00000000 PA:0x80008515
        1995000	       198	80000818	41180b33	sub	x22,x16,x17	 x16:0x00000004 x17:0x00000000 x22=0x00000004
        2005000	       199	8000081c	ff110903	lb	x18,-15(x2)	  x2:0x8000850a x18=0x00000000 PA:0x800084fb
        2015000	       200	80000820	01d27a33	and	x20,x4,x29	  x4:0x05ff47fa x29:0x59f82c51 x20=0x01f80450
        2025000	       201	80000824	00111823	sh	x1,16(x2)	  x2:0x8000850a  x1:0x800005b4 PA:0x8000851a
        2035000	       202	80000828	414e3e17	auipc	x28,0x414e3	 x28=0xc14e3824
        2045000	       203	8000082c	ffc10aa3	sb	x28,-11(x2)	  x2:0x8000850a x28:0xc14e3824 PA:0x800084ff
        2055000	       204	80000830	bd3be193	ori	x3,x23,-1069	 x23:0x00000000  x3=0xfffffbd3
        2065000	       205	80000834	00a12a83	lw	x21,10(x2)	  x2:0x8000850a x21=0x00000000 PA:0x80008514
        2075000	       206	80000838	abdc9317	auipc	x6,0xabdc9	  x6=0x2bdc9834
        2085000	       207	8000083c	20092393	slti	x7,x18,512	 x18:0x00000000  x7=0x00000001
        2095000	       208	80000840	01ac9d93	slli	x27,x25,0x1a	 x25:0x00000000 x27=0x00000000
        2105000	       209	80000844	ffc11823	sh	x28,-16(x2)	  x2:0x8000850a x28:0xc14e3824 PA:0x800084fa
        2115000	       210	80000848	ff110a83	lb	x21,-15(x2)	  x2:0x8000850a x21=0x00000038 PA:0x800084fb
        2125000	       211	8000084c	00514903	lbu	x18,5(x2)	  x2:0x8000850a x18=0x00000000 PA:0x8000850f
        2135000	       212	80000850	fe012f23	sw	x0,-2(x2)	  x2:0x8000850a  x0:0x00000000 PA:0x80008508
        2145000	       213	80000854	00215383	lhu	x7,2(x2)	  x2:0x8000850a  x7=0x00000000 PA:0x8000850c
        2155000	       214	80000858	ff310883	lb	x17,-13(x2)	  x2:0x8000850a x17=0x00000000 PA:0x800084fd
        2165000	       215	8000085c	00a49c13	slli	x24,x9,0xa	  x9:0x1d20c71c x24=0x831c7000
        2175000	       216	80000860	4085d233	sra	x4,x11,x8	 x11:0x00000000  x8:0x00000098  x4=0x00000000
        2185000	       217	80000864	01e10023	sb	x30,0(x2)	  x2:0x8000850a x30:0x00000000 PA:0x8000850a
        2195000	       218	80000868	41eadf13	srai	x30,x21,0x1e	 x21:0x00000038 x30=0x00000000
        2205000	       219	8000086c	ffc15c03	lhu	x24,-4(x2)	  x2:0x8000850a x24=0x00000000 PA:0x80008506
        2215000	       220	80000870	0078c533	xor	x10,x17,x7	 x17:0x00000000  x7:0x00000000 x10=0x00000000
        2225000	       221	80000874	01997833	and	x16,x18,x25	 x18:0x00000000 x25:0x00000000 x16=0x00000000
        2235000	       222	80000878	40f653b3	sra	x7,x12,x15	 x12:0x7fff7214 x15:0x00000000  x7=0x7fff7214
        2245000	       223	8000087c	01f15d93	srli	x27,x2,0x1f	  x2:0x8000850a x27=0x00000001
        2255000	       224	80000880	01aa6933	or	x18,x20,x26	 x20:0x01f80450 x26:0x00000004 x18=0x01f80454
        2265000	       225	80000884	fff14f03	lbu	x30,-1(x2)	  x2:0x8000850a x30=0x00000000 PA:0x80008509
        2275000	       226	80000888	93587313	andi	x6,x16,-1739	 x16:0x00000000  x6=0x00000000
        2285000	       227	8000088c	04f2fa13	andi	x20,x5,79	  x5:0x80009fc4 x20=0x00000044
        2295000	       228	80000890	bc62f393	andi	x7,x5,-1082	  x5:0x80009fc4  x7=0x80009bc4
        2305000	       229	80000894	00f10503	lb	x10,15(x2)	  x2:0x8000850a x10=0x00000000 PA:0x80008519
        2315000	       230	80000898	ff714b83	lbu	x23,-9(x2)	  x2:0x8000850a x23=0x00000000 PA:0x80008501
        2325000	       231	8000089c	00a12f83	lw	x31,10(x2)	  x2:0x8000850a x31=0x00000000 PA:0x80008514
        2335000	       232	800008a0	633f6f13	ori	x30,x30,1587	 x30:0x00000000 x30=0x00000633
        2345000	       233	800008a4	008ac233	xor	x4,x21,x8	 x21:0x00000038  x8:0x00000098  x4=0x000000a0
        2355000	       234	800008a8	fe912923	sw	x9,-14(x2)	  x2:0x8000850a  x9:0x1d20c71c PA:0x800084fc
        2365000	       235	800008ac	00e3b9b3	sltu	x19,x7,x14	  x7:0x80009bc4 x14:0xfa00bbe5 x19=0x00000001
        2375000	       236	800008b0	00011f83	lh	x31,0(x2)	  x2:0x8000850a x31=0x00000000 PA:0x8000850a
        2385000	       237	800008b4	ffc10fa3	sb	x28,-1(x2)	  x2:0x8000850a x28:0xc14e3824 PA:0x80008509
        2395000	       238	800008b8	ff714903	lbu	x18,-9(x2)	  x2:0x8000850a x18=0x00000000 PA:0x80008501
        2405000	       239	800008bc	ff710483	lb	x9,-9(x2)	  x2:0x8000850a  x9=0x00000000 PA:0x80008501
        2415000	       240	800008c0	00e15e03	lhu	x28,14(x2)	  x2:0x8000850a x28=0x00000000 PA:0x80008518
        2425000	       241	800008c4	ff610aa3	sb	x22,-11(x2)	  x2:0x8000850a x22:0x00000004 PA:0x800084ff
        2435000	       242	800008c8	00008097	auipc	x1,0x8	  x1=0x800088c4
        2445000	       243	800008cc	13208093	addi	x1,x1,306	  x1:0x800088c4  x1=0x800089f6
        2455000	       244	800008d0	39c0d403	lhu	x8,924(x1)	  x1:0x800089f6  x8=0x00000000 PA:0x80008d92
        2465000	       245	800008d4	3202aa93	slti	x21,x5,800	  x5:0x80009fc4 x21=0x00000001
        2475000	       246	800008d8	2820d303	lhu	x6,642(x1)	  x1:0x800089f6  x6=0x00000000 PA:0x80008c78
        2485000	       247	800008dc	0b708da3	sb	x23,187(x1)	  x1:0x800089f6 x23:0x00000000 PA:0x80008ab1
        2495000	       248	800008e0	dcf57313	andi	x6,x10,-561	 x10:0x00000000  x6=0x00000000
        2505000	       249	800008e4	00000013	addi	x0,x0,0	  x0:0x00000000
        2515000	       250	800008e8	00000013	addi	x0,x0,0	  x0:0x00000000
        2525000	       251	800008ec	7ee27313	andi	x6,x4,2030	  x4:0x000000a0  x6=0x000000a0
        2535000	       252	800008f0	4490a523	sw	x9,1098(x1)	  x1:0x800089f6  x9:0x00000000 PA:0x80008e40
        2545000	       253	800008f4	4e60a003	lw	x0,1254(x1)	  x1:0x800089f6 PA:0x80008edc
        2555000	       254	800008f8	3a01ed93	ori	x27,x3,928	  x3:0xfffffbd3 x27=0xfffffbf3
        2565000	       255	800008fc	1560d183	lhu	x3,342(x1)	  x1:0x800089f6  x3=0x00000000 PA:0x80008b4c
        2575000	       256	80000900	21708c03	lb	x24,535(x1)	  x1:0x800089f6 x24=0x00000000 PA:0x80008c0d
        2585000	       257	80000904	512d2837	lui	x16,0x512d2	 x16=0x512d2000
        2595000	       258	80000908	c2bcae13	slti	x28,x25,-981	 x25:0x00000000 x28=0x00000000
        2605000	       259	8000090c	41ea87b3	sub	x15,x21,x30	 x21:0x00000001 x30:0x00000633 x15=0xfffff9ce
        2615000	       260	80000910	e6d0a123	sw	x13,-414(x1)	  x1:0x800089f6 x13:0x80009f54 PA:0x80008858
        2625000	       261	80000914	f5708e03	lb	x28,-169(x1)	  x1:0x800089f6 x28=0x00000000 PA:0x8000894d
        2635000	       262	80000918	fb108203	lb	x4,-79(x1)	  x1:0x800089f6  x4=0x00000000 PA:0x800089a7
        2645000	       263	8000091c	42308f83	lb	x31,1059(x1)	  x1:0x800089f6 x31=0x00000000 PA:0x80008e19
        2655000	       264	80000920	40c0d593	srai	x11,x1,0xc	  x1:0x800089f6 x11=0xfff80008
        2665000	       265	80000924	40ae5513	srai	x10,x28,0xa	 x28:0x00000000 x10=0x00000000
        2675000	       266	80000928	ef309823	sh	x19,-272(x1)	  x1:0x800089f6 x19:0x00000001 PA:0x800088e6
        2685000	       267	8000092c	01f75493	srli	x9,x14,0x1f	 x14:0xfa00bbe5  x9=0x00000001
        2695000	       268	80000930	5ef08223	sb	x15,1508(x1)	  x1:0x800089f6 x15:0xfffff9ce PA:0x80008fda
        2705000	       269	80000934	0043f833	and	x16,x7,x4	  x7:0x80009bc4  x4:0x00000000 x16=0x00000000
        2715000	       270	80000938	5730c883	lbu	x17,1395(x1)	  x1:0x800089f6 x17=0x00000000 PA:0x80008f69
        2725000	       271	8000093c	00a6c1b3	xor	x3,x13,x10	 x13:0x80009f54 x10:0x00000000  x3=0x80009f54
        2735000	       272	80000940	f0c081a3	sb	x12,-253(x1)	  x1:0x800089f6 x12:0x7fff7214 PA:0x800088f9
        2745000	       273	80000944	00d69f93	slli	x31,x13,0xd	 x13:0x80009f54 x31=0x13ea8000
        2755000	       274	80000948	42608c23	sb	x6,1080(x1)	  x1:0x800089f6  x6:0x000000a0 PA:0x80008e2e
        2765000	       275	8000094c	ef908a03	lb	x20,-263(x1)	  x1:0x800089f6 x20=0x00000000 PA:0x800088ef
        2775000	       276	80000950	28c0db03	lhu	x22,652(x1)	  x1:0x800089f6 x22=0x00000000 PA:0x80008c82
        2785000	       277	80000954	008bd633	srl	x12,x23,x8	 x23:0x00000000  x8:0x00000000 x12=0x00000000
        2795000	       278	80000958	014467b3	or	x15,x8,x20	  x8:0x00000000 x20:0x00000000 x15=0x00000000
        2805000	       279	8000095c	01271813	slli	x16,x14,0x12	 x14:0xfa00bbe5 x16=0xef940000
        2815000	       280	80000960	011cd7b3	srl	x15,x25,x17	 x25:0x00000000 x17:0x00000000 x15=0x00000000
        2825000	       281	80000964	2d408b23	sb	x20,726(x1)	  x1:0x800089f6 x20:0x00000000 PA:0x80008ccc
        2835000	       282	80000968	25808803	lb	x16,600(x1)	  x1:0x800089f6 x16=0x00000000 PA:0x80008c4e
        2845000	       283	8000096c	00a319b3	sll	x19,x6,x10	  x6:0x000000a0 x10:0x00000000 x19=0x000000a0
        2855000	       284	80000970	01e05c13	srli	x24,x0,0x1e	  x0:0x00000000 x24=0x00000000
        2865000	       285	80000974	010934b3	sltu	x9,x18,x16	 x18:0x00000000 x16:0x00000000  x9=0x00000000
        2875000	       286	80000978	ef708703	lb	x14,-265(x1)	  x1:0x800089f6 x14=0x00000000 PA:0x800088ed
        2885000	       287	8000097c	00007097	auipc	x1,0x7	  x1=0x80007978
        2895000	       288	80000980	6d108093	addi	x1,x1,1745	  x1:0x80007978  x1=0x80008049
        2905000	       289	80000984	03808a03	lb	x20,56(x1)	  x1:0x80008049 x20=0x00000000 PA:0x80008081
        2915000	       290	80000988	35867d13	andi	x26,x12,856	 x12:0x00000000 x26=0x00000000
        2925000	       291	8000098c	da224413	xori	x8,x4,-606	  x4:0x00000000  x8=0xfffffda2
        2935000	       292	80000990	019613b3	sll	x7,x12,x25	 x12:0x00000000 x25:0x00000000  x7=0x00000000
        2945000	       293	80000994	011b5bb3	srl	x23,x22,x17	 x22:0x00000000 x17:0x00000000 x23=0x00000000
        2955000	       294	80000998	017a27b3	slt	x15,x20,x23	 x20:0x00000000 x23:0x00000000 x15=0x00000000
        2965000	       295	8000099c	0130aa83	lw	x21,19(x1)	  x1:0x80008049 x21=0x00000000 PA:0x8000805c
        2975000	       296	800009a0	a9c85bb7	lui	x23,0xa9c85	 x23=0xa9c85000
        2985000	       297	800009a4	41a75493	srai	x9,x14,0x1a	 x14:0x00000000  x9=0x00000000
        2995000	       298	800009a8	349e3913	sltiu	x18,x28,841	 x28:0x00000000 x18=0x00000001
        3005000	       299	800009ac	02b0a103	lw	x2,43(x1)	  x1:0x80008049  x2=0x00000000 PA:0x80008074
        3015000	       300	800009b0	41508fb3	sub	x31,x1,x21	  x1:0x80008049 x21:0x00000000 x31=0x80008049
        3025000	       301	800009b4	023087a3	sb	x3,47(x1)	  x1:0x80008049  x3:0x80009f54 PA:0x80008078
        3035000	       302	800009b8	dd31e713	ori	x14,x3,-557	  x3:0x80009f54 x14=0xffffffd7
        3045000	       303	800009bc	00955d13	srli	x26,x10,0x9	 x10:0x00000000 x26=0x00000000
        3055000	       304	800009c0	0220cf83	lbu	x31,34(x1)	  x1:0x80008049 x31=0x00000000 PA:0x8000806b
        3065000	       305	800009c4	02d09f03	lh	x30,45(x1)	  x1:0x80008049 x30=0x00000000 PA:0x80008076
        3075000	       306	800009c8	007b44b3	xor	x9,x22,x7	 x22:0x00000000  x7:0x00000000  x9=0x00000000
        3085000	       307	800009cc	014098a3	sh	x20,17(x1)	  x1:0x80008049 x20:0x00000000 PA:0x8000805a
        3095000	       308	800009d0	02708923	sb	x7,50(x1)	  x1:0x80008049  x7:0x00000000 PA:0x8000807b
        3105000	       309	800009d4	011e99b3	sll	x19,x29,x17	 x29:0x59f82c51 x17:0x00000000 x19=0x59f82c51
        3115000	       310	800009d8	015868b3	or	x17,x16,x21	 x16:0x00000000 x21:0x00000000 x17=0x00000000
        3125000	       311	800009dc	03508703	lb	x14,53(x1)	  x1:0x80008049 x14=0x00000000 PA:0x8000807e
        3135000	       312	800009e0	cd406497	auipc	x9,0xcd406	  x9=0x4d4069dc
        3145000	       313	800009e4	12d20e13	addi	x28,x4,301	  x4:0x00000000 x28=0x0000012d
        3155000	       314	800009e8	03208483	lb	x9,50(x1)	  x1:0x80008049  x9=0x00000000 PA:0x8000807b
        3165000	       315	800009ec	40fb5113	srai	x2,x22,0xf	 x22:0x00000000  x2=0x00000000
        3175000	       316	800009f0	0270cc03	lbu	x24,39(x1)	  x1:0x80008049 x24=0x00000000 PA:0x80008070
        3185000	       317	800009f4	00457cb3	and	x25,x10,x4	 x10:0x00000000  x4:0x00000000 x25=0x00000000
        3195000	       318	800009f8	015db8b3	sltu	x17,x27,x21	 x27:0xfffffbf3 x21:0x00000000 x17=0x00000000
        3205000	       319	800009fc	019098a3	sh	x25,17(x1)	  x1:0x80008049 x25:0x00000000 PA:0x8000805a
        3215000	       320	80000a00	028098a3	sh	x8,49(x1)	  x1:0x80008049  x8:0xfffffda2 PA:0x8000807a
        3225000	       321	80000a04	1eb55237	lui	x4,0x1eb55	  x4=0x1eb55000
        3235000	       322	80000a08	00d44133	xor	x2,x8,x13	  x8:0xfffffda2 x13:0x80009f54  x2=0x7fff62f6
        3245000	       323	80000a0c	00c3e663	bltu	x7,x12,80000a18	  x7:0x00000000 x12:0x00000000
        3255000	       324	80000a10	70c90113	addi	x2,x18,1804	 x18:0x00000001  x2=0x0000070d
        3265000	       325	80000a14	00911e13	slli	x28,x2,0x9	  x2:0x0000070d x28=0x000e1a00
        3275000	       326	80000a18	018a6833	or	x16,x20,x24	 x20:0x00000000 x24:0x00000000 x16=0x00000000
        3285000	       327	80000a1c	40895bb3	sra	x23,x18,x8	 x18:0x00000001  x8:0xfffffda2 x23=0x00000000
        3295000	       328	80000a20	79b88493	addi	x9,x17,1947	 x17:0x00000000  x9=0x0000079b
        3305000	       329	80000a24	011d2033	slt	x0,x26,x17	 x26:0x00000000 x17:0x00000000
        3315000	       330	80000a28	04275063	bge	x14,x2,80000a68	 x14:0x00000000  x2:0x0000070d
        3325000	       331	80000a2c	02660a63	beq	x12,x6,80000a60	 x12:0x00000000  x6:0x000000a0
        3335000	       332	80000a30	00a8f0b3	and	x1,x17,x10	 x17:0x00000000 x10:0x00000000  x1=0x00000000
        3345000	       333	80000a34	b2197093	andi	x1,x18,-1247	 x18:0x00000001  x1=0x00000001
        3355000	       334	80000a38	00f655b3	srl	x11,x12,x15	 x12:0x00000000 x15:0x00000000 x11=0x00000000
        3365000	       335	80000a3c	1e9ce613	ori	x12,x25,489	 x25:0x00000000 x12=0x000001e9
        3375000	       336	80000a40	00b40333	add	x6,x8,x11	  x8:0xfffffda2 x11:0x00000000  x6=0xfffffda2
        3385000	       337	80000a44	4068df33	sra	x30,x17,x6	 x17:0x00000000  x6:0xfffffda2 x30=0x00000000
        3395000	       338	80000a48	5b02f713	andi	x14,x5,1456	  x5:0x80009fc4 x14=0x00000580
        3405000	       339	80000a4c	0002d663	bge	x5,x0,80000a58	  x5:0x80009fc4  x0:0x00000000
        3415000	       340	80000a50	9bbe6313	ori	x6,x28,-1605	 x28:0x000e1a00  x6=0xfffffbbb
        3425000	       341	80000a54	3bd2f417	auipc	x8,0x3bd2f	  x8=0xbbd2fa50
        3435000	       342	80000a58	719fc993	xori	x19,x31,1817	 x31:0x00000000 x19=0x00000719
        3445000	       343	80000a5c	01cb5b93	srli	x23,x22,0x1c	 x22:0x00000000 x23=0x00000000
        3455000	       344	80000a60	41565113	srai	x2,x12,0x15	 x12:0x000001e9  x2=0x00000000
        3465000	       345	80000a64	41b05713	srai	x14,x0,0x1b	  x0:0x00000000 x14=0x00000000
        3475000	       346	80000a68	0d8ee663	bltu	x29,x24,80000b34	 x29:0x59f82c51 x24:0x00000000
        3485000	       347	80000a6c	001b1013	slli	x0,x22,0x1	 x22:0x00000000
        3495000	       348	80000a70	00d0b3b3	sltu	x7,x1,x13	  x1:0x00000001 x13:0x80009f54  x7=0x00000001
        3505000	       349	80000a74	0d5a0463	beq	x20,x21,80000b3c	 x20:0x00000000 x21:0x00000000
        3515000	       350	00000000	00000013	addi	x0,x0,0	  x0:0x00000000
        3525000	       351	80000b38	00000013	addi	x0,x0,0	  x0:0x00000000
        3535000	       352	80000b3c	02d89063	bne	x17,x13,80000b5c	 x17:0x00000000 x13:0x80009f54
        3545000	       353	00000000	00000013	addi	x0,x0,0	  x0:0x00000000
        3555000	       354	80000b58	00000013	addi	x0,x0,0	  x0:0x00000000
        3565000	       355	80000b5c	00000013	addi	x0,x0,0	  x0:0x00000000
        3575000	       356	80000b60	0012c9b3	xor	x19,x5,x1	  x5:0x80009fc4  x1:0x00000001 x19=0x80009fc5
        3585000	       357	80000b64	00b6db33	srl	x22,x13,x11	 x13:0x80009f54 x11:0x00000000 x22=0x80009f54
        3595000	       358	80000b68	2bc53393	sltiu	x7,x10,700	 x10:0x00000000  x7=0x00000001
        3605000	       359	80000b6c	001b11b3	sll	x3,x22,x1	 x22:0x80009f54  x1:0x00000001  x3=0x00013ea8
        3615000	       360	80000b70	40192e13	slti	x28,x18,1025	 x18:0x00000001 x28=0x00000001
        3625000	       361	80000b74	01354263	blt	x10,x19,80000b78	 x10:0x00000000 x19:0x80009fc5
        3635000	       362	80000b78	00000013	addi	x0,x0,0	  x0:0x00000000
        3645000	       363	80000b7c	12477f37	lui	x30,0x12477	 x30=0x12477000
        3655000	       364	80000b80	05a97663	bgeu	x18,x26,80000bcc	 x18:0x00000001 x26:0x00000000
        3665000	       365	00000000	00000013	addi	x0,x0,0	  x0:0x00000000
        3675000	       366	80000bc8	00000013	addi	x0,x0,0	  x0:0x00000000
        3685000	       367	80000bcc	407b5a13	srai	x20,x22,0x7	 x22:0x80009f54 x20=0xff00013e
        3695000	       368	80000bd0	01ee24b3	slt	x9,x28,x30	 x28:0x00000001 x30:0x12477000  x9=0x00000001
        3705000	       369	80000bd4	00354c33	xor	x24,x10,x3	 x10:0x00000000  x3:0x00013ea8 x24=0x00013ea8
        3715000	       370	80000bd8	00fd75b3	and	x11,x26,x15	 x26:0x00000000 x15:0x00000000 x11=0x00000000
        3725000	       371	80000bdc	00fbc533	xor	x10,x23,x15	 x23:0x00000000 x15:0x00000000 x10=0x00000000
        3735000	       372	80000be0	413a58b3	sra	x17,x20,x19	 x20:0xff00013e x19:0x80009fc5 x17=0xfff80009
        3745000	       373	80000be4	e64f5897	auipc	x17,0xe64f5	 x17=0x664f5be0
        3755000	       374	80000be8	9ef1f013	andi	x0,x3,-1553	  x3:0x00013ea8
        3765000	       375	80000bec	00d0d5b3	srl	x11,x1,x13	  x1:0x00000001 x13:0x80009f54 x11=0x00000000
        3775000	       376	80000bf0	05afd663	bge	x31,x26,80000c3c	 x31:0x00000000 x26:0x00000000
        3785000	       377	00000000	00000013	addi	x0,x0,0	  x0:0x00000000
        3795000	       378	80000c38	00000013	addi	x0,x0,0	  x0:0x00000000
        3805000	       379	80000c3c	016a70b3	and	x1,x20,x22	 x20:0xff00013e x22:0x80009f54  x1=0x80000114
        3815000	       380	80000c40	00000013	addi	x0,x0,0	  x0:0x00000000
        3825000	       381	80000c44	045c0663	beq	x24,x5,80000c90	 x24:0x00013ea8  x5:0x80009fc4
        3835000	       382	80000c48	13a48e13	addi	x28,x9,314	  x9:0x00000001 x28=0x0000013b
        3845000	       383	80000c4c	ae637713	andi	x14,x6,-1306	  x6:0xfffffbbb x14=0xfffffaa2
        3855000	       384	80000c50	bd766b13	ori	x22,x12,-1065	 x12:0x000001e9 x22=0xfffffbff
        3865000	       385	80000c54	7f7eaf13	slti	x30,x29,2039	 x29:0x59f82c51 x30=0x00000000
        3875000	       386	80000c58	c0034493	xori	x9,x6,-1024	  x6:0xfffffbbb  x9=0x000007bb
        3885000	       387	80000c5c	04144863	blt	x8,x1,80000cac	  x8:0xbbd2fa50  x1:0x80000114
        3895000	       388	80000c60	01c1ea63	bltu	x3,x28,80000c74	  x3:0x00013ea8 x28:0x0000013b
        3905000	       389	80000c64	00dcca33	xor	x20,x25,x13	 x25:0x00000000 x13:0x80009f54 x20=0x80009f54
        3915000	       390	80000c68	00cdfdb3	and	x27,x27,x12	 x27:0xfffffbf3 x12:0x000001e9 x27=0x000001e1
        3925000	       391	80000c6c	00b247b3	xor	x15,x4,x11	  x4:0x1eb55000 x11:0x00000000 x15=0x1eb55000
        3935000	       392	80000c70	019fd993	srli	x19,x31,0x19	 x31:0x00000000 x19=0x00000000
        3945000	       393	80000c74	0174d333	srl	x6,x9,x23	  x9:0x000007bb x23:0x00000000  x6=0x000007bb
        3955000	       394	80000c78	6ba22a93	slti	x21,x4,1722	  x4:0x1eb55000 x21=0x00000000
        3965000	       395	80000c7c	02f50c63	beq	x10,x15,80000cb4	 x10:0x00000000 x15:0x1eb55000
        3975000	       396	80000c80	00086463	bltu	x16,x0,80000c88	 x16:0x00000000  x0:0x00000000
        3985000	       397	80000c84	01408863	beq	x1,x20,80000c94	  x1:0x80000114 x20:0x80009f54
        3995000	       398	80000c88	6e63ff13	andi	x30,x7,1766	  x7:0x00000001 x30=0x00000000
        4005000	       399	80000c8c	02868a63	beq	x13,x8,80000cc0	 x13:0x80009f54  x8:0xbbd2fa50
        4015000	       400	80000c90	03b6ce63	blt	x13,x27,80000ccc	 x13:0x80009f54 x27:0x000001e1
        4025000	       401	00000000	00000013	addi	x0,x0,0	  x0:0x00000000
        4035000	       402	80000cc8	00000013	addi	x0,x0,0	  x0:0x00000000
        4045000	       403	80000ccc	035aec63	bltu	x21,x21,80000d04	 x21:0x00000000 x21:0x00000000
        4055000	       404	80000cd0	01a85463	bge	x16,x26,80000cd8	 x16:0x00000000 x26:0x00000000
        4065000	       405	00000000	00000013	addi	x0,x0,0	  x0:0x00000000
        4075000	       406	80000cd4	00000013	addi	x0,x0,0	  x0:0x00000000
        4085000	       407	80000cd8	02947e63	bgeu	x8,x9,80000d14	  x8:0xbbd2fa50  x9:0x000007bb
        4095000	       408	00000000	00000013	addi	x0,x0,0	  x0:0x00000000
        4105000	       409	80000d10	00000013	addi	x0,x0,0	  x0:0x00000000
        4115000	       410	80000d14	02dbf663	bgeu	x23,x13,80000d40	 x23:0x00000000 x13:0x80009f54
        4125000	       411	80000d18	015e2f33	slt	x30,x28,x21	 x28:0x0000013b x21:0x00000000 x30=0x00000000
        4135000	       412	80000d1c	00451c13	slli	x24,x10,0x4	 x10:0x00000000 x24=0x00000000
        4145000	       413	80000d20	01e86cb3	or	x25,x16,x30	 x16:0x00000000 x30:0x00000000 x25=0x00000000
        4155000	       414	80000d24	2d460c13	addi	x24,x12,724	 x12:0x000001e9 x24=0x000004bd
        4165000	       415	80000d28	401a5893	srai	x17,x20,0x1	 x20:0x80009f54 x17=0xc0004faa
        4175000	       416	80000d2c	343a0a13	addi	x20,x20,835	 x20:0x80009f54 x20=0x8000a297
        4185000	       417	80000d30	01bcfd33	and	x26,x25,x27	 x25:0x00000000 x27:0x000001e1 x26=0x00000000
        4195000	       418	80000d34	311e6893	ori	x17,x28,785	 x28:0x0000013b x17=0x0000033b
        4205000	       419	80000d38	00b9c263	blt	x19,x11,80000d3c	 x19:0x00000000 x11:0x00000000
        4215000	       420	80000d3c	006e9d33	sll	x26,x29,x6	 x29:0x59f82c51  x6:0x000007bb x26=0x88000000
        4225000	       421	80000d40	00c073b3	and	x7,x0,x12	  x0:0x00000000 x12:0x000001e9  x7=0x00000000
        4235000	       422	80000d44	c1ddc797	auipc	x15,0xc1ddc	 x15=0x41ddcd40
        4245000	       423	80000d48	26abdf37	lui	x30,0x26abd	 x30=0x26abd000
        4255000	       424	80000d4c	00a5fe63	bgeu	x11,x10,80000d68	 x11:0x00000000 x10:0x00000000
        4265000	       425	00000000	00000013	addi	x0,x0,0	  x0:0x00000000
        4275000	       426	80000d64	00000013	addi	x0,x0,0	  x0:0x00000000
        4285000	       427	80000d68	0e956263	bltu	x10,x9,80000e4c	 x10:0x00000000  x9:0x000007bb
        4295000	       428	00000000	00000013	addi	x0,x0,0	  x0:0x00000000
        4305000	       429	80000e48	00000013	addi	x0,x0,0	  x0:0x00000000
        4315000	       430	80000e4c	9f0df097	auipc	x1,0x9f0df	  x1=0x1f0dfe48
        4325000	       431	80000e50	015d5463	bge	x26,x21,80000e58	 x26:0x88000000 x21:0x00000000
        4335000	       432	80000e54	03690063	beq	x18,x22,80000e74	 x18:0x00000001 x22:0xfffffbff
        4345000	       433	80000e58	00a29863	bne	x5,x10,80000e68	  x5:0x80009fc4 x10:0x00000000
        4355000	       434	00000000	00000013	addi	x0,x0,0	  x0:0x00000000
        4365000	       435	80000e64	00000013	addi	x0,x0,0	  x0:0x00000000
        4375000	       436	80000e68	02b5cc63	blt	x11,x11,80000ea0	 x11:0x00000000 x11:0x00000000
        4385000	       437	80000e6c	054c5063	bge	x24,x20,80000eac	 x24:0x000004bd x20:0x8000a297
        4395000	       438	00000000	00000013	addi	x0,x0,0	  x0:0x00000000
        4405000	       439	80000ea8	00000013	addi	x0,x0,0	  x0:0x00000000
        4415000	       440	80000eac	74baa637	lui	x12,0x74baa	 x12=0x74baa000
        4425000	       441	80000eb0	00161e13	slli	x28,x12,0x1	 x12:0x74baa000 x28=0xe9754000
        4435000	       442	80000eb4	009b1593	slli	x11,x22,0x9	 x22:0xfffffbff x11=0xfff7fe00
        4445000	       443	80000eb8	4077dd93	srai	x27,x15,0x7	 x15:0x41ddcd40 x27=0x0083bb9a
        4455000	       444	80000ebc	00000013	addi	x0,x0,0	  x0:0x00000000
        4465000	       445	80000ec0	02946a63	bltu	x8,x9,80000ef4	  x8:0xbbd2fa50  x9:0x000007bb
        4475000	       446	80000ec4	01c05b13	srli	x22,x0,0x1c	  x0:0x00000000 x22=0x00000000
        4485000	       447	80000ec8	04f1d663	bge	x3,x15,80000f14	  x3:0x00013ea8 x15:0x41ddcd40
        4495000	       448	80000ecc	14918b93	addi	x23,x3,329	  x3:0x00013ea8 x23=0x00013ff1
        4505000	       449	80000ed0	01724b33	xor	x22,x4,x23	  x4:0x1eb55000 x23:0x00013ff1 x22=0x1eb46ff1
        4515000	       450	80000ed4	00f84263	blt	x16,x15,80000ed8	 x16:0x00000000 x15:0x41ddcd40
        4525000	       451	00000000	00000013	addi	x0,x0,0	  x0:0x00000000
        4535000	       452	80000ed4	00000013	addi	x0,x0,0	  x0:0x00000000
        4545000	       453	80000ed8	41855d13	srai	x26,x10,0x18	 x10:0x00000000 x26=0x00000000
        4555000	       454	80000edc	005ad413	srli	x8,x21,0x5	 x21:0x00000000  x8=0x00000000
        4565000	       455	80000ee0	0152c0b3	xor	x1,x5,x21	  x5:0x80009fc4 x21:0x00000000  x1=0x80009fc4
        4575000	       456	80000ee4	02a0fa63	bgeu	x1,x10,80000f18	  x1:0x80009fc4 x10:0x00000000
        4585000	       457	00000000	00000013	addi	x0,x0,0	  x0:0x00000000
        4595000	       458	80000f14	00000013	addi	x0,x0,0	  x0:0x00000000
        4605000	       459	80000f18	da79a793	slti	x15,x19,-601	 x19:0x00000000 x15=0x00000000
        4615000	       460	80000f1c	00000013	addi	x0,x0,0	  x0:0x00000000
        4625000	       461	80000f20	00bb0533	add	x10,x22,x11	 x22:0x1eb46ff1 x11:0xfff7fe00 x10=0x1eac6df1
        4635000	       462	80000f24	01488463	beq	x17,x20,80000f2c	 x17:0x0000033b x20:0x8000a297
        4645000	       463	80000f28	012c9833	sll	x16,x25,x18	 x25:0x00000000 x18:0x00000001 x16=0x00000000
        4655000	       464	80000f2c	7c3d04b7	lui	x9,0x7c3d0	  x9=0x7c3d0000
        4665000	       465	80000f30	bf4d7993	andi	x19,x26,-1036	 x26:0x00000000 x19=0x00000000
        4675000	       466	80000f34	9c0a4313	xori	x6,x20,-1600	 x20:0x8000a297  x6=0x7fff5b57
        4685000	       467	80000f38	00000013	addi	x0,x0,0	  x0:0x00000000
        4695000	       468	80000f3c	ba7ef993	andi	x19,x29,-1113	 x29:0x59f82c51 x19=0x59f82801
        4705000	       469	80000f40	0109d333	srl	x6,x19,x16	 x19:0x59f82801 x16:0x00000000  x6=0x59f82801
        4715000	       470	80000f44	40020533	sub	x10,x4,x0	  x4:0x1eb55000  x0:0x00000000 x10=0x1eb55000
        4725000	       471	80000f48	418b08b3	sub	x17,x22,x24	 x22:0x1eb46ff1 x24:0x000004bd x17=0x1eb46b34
        4735000	       472	80000f4c	41b45e33	sra	x28,x8,x27	  x8:0x00000000 x27:0x0083bb9a x28=0x00000000
        4745000	       473	80000f50	007b8ab3	add	x21,x23,x7	 x23:0x00013ff1  x7:0x00000000 x21=0x00013ff1
        4755000	       474	80000f54	e1ff8d17	auipc	x26,0xe1ff8	 x26=0x61ff8f50
        4765000	       475	80000f58	0042f333	and	x6,x5,x4	  x5:0x80009fc4  x4:0x1eb55000  x6=0x00001000
        4775000	       476	80000f5c	006c1893	slli	x17,x24,0x6	 x24:0x000004bd x17=0x00012f40
        4785000	       477	80000f60	00f95463	bge	x18,x15,80000f68	 x18:0x00000001 x15:0x00000000
        4795000	       478	00000000	00000013	addi	x0,x0,0	  x0:0x00000000
        4805000	       479	80000f64	00000013	addi	x0,x0,0	  x0:0x00000000
        4815000	       480	80000f68	f562f217	auipc	x4,0xf562f	  x4=0x7562ff64
        4825000	       481	80000f6c	585821b7	lui	x3,0x58582	  x3=0x58582000
        4835000	       482	80000f70	02ff7463	bgeu	x30,x15,80000f98	 x30:0x26abd000 x15:0x00000000
        4845000	       483	00000000	00000013	addi	x0,x0,0	  x0:0x00000000
        4855000	       484	80000f94	00000013	addi	x0,x0,0	  x0:0x00000000
        4865000	       485	80000f98	0019e663	bltu	x19,x1,80000fa4	 x19:0x59f82801  x1:0x80009fc4
        4875000	       486	00000000	00000013	addi	x0,x0,0	  x0:0x00000000
        4885000	       487	80000fa0	00000013	addi	x0,x0,0	  x0:0x00000000
        4895000	       488	80000fa4	018f3e33	sltu	x28,x30,x24	 x30:0x26abd000 x24:0x000004bd x28=0x00000000
        4905000	       489	80000fa8	019259b3	srl	x19,x4,x25	  x4:0x7562ff64 x25:0x00000000 x19=0x7562ff64
        4915000	       490	80000fac	418ed233	sra	x4,x29,x24	 x29:0x59f82c51 x24:0x000004bd  x4=0x00000002
        4925000	       491	80000fb0	544ea213	slti	x4,x29,1348	 x29:0x59f82c51  x4=0x00000000
        4935000	       492	80000fb4	0d5a7d93	andi	x27,x20,213	 x20:0x8000a297 x27=0x00000095
        4945000	       493	80000fb8	01914db3	xor	x27,x2,x25	  x2:0x00000000 x25:0x00000000 x27=0x00000000
        4955000	       494	80000fbc	01efbd33	sltu	x26,x31,x30	 x31:0x00000000 x30:0x26abd000 x26=0x00000001
        4965000	       495	80000fc0	01970a63	beq	x14,x25,80000fd4	 x14:0xfffffaa2 x25:0x00000000
        4975000	       496	80000fc4	05149663	bne	x9,x17,80001010	  x9:0x7c3d0000 x17:0x00012f40
        4985000	       497	00000000	00000013	addi	x0,x0,0	  x0:0x00000000
        4995000	       498	8000100c	00000013	addi	x0,x0,0	  x0:0x00000000
        5005000	       499	80001010	9ae22a93	slti	x21,x4,-1618	  x4:0x00000000 x21=0x00000000
        5015000	       500	80001014	4133d613	srai	x12,x7,0x13	  x7:0x00000000 x12=0x00000000
        5025000	       501	80001018	01e49263	bne	x9,x30,8000101c	  x9:0x7c3d0000 x30:0x26abd000
        5035000	       502	00000000	00000013	addi	x0,x0,0	  x0:0x00000000
        5045000	       503	80001018	00000013	addi	x0,x0,0	  x0:0x00000000
        5055000	       504	8000101c	01305893	srli	x17,x0,0x13	  x0:0x00000000 x17=0x00000000
        5065000	       505	80001020	4181d213	srai	x4,x3,0x18	  x3:0x58582000  x4=0x00000058
        5075000	       506	80001024	017a6a33	or	x20,x20,x23	 x20:0x8000a297 x23:0x00013ff1 x20=0x8001bff7
        5085000	       507	80001028	a1154d37	lui	x26,0xa1154	 x26=0xa1154000
        5095000	       508	8000102c	01cb73b3	and	x7,x22,x28	 x22:0x1eb46ff1 x28:0x00000000  x7=0x00000000
        5105000	       509	80001030	012675b3	and	x11,x12,x18	 x12:0x00000000 x18:0x00000001 x11=0x00000000
        5115000	       510	80001034	006aa833	slt	x16,x21,x6	 x21:0x00000000  x6:0x00001000 x16=0x00000001
        5125000	       511	80001038	0121e633	or	x12,x3,x18	  x3:0x58582000 x18:0x00000001 x12=0x58582001
        5135000	       512	8000103c	0742e713	ori	x14,x5,116	  x5:0x80009fc4 x14=0x80009ff4
        5145000	       513	80001040	417dd5b3	sra	x11,x27,x23	 x27:0x00000000 x23:0x00013ff1 x11=0x00000000
        5155000	       514	80001044	00000013	addi	x0,x0,0	  x0:0x00000000
        5165000	       515	80001048	021d4c63	blt	x26,x1,80001080	 x26:0xa1154000  x1:0x80009fc4
        5175000	       516	8000104c	77435817	auipc	x16,0x77435	 x16=0xf7436048
        5185000	       517	80001050	0095df93	srli	x31,x11,0x9	 x11:0x00000000 x31=0x00000000
        5195000	       518	80001054	42f5ac93	slti	x25,x11,1071	 x11:0x00000000 x25=0x00000001
        5205000	       519	80001058	00000013	addi	x0,x0,0	  x0:0x00000000
        5215000	       520	8000105c	001e1463	bne	x28,x1,80001064	 x28:0x00000000  x1:0x80009fc4
        5225000	       521	00000000	00000013	addi	x0,x0,0	  x0:0x00000000
        5235000	       522	80001060	00000013	addi	x0,x0,0	  x0:0x00000000
        5245000	       523	80001064	00cd6d33	or	x26,x26,x12	 x26:0xa1154000 x12:0x58582001 x26=0xf95d6001
        5255000	       524	80001068	00db1713	slli	x14,x22,0xd	 x22:0x1eb46ff1 x14=0x8dfe2000
        5265000	       525	8000106c	00889793	slli	x15,x17,0x8	 x17:0x00000000 x15=0x00000000
        5275000	       526	80001070	00b5a933	slt	x18,x11,x11	 x11:0x00000000 x11:0x00000000 x18=0x00000000
        5285000	       527	80001074	cd976713	ori	x14,x14,-807	 x14:0x8dfe2000 x14=0xfffffcd9
        5295000	       528	80001078	5de87b13	andi	x22,x16,1502	 x16:0xf7436048 x22=0x00000048
        5305000	       529	8000107c	006fbbb3	sltu	x23,x31,x6	 x31:0x00000000  x6:0x00001000 x23=0x00000001
        5315000	       530	80001080	f53b8b37	lui	x22,0xf53b8	 x22=0xf53b8000
        5325000	       531	80001084	f9940613	addi	x12,x8,-103	  x8:0x00000000 x12=0xffffff99
        5335000	       532	80001088	00f95433	srl	x8,x18,x15	 x18:0x00000000 x15:0x00000000  x8=0x00000000
        5345000	       533	8000108c	41f4dd33	sra	x26,x9,x31	  x9:0x7c3d0000 x31:0x00000000 x26=0x7c3d0000
        5355000	       534	80001090	04388663	beq	x17,x3,800010dc	 x17:0x00000000  x3:0x58582000
        5365000	       535	80001094	0411f663	bgeu	x3,x1,800010e0	  x3:0x58582000  x1:0x80009fc4
        5375000	       536	80001098	00339f93	slli	x31,x7,0x3	  x7:0x00000000 x31=0x00000000
        5385000	       537	8000109c	aadd9c37	lui	x24,0xaadd9	 x24=0xaadd9000
        5395000	       538	800010a0	00077463	bgeu	x14,x0,800010a8	 x14:0xfffffcd9  x0:0x00000000
        5405000	       539	00000000	00000013	addi	x0,x0,0	  x0:0x00000000
        5415000	       540	800010a4	00000013	addi	x0,x0,0	  x0:0x00000000
        5425000	       541	800010a8	01d5e9b3	or	x19,x11,x29	 x11:0x00000000 x29:0x59f82c51 x19=0x59f82c51
        5435000	       542	800010ac	7a00f113	andi	x2,x1,1952	  x1:0x80009fc4  x2=0x00000780
        5445000	       543	800010b0	c568ca93	xori	x21,x17,-938	 x17:0x00000000 x21=0xfffffc56
        5455000	       544	800010b4	031d1c63	bne	x26,x17,800010ec	 x26:0x7c3d0000 x17:0x00000000
        5465000	       545	00000000	00000013	addi	x0,x0,0	  x0:0x00000000
        5475000	       546	800010e8	00000013	addi	x0,x0,0	  x0:0x00000000
        5485000	       547	800010ec	b66d9f17	auipc	x30,0xb66d9	 x30=0x366da0e8
        5495000	       548	800010f0	8d4ec797	auipc	x15,0x8d4ec	 x15=0x0d4ed0ec
        5505000	       549	800010f4	0004d713	srli	x14,x9,0x0	  x9:0x7c3d0000 x14=0x7c3d0000
        5515000	       550	800010f8	41470b33	sub	x22,x14,x20	 x14:0x7c3d0000 x20:0x8001bff7 x22=0xfc3b4009
        5525000	       551	800010fc	414b80b3	sub	x1,x23,x20	 x23:0x00000001 x20:0x8001bff7  x1=0x7ffe400a
        5535000	       552	80001100	a3d3ea93	ori	x21,x7,-1475	  x7:0x00000000 x21=0xfffffa3d
        5545000	       553	80001104	e392a213	slti	x4,x5,-455	  x5:0x80009fc4  x4=0x00000001
        5555000	       554	80001108	41d08e33	sub	x28,x1,x29	  x1:0x7ffe400a x29:0x59f82c51 x28=0x260613b9
        5565000	       555	8000110c	0210e863	bltu	x1,x1,8000113c	  x1:0x7ffe400a  x1:0x7ffe400a
        5575000	       556	80001110	007628b3	slt	x17,x12,x7	 x12:0xffffff99  x7:0x00000000 x17=0x00000001
        5585000	       557	80001114	004b1093	slli	x1,x22,0x4	 x22:0xfc3b4009  x1=0xc3b40090
        5595000	       558	80001118	583d2bb7	lui	x23,0x583d2	 x23=0x583d2000
        5605000	       559	8000111c	41915d93	srai	x27,x2,0x19	  x2:0x00000780 x27=0x00000000
        5615000	       560	80001120	01c2ec33	or	x24,x5,x28	  x5:0x80009fc4 x28:0x260613b9 x24=0xa6069ffd
        5625000	       561	80001124	3a8d3793	sltiu	x15,x26,936	 x26:0x7c3d0000 x15=0x00000000
        5635000	       562	80001128	00ac0b33	add	x22,x24,x10	 x24:0xa6069ffd x10:0x1eb55000 x22=0xc4bbeffd
        5645000	       563	8000112c	01f8f233	and	x4,x17,x31	 x17:0x00000001 x31:0x00000000  x4=0x00000000
        5655000	       564	80001130	01b86db3	or	x27,x16,x27	 x16:0xf7436048 x27:0x00000000 x27=0xf7436048
        5665000	       565	80001134	037a9a63	bne	x21,x23,80001168	 x21:0xfffffa3d x23:0x583d2000
        5675000	       566	00000000	00000013	addi	x0,x0,0	  x0:0x00000000
        5685000	       567	80001164	00000013	addi	x0,x0,0	  x0:0x00000000
        5695000	       568	80001168	000a7663	bgeu	x20,x0,80001174	 x20:0x8001bff7  x0:0x00000000
        5705000	       569	00000000	00000013	addi	x0,x0,0	  x0:0x00000000
        5715000	       570	80001170	00000013	addi	x0,x0,0	  x0:0x00000000
        5725000	       571	80001174	dc7f4d93	xori	x27,x30,-569	 x30:0x366da0e8 x27=0xc9925d2f
        5735000	       572	80001178	4024d913	srai	x18,x9,0x2	  x9:0x7c3d0000 x18=0x1f0f4000
        5745000	       573	8000117c	c0e47813	andi	x16,x8,-1010	  x8:0x00000000 x16=0x00000000
        5755000	       574	80001180	40615913	srai	x18,x2,0x6	  x2:0x00000780 x18=0x0000001e
        5765000	       575	80001184	409a04b3	sub	x9,x20,x9	 x20:0x8001bff7  x9:0x7c3d0000  x9=0x03c4bff7
        5775000	       576	80001188	c08b3317	auipc	x6,0xc08b3	  x6=0x408b4184
        5785000	       577	8000118c	4bea8b93	addi	x23,x21,1214	 x21:0xfffffa3d x23=0xfffffefb
        5795000	       578	80001190	60cd8013	addi	x0,x27,1548	 x27:0xc9925d2f
        5805000	       579	80001194	017b1c13	slli	x24,x22,0x17	 x22:0xc4bbeffd x24=0xfe800000
        5815000	       580	80001198	69c09117	auipc	x2,0x69c09	  x2=0xe9c0a194
        5825000	       581	8000119c	0117c3b3	xor	x7,x15,x17	 x15:0x00000000 x17:0x00000001  x7=0x00000001
        5835000	       582	800011a0	00c50533	add	x10,x10,x12	 x10:0x1eb55000 x12:0xffffff99 x10=0x1eb54f99
        5845000	       583	800011a4	4199da13	srai	x20,x19,0x19	 x19:0x59f82c51 x20=0x0000002c
        5855000	       584	800011a8	004d2133	slt	x2,x26,x4	 x26:0x7c3d0000  x4:0x00000000  x2=0x00000000
        5865000	       585	800011ac	00a7f5b3	and	x11,x15,x10	 x15:0x00000000 x10:0x1eb54f99 x11=0x00000000
        5875000	       586	800011b0	0093a233	slt	x4,x7,x9	  x7:0x00000001  x9:0x03c4bff7  x4=0x00000001
        5885000	       587	800011b4	5ed2c193	xori	x3,x5,1517	  x5:0x80009fc4  x3=0x80009a29
        5895000	       588	800011b8	004624b3	slt	x9,x12,x4	 x12:0xffffff99  x4:0x00000001  x9=0x00000001
        5905000	       589	800011bc	40320033	sub	x0,x4,x3	  x4:0x00000001  x3:0x80009a29
        5915000	       590	800011c0	033b8863	beq	x23,x19,800011f0	 x23:0xfffffefb x19:0x59f82c51
        5925000	       591	800011c4	019b47b3	xor	x15,x22,x25	 x22:0xc4bbeffd x25:0x00000001 x15=0xc4bbeffc
        5935000	       592	800011c8	00d8c733	xor	x14,x17,x13	 x17:0x00000001 x13:0x80009f54 x14=0x80009f55
        5945000	       593	800011cc	014cd233	srl	x4,x25,x20	 x25:0x00000001 x20:0x0000002c  x4=0x00000000
        5955000	       594	800011d0	c684e213	ori	x4,x9,-920	  x9:0x00000001  x4=0xfffffc69
        5965000	       595	800011d4	003a5893	srli	x17,x20,0x3	 x20:0x0000002c x17=0x00000005
        5975000	       596	800011d8	1904ce13	xori	x28,x9,400	  x9:0x00000001 x28=0x00000191
        5985000	       597	800011dc	4152d533	sra	x10,x5,x21	  x5:0x80009fc4 x21:0xfffffa3d x10=0xfffffffc
        5995000	       598	800011e0	01781a93	slli	x21,x16,0x17	 x16:0x00000000 x21=0x00000000
        6005000	       599	800011e4	00f8d263	bge	x17,x15,800011e8	 x17:0x00000005 x15:0xc4bbeffc
        6015000	       600	00000000	00000013	addi	x0,x0,0	  x0:0x00000000
        6025000	       601	800011e4	00000013	addi	x0,x0,0	  x0:0x00000000
        6035000	       602	800011e8	01339833	sll	x16,x7,x19	  x7:0x00000001 x19:0x59f82c51 x16=0x00020000
        6045000	       603	800011ec	01095213	srli	x4,x18,0x10	 x18:0x0000001e  x4=0x00000000
        6055000	       604	800011f0	0161ebb3	or	x23,x3,x22	  x3:0x80009a29 x22:0xc4bbeffd x23=0xc4bbfffd
        6065000	       605	800011f4	0a5efb13	andi	x22,x29,165	 x29:0x59f82c51 x22=0x00000001
        6075000	       606	800011f8	00230033	add	x0,x6,x2	  x6:0x408b4184  x2:0x00000000
        6085000	       607	800011fc	0043a933	slt	x18,x7,x4	  x7:0x00000001  x4:0x00000000 x18=0x00000000
        6095000	       608	80001200	41fc8c33	sub	x24,x25,x31	 x25:0x00000001 x31:0x00000000 x24=0x00000001
        6105000	       609	80001204	0291fe63	bgeu	x3,x9,80001240	  x3:0x80009a29  x9:0x00000001
        6115000	       610	00000000	00000013	addi	x0,x0,0	  x0:0x00000000
        6125000	       611	8000123c	00000013	addi	x0,x0,0	  x0:0x00000000
        6135000	       612	80001240	00c26f33	or	x30,x4,x12	  x4:0x00000000 x12:0xffffff99 x30=0xffffff99
        6145000	       613	80001244	40c2dbb3	sra	x23,x5,x12	  x5:0x80009fc4 x12:0xffffff99 x23=0xffffffc0
        6155000	       614	80001248	01e92fb3	slt	x31,x18,x30	 x18:0x00000000 x30:0xffffff99 x31=0x00000000
        6165000	       615	8000124c	e7296d37	lui	x26,0xe7296	 x26=0xe7296000
        6175000	       616	80001250	c15ff093	andi	x1,x31,-1003	 x31:0x00000000  x1=0x00000000
        6185000	       617	80001254	033b1c63	bne	x22,x19,8000128c	 x22:0x00000001 x19:0x59f82c51
        6195000	       618	00000000	00000013	addi	x0,x0,0	  x0:0x00000000
        6205000	       619	80001288	00000013	addi	x0,x0,0	  x0:0x00000000
        6215000	       620	8000128c	022f0a63	beq	x30,x2,800012c0	 x30:0xffffff99  x2:0x00000000
        6225000	       621	80001290	012e6f33	or	x30,x28,x18	 x28:0x00000191 x18:0x00000000 x30=0x00000191
        6235000	       622	80001294	018b1813	slli	x16,x22,0x18	 x22:0x00000001 x16=0x01000000
        6245000	       623	80001298	a527c793	xori	x15,x15,-1454	 x15:0xc4bbeffc x15=0x3b4415ae
        6255000	       624	8000129c	02cd8a63	beq	x27,x12,800012d0	 x27:0xc9925d2f x12:0xffffff99
        6265000	       625	800012a0	0132dcb3	srl	x25,x5,x19	  x5:0x80009fc4 x19:0x59f82c51 x25=0x00004000
        6275000	       626	800012a4	01a3c263	blt	x7,x26,800012a8	  x7:0x00000001 x26:0xe7296000
        6285000	       627	800012a8	8e146f13	ori	x30,x8,-1823	  x8:0x00000000 x30=0xfffff8e1
        6295000	       628	800012ac	00752ab3	slt	x21,x10,x7	 x10:0xfffffffc  x7:0x00000001 x21=0x00000001
        6305000	       629	800012b0	05009063	bne	x1,x16,800012f0	  x1:0x00000000 x16:0x01000000
        6315000	       630	00000000	00000013	addi	x0,x0,0	  x0:0x00000000
        6325000	       631	800012ec	00000013	addi	x0,x0,0	  x0:0x00000000
        6335000	       632	800012f0	76f805b7	lui	x11,0x76f80	 x11=0x76f80000
        6345000	       633	800012f4	00559463	bne	x11,x5,800012fc	 x11:0x76f80000  x5:0x80009fc4
        6355000	       634	00000000	00000013	addi	x0,x0,0	  x0:0x00000000
        6365000	       635	800012f8	00000013	addi	x0,x0,0	  x0:0x00000000
        6375000	       636	800012fc	0104f463	bgeu	x9,x16,80001304	  x9:0x00000001 x16:0x01000000
        6385000	       637	80001300	01b9b8b3	sltu	x17,x19,x27	 x19:0x59f82c51 x27:0xc9925d2f x17=0x00000001
        6395000	       638	80001304	41550133	sub	x2,x10,x21	 x10:0xfffffffc x21:0x00000001  x2=0xfffffffb
        6405000	       639	80001308	40a48ab3	sub	x21,x9,x10	  x9:0x00000001 x10:0xfffffffc x21=0x00000005
        6415000	       640	8000130c	01096d33	or	x26,x18,x16	 x18:0x00000000 x16:0x01000000 x26=0x01000000
        6425000	       641	80001310	02a2dc63	bge	x5,x10,80001348	  x5:0x80009fc4 x10:0xfffffffc
        6435000	       642	80001314	408f04b3	sub	x9,x30,x8	 x30:0xfffff8e1  x8:0x00000000  x9=0xfffff8e1
        6445000	       643	80001318	04f1e663	bltu	x3,x15,80001364	  x3:0x80009a29 x15:0x3b4415ae
        6455000	       644	8000131c	00495713	srli	x14,x18,0x4	 x18:0x00000000 x14=0x00000000
        6465000	       645	80001320	01ff1a63	bne	x30,x31,80001334	 x30:0xfffff8e1 x31:0x00000000
        6475000	       646	00000000	00000013	addi	x0,x0,0	  x0:0x00000000
        6485000	       647	80001330	00000013	addi	x0,x0,0	  x0:0x00000000
        6495000	       648	80001334	7418cf93	xori	x31,x17,1857	 x17:0x00000001 x31=0x00000740
        6505000	       649	80001338	19822597	auipc	x11,0x19822	 x11=0x99823334
        6515000	       650	8000133c	4119db93	srai	x23,x19,0x11	 x19:0x59f82c51 x23=0x00002cfc
        6525000	       651	80001340	3afc0313	addi	x6,x24,943	 x24:0x00000001  x6=0x000003b0
        6535000	       652	80001344	00705463	bge	x0,x7,8000134c	  x0:0x00000000  x7:0x00000001
        6545000	       653	80001348	96f47513	andi	x10,x8,-1681	  x8:0x00000000 x10=0x00000000
        6555000	       654	8000134c	c541fd13	andi	x26,x3,-940	  x3:0x80009a29 x26=0x80009800
        6565000	       655	80001350	40155433	sra	x8,x10,x1	 x10:0x00000000  x1:0x00000000  x8=0x00000000
        6575000	       656	80001354	c805ce13	xori	x28,x11,-896	 x11:0x99823334 x28=0x667dcfb4
        6585000	       657	80001358	00c525b3	slt	x11,x10,x12	 x10:0x00000000 x12:0xffffff99 x11=0x00000000
        6595000	       658	8000135c	013917b3	sll	x15,x18,x19	 x18:0x00000000 x19:0x59f82c51 x15=0x00000000
        6605000	       659	80001360	017971b3	and	x3,x18,x23	 x18:0x00000000 x23:0x00002cfc  x3=0x00000000
        6615000	       660	80001364	4127d9b3	sra	x19,x15,x18	 x15:0x00000000 x18:0x00000000 x19=0x00000000
        6625000	       661	80001368	03548a63	beq	x9,x21,8000139c	  x9:0xfffff8e1 x21:0x00000005
        6635000	       662	8000136c	6193f413	andi	x8,x7,1561	  x7:0x00000001  x8=0x00000001
        6645000	       663	80001370	00fd4db3	xor	x27,x26,x15	 x26:0x80009800 x15:0x00000000 x27=0x80009800
        6655000	       664	80001374	03c97c63	bgeu	x18,x28,800013ac	 x18:0x00000000 x28:0x667dcfb4
        6665000	       665	80001378	68307f37	lui	x30,0x68307	 x30=0x68307000
        6675000	       666	8000137c	114c3793	sltiu	x15,x24,276	 x24:0x00000001 x15=0x00000001
        6685000	       667	80001380	db65c213	xori	x4,x11,-586	 x11:0x00000000  x4=0xfffffdb6
        6695000	       668	80001384	00bda3b3	slt	x7,x27,x11	 x27:0x80009800 x11:0x00000000  x7=0x00000001
        6705000	       669	80001388	00b0e1b3	or	x3,x1,x11	  x1:0x00000000 x11:0x00000000  x3=0x00000000
        6715000	       670	8000138c	00000013	addi	x0,x0,0	  x0:0x00000000
        6725000	       671	80001390	213c3313	sltiu	x6,x24,531	 x24:0x00000001  x6=0x00000001
        6735000	       672	80001394	054f0663	beq	x30,x20,800013e0	 x30:0x68307000 x20:0x0000002c
        6745000	       673	80001398	0445c863	blt	x11,x4,800013e8	 x11:0x00000000  x4:0xfffffdb6
        6755000	       674	8000139c	00491493	slli	x9,x18,0x4	 x18:0x00000000  x9=0x00000000
        6765000	       675	800013a0	00d97663	bgeu	x18,x13,800013ac	 x18:0x00000000 x13:0x80009f54
        6775000	       676	800013a4	40175433	sra	x8,x14,x1	 x14:0x00000000  x1:0x00000000  x8=0x00000000
        6785000	       677	800013a8	95a68893	addi	x17,x13,-1702	 x13:0x80009f54 x17=0x800098ae
        6795000	       678	800013ac	adb3ff13	andi	x30,x7,-1317	  x7:0x00000001 x30=0x00000001
        6805000	       679	800013b0	a97af9b7	lui	x19,0xa97af	 x19=0xa97af000
        6815000	       680	800013b4	0ffc9997	auipc	x19,0xffc9	 x19=0x8ffca3b0
        6825000	       681	800013b8	96e2b893	sltiu	x17,x5,-1682	  x5:0x80009fc4 x17=0x00000001
        6835000	       682	800013bc	d0e90e13	addi	x28,x18,-754	 x18:0x00000000 x28=0xfffffd0e
        6845000	       683	800013c0	00000013	addi	x0,x0,0	  x0:0x00000000
        6855000	       684	800013c4	79dda993	slti	x19,x27,1949	 x27:0x80009800 x19=0x00000001
        6865000	       685	800013c8	012150b3	srl	x1,x2,x18	  x2:0xfffffffb x18:0x00000000  x1=0xfffffffb
        6875000	       686	800013cc	411ad913	srai	x18,x21,0x11	 x21:0x00000005 x18=0x00000000
        6885000	       687	800013d0	0372d063	bge	x5,x23,800013f0	  x5:0x80009fc4 x23:0x00002cfc
        6895000	       688	800013d4	d81d7613	andi	x12,x26,-639	 x26:0x80009800 x12=0x80009800
        6905000	       689	800013d8	00000013	addi	x0,x0,0	  x0:0x00000000
        6915000	       690	800013dc	02db1e63	bne	x22,x13,80001418	 x22:0x00000001 x13:0x80009f54
        6925000	       691	00000000	00000013	addi	x0,x0,0	  x0:0x00000000
        6935000	       692	80001414	00000013	addi	x0,x0,0	  x0:0x00000000
        6945000	       693	80001418	00be17b3	sll	x15,x28,x11	 x28:0xfffffd0e x11:0x00000000 x15=0xfffffd0e
        6955000	       694	8000141c	006a0533	add	x10,x20,x6	 x20:0x0000002c  x6:0x00000001 x10=0x0000002d
        6965000	       695	80001420	01805093	srli	x1,x0,0x18	  x0:0x00000000  x1=0x00000000
        6975000	       696	80001424	00474833	xor	x16,x14,x4	 x14:0x00000000  x4:0xfffffdb6 x16=0xfffffdb6
        6985000	       697	80001428	408e5033	sra	x0,x28,x8	 x28:0xfffffd0e  x8:0x00000000
        6995000	       698	8000142c	60e92393	slti	x7,x18,1550	 x18:0x00000000  x7=0x00000001
        7005000	       699	80001430	01b3e633	or	x12,x7,x27	  x7:0x00000001 x27:0x80009800 x12=0x80009801
        7015000	       700	80001434	017eb7b3	sltu	x15,x29,x23	 x29:0x59f82c51 x23:0x00002cfc x15=0x00000000
        7025000	       701	80001438	1ce8f413	andi	x8,x17,462	 x17:0x00000001  x8=0x00000000
        7035000	       702	8000143c	03879c63	bne	x15,x24,80001474	 x15:0x00000000 x24:0x00000001
        7045000	       703	00000000	00000013	addi	x0,x0,0	  x0:0x00000000
        7055000	       704	80001470	00000013	addi	x0,x0,0	  x0:0x00000000
        7065000	       705	80001474	002ef3b3	and	x7,x29,x2	 x29:0x59f82c51  x2:0xfffffffb  x7=0x59f82c51
        7075000	       706	80001478	d5dcc897	auipc	x17,0xd5dcc	 x17=0x55dcd474
        7085000	       707	8000147c	40818db3	sub	x27,x3,x8	  x3:0x00000000  x8:0x00000000 x27=0x00000000
        7095000	       708	80001480	01b533b3	sltu	x7,x10,x27	 x10:0x0000002d x27:0x00000000  x7=0x00000000
        7105000	       709	80001484	415edf13	srai	x30,x29,0x15	 x29:0x59f82c51 x30=0x000002cf
        7115000	       710	80001488	05bec663	blt	x29,x27,800014d4	 x29:0x59f82c51 x27:0x00000000
        7125000	       711	8000148c	2c13f493	andi	x9,x7,705	  x7:0x00000000  x9=0x00000000
        7135000	       712	80001490	c836c1b7	lui	x3,0xc836c	  x3=0xc836c000
        7145000	       713	80001494	8f987913	andi	x18,x16,-1799	 x16:0xfffffdb6 x18=0xfffff8b0
        7155000	       714	80001498	ea9bb213	sltiu	x4,x23,-343	 x23:0x00002cfc  x4=0x00000001
        7165000	       715	8000149c	0088a513	slti	x10,x17,8	 x17:0x55dcd474 x10=0x00000000
        7175000	       716	800014a0	01ceecb3	or	x25,x29,x28	 x29:0x59f82c51 x28:0xfffffd0e x25=0xfffffd5f
        7185000	       717	800014a4	01945e33	srl	x28,x8,x25	  x8:0x00000000 x25:0xfffffd5f x28=0x00000000
        7195000	       718	800014a8	b5b2ea93	ori	x21,x5,-1189	  x5:0x80009fc4 x21=0xffffffdf
        7205000	       719	800014ac	00930933	add	x18,x6,x9	  x6:0x00000001  x9:0x00000000 x18=0x00000001
        7215000	       720	800014b0	00000013	addi	x0,x0,0	  x0:0x00000000
        7225000	       721	800014b4	48bce413	ori	x8,x25,1163	 x25:0xfffffd5f  x8=0xfffffddf
        7235000	       722	800014b8	015a3f33	sltu	x30,x20,x21	 x20:0x0000002c x21:0xffffffdf x30=0x00000001
        7245000	       723	800014bc	01021cb3	sll	x25,x4,x16	  x4:0x00000001 x16:0xfffffdb6 x25=0x00400000
        7255000	       724	800014c0	01236463	bltu	x6,x18,800014c8	  x6:0x00000001 x18:0x00000001
        7265000	       725	800014c4	03284863	blt	x16,x18,800014f4	 x16:0xfffffdb6 x18:0x00000001
        7275000	       726	00000000	00000013	addi	x0,x0,0	  x0:0x00000000
        7285000	       727	800014f0	00000013	addi	x0,x0,0	  x0:0x00000000
        7295000	       728	800014f4	d84670b7	lui	x1,0xd8467	  x1=0xd8467000
        7305000	       729	800014f8	a6be8613	addi	x12,x29,-1429	 x29:0x59f82c51 x12=0x59f826bc
        7315000	       730	800014fc	b0d17b13	andi	x22,x2,-1267	  x2:0xfffffffb x22=0xfffffb09
        7325000	       731	80001500	016b95b3	sll	x11,x23,x22	 x23:0x00002cfc x22:0xfffffb09 x11=0x0059f800
        7335000	       732	80001504	deb9f313	andi	x6,x19,-533	 x19:0x00000001  x6=0x00000001
        7345000	       733	80001508	0505c063	blt	x11,x16,80001548	 x11:0x0059f800 x16:0xfffffdb6
        7355000	       734	8000150c	733ccf93	xori	x31,x25,1843	 x25:0x00400000 x31=0x00400733
        7365000	       735	80001510	f8278613	addi	x12,x15,-126	 x15:0x00000000 x12=0xffffff82
        7375000	       736	80001514	0031c933	xor	x18,x3,x3	  x3:0xc836c000  x3:0xc836c000 x18=0x00000000
        7385000	       737	80001518	01d55433	srl	x8,x10,x29	 x10:0x00000000 x29:0x59f82c51  x8=0x00000000
        7395000	       738	8000151c	01c305b3	add	x11,x6,x28	  x6:0x00000001 x28:0x00000000 x11=0x00000001
        7405000	       739	80001520	aaa1e613	ori	x12,x3,-1366	  x3:0xc836c000 x12=0xfffffaaa
        7415000	       740	80001524	01cf7e33	and	x28,x30,x28	 x30:0x00000001 x28:0x00000000 x28=0x00000000
        7425000	       741	80001528	508ab797	auipc	x15,0x508ab	 x15=0xd08ac524
        7435000	       742	8000152c	0037e4b3	or	x9,x15,x3	 x15:0xd08ac524  x3:0xc836c000  x9=0xd8bec524
        7445000	       743	80001530	0064d513	srli	x10,x9,0x6	  x9:0xd8bec524 x10=0x0362fb14
        7455000	       744	80001534	006e6b33	or	x22,x28,x6	 x28:0x00000000  x6:0x00000001 x22=0x00000001
        7465000	       745	80001538	396cca93	xori	x21,x25,918	 x25:0x00400000 x21=0x00400396
        7475000	       746	8000153c	00c8ccb3	xor	x25,x17,x12	 x17:0x55dcd474 x12:0xfffffaaa x25=0xaa232ede
        7485000	       747	80001540	01543cb3	sltu	x25,x8,x21	  x8:0x00000000 x21:0x00400396 x25=0x00000001
        7495000	       748	80001544	00ab0c33	add	x24,x22,x10	 x22:0x00000001 x10:0x0362fb14 x24=0x0362fb15
        7505000	       749	80001548	d1c2fa17	auipc	x20,0xd1c2f	 x20=0x51c30544
        7515000	       750	8000154c	2469f393	andi	x7,x19,582	 x19:0x00000001  x7=0x00000000
        7525000	       751	80001550	00b84463	blt	x16,x11,80001558	 x16:0xfffffdb6 x11:0x00000001
        7535000	       752	00000000	00000013	addi	x0,x0,0	  x0:0x00000000
        7545000	       753	80001554	00000013	addi	x0,x0,0	  x0:0x00000000
        7555000	       754	80001558	01177c63	bgeu	x14,x17,80001570	 x14:0x00000000 x17:0x55dcd474
        7565000	       755	8000155c	00ea9f13	slli	x30,x21,0xe	 x21:0x00400396 x30=0x00e58000
        7575000	       756	80001560	41675a33	sra	x20,x14,x22	 x14:0x00000000 x22:0x00000001 x20=0x00000000
        7585000	       757	80001564	01561e13	slli	x28,x12,0x15	 x12:0xfffffaaa x28=0x55400000
        7595000	       758	80001568	01261593	slli	x11,x12,0x12	 x12:0xfffffaaa x11=0xeaa80000
        7605000	       759	8000156c	73002093	slti	x1,x0,1840	  x0:0x00000000  x1=0x00000001
        7615000	       760	80001570	00eb7ab3	and	x21,x22,x14	 x22:0x00000001 x14:0x00000000 x21=0x00000000
        7625000	       761	80001574	00000013	addi	x0,x0,0	  x0:0x00000000
        7635000	       762	80001578	002e4863	blt	x28,x2,80001588	 x28:0x55400000  x2:0xfffffffb
        7645000	       763	8000157c	00195663	bge	x18,x1,80001588	 x18:0x00000000  x1:0x00000001
        7655000	       764	80001580	04176863	bltu	x14,x1,800015d0	 x14:0x00000000  x1:0x00000001
        7665000	       765	00000000	00000013	addi	x0,x0,0	  x0:0x00000000
        7675000	       766	800015cc	00000013	addi	x0,x0,0	  x0:0x00000000
        7685000	       767	800015d0	df8c8f93	addi	x31,x25,-520	 x25:0x00000001 x31=0xfffffdf9
        7695000	       768	800015d4	742fe193	ori	x3,x31,1858	 x31:0xfffffdf9  x3=0xfffffffb
        7705000	       769	800015d8	01615a13	srli	x20,x2,0x16	  x2:0xfffffffb x20=0x000003ff
        7715000	       770	800015dc	a031a893	slti	x17,x3,-1533	  x3:0xfffffffb x17=0x00000000
        7725000	       771	800015e0	00299ab3	sll	x21,x19,x2	 x19:0x00000001  x2:0xfffffffb x21=0x08000000
        7735000	       772	800015e4	00775413	srli	x8,x14,0x7	 x14:0x00000000  x8=0x00000000
        7745000	       773	800015e8	5f004113	xori	x2,x0,1520	  x0:0x00000000  x2=0x000005f0
        7755000	       774	800015ec	01826bb3	or	x23,x4,x24	  x4:0x00000001 x24:0x0362fb15 x23=0x0362fb15
        7765000	       775	800015f0	01150263	beq	x10,x17,800015f4	 x10:0x0362fb14 x17:0x00000000
        7775000	       776	800015f4	00389463	bne	x17,x3,800015fc	 x17:0x00000000  x3:0xfffffffb
        7785000	       777	00000000	00000013	addi	x0,x0,0	  x0:0x00000000
        7795000	       778	800015f8	00000013	addi	x0,x0,0	  x0:0x00000000
        7805000	       779	800015fc	012e6e63	bltu	x28,x18,80001618	 x28:0x55400000 x18:0x00000000
        7815000	       780	80001600	00539713	slli	x14,x7,0x5	  x7:0x00000000 x14=0x00000000
        7825000	       781	80001604	41d1de33	sra	x28,x3,x29	  x3:0xfffffffb x29:0x59f82c51 x28=0xffffffff
        7835000	       782	80001608	401cd613	srai	x12,x25,0x1	 x25:0x00000001 x12=0x00000000
        7845000	       783	8000160c	001e55b3	srl	x11,x28,x1	 x28:0xffffffff  x1:0x00000001 x11=0x7fffffff
        7855000	       784	80001610	a3670713	addi	x14,x14,-1482	 x14:0x00000000 x14=0xfffffa36
        7865000	       785	80001614	1d74fd93	andi	x27,x9,471	  x9:0xd8bec524 x27=0x00000104
        7875000	       786	80001618	06d81863	bne	x16,x13,80001688	 x16:0xfffffdb6 x13:0x80009f54
        7885000	       787	00000000	00000013	addi	x0,x0,0	  x0:0x00000000
        7895000	       788	80001684	00000013	addi	x0,x0,0	  x0:0x00000000
        7905000	       789	80001688	00e7d7b3	srl	x15,x15,x14	 x15:0xd08ac524 x14:0xfffffa36 x15=0x00000342
        7915000	       790	8000168c	41fe5413	srai	x8,x28,0x1f	 x28:0xffffffff  x8=0xffffffff
        7925000	       791	80001690	4089dc33	sra	x24,x19,x8	 x19:0x00000001  x8:0xffffffff x24=0x00000000
        7935000	       792	80001694	00039263	bne	x7,x0,80001698	  x7:0x00000000  x0:0x00000000
        7945000	       793	80001698	14ae3f93	sltiu	x31,x28,330	 x28:0xffffffff x31=0x00000000
        7955000	       794	8000169c	c8a2ff13	andi	x30,x5,-886	  x5:0x80009fc4 x30=0x80009c80
        7965000	       795	800016a0	034a8c63	beq	x21,x20,800016d8	 x21:0x08000000 x20:0x000003ff
        7975000	       796	800016a4	01750d33	add	x26,x10,x23	 x10:0x0362fb14 x23:0x0362fb15 x26=0x06c5f629
        7985000	       797	800016a8	ca533f13	sltiu	x30,x6,-859	  x6:0x00000001 x30=0x00000001
        7995000	       798	800016ac	397e2f13	slti	x30,x28,919	 x28:0xffffffff x30=0x00000001
        8005000	       799	800016b0	0049da13	srli	x20,x19,0x4	 x19:0x00000001 x20=0x00000000
        8015000	       800	800016b4	03128a63	beq	x5,x17,800016e8	  x5:0x80009fc4 x17:0x00000000
        8025000	       801	800016b8	2c6b0193	addi	x3,x22,710	 x22:0x00000001  x3=0x000002c7
        8035000	       802	800016bc	015affb3	and	x31,x21,x21	 x21:0x08000000 x21:0x08000000 x31=0x08000000
        8045000	       803	800016c0	03618a63	beq	x3,x22,800016f4	  x3:0x000002c7 x22:0x00000001
        8055000	       804	800016c4	006404b3	add	x9,x8,x6	  x8:0xffffffff  x6:0x00000001  x9=0x00000000
        8065000	       805	800016c8	01305233	srl	x4,x0,x19	  x0:0x00000000 x19:0x00000001  x4=0x00000000
        8075000	       806	800016cc	73a00513	addi	x10,x0,1850	  x0:0x00000000 x10=0x0000073a
        8085000	       807	800016d0	9f9c3993	sltiu	x19,x24,-1543	 x24:0x00000000 x19=0x00000001
        8095000	       808	800016d4	fc5098b7	lui	x17,0xfc509	 x17=0xfc509000
        8105000	       809	800016d8	00dfa3b3	slt	x7,x31,x13	 x31:0x08000000 x13:0x80009f54  x7=0x00000000
        8115000	       810	800016dc	0132a0b3	slt	x1,x5,x19	  x5:0x80009fc4 x19:0x00000001  x1=0x00000001
        8125000	       811	800016e0	00000013	addi	x0,x0,0	  x0:0x00000000
        8135000	       812	800016e4	002e99b3	sll	x19,x29,x2	 x29:0x59f82c51  x2:0x000005f0 x19=0x2c510000
        8145000	       813	800016e8	0194e7b3	or	x15,x9,x25	  x9:0x00000000 x25:0x00000001 x15=0x00000001
        8155000	       814	800016ec	058f6663	bltu	x30,x24,80001738	 x30:0x00000001 x24:0x00000000
        8165000	       815	800016f0	019e4863	blt	x28,x25,80001700	 x28:0xffffffff x25:0x00000001
        8175000	       816	00000000	00000013	addi	x0,x0,0	  x0:0x00000000
        8185000	       817	800016fc	00000013	addi	x0,x0,0	  x0:0x00000000
        8195000	       818	80001700	0193dc93	srli	x25,x7,0x19	  x7:0x00000000 x25=0x00000000
        8205000	       819	80001704	0183dd13	srli	x26,x7,0x18	  x7:0x00000000 x26=0x00000000
        8215000	       820	80001708	04eed863	bge	x29,x14,80001758	 x29:0x59f82c51 x14:0xfffffa36
        8225000	       821	00000000	00000013	addi	x0,x0,0	  x0:0x00000000
        8235000	       822	80001754	00000013	addi	x0,x0,0	  x0:0x00000000
        8245000	       823	80001758	007fd8b3	srl	x17,x31,x7	 x31:0x08000000  x7:0x00000000 x17=0x08000000
        8255000	       824	8000175c	8a788313	addi	x6,x17,-1881	 x17:0x08000000  x6=0x07fff8a7
        8265000	       825	80001760	01cf9533	sll	x10,x31,x28	 x31:0x08000000 x28:0xffffffff x10=0x00000000
        8275000	       826	80001764	02e90a63	beq	x18,x14,80001798	 x18:0x00000000 x14:0xfffffa36
        8285000	       827	80001768	01934463	blt	x6,x25,80001770	  x6:0x07fff8a7 x25:0x00000000
        8295000	       828	8000176c	00ec6e33	or	x28,x24,x14	 x24:0x00000000 x14:0xfffffa36 x28=0xfffffa36
        8305000	       829	80001770	d86e3817	auipc	x16,0xd86e3	 x16=0x586e476c
        8315000	       830	80001774	00000013	addi	x0,x0,0	  x0:0x00000000
        8325000	       831	80001778	402f8cb3	sub	x25,x31,x2	 x31:0x08000000  x2:0x000005f0 x25=0x07fffa10
        8335000	       832	8000177c	1516df17	auipc	x30,0x1516d	 x30=0x9516e778
        8345000	       833	80001780	0153b033	sltu	x0,x7,x21	  x7:0x00000000 x21:0x08000000
        8355000	       834	80001784	00b67b33	and	x22,x12,x11	 x12:0x00000000 x11:0x7fffffff x22=0x00000000
        8365000	       835	80001788	4fa719b7	lui	x19,0x4fa71	 x19=0x4fa71000
        8375000	       836	8000178c	40e70333	sub	x6,x14,x14	 x14:0xfffffa36 x14:0xfffffa36  x6=0x00000000
        8385000	       837	80001790	00db58b3	srl	x17,x22,x13	 x22:0x00000000 x13:0x80009f54 x17=0x00000000
        8395000	       838	80001794	011b8263	beq	x23,x17,80001798	 x23:0x0362fb15 x17:0x00000000
        8405000	       839	80001798	00581263	bne	x16,x5,8000179c	 x16:0x586e476c  x5:0x80009fc4
        8415000	       840	00000000	00000013	addi	x0,x0,0	  x0:0x00000000
        8425000	       841	80001798	00000013	addi	x0,x0,0	  x0:0x00000000
        8435000	       842	8000179c	00b7d113	srli	x2,x15,0xb	 x15:0x00000001  x2=0x00000000
        8445000	       843	800017a0	1abb2313	slti	x6,x22,427	 x22:0x00000000  x6=0x00000001
        8455000	       844	800017a4	9533c113	xori	x2,x7,-1709	  x7:0x00000000  x2=0xfffff953
        8465000	       845	800017a8	013ac133	xor	x2,x21,x19	 x21:0x08000000 x19:0x4fa71000  x2=0x47a71000
        8475000	       846	800017ac	03136663	bltu	x6,x17,800017d8	  x6:0x00000001 x17:0x00000000
        8485000	       847	800017b0	01ca5d13	srli	x26,x20,0x1c	 x20:0x00000000 x26=0x00000000
        8495000	       848	800017b4	02ebec63	bltu	x23,x14,800017ec	 x23:0x0362fb15 x14:0xfffffa36
        8505000	       849	00000000	00000013	addi	x0,x0,0	  x0:0x00000000
        8515000	       850	800017e8	00000013	addi	x0,x0,0	  x0:0x00000000
        8525000	       851	800017ec	a3d0bd93	sltiu	x27,x1,-1475	  x1:0x00000001 x27=0x00000001
        8535000	       852	800017f0	008e18b3	sll	x17,x28,x8	 x28:0xfffffa36  x8:0xffffffff x17=0x00000000
        8545000	       853	800017f4	96f38093	addi	x1,x7,-1681	  x7:0x00000000  x1=0xfffff96f
        8555000	       854	800017f8	43fd2793	slti	x15,x26,1087	 x26:0x00000000 x15=0x00000001
        8565000	       855	800017fc	419e8f33	sub	x30,x29,x25	 x29:0x59f82c51 x25:0x07fffa10 x30=0x51f83241
        8575000	       856	80001800	00000013	addi	x0,x0,0	  x0:0x00000000
        8585000	       857	80001804	01ba9e63	bne	x21,x27,80001820	 x21:0x08000000 x27:0x00000001
        8595000	       858	00000000	00000013	addi	x0,x0,0	  x0:0x00000000
        8605000	       859	8000181c	00000013	addi	x0,x0,0	  x0:0x00000000
        8615000	       860	80001820	059f9663	bne	x31,x25,8000186c	 x31:0x08000000 x25:0x07fffa10
        8625000	       861	00000000	00000013	addi	x0,x0,0	  x0:0x00000000
        8635000	       862	80001868	00000013	addi	x0,x0,0	  x0:0x00000000
        8645000	       863	8000186c	0006d433	srl	x8,x13,x0	 x13:0x80009f54  x0:0x00000000  x8=0x80009f54
        8655000	       864	80001870	63442d13	slti	x26,x8,1588	  x8:0x80009f54 x26=0x00000001
        8665000	       865	80001874	01975033	srl	x0,x14,x25	 x14:0xfffffa36 x25:0x07fffa10
        8675000	       866	80001878	a36ae193	ori	x3,x21,-1482	 x21:0x08000000  x3=0xfffffa36
        8685000	       867	8000187c	00f689b3	add	x19,x13,x15	 x13:0x80009f54 x15:0x00000001 x19=0x80009f55
        8695000	       868	80001880	b2c42113	slti	x2,x8,-1236	  x8:0x80009f54  x2=0x00000001
        8705000	       869	80001884	01699713	slli	x14,x19,0x16	 x19:0x80009f55 x14=0xd5400000
        8715000	       870	80001888	d3d17d93	andi	x27,x2,-707	  x2:0x00000001 x27=0x00000001
        8725000	       871	8000188c	03425063	bge	x4,x20,800018ac	  x4:0x00000000 x20:0x00000000
        8735000	       872	00000000	00000013	addi	x0,x0,0	  x0:0x00000000
        8745000	       873	800018a8	00000013	addi	x0,x0,0	  x0:0x00000000
        8755000	       874	800018ac	004d3db3	sltu	x27,x26,x4	 x26:0x00000001  x4:0x00000000 x27=0x00000000
        8765000	       875	800018b0	d0417c93	andi	x25,x2,-764	  x2:0x00000001 x25=0x00000000
        8775000	       876	800018b4	000ff433	and	x8,x31,x0	 x31:0x08000000  x0:0x00000000  x8=0x00000000
        8785000	       877	800018b8	1333a513	slti	x10,x7,307	  x7:0x00000000 x10=0x00000001
        8795000	       878	800018bc	00edd213	srli	x4,x27,0xe	 x27:0x00000000  x4=0x00000000
        8805000	       879	800018c0	0096a8b3	slt	x17,x13,x9	 x13:0x80009f54  x9:0x00000000 x17=0x00000001
        8815000	       880	800018c4	0c66bb93	sltiu	x23,x13,198	 x13:0x80009f54 x23=0x00000000
        8825000	       881	800018c8	a1f98713	addi	x14,x19,-1505	 x19:0x80009f55 x14=0x80009974
        8835000	       882	800018cc	030ee463	bltu	x29,x16,800018f4	 x29:0x59f82c51 x16:0x586e476c
        8845000	       883	800018d0	01e09913	slli	x18,x1,0x1e	  x1:0xfffff96f x18=0xc0000000
        8855000	       884	800018d4	05957863	bgeu	x10,x25,80001924	 x10:0x00000001 x25:0x00000000
        8865000	       885	00000000	00000013	addi	x0,x0,0	  x0:0x00000000
        8875000	       886	80001920	00000013	addi	x0,x0,0	  x0:0x00000000
        8885000	       887	80001924	003f9593	slli	x11,x31,0x3	 x31:0x08000000 x11=0x40000000
        8895000	       888	80001928	015a17b3	sll	x15,x20,x21	 x20:0x00000000 x21:0x08000000 x15=0x00000000
        8905000	       889	8000192c	00cb1a33	sll	x20,x22,x12	 x22:0x00000000 x12:0x00000000 x20=0x00000000
        8915000	       890	80001930	40e20c33	sub	x24,x4,x14	  x4:0x00000000 x14:0x80009974 x24=0x7fff668c
        8925000	       891	80001934	e2038a37	lui	x20,0xe2038	 x20=0xe2038000
        8935000	       892	80001938	01998a33	add	x20,x19,x25	 x19:0x80009f55 x25:0x00000000 x20=0x80009f55
        8945000	       893	8000193c	03315c63	bge	x2,x19,80001974	  x2:0x00000001 x19:0x80009f55
        8955000	       894	00000000	00000013	addi	x0,x0,0	  x0:0x00000000
        8965000	       895	80001970	00000013	addi	x0,x0,0	  x0:0x00000000
        8975000	       896	80001974	00977db3	and	x27,x14,x9	 x14:0x80009974  x9:0x00000000 x27=0x00000000
        8985000	       897	80001978	02647c63	bgeu	x8,x6,800019b0	  x8:0x00000000  x6:0x00000001
        8995000	       898	8000197c	00ae1833	sll	x16,x28,x10	 x28:0xfffffa36 x10:0x00000001 x16=0xfffff46c
        9005000	       899	80001980	00474233	xor	x4,x14,x4	 x14:0x80009974  x4:0x00000000  x4=0x80009974
        9015000	       900	80001984	00316863	bltu	x2,x3,80001994	  x2:0x00000001  x3:0xfffffa36
        9025000	       901	00000000	00000013	addi	x0,x0,0	  x0:0x00000000
        9035000	       902	80001990	00000013	addi	x0,x0,0	  x0:0x00000000
        9045000	       903	80001994	00000013	addi	x0,x0,0	  x0:0x00000000
        9055000	       904	80001998	6f716b13	ori	x22,x2,1783	  x2:0x00000001 x22=0x000006f7
        9065000	       905	8000199c	03065c63	bge	x12,x16,800019d4	 x12:0x00000000 x16:0xfffff46c
        9075000	       906	00000000	00000013	addi	x0,x0,0	  x0:0x00000000
        9085000	       907	800019d0	00000013	addi	x0,x0,0	  x0:0x00000000
        9095000	       908	800019d4	011cd733	srl	x14,x25,x17	 x25:0x00000000 x17:0x00000001 x14=0x00000000
        9105000	       909	800019d8	5cc43713	sltiu	x14,x8,1484	  x8:0x00000000 x14=0x00000001
        9115000	       910	800019dc	1ddb6613	ori	x12,x22,477	 x22:0x000006f7 x12=0x000007ff
        9125000	       911	800019e0	00788463	beq	x17,x7,800019e8	 x17:0x00000001  x7:0x00000000
        9135000	       912	800019e4	bbc0d517	auipc	x10,0xbbc0d	 x10=0x3bc0e9e0
        9145000	       913	800019e8	0438c663	blt	x17,x3,80001a34	 x17:0x00000001  x3:0xfffffa36
        9155000	       914	800019ec	01715cb3	srl	x25,x2,x23	  x2:0x00000001 x23:0x00000000 x25=0x00000001
        9165000	       915	800019f0	0036a4b3	slt	x9,x13,x3	 x13:0x80009f54  x3:0xfffffa36  x9=0x00000001
        9175000	       916	800019f4	001a7bb3	and	x23,x20,x1	 x20:0x80009f55  x1:0xfffff96f x23=0x80009945
        9185000	       917	800019f8	a4122513	slti	x10,x4,-1471	  x4:0x80009974 x10=0x00000001
        9195000	       918	800019fc	41a5d013	srai	x0,x11,0x1a	 x11:0x40000000
        9205000	       919	80001a00	0a73ff37	lui	x30,0xa73f	 x30=0x0a73f000
        9215000	       920	80001a04	88d78493	addi	x9,x15,-1907	 x15:0x00000000  x9=0xfffff88d
        9225000	       921	80001a08	00e1e663	bltu	x3,x14,80001a14	  x3:0xfffffa36 x14:0x00000001
        9235000	       922	80001a0c	60813713	sltiu	x14,x2,1544	  x2:0x00000001 x14=0x00000001
        9245000	       923	80001a10	005887b3	add	x15,x17,x5	 x17:0x00000001  x5:0x80009fc4 x15=0x80009fc5
        9255000	       924	80001a14	01f7aa33	slt	x20,x15,x31	 x15:0x80009fc5 x31:0x08000000 x20=0x00000001
        9265000	       925	80001a18	024bfe63	bgeu	x23,x4,80001a54	 x23:0x80009945  x4:0x80009974
        9275000	       926	80001a1c	41e78fb3	sub	x31,x15,x30	 x15:0x80009fc5 x30:0x0a73f000 x31=0x758cafc5
        9285000	       927	80001a20	02fbfc63	bgeu	x23,x15,80001a58	 x23:0x80009945 x15:0x80009fc5
        9295000	       928	80001a24	013c5093	srli	x1,x24,0x13	 x24:0x7fff668c  x1=0x00000fff
        9305000	       929	80001a28	09066197	auipc	x3,0x9066	  x3=0x89067a24
        9315000	       930	80001a2c	00821713	slli	x14,x4,0x8	  x4:0x80009974 x14=0x00997400
        9325000	       931	80001a30	e8bdbf93	sltiu	x31,x27,-373	 x27:0x00000000 x31=0x00000001
        9335000	       932	80001a34	00e7d113	srli	x2,x15,0xe	 x15:0x80009fc5  x2=0x00020002
        9345000	       933	80001a38	03ea6863	bltu	x20,x30,80001a68	 x20:0x00000001 x30:0x0a73f000
        9355000	       934	00000000	00000013	addi	x0,x0,0	  x0:0x00000000
        9365000	       935	80001a64	00000013	addi	x0,x0,0	  x0:0x00000000
        9375000	       936	80001a68	01e11613	slli	x12,x2,0x1e	  x2:0x00020002 x12=0x80000000
        9385000	       937	80001a6c	3497a337	lui	x6,0x3497a	  x6=0x3497a000
        9395000	       938	80001a70	97917f93	andi	x31,x2,-1671	  x2:0x00020002 x31=0x00020000
        9405000	       939	80001a74	095d9117	auipc	x2,0x95d9	  x2=0x895daa70
        9415000	       940	80001a78	05b9c663	blt	x19,x27,80001ac4	 x19:0x80009f55 x27:0x00000000
        9425000	       941	00000000	00000013	addi	x0,x0,0	  x0:0x00000000
        9435000	       942	80001ac0	00000013	addi	x0,x0,0	  x0:0x00000000
        9445000	       943	80001ac4	411781b3	sub	x3,x15,x17	 x15:0x80009fc5 x17:0x00000001  x3=0x80009fc4
        9455000	       944	80001ac8	40b285b3	sub	x11,x5,x11	  x5:0x80009fc4 x11:0x40000000 x11=0x40009fc4
        9465000	       945	80001acc	01b72c33	slt	x24,x14,x27	 x14:0x00997400 x27:0x00000000 x24=0x00000000
        9475000	       946	80001ad0	4075db93	srai	x23,x11,0x7	 x11:0x40009fc4 x23=0x0080013f
        9485000	       947	80001ad4	00c8d013	srli	x0,x17,0xc	 x17:0x00000001
        9495000	       948	80001ad8	00000013	addi	x0,x0,0	  x0:0x00000000
        9505000	       949	80001adc	0019d193	srli	x3,x19,0x1	 x19:0x80009f55  x3=0x40004faa
        9515000	       950	80001ae0	003f8db3	add	x27,x31,x3	 x31:0x00020000  x3:0x40004faa x27=0x40024faa
        9525000	       951	80001ae4	0046a083	lw	x1,4(x13)	 x13:0x80009f54  x1=0x800005b4 PA:0x80009f58
        9535000	       952	80001ae8	00c68693	addi	x13,x13,12	 x13:0x80009f54 x13=0x80009f60
        9545000	       953	80001aec	138ebf93	sltiu	x31,x29,312	 x29:0x59f82c51 x31=0x00000000
        9555000	       954	80001af0	01671113	slli	x2,x14,0x16	 x14:0x00997400  x2=0x00000000
        9565000	       955	80001af4	0d8cfb13	andi	x22,x25,216	 x25:0x00000001 x22=0x00000000
        9575000	       956	80001af8	00ec5633	srl	x12,x24,x14	 x24:0x00000000 x14:0x00997400 x12=0x00000000
        9585000	       957	80001afc	65f2eb13	ori	x22,x5,1631	  x5:0x80009fc4 x22=0x80009fdf
        9595000	       958	80001b00	00108d93	addi	x27,x1,1	  x1:0x800005b4 x27=0x800005b5
        9605000	       959	80001b04	000d8de7	jalr	x27,x27,0	 x27:0x800005b5 x27=0x80001b04
        9615000	       960	00000000	00000013	addi	x0,x0,0	  x0:0x00000000
        9625000	       961	800005b4	00000013	addi	x0,x0,0	  x0:0x00000000
        9635000	       962	800005b8	00000817	auipc	x16,0x0	 x16=0x800005b4
        9645000	       963	800005bc	10080813	addi	x16,x16,256	 x16:0x800005b4 x16=0x800006b4
        9655000	       964	800005c0	405ed193	srai	x3,x29,0x5	 x29:0x59f82c51  x3=0x02cfc162
        9665000	       965	800005c4	01712933	slt	x18,x2,x23	  x2:0x00000000 x23:0x0080013f x18=0x00000001
        9675000	       966	800005c8	0040dc93	srli	x25,x1,0x4	  x1:0x800005b4 x25=0x0800005b
        9685000	       967	800005cc	38880813	addi	x16,x16,904	 x16:0x800006b4 x16=0x80000a3c
        9695000	       968	800005d0	e5c0b113	sltiu	x2,x1,-420	  x1:0x800005b4  x2=0x00000001
        9705000	       969	800005d4	19894993	xori	x19,x18,408	 x18:0x00000001 x19=0x00000199
        9715000	       970	800005d8	007d6b33	or	x22,x26,x7	 x26:0x00000001  x7:0x00000000 x22=0x00000001
        9725000	       971	800005dc	009b9663	bne	x23,x9,800005e8	 x23:0x0080013f  x9:0xfffff88d
        9735000	       972	00000000	00000013	addi	x0,x0,0	  x0:0x00000000
        9745000	       973	800005e4	00000013	addi	x0,x0,0	  x0:0x00000000
        9755000	       974	800005e8	c79800e7	jalr	x1,x16,-903	 x16:0x80000a3c  x1=0x800005e8
        9765000	       975	00000000	00000013	addi	x0,x0,0	  x0:0x00000000
        9775000	       976	800006b4	00000013	addi	x0,x0,0	  x0:0x00000000
        9785000	       977	800006b8	41160d33	sub	x26,x12,x17	 x12:0x00000000 x17:0x00000001 x26=0xffffffff
        9795000	       978	800006bc	40d02213	slti	x4,x0,1037	  x0:0x00000000  x4=0x00000001
        9805000	       979	800006c0	205faf13	slti	x30,x31,517	 x31:0x00000000 x30=0x00000001
        9815000	       980	800006c4	00ad8263	beq	x27,x10,800006c8	 x27:0x80001b04 x10:0x00000001
        9825000	       981	800006c8	ff468693	addi	x13,x13,-12	 x13:0x80009f60 x13=0x80009f54
        9835000	       982	800006cc	41ff0433	sub	x8,x30,x31	 x30:0x00000001 x31:0x00000000  x8=0x00000001
        9845000	       983	800006d0	0016a223	sw	x1,4(x13)	 x13:0x80009f54  x1:0x800005e8 PA:0x80009f58
        9855000	       984	800006d4	00391c33	sll	x24,x18,x3	 x18:0x00000001  x3:0x02cfc162 x24=0x00000004
        9865000	       985	800006d8	00008397	auipc	x7,0x8	  x7=0x800086d4
        9875000	       986	800006dc	9a138393	addi	x7,x7,-1631	  x7:0x800086d4  x7=0x80008075
        9885000	       987	800006e0	0a939f83	lh	x31,169(x7)	  x7:0x80008075 x31=0x00000000 PA:0x8000811e
        9895000	       988	800006e4	00d80933	add	x18,x16,x13	 x16:0x80000a3c x13:0x80009f54 x18=0x0000a990
        9905000	       989	800006e8	017dd813	srli	x16,x27,0x17	 x27:0x80001b04 x16=0x00000100
        9915000	       990	800006ec	0b838a23	sb	x24,180(x7)	  x7:0x80008075 x24:0x00000004 PA:0x80008129
        9925000	       991	800006f0	016fb4b3	sltu	x9,x31,x22	 x31:0x00000000 x22:0x00000001  x9=0x00000001
        9935000	       992	800006f4	0ee38123	sb	x14,226(x7)	  x7:0x80008075 x14:0x00997400 PA:0x80008157
        9945000	       993	800006f8	76fd0513	addi	x10,x26,1903	 x26:0xffffffff x10=0x0000076e
        9955000	       994	800006fc	0ee3c883	lbu	x17,238(x7)	  x7:0x80008075 x17=0x00000000 PA:0x80008163
        9965000	       995	80000700	002396a3	sh	x2,13(x7)	  x7:0x80008075  x2:0x00000001 PA:0x80008082
        9975000	       996	80000704	01b39e03	lh	x28,27(x7)	  x7:0x80008075 x28=0x00000000 PA:0x80008090
        9985000	       997	80000708	00ff1613	slli	x12,x30,0xf	 x30:0x00000001 x12=0x00008000
        9995000	       998	8000070c	01063633	sltu	x12,x12,x16	 x12:0x00008000 x16:0x00000100 x12=0x00000000
       10005000	       999	80000710	4186d413	srai	x8,x13,0x18	 x13:0x80009f54  x8=0xffffff80
       10015000	      1000	80000714	41665413	srai	x8,x12,0x16	 x12:0x00000000  x8=0x00000000
       10025000	      1001	80000718	c150e993	ori	x19,x1,-1003	  x1:0x800005e8 x19=0xfffffdfd
       10035000	      1002	8000071c	feb39b83	lh	x23,-21(x7)	  x7:0x80008075 x23=0x00000000 PA:0x80008060
       10045000	      1003	80000720	9d20c497	auipc	x9,0x9d20c	  x9=0x1d20c71c
       10055000	      1004	80000724	05c38303	lb	x6,92(x7)	  x7:0x80008075  x6=0x00000000 PA:0x800080d1
       10065000	      1005	80000728	02538e23	sb	x5,60(x7)	  x7:0x80008075  x5:0x80009fc4 PA:0x800080b1
       10075000	      1006	8000072c	38576d93	ori	x27,x14,901	 x14:0x00997400 x27=0x00997785
       10085000	      1007	80000730	0d8391a3	sh	x24,195(x7)	  x7:0x80008075 x24:0x00000004 PA:0x80008138
       10095000	      1008	80000734	058388a3	sb	x24,81(x7)	  x7:0x80008075 x24:0x00000004 PA:0x800080c6
       10105000	      1009	80000738	0103ad33	slt	x26,x7,x16	  x7:0x80008075 x16:0x00000100 x26=0x00000001
       10115000	      1010	8000073c	0003cf03	lbu	x30,0(x7)	  x7:0x80008075 x30=0x00000000 PA:0x80008075
       10125000	      1011	80000740	41035c33	sra	x24,x6,x16	  x6:0x00000000 x16:0x00000100 x24=0x00000000
       10135000	      1012	80000744	050396a3	sh	x16,77(x7)	  x7:0x80008075 x16:0x00000100 PA:0x800080c2
       10145000	      1013	80000748	014609b3	add	x19,x12,x20	 x12:0x00000000 x20:0x00000001 x19=0x00000001
       10155000	      1014	8000074c	07638c23	sb	x22,120(x7)	  x7:0x80008075 x22:0x00000001 PA:0x800080ed
       10165000	      1015	80000750	014c9b93	slli	x23,x25,0x14	 x25:0x0800005b x23=0x05b00000
       10175000	      1016	80000754	006396a3	sh	x6,13(x7)	  x7:0x80008075  x6:0x00000000 PA:0x80008082
       10185000	      1017	80000758	4eed5ab7	lui	x21,0x4eed5	 x21=0x4eed5000
       10195000	      1018	8000075c	01b5dd13	srli	x26,x11,0x1b	 x11:0x40009fc4 x26=0x00000008
       10205000	      1019	80000760	00000013	addi	x0,x0,0	  x0:0x00000000
       10215000	      1020	80000764	2d357813	andi	x16,x10,723	 x10:0x0000076e x16=0x00000242
       10225000	      1021	80000768	00141013	slli	x0,x8,0x1	  x8:0x00000000
       10235000	      1022	8000076c	06438023	sb	x4,96(x7)	  x7:0x80008075  x4:0x00000001 PA:0x800080d5
       10245000	      1023	80000770	02b38023	sb	x11,32(x7)	  x7:0x80008075 x11:0x40009fc4 PA:0x80008095
       10255000	      1024	80000774	00008597	auipc	x11,0x8	 x11=0x80008770
       10265000	      1025	80000778	67c58593	addi	x11,x11,1660	 x11:0x80008770 x11=0x80008dec
       10275000	      1026	8000077c	fea582a3	sb	x10,-27(x11)	 x11:0x80008dec x10:0x0000076e PA:0x80008dd1
       10285000	      1027	80000780	01cc5f33	srl	x30,x24,x28	 x24:0x00000000 x28:0x00000000 x30=0x00000000
       10295000	      1028	80000784	00d59c23	sh	x13,24(x11)	 x11:0x80008dec x13:0x80009f54 PA:0x80008e04
       10305000	      1029	80000788	098f4413	xori	x8,x30,152	 x30:0x00000000  x8=0x00000098
       10315000	      1030	8000078c	0325dd83	lhu	x27,50(x11)	 x11:0x80008dec x27=0x00000000 PA:0x80008e1e
       10325000	      1031	80000790	00259c83	lh	x25,2(x11)	 x11:0x80008dec x25=0x00000000 PA:0x80008dee
       10335000	      1032	00000000	00000013	addi	x0,x0,0	  x0:0x00000000
       10345000	      1033	80000794	659ea193	slti	x3,x29,1625	 x29:0x59f82c51  x3=0x00000000
       10355000	      1034	80000798	00bb43b3	xor	x7,x22,x11	 x22:0x00000001 x11:0x80008dec  x7=0x80008ded
       10365000	      1035	8000079c	eaf159b7	lui	x19,0xeaf15	 x19=0xeaf15000
       10375000	      1036	800007a0	00d589a3	sb	x13,19(x11)	 x11:0x80008dec x13:0x80009f54 PA:0x80008dff
       10385000	      1037	800007a4	01c7aa33	slt	x20,x15,x28	 x15:0x80009fc5 x28:0x00000000 x20=0x00000001
       10395000	      1038	800007a8	fc85d783	lhu	x15,-56(x11)	 x11:0x80008dec x15=0x00000000 PA:0x80008db4
       10405000	      1039	800007ac	6a117b93	andi	x23,x2,1697	  x2:0x00000001 x23=0x00000001
       10415000	      1040	800007b0	000a19b3	sll	x19,x20,x0	 x20:0x00000001  x0:0x00000000 x19=0x00000001
       10425000	      1041	800007b4	0195ae23	sw	x25,28(x11)	 x11:0x80008dec x25:0x00000000 PA:0x80008e08
       10435000	      1042	800007b8	ec6ae513	ori	x10,x21,-314	 x21:0x4eed5000 x10=0xfffffec6
       10445000	      1043	800007bc	01475513	srli	x10,x14,0x14	 x14:0x00997400 x10=0x00000009
       10455000	      1044	800007c0	00099a13	slli	x20,x19,0x0	 x19:0x00000001 x20=0x00000001
       10465000	      1045	800007c4	fdd5c103	lbu	x2,-35(x11)	 x11:0x80008dec  x2=0x00000000 PA:0x80008dc9
       10475000	      1046	800007c8	006fa7b3	slt	x15,x31,x6	 x31:0x00000000  x6:0x00000000 x15=0x00000000
       10485000	      1047	800007cc	40a0d333	sra	x6,x1,x10	  x1:0x800005e8 x10:0x00000009  x6=0xffc00002
       10495000	      1048	800007d0	01581113	slli	x2,x16,0x15	 x16:0x00000242  x2=0x48400000
       10505000	      1049	800007d4	ff858fa3	sb	x24,-1(x11)	 x11:0x80008dec x24:0x00000000 PA:0x80008deb
       10515000	      1050	800007d8	00700533	add	x10,x0,x7	  x0:0x00000000  x7:0x80008ded x10=0x80008ded
       10525000	      1051	800007dc	406f8033	sub	x0,x31,x6	 x31:0x00000000  x6:0xffc00002
       10535000	      1052	800007e0	00189913	slli	x18,x17,0x1	 x17:0x00000000 x18=0x00000000
       10545000	      1053	800007e4	00000013	addi	x0,x0,0	  x0:0x00000000
       10555000	      1054	800007e8	40be0633	sub	x12,x28,x11	 x28:0x00000000 x11:0x80008dec x12=0x7fff7214
       10565000	      1055	800007ec	01aa1993	slli	x19,x20,0x1a	 x20:0x00000001 x19=0x04000000
       10575000	      1056	800007f0	c1f74213	xori	x4,x14,-993	 x14:0x00997400  x4=0xff66881f
       10585000	      1057	800007f4	01a3f833	and	x16,x7,x26	  x7:0x80008ded x26:0x00000008 x16=0x00000008
       10595000	      1058	800007f8	0075c303	lbu	x6,7(x11)	 x11:0x80008dec  x6=0x00000000 PA:0x80008df3
       10605000	      1059	800007fc	0395c903	lbu	x18,57(x11)	 x11:0x80008dec x18=0x00000000 PA:0x80008e25
       10615000	      1060	80000800	00008117	auipc	x2,0x8	  x2=0x800087fc
       10625000	      1061	80000804	d0e10113	addi	x2,x2,-754	  x2:0x800087fc  x2=0x8000850a
       10635000	      1062	80000808	a65e4e17	auipc	x28,0xa65e4	 x28=0x265e4804
       10645000	      1063	8000080c	01c1c033	xor	x0,x3,x28	  x3:0x00000000 x28:0x265e4804
       10655000	      1064	80000810	22788a93	addi	x21,x17,551	 x17:0x00000000 x21=0x00000227
       10665000	      1065	80000814	00b14583	lbu	x11,11(x2)	  x2:0x8000850a x11=0x00000000 PA:0x80008515
       10675000	      1066	80000818	41180b33	sub	x22,x16,x17	 x16:0x00000008 x17:0x00000000 x22=0x00000008
       10685000	      1067	8000081c	ff110903	lb	x18,-15(x2)	  x2:0x8000850a x18=0x00000038 PA:0x800084fb
       10695000	      1068	80000820	01d27a33	and	x20,x4,x29	  x4:0xff66881f x29:0x59f82c51 x20=0x59600811
       10705000	      1069	80000824	00111823	sh	x1,16(x2)	  x2:0x8000850a  x1:0x800005e8 PA:0x8000851a
       10715000	      1070	80000828	414e3e17	auipc	x28,0x414e3	 x28=0xc14e3824
       10725000	      1071	8000082c	ffc10aa3	sb	x28,-11(x2)	  x2:0x8000850a x28:0xc14e3824 PA:0x800084ff
       10735000	      1072	80000830	bd3be193	ori	x3,x23,-1069	 x23:0x00000001  x3=0xfffffbd3
       10745000	      1073	80000834	00a12a83	lw	x21,10(x2)	  x2:0x8000850a x21=0x00000000 PA:0x80008514
       10755000	      1074	80000838	abdc9317	auipc	x6,0xabdc9	  x6=0x2bdc9834
       10765000	      1075	8000083c	20092393	slti	x7,x18,512	 x18:0x00000038  x7=0x00000001
       10775000	      1076	80000840	01ac9d93	slli	x27,x25,0x1a	 x25:0x00000000 x27=0x00000000
       10785000	      1077	80000844	ffc11823	sh	x28,-16(x2)	  x2:0x8000850a x28:0xc14e3824 PA:0x800084fa
       10795000	      1078	80000848	ff110a83	lb	x21,-15(x2)	  x2:0x8000850a x21=0x00000038 PA:0x800084fb
       10805000	      1079	8000084c	00514903	lbu	x18,5(x2)	  x2:0x8000850a x18=0x00000000 PA:0x8000850f
       10815000	      1080	80000850	fe012f23	sw	x0,-2(x2)	  x2:0x8000850a  x0:0x00000000 PA:0x80008508
       10825000	      1081	80000854	00215383	lhu	x7,2(x2)	  x2:0x8000850a  x7=0x00000000 PA:0x8000850c
       10835000	      1082	80000858	ff310883	lb	x17,-13(x2)	  x2:0x8000850a x17=0xffffffc7 PA:0x800084fd
       10845000	      1083	8000085c	00a49c13	slli	x24,x9,0xa	  x9:0x1d20c71c x24=0x831c7000
       10855000	      1084	80000860	4085d233	sra	x4,x11,x8	 x11:0x00000000  x8:0x00000098  x4=0x00000000
       10865000	      1085	80000864	01e10023	sb	x30,0(x2)	  x2:0x8000850a x30:0x00000000 PA:0x8000850a
       10875000	      1086	80000868	41eadf13	srai	x30,x21,0x1e	 x21:0x00000038 x30=0x00000000
       10885000	      1087	8000086c	ffc15c03	lhu	x24,-4(x2)	  x2:0x8000850a x24=0x00000000 PA:0x80008506
       10895000	      1088	80000870	0078c533	xor	x10,x17,x7	 x17:0xffffffc7  x7:0x00000000 x10=0xffffffc7
       10905000	      1089	80000874	01997833	and	x16,x18,x25	 x18:0x00000000 x25:0x00000000 x16=0x00000000
       10915000	      1090	80000878	40f653b3	sra	x7,x12,x15	 x12:0x7fff7214 x15:0x00000000  x7=0x7fff7214
       10925000	      1091	8000087c	01f15d93	srli	x27,x2,0x1f	  x2:0x8000850a x27=0x00000001
       10935000	      1092	80000880	01aa6933	or	x18,x20,x26	 x20:0x59600811 x26:0x00000008 x18=0x59600819
       10945000	      1093	80000884	fff14f03	lbu	x30,-1(x2)	  x2:0x8000850a x30=0x00000000 PA:0x80008509
       10955000	      1094	80000888	93587313	andi	x6,x16,-1739	 x16:0x00000000  x6=0x00000000
       10965000	      1095	8000088c	04f2fa13	andi	x20,x5,79	  x5:0x80009fc4 x20=0x00000044
       10975000	      1096	80000890	bc62f393	andi	x7,x5,-1082	  x5:0x80009fc4  x7=0x80009bc4
       10985000	      1097	80000894	00f10503	lb	x10,15(x2)	  x2:0x8000850a x10=0x00000000 PA:0x80008519
       10995000	      1098	80000898	ff714b83	lbu	x23,-9(x2)	  x2:0x8000850a x23=0x00000000 PA:0x80008501
       11005000	      1099	8000089c	00a12f83	lw	x31,10(x2)	  x2:0x8000850a x31=0x00000000 PA:0x80008514
       11015000	      1100	800008a0	633f6f13	ori	x30,x30,1587	 x30:0x00000000 x30=0x00000633
       11025000	      1101	800008a4	008ac233	xor	x4,x21,x8	 x21:0x00000038  x8:0x00000098  x4=0x000000a0
       11035000	      1102	800008a8	fe912923	sw	x9,-14(x2)	  x2:0x8000850a  x9:0x1d20c71c PA:0x800084fc
       11045000	      1103	800008ac	00e3b9b3	sltu	x19,x7,x14	  x7:0x80009bc4 x14:0x00997400 x19=0x00000000
       11055000	      1104	800008b0	00011f83	lh	x31,0(x2)	  x2:0x8000850a x31=0x00000000 PA:0x8000850a
       11065000	      1105	800008b4	ffc10fa3	sb	x28,-1(x2)	  x2:0x8000850a x28:0xc14e3824 PA:0x80008509
       11075000	      1106	800008b8	ff714903	lbu	x18,-9(x2)	  x2:0x8000850a x18=0x00000000 PA:0x80008501
       11085000	      1107	800008bc	ff710483	lb	x9,-9(x2)	  x2:0x8000850a  x9=0x00000000 PA:0x80008501
       11095000	      1108	800008c0	00e15e03	lhu	x28,14(x2)	  x2:0x8000850a x28=0x00000000 PA:0x80008518
       11105000	      1109	800008c4	ff610aa3	sb	x22,-11(x2)	  x2:0x8000850a x22:0x00000008 PA:0x800084ff
       11115000	      1110	800008c8	00008097	auipc	x1,0x8	  x1=0x800088c4
       11125000	      1111	800008cc	13208093	addi	x1,x1,306	  x1:0x800088c4  x1=0x800089f6
       11135000	      1112	800008d0	39c0d403	lhu	x8,924(x1)	  x1:0x800089f6  x8=0x00000000 PA:0x80008d92
       11145000	      1113	800008d4	3202aa93	slti	x21,x5,800	  x5:0x80009fc4 x21=0x00000001
       11155000	      1114	800008d8	2820d303	lhu	x6,642(x1)	  x1:0x800089f6  x6=0x00000000 PA:0x80008c78
       11165000	      1115	800008dc	0b708da3	sb	x23,187(x1)	  x1:0x800089f6 x23:0x00000000 PA:0x80008ab1
       11175000	      1116	800008e0	dcf57313	andi	x6,x10,-561	 x10:0x00000000  x6=0x00000000
       11185000	      1117	800008e4	00000013	addi	x0,x0,0	  x0:0x00000000
       11195000	      1118	800008e8	00000013	addi	x0,x0,0	  x0:0x00000000
       11205000	      1119	800008ec	7ee27313	andi	x6,x4,2030	  x4:0x000000a0  x6=0x000000a0
       11215000	      1120	800008f0	4490a523	sw	x9,1098(x1)	  x1:0x800089f6  x9:0x00000000 PA:0x80008e40
       11225000	      1121	800008f4	4e60a003	lw	x0,1254(x1)	  x1:0x800089f6 PA:0x80008edc
       11235000	      1122	800008f8	3a01ed93	ori	x27,x3,928	  x3:0xfffffbd3 x27=0xfffffbf3
       11245000	      1123	800008fc	1560d183	lhu	x3,342(x1)	  x1:0x800089f6  x3=0x00000000 PA:0x80008b4c
       11255000	      1124	80000900	21708c03	lb	x24,535(x1)	  x1:0x800089f6 x24=0x00000000 PA:0x80008c0d
       11265000	      1125	80000904	512d2837	lui	x16,0x512d2	 x16=0x512d2000
       11275000	      1126	80000908	c2bcae13	slti	x28,x25,-981	 x25:0x00000000 x28=0x00000000
       11285000	      1127	8000090c	41ea87b3	sub	x15,x21,x30	 x21:0x00000001 x30:0x00000633 x15=0xfffff9ce
       11295000	      1128	80000910	e6d0a123	sw	x13,-414(x1)	  x1:0x800089f6 x13:0x80009f54 PA:0x80008858
       11305000	      1129	80000914	f5708e03	lb	x28,-169(x1)	  x1:0x800089f6 x28=0x00000000 PA:0x8000894d
       11315000	      1130	80000918	fb108203	lb	x4,-79(x1)	  x1:0x800089f6  x4=0x00000000 PA:0x800089a7
       11325000	      1131	8000091c	42308f83	lb	x31,1059(x1)	  x1:0x800089f6 x31=0x00000000 PA:0x80008e19
       11335000	      1132	80000920	40c0d593	srai	x11,x1,0xc	  x1:0x800089f6 x11=0xfff80008
       11345000	      1133	80000924	40ae5513	srai	x10,x28,0xa	 x28:0x00000000 x10=0x00000000
       11355000	      1134	80000928	ef309823	sh	x19,-272(x1)	  x1:0x800089f6 x19:0x00000000 PA:0x800088e6
       11365000	      1135	8000092c	01f75493	srli	x9,x14,0x1f	 x14:0x00997400  x9=0x00000000
       11375000	      1136	80000930	5ef08223	sb	x15,1508(x1)	  x1:0x800089f6 x15:0xfffff9ce PA:0x80008fda
       11385000	      1137	80000934	0043f833	and	x16,x7,x4	  x7:0x80009bc4  x4:0x00000000 x16=0x00000000
       11395000	      1138	80000938	5730c883	lbu	x17,1395(x1)	  x1:0x800089f6 x17=0x00000000 PA:0x80008f69
       11405000	      1139	8000093c	00a6c1b3	xor	x3,x13,x10	 x13:0x80009f54 x10:0x00000000  x3=0x80009f54
       11415000	      1140	80000940	f0c081a3	sb	x12,-253(x1)	  x1:0x800089f6 x12:0x7fff7214 PA:0x800088f9
       11425000	      1141	80000944	00d69f93	slli	x31,x13,0xd	 x13:0x80009f54 x31=0x13ea8000
       11435000	      1142	80000948	42608c23	sb	x6,1080(x1)	  x1:0x800089f6  x6:0x000000a0 PA:0x80008e2e
       11445000	      1143	8000094c	ef908a03	lb	x20,-263(x1)	  x1:0x800089f6 x20=0x00000000 PA:0x800088ef
       11455000	      1144	80000950	28c0db03	lhu	x22,652(x1)	  x1:0x800089f6 x22=0x00000000 PA:0x80008c82
       11465000	      1145	80000954	008bd633	srl	x12,x23,x8	 x23:0x00000000  x8:0x00000000 x12=0x00000000
       11475000	      1146	80000958	014467b3	or	x15,x8,x20	  x8:0x00000000 x20:0x00000000 x15=0x00000000
       11485000	      1147	8000095c	01271813	slli	x16,x14,0x12	 x14:0x00997400 x16=0xd0000000
       11495000	      1148	80000960	011cd7b3	srl	x15,x25,x17	 x25:0x00000000 x17:0x00000000 x15=0x00000000
       11505000	      1149	80000964	2d408b23	sb	x20,726(x1)	  x1:0x800089f6 x20:0x00000000 PA:0x80008ccc
       11515000	      1150	80000968	25808803	lb	x16,600(x1)	  x1:0x800089f6 x16=0x00000000 PA:0x80008c4e
       11525000	      1151	8000096c	00a319b3	sll	x19,x6,x10	  x6:0x000000a0 x10:0x00000000 x19=0x000000a0
       11535000	      1152	80000970	01e05c13	srli	x24,x0,0x1e	  x0:0x00000000 x24=0x00000000
       11545000	      1153	80000974	010934b3	sltu	x9,x18,x16	 x18:0x00000000 x16:0x00000000  x9=0x00000000
       11555000	      1154	80000978	ef708703	lb	x14,-265(x1)	  x1:0x800089f6 x14=0x00000000 PA:0x800088ed
       11565000	      1155	8000097c	00007097	auipc	x1,0x7	  x1=0x80007978
       11575000	      1156	80000980	6d108093	addi	x1,x1,1745	  x1:0x80007978  x1=0x80008049
       11585000	      1157	80000984	03808a03	lb	x20,56(x1)	  x1:0x80008049 x20=0x00000000 PA:0x80008081
       11595000	      1158	80000988	35867d13	andi	x26,x12,856	 x12:0x00000000 x26=0x00000000
       11605000	      1159	8000098c	da224413	xori	x8,x4,-606	  x4:0x00000000  x8=0xfffffda2
       11615000	      1160	80000990	019613b3	sll	x7,x12,x25	 x12:0x00000000 x25:0x00000000  x7=0x00000000
       11625000	      1161	80000994	011b5bb3	srl	x23,x22,x17	 x22:0x00000000 x17:0x00000000 x23=0x00000000
       11635000	      1162	80000998	017a27b3	slt	x15,x20,x23	 x20:0x00000000 x23:0x00000000 x15=0x00000000
       11645000	      1163	8000099c	0130aa83	lw	x21,19(x1)	  x1:0x80008049 x21=0x00000000 PA:0x8000805c
       11655000	      1164	800009a0	a9c85bb7	lui	x23,0xa9c85	 x23=0xa9c85000
       11665000	      1165	800009a4	41a75493	srai	x9,x14,0x1a	 x14:0x00000000  x9=0x00000000
       11675000	      1166	800009a8	349e3913	sltiu	x18,x28,841	 x28:0x00000000 x18=0x00000001
       11685000	      1167	800009ac	02b0a103	lw	x2,43(x1)	  x1:0x80008049  x2=0x00000000 PA:0x80008074
       11695000	      1168	800009b0	41508fb3	sub	x31,x1,x21	  x1:0x80008049 x21:0x00000000 x31=0x80008049
       11705000	      1169	800009b4	023087a3	sb	x3,47(x1)	  x1:0x80008049  x3:0x80009f54 PA:0x80008078
       11715000	      1170	800009b8	dd31e713	ori	x14,x3,-557	  x3:0x80009f54 x14=0xffffffd7
       11725000	      1171	800009bc	00955d13	srli	x26,x10,0x9	 x10:0x00000000 x26=0x00000000
       11735000	      1172	800009c0	0220cf83	lbu	x31,34(x1)	  x1:0x80008049 x31=0x00000000 PA:0x8000806b
       11745000	      1173	800009c4	02d09f03	lh	x30,45(x1)	  x1:0x80008049 x30=0x00000000 PA:0x80008076
       11755000	      1174	800009c8	007b44b3	xor	x9,x22,x7	 x22:0x00000000  x7:0x00000000  x9=0x00000000
       11765000	      1175	800009cc	014098a3	sh	x20,17(x1)	  x1:0x80008049 x20:0x00000000 PA:0x8000805a
       11775000	      1176	800009d0	02708923	sb	x7,50(x1)	  x1:0x80008049  x7:0x00000000 PA:0x8000807b
       11785000	      1177	800009d4	011e99b3	sll	x19,x29,x17	 x29:0x59f82c51 x17:0x00000000 x19=0x59f82c51
       11795000	      1178	800009d8	015868b3	or	x17,x16,x21	 x16:0x00000000 x21:0x00000000 x17=0x00000000
       11805000	      1179	800009dc	03508703	lb	x14,53(x1)	  x1:0x80008049 x14=0x00000000 PA:0x8000807e
       11815000	      1180	800009e0	cd406497	auipc	x9,0xcd406	  x9=0x4d4069dc
       11825000	      1181	800009e4	12d20e13	addi	x28,x4,301	  x4:0x00000000 x28=0x0000012d
       11835000	      1182	800009e8	03208483	lb	x9,50(x1)	  x1:0x80008049  x9=0x00000000 PA:0x8000807b
       11845000	      1183	800009ec	40fb5113	srai	x2,x22,0xf	 x22:0x00000000  x2=0x00000000
       11855000	      1184	800009f0	0270cc03	lbu	x24,39(x1)	  x1:0x80008049 x24=0x00000000 PA:0x80008070
       11865000	      1185	800009f4	00457cb3	and	x25,x10,x4	 x10:0x00000000  x4:0x00000000 x25=0x00000000
       11875000	      1186	800009f8	015db8b3	sltu	x17,x27,x21	 x27:0xfffffbf3 x21:0x00000000 x17=0x00000000
       11885000	      1187	800009fc	019098a3	sh	x25,17(x1)	  x1:0x80008049 x25:0x00000000 PA:0x8000805a
       11895000	      1188	80000a00	028098a3	sh	x8,49(x1)	  x1:0x80008049  x8:0xfffffda2 PA:0x8000807a
       11905000	      1189	80000a04	1eb55237	lui	x4,0x1eb55	  x4=0x1eb55000
       11915000	      1190	80000a08	00d44133	xor	x2,x8,x13	  x8:0xfffffda2 x13:0x80009f54  x2=0x7fff62f6
       11925000	      1191	80000a0c	00c3e663	bltu	x7,x12,80000a18	  x7:0x00000000 x12:0x00000000
       11935000	      1192	80000a10	70c90113	addi	x2,x18,1804	 x18:0x00000001  x2=0x0000070d
       11945000	      1193	80000a14	00911e13	slli	x28,x2,0x9	  x2:0x0000070d x28=0x000e1a00
       11955000	      1194	80000a18	018a6833	or	x16,x20,x24	 x20:0x00000000 x24:0x00000000 x16=0x00000000
       11965000	      1195	80000a1c	40895bb3	sra	x23,x18,x8	 x18:0x00000001  x8:0xfffffda2 x23=0x00000000
       11975000	      1196	80000a20	79b88493	addi	x9,x17,1947	 x17:0x00000000  x9=0x0000079b
       11985000	      1197	80000a24	011d2033	slt	x0,x26,x17	 x26:0x00000000 x17:0x00000000
       11995000	      1198	80000a28	04275063	bge	x14,x2,80000a68	 x14:0x00000000  x2:0x0000070d
       12005000	      1199	80000a2c	02660a63	beq	x12,x6,80000a60	 x12:0x00000000  x6:0x000000a0
       12015000	      1200	80000a30	00a8f0b3	and	x1,x17,x10	 x17:0x00000000 x10:0x00000000  x1=0x00000000
       12025000	      1201	80000a34	b2197093	andi	x1,x18,-1247	 x18:0x00000001  x1=0x00000001
       12035000	      1202	80000a38	00f655b3	srl	x11,x12,x15	 x12:0x00000000 x15:0x00000000 x11=0x00000000
       12045000	      1203	80000a3c	1e9ce613	ori	x12,x25,489	 x25:0x00000000 x12=0x000001e9
       12055000	      1204	80000a40	00b40333	add	x6,x8,x11	  x8:0xfffffda2 x11:0x00000000  x6=0xfffffda2
       12065000	      1205	80000a44	4068df33	sra	x30,x17,x6	 x17:0x00000000  x6:0xfffffda2 x30=0x00000000
       12075000	      1206	80000a48	5b02f713	andi	x14,x5,1456	  x5:0x80009fc4 x14=0x00000580
       12085000	      1207	80000a4c	0002d663	bge	x5,x0,80000a58	  x5:0x80009fc4  x0:0x00000000
       12095000	      1208	80000a50	9bbe6313	ori	x6,x28,-1605	 x28:0x000e1a00  x6=0xfffffbbb
       12105000	      1209	80000a54	3bd2f417	auipc	x8,0x3bd2f	  x8=0xbbd2fa50
       12115000	      1210	80000a58	719fc993	xori	x19,x31,1817	 x31:0x00000000 x19=0x00000719
       12125000	      1211	80000a5c	01cb5b93	srli	x23,x22,0x1c	 x22:0x00000000 x23=0x00000000
       12135000	      1212	80000a60	41565113	srai	x2,x12,0x15	 x12:0x000001e9  x2=0x00000000
       12145000	      1213	80000a64	41b05713	srai	x14,x0,0x1b	  x0:0x00000000 x14=0x00000000
       12155000	      1214	80000a68	0d8ee663	bltu	x29,x24,80000b34	 x29:0x59f82c51 x24:0x00000000
       12165000	      1215	80000a6c	001b1013	slli	x0,x22,0x1	 x22:0x00000000
       12175000	      1216	80000a70	00d0b3b3	sltu	x7,x1,x13	  x1:0x00000001 x13:0x80009f54  x7=0x00000001
       12185000	      1217	80000a74	0d5a0463	beq	x20,x21,80000b3c	 x20:0x00000000 x21:0x00000000
       12195000	      1218	00000000	00000013	addi	x0,x0,0	  x0:0x00000000
       12205000	      1219	80000b38	00000013	addi	x0,x0,0	  x0:0x00000000
       12215000	      1220	80000b3c	02d89063	bne	x17,x13,80000b5c	 x17:0x00000000 x13:0x80009f54
       12225000	      1221	00000000	00000013	addi	x0,x0,0	  x0:0x00000000
       12235000	      1222	80000b58	00000013	addi	x0,x0,0	  x0:0x00000000
       12245000	      1223	80000b5c	00000013	addi	x0,x0,0	  x0:0x00000000
       12255000	      1224	80000b60	0012c9b3	xor	x19,x5,x1	  x5:0x80009fc4  x1:0x00000001 x19=0x80009fc5
       12265000	      1225	80000b64	00b6db33	srl	x22,x13,x11	 x13:0x80009f54 x11:0x00000000 x22=0x80009f54
       12275000	      1226	80000b68	2bc53393	sltiu	x7,x10,700	 x10:0x00000000  x7=0x00000001
       12285000	      1227	80000b6c	001b11b3	sll	x3,x22,x1	 x22:0x80009f54  x1:0x00000001  x3=0x00013ea8
       12295000	      1228	80000b70	40192e13	slti	x28,x18,1025	 x18:0x00000001 x28=0x00000001
       12305000	      1229	80000b74	01354263	blt	x10,x19,80000b78	 x10:0x00000000 x19:0x80009fc5
       12315000	      1230	80000b78	00000013	addi	x0,x0,0	  x0:0x00000000
       12325000	      1231	80000b7c	12477f37	lui	x30,0x12477	 x30=0x12477000
       12335000	      1232	80000b80	05a97663	bgeu	x18,x26,80000bcc	 x18:0x00000001 x26:0x00000000
       12345000	      1233	00000000	00000013	addi	x0,x0,0	  x0:0x00000000
       12355000	      1234	80000bc8	00000013	addi	x0,x0,0	  x0:0x00000000
       12365000	      1235	80000bcc	407b5a13	srai	x20,x22,0x7	 x22:0x80009f54 x20=0xff00013e
       12375000	      1236	80000bd0	01ee24b3	slt	x9,x28,x30	 x28:0x00000001 x30:0x12477000  x9=0x00000001
       12385000	      1237	80000bd4	00354c33	xor	x24,x10,x3	 x10:0x00000000  x3:0x00013ea8 x24=0x00013ea8
       12395000	      1238	80000bd8	00fd75b3	and	x11,x26,x15	 x26:0x00000000 x15:0x00000000 x11=0x00000000
       12405000	      1239	80000bdc	00fbc533	xor	x10,x23,x15	 x23:0x00000000 x15:0x00000000 x10=0x00000000
       12415000	      1240	80000be0	413a58b3	sra	x17,x20,x19	 x20:0xff00013e x19:0x80009fc5 x17=0xfff80009
       12425000	      1241	80000be4	e64f5897	auipc	x17,0xe64f5	 x17=0x664f5be0
       12435000	      1242	80000be8	9ef1f013	andi	x0,x3,-1553	  x3:0x00013ea8
       12445000	      1243	80000bec	00d0d5b3	srl	x11,x1,x13	  x1:0x00000001 x13:0x80009f54 x11=0x00000000
       12455000	      1244	80000bf0	05afd663	bge	x31,x26,80000c3c	 x31:0x00000000 x26:0x00000000
       12465000	      1245	00000000	00000013	addi	x0,x0,0	  x0:0x00000000
       12475000	      1246	80000c38	00000013	addi	x0,x0,0	  x0:0x00000000
       12485000	      1247	80000c3c	016a70b3	and	x1,x20,x22	 x20:0xff00013e x22:0x80009f54  x1=0x80000114
       12495000	      1248	80000c40	00000013	addi	x0,x0,0	  x0:0x00000000
       12505000	      1249	80000c44	045c0663	beq	x24,x5,80000c90	 x24:0x00013ea8  x5:0x80009fc4
       12515000	      1250	80000c48	13a48e13	addi	x28,x9,314	  x9:0x00000001 x28=0x0000013b
       12525000	      1251	80000c4c	ae637713	andi	x14,x6,-1306	  x6:0xfffffbbb x14=0xfffffaa2
       12535000	      1252	80000c50	bd766b13	ori	x22,x12,-1065	 x12:0x000001e9 x22=0xfffffbff
       12545000	      1253	80000c54	7f7eaf13	slti	x30,x29,2039	 x29:0x59f82c51 x30=0x00000000
       12555000	      1254	80000c58	c0034493	xori	x9,x6,-1024	  x6:0xfffffbbb  x9=0x000007bb
       12565000	      1255	80000c5c	04144863	blt	x8,x1,80000cac	  x8:0xbbd2fa50  x1:0x80000114
       12575000	      1256	80000c60	01c1ea63	bltu	x3,x28,80000c74	  x3:0x00013ea8 x28:0x0000013b
       12585000	      1257	80000c64	00dcca33	xor	x20,x25,x13	 x25:0x00000000 x13:0x80009f54 x20=0x80009f54
       12595000	      1258	80000c68	00cdfdb3	and	x27,x27,x12	 x27:0xfffffbf3 x12:0x000001e9 x27=0x000001e1
       12605000	      1259	80000c6c	00b247b3	xor	x15,x4,x11	  x4:0x1eb55000 x11:0x00000000 x15=0x1eb55000
       12615000	      1260	80000c70	019fd993	srli	x19,x31,0x19	 x31:0x00000000 x19=0x00000000
       12625000	      1261	80000c74	0174d333	srl	x6,x9,x23	  x9:0x000007bb x23:0x00000000  x6=0x000007bb
       12635000	      1262	80000c78	6ba22a93	slti	x21,x4,1722	  x4:0x1eb55000 x21=0x00000000
       12645000	      1263	80000c7c	02f50c63	beq	x10,x15,80000cb4	 x10:0x00000000 x15:0x1eb55000
       12655000	      1264	80000c80	00086463	bltu	x16,x0,80000c88	 x16:0x00000000  x0:0x00000000
       12665000	      1265	80000c84	01408863	beq	x1,x20,80000c94	  x1:0x80000114 x20:0x80009f54
       12675000	      1266	80000c88	6e63ff13	andi	x30,x7,1766	  x7:0x00000001 x30=0x00000000
       12685000	      1267	80000c8c	02868a63	beq	x13,x8,80000cc0	 x13:0x80009f54  x8:0xbbd2fa50
       12695000	      1268	80000c90	03b6ce63	blt	x13,x27,80000ccc	 x13:0x80009f54 x27:0x000001e1
       12705000	      1269	00000000	00000013	addi	x0,x0,0	  x0:0x00000000
       12715000	      1270	80000cc8	00000013	addi	x0,x0,0	  x0:0x00000000
       12725000	      1271	80000ccc	035aec63	bltu	x21,x21,80000d04	 x21:0x00000000 x21:0x00000000
       12735000	      1272	80000cd0	01a85463	bge	x16,x26,80000cd8	 x16:0x00000000 x26:0x00000000
       12745000	      1273	00000000	00000013	addi	x0,x0,0	  x0:0x00000000
       12755000	      1274	80000cd4	00000013	addi	x0,x0,0	  x0:0x00000000
       12765000	      1275	80000cd8	02947e63	bgeu	x8,x9,80000d14	  x8:0xbbd2fa50  x9:0x000007bb
       12775000	      1276	00000000	00000013	addi	x0,x0,0	  x0:0x00000000
       12785000	      1277	80000d10	00000013	addi	x0,x0,0	  x0:0x00000000
       12795000	      1278	80000d14	02dbf663	bgeu	x23,x13,80000d40	 x23:0x00000000 x13:0x80009f54
       12805000	      1279	80000d18	015e2f33	slt	x30,x28,x21	 x28:0x0000013b x21:0x00000000 x30=0x00000000
       12815000	      1280	80000d1c	00451c13	slli	x24,x10,0x4	 x10:0x00000000 x24=0x00000000
       12825000	      1281	80000d20	01e86cb3	or	x25,x16,x30	 x16:0x00000000 x30:0x00000000 x25=0x00000000
       12835000	      1282	80000d24	2d460c13	addi	x24,x12,724	 x12:0x000001e9 x24=0x000004bd
       12845000	      1283	80000d28	401a5893	srai	x17,x20,0x1	 x20:0x80009f54 x17=0xc0004faa
       12855000	      1284	80000d2c	343a0a13	addi	x20,x20,835	 x20:0x80009f54 x20=0x8000a297
       12865000	      1285	80000d30	01bcfd33	and	x26,x25,x27	 x25:0x00000000 x27:0x000001e1 x26=0x00000000
       12875000	      1286	80000d34	311e6893	ori	x17,x28,785	 x28:0x0000013b x17=0x0000033b
       12885000	      1287	80000d38	00b9c263	blt	x19,x11,80000d3c	 x19:0x00000000 x11:0x00000000
       12895000	      1288	80000d3c	006e9d33	sll	x26,x29,x6	 x29:0x59f82c51  x6:0x000007bb x26=0x88000000
       12905000	      1289	80000d40	00c073b3	and	x7,x0,x12	  x0:0x00000000 x12:0x000001e9  x7=0x00000000
       12915000	      1290	80000d44	c1ddc797	auipc	x15,0xc1ddc	 x15=0x41ddcd40
       12925000	      1291	80000d48	26abdf37	lui	x30,0x26abd	 x30=0x26abd000
       12935000	      1292	80000d4c	00a5fe63	bgeu	x11,x10,80000d68	 x11:0x00000000 x10:0x00000000
       12945000	      1293	00000000	00000013	addi	x0,x0,0	  x0:0x00000000
       12955000	      1294	80000d64	00000013	addi	x0,x0,0	  x0:0x00000000
       12965000	      1295	80000d68	0e956263	bltu	x10,x9,80000e4c	 x10:0x00000000  x9:0x000007bb
       12975000	      1296	00000000	00000013	addi	x0,x0,0	  x0:0x00000000
       12985000	      1297	80000e48	00000013	addi	x0,x0,0	  x0:0x00000000
       12995000	      1298	80000e4c	9f0df097	auipc	x1,0x9f0df	  x1=0x1f0dfe48
       13005000	      1299	80000e50	015d5463	bge	x26,x21,80000e58	 x26:0x88000000 x21:0x00000000
       13015000	      1300	80000e54	03690063	beq	x18,x22,80000e74	 x18:0x00000001 x22:0xfffffbff
       13025000	      1301	80000e58	00a29863	bne	x5,x10,80000e68	  x5:0x80009fc4 x10:0x00000000
       13035000	      1302	00000000	00000013	addi	x0,x0,0	  x0:0x00000000
       13045000	      1303	80000e64	00000013	addi	x0,x0,0	  x0:0x00000000
       13055000	      1304	80000e68	02b5cc63	blt	x11,x11,80000ea0	 x11:0x00000000 x11:0x00000000
       13065000	      1305	80000e6c	054c5063	bge	x24,x20,80000eac	 x24:0x000004bd x20:0x8000a297
       13075000	      1306	00000000	00000013	addi	x0,x0,0	  x0:0x00000000
       13085000	      1307	80000ea8	00000013	addi	x0,x0,0	  x0:0x00000000
       13095000	      1308	80000eac	74baa637	lui	x12,0x74baa	 x12=0x74baa000
       13105000	      1309	80000eb0	00161e13	slli	x28,x12,0x1	 x12:0x74baa000 x28=0xe9754000
       13115000	      1310	80000eb4	009b1593	slli	x11,x22,0x9	 x22:0xfffffbff x11=0xfff7fe00
       13125000	      1311	80000eb8	4077dd93	srai	x27,x15,0x7	 x15:0x41ddcd40 x27=0x0083bb9a
       13135000	      1312	80000ebc	00000013	addi	x0,x0,0	  x0:0x00000000
       13145000	      1313	80000ec0	02946a63	bltu	x8,x9,80000ef4	  x8:0xbbd2fa50  x9:0x000007bb
       13155000	      1314	80000ec4	01c05b13	srli	x22,x0,0x1c	  x0:0x00000000 x22=0x00000000
       13165000	      1315	80000ec8	04f1d663	bge	x3,x15,80000f14	  x3:0x00013ea8 x15:0x41ddcd40
       13175000	      1316	80000ecc	14918b93	addi	x23,x3,329	  x3:0x00013ea8 x23=0x00013ff1
       13185000	      1317	80000ed0	01724b33	xor	x22,x4,x23	  x4:0x1eb55000 x23:0x00013ff1 x22=0x1eb46ff1
       13195000	      1318	80000ed4	00f84263	blt	x16,x15,80000ed8	 x16:0x00000000 x15:0x41ddcd40
       13205000	      1319	00000000	00000013	addi	x0,x0,0	  x0:0x00000000
       13215000	      1320	80000ed4	00000013	addi	x0,x0,0	  x0:0x00000000
       13225000	      1321	80000ed8	41855d13	srai	x26,x10,0x18	 x10:0x00000000 x26=0x00000000
       13235000	      1322	80000edc	005ad413	srli	x8,x21,0x5	 x21:0x00000000  x8=0x00000000
       13245000	      1323	80000ee0	0152c0b3	xor	x1,x5,x21	  x5:0x80009fc4 x21:0x00000000  x1=0x80009fc4
       13255000	      1324	80000ee4	02a0fa63	bgeu	x1,x10,80000f18	  x1:0x80009fc4 x10:0x00000000
       13265000	      1325	00000000	00000013	addi	x0,x0,0	  x0:0x00000000
       13275000	      1326	80000f14	00000013	addi	x0,x0,0	  x0:0x00000000
       13285000	      1327	80000f18	da79a793	slti	x15,x19,-601	 x19:0x00000000 x15=0x00000000
       13295000	      1328	80000f1c	00000013	addi	x0,x0,0	  x0:0x00000000
       13305000	      1329	80000f20	00bb0533	add	x10,x22,x11	 x22:0x1eb46ff1 x11:0xfff7fe00 x10=0x1eac6df1
       13315000	      1330	80000f24	01488463	beq	x17,x20,80000f2c	 x17:0x0000033b x20:0x8000a297
       13325000	      1331	80000f28	012c9833	sll	x16,x25,x18	 x25:0x00000000 x18:0x00000001 x16=0x00000000
       13335000	      1332	80000f2c	7c3d04b7	lui	x9,0x7c3d0	  x9=0x7c3d0000
       13345000	      1333	80000f30	bf4d7993	andi	x19,x26,-1036	 x26:0x00000000 x19=0x00000000
       13355000	      1334	80000f34	9c0a4313	xori	x6,x20,-1600	 x20:0x8000a297  x6=0x7fff5b57
       13365000	      1335	80000f38	00000013	addi	x0,x0,0	  x0:0x00000000
       13375000	      1336	80000f3c	ba7ef993	andi	x19,x29,-1113	 x29:0x59f82c51 x19=0x59f82801
       13385000	      1337	80000f40	0109d333	srl	x6,x19,x16	 x19:0x59f82801 x16:0x00000000  x6=0x59f82801
       13395000	      1338	80000f44	40020533	sub	x10,x4,x0	  x4:0x1eb55000  x0:0x00000000 x10=0x1eb55000
       13405000	      1339	80000f48	418b08b3	sub	x17,x22,x24	 x22:0x1eb46ff1 x24:0x000004bd x17=0x1eb46b34
       13415000	      1340	80000f4c	41b45e33	sra	x28,x8,x27	  x8:0x00000000 x27:0x0083bb9a x28=0x00000000
       13425000	      1341	80000f50	007b8ab3	add	x21,x23,x7	 x23:0x00013ff1  x7:0x00000000 x21=0x00013ff1
       13435000	      1342	80000f54	e1ff8d17	auipc	x26,0xe1ff8	 x26=0x61ff8f50
       13445000	      1343	80000f58	0042f333	and	x6,x5,x4	  x5:0x80009fc4  x4:0x1eb55000  x6=0x00001000
       13455000	      1344	80000f5c	006c1893	slli	x17,x24,0x6	 x24:0x000004bd x17=0x00012f40
       13465000	      1345	80000f60	00f95463	bge	x18,x15,80000f68	 x18:0x00000001 x15:0x00000000
       13475000	      1346	00000000	00000013	addi	x0,x0,0	  x0:0x00000000
       13485000	      1347	80000f64	00000013	addi	x0,x0,0	  x0:0x00000000
       13495000	      1348	80000f68	f562f217	auipc	x4,0xf562f	  x4=0x7562ff64
       13505000	      1349	80000f6c	585821b7	lui	x3,0x58582	  x3=0x58582000
       13515000	      1350	80000f70	02ff7463	bgeu	x30,x15,80000f98	 x30:0x26abd000 x15:0x00000000
       13525000	      1351	00000000	00000013	addi	x0,x0,0	  x0:0x00000000
       13535000	      1352	80000f94	00000013	addi	x0,x0,0	  x0:0x00000000
       13545000	      1353	80000f98	0019e663	bltu	x19,x1,80000fa4	 x19:0x59f82801  x1:0x80009fc4
       13555000	      1354	00000000	00000013	addi	x0,x0,0	  x0:0x00000000
       13565000	      1355	80000fa0	00000013	addi	x0,x0,0	  x0:0x00000000
       13575000	      1356	80000fa4	018f3e33	sltu	x28,x30,x24	 x30:0x26abd000 x24:0x000004bd x28=0x00000000
       13585000	      1357	80000fa8	019259b3	srl	x19,x4,x25	  x4:0x7562ff64 x25:0x00000000 x19=0x7562ff64
       13595000	      1358	80000fac	418ed233	sra	x4,x29,x24	 x29:0x59f82c51 x24:0x000004bd  x4=0x00000002
       13605000	      1359	80000fb0	544ea213	slti	x4,x29,1348	 x29:0x59f82c51  x4=0x00000000
       13615000	      1360	80000fb4	0d5a7d93	andi	x27,x20,213	 x20:0x8000a297 x27=0x00000095
       13625000	      1361	80000fb8	01914db3	xor	x27,x2,x25	  x2:0x00000000 x25:0x00000000 x27=0x00000000
       13635000	      1362	80000fbc	01efbd33	sltu	x26,x31,x30	 x31:0x00000000 x30:0x26abd000 x26=0x00000001
       13645000	      1363	80000fc0	01970a63	beq	x14,x25,80000fd4	 x14:0xfffffaa2 x25:0x00000000
       13655000	      1364	80000fc4	05149663	bne	x9,x17,80001010	  x9:0x7c3d0000 x17:0x00012f40
       13665000	      1365	00000000	00000013	addi	x0,x0,0	  x0:0x00000000
       13675000	      1366	8000100c	00000013	addi	x0,x0,0	  x0:0x00000000
       13685000	      1367	80001010	9ae22a93	slti	x21,x4,-1618	  x4:0x00000000 x21=0x00000000
       13695000	      1368	80001014	4133d613	srai	x12,x7,0x13	  x7:0x00000000 x12=0x00000000
       13705000	      1369	80001018	01e49263	bne	x9,x30,8000101c	  x9:0x7c3d0000 x30:0x26abd000
       13715000	      1370	00000000	00000013	addi	x0,x0,0	  x0:0x00000000
       13725000	      1371	80001018	00000013	addi	x0,x0,0	  x0:0x00000000
       13735000	      1372	8000101c	01305893	srli	x17,x0,0x13	  x0:0x00000000 x17=0x00000000
       13745000	      1373	80001020	4181d213	srai	x4,x3,0x18	  x3:0x58582000  x4=0x00000058
       13755000	      1374	80001024	017a6a33	or	x20,x20,x23	 x20:0x8000a297 x23:0x00013ff1 x20=0x8001bff7
       13765000	      1375	80001028	a1154d37	lui	x26,0xa1154	 x26=0xa1154000
       13775000	      1376	8000102c	01cb73b3	and	x7,x22,x28	 x22:0x1eb46ff1 x28:0x00000000  x7=0x00000000
       13785000	      1377	80001030	012675b3	and	x11,x12,x18	 x12:0x00000000 x18:0x00000001 x11=0x00000000
       13795000	      1378	80001034	006aa833	slt	x16,x21,x6	 x21:0x00000000  x6:0x00001000 x16=0x00000001
       13805000	      1379	80001038	0121e633	or	x12,x3,x18	  x3:0x58582000 x18:0x00000001 x12=0x58582001
       13815000	      1380	8000103c	0742e713	ori	x14,x5,116	  x5:0x80009fc4 x14=0x80009ff4
       13825000	      1381	80001040	417dd5b3	sra	x11,x27,x23	 x27:0x00000000 x23:0x00013ff1 x11=0x00000000
       13835000	      1382	80001044	00000013	addi	x0,x0,0	  x0:0x00000000
       13845000	      1383	80001048	021d4c63	blt	x26,x1,80001080	 x26:0xa1154000  x1:0x80009fc4
       13855000	      1384	8000104c	77435817	auipc	x16,0x77435	 x16=0xf7436048
       13865000	      1385	80001050	0095df93	srli	x31,x11,0x9	 x11:0x00000000 x31=0x00000000
       13875000	      1386	80001054	42f5ac93	slti	x25,x11,1071	 x11:0x00000000 x25=0x00000001
       13885000	      1387	80001058	00000013	addi	x0,x0,0	  x0:0x00000000
       13895000	      1388	8000105c	001e1463	bne	x28,x1,80001064	 x28:0x00000000  x1:0x80009fc4
       13905000	      1389	00000000	00000013	addi	x0,x0,0	  x0:0x00000000
       13915000	      1390	80001060	00000013	addi	x0,x0,0	  x0:0x00000000
       13925000	      1391	80001064	00cd6d33	or	x26,x26,x12	 x26:0xa1154000 x12:0x58582001 x26=0xf95d6001
       13935000	      1392	80001068	00db1713	slli	x14,x22,0xd	 x22:0x1eb46ff1 x14=0x8dfe2000
       13945000	      1393	8000106c	00889793	slli	x15,x17,0x8	 x17:0x00000000 x15=0x00000000
       13955000	      1394	80001070	00b5a933	slt	x18,x11,x11	 x11:0x00000000 x11:0x00000000 x18=0x00000000
       13965000	      1395	80001074	cd976713	ori	x14,x14,-807	 x14:0x8dfe2000 x14=0xfffffcd9
       13975000	      1396	80001078	5de87b13	andi	x22,x16,1502	 x16:0xf7436048 x22=0x00000048
       13985000	      1397	8000107c	006fbbb3	sltu	x23,x31,x6	 x31:0x00000000  x6:0x00001000 x23=0x00000001
       13995000	      1398	80001080	f53b8b37	lui	x22,0xf53b8	 x22=0xf53b8000
       14005000	      1399	80001084	f9940613	addi	x12,x8,-103	  x8:0x00000000 x12=0xffffff99
       14015000	      1400	80001088	00f95433	srl	x8,x18,x15	 x18:0x00000000 x15:0x00000000  x8=0x00000000
       14025000	      1401	8000108c	41f4dd33	sra	x26,x9,x31	  x9:0x7c3d0000 x31:0x00000000 x26=0x7c3d0000
       14035000	      1402	80001090	04388663	beq	x17,x3,800010dc	 x17:0x00000000  x3:0x58582000
       14045000	      1403	80001094	0411f663	bgeu	x3,x1,800010e0	  x3:0x58582000  x1:0x80009fc4
       14055000	      1404	80001098	00339f93	slli	x31,x7,0x3	  x7:0x00000000 x31=0x00000000
       14065000	      1405	8000109c	aadd9c37	lui	x24,0xaadd9	 x24=0xaadd9000
       14075000	      1406	800010a0	00077463	bgeu	x14,x0,800010a8	 x14:0xfffffcd9  x0:0x00000000
       14085000	      1407	00000000	00000013	addi	x0,x0,0	  x0:0x00000000
       14095000	      1408	800010a4	00000013	addi	x0,x0,0	  x0:0x00000000
       14105000	      1409	800010a8	01d5e9b3	or	x19,x11,x29	 x11:0x00000000 x29:0x59f82c51 x19=0x59f82c51
       14115000	      1410	800010ac	7a00f113	andi	x2,x1,1952	  x1:0x80009fc4  x2=0x00000780
       14125000	      1411	800010b0	c568ca93	xori	x21,x17,-938	 x17:0x00000000 x21=0xfffffc56
       14135000	      1412	800010b4	031d1c63	bne	x26,x17,800010ec	 x26:0x7c3d0000 x17:0x00000000
       14145000	      1413	00000000	00000013	addi	x0,x0,0	  x0:0x00000000
       14155000	      1414	800010e8	00000013	addi	x0,x0,0	  x0:0x00000000
       14165000	      1415	800010ec	b66d9f17	auipc	x30,0xb66d9	 x30=0x366da0e8
       14175000	      1416	800010f0	8d4ec797	auipc	x15,0x8d4ec	 x15=0x0d4ed0ec
       14185000	      1417	800010f4	0004d713	srli	x14,x9,0x0	  x9:0x7c3d0000 x14=0x7c3d0000
       14195000	      1418	800010f8	41470b33	sub	x22,x14,x20	 x14:0x7c3d0000 x20:0x8001bff7 x22=0xfc3b4009
       14205000	      1419	800010fc	414b80b3	sub	x1,x23,x20	 x23:0x00000001 x20:0x8001bff7  x1=0x7ffe400a
       14215000	      1420	80001100	a3d3ea93	ori	x21,x7,-1475	  x7:0x00000000 x21=0xfffffa3d
       14225000	      1421	80001104	e392a213	slti	x4,x5,-455	  x5:0x80009fc4  x4=0x00000001
       14235000	      1422	80001108	41d08e33	sub	x28,x1,x29	  x1:0x7ffe400a x29:0x59f82c51 x28=0x260613b9
       14245000	      1423	8000110c	0210e863	bltu	x1,x1,8000113c	  x1:0x7ffe400a  x1:0x7ffe400a
       14255000	      1424	80001110	007628b3	slt	x17,x12,x7	 x12:0xffffff99  x7:0x00000000 x17=0x00000001
       14265000	      1425	80001114	004b1093	slli	x1,x22,0x4	 x22:0xfc3b4009  x1=0xc3b40090
       14275000	      1426	80001118	583d2bb7	lui	x23,0x583d2	 x23=0x583d2000
       14285000	      1427	8000111c	41915d93	srai	x27,x2,0x19	  x2:0x00000780 x27=0x00000000
       14295000	      1428	80001120	01c2ec33	or	x24,x5,x28	  x5:0x80009fc4 x28:0x260613b9 x24=0xa6069ffd
       14305000	      1429	80001124	3a8d3793	sltiu	x15,x26,936	 x26:0x7c3d0000 x15=0x00000000
       14315000	      1430	80001128	00ac0b33	add	x22,x24,x10	 x24:0xa6069ffd x10:0x1eb55000 x22=0xc4bbeffd
       14325000	      1431	8000112c	01f8f233	and	x4,x17,x31	 x17:0x00000001 x31:0x00000000  x4=0x00000000
       14335000	      1432	80001130	01b86db3	or	x27,x16,x27	 x16:0xf7436048 x27:0x00000000 x27=0xf7436048
       14345000	      1433	80001134	037a9a63	bne	x21,x23,80001168	 x21:0xfffffa3d x23:0x583d2000
       14355000	      1434	00000000	00000013	addi	x0,x0,0	  x0:0x00000000
       14365000	      1435	80001164	00000013	addi	x0,x0,0	  x0:0x00000000
       14375000	      1436	80001168	000a7663	bgeu	x20,x0,80001174	 x20:0x8001bff7  x0:0x00000000
       14385000	      1437	00000000	00000013	addi	x0,x0,0	  x0:0x00000000
       14395000	      1438	80001170	00000013	addi	x0,x0,0	  x0:0x00000000
       14405000	      1439	80001174	dc7f4d93	xori	x27,x30,-569	 x30:0x366da0e8 x27=0xc9925d2f
       14415000	      1440	80001178	4024d913	srai	x18,x9,0x2	  x9:0x7c3d0000 x18=0x1f0f4000
       14425000	      1441	8000117c	c0e47813	andi	x16,x8,-1010	  x8:0x00000000 x16=0x00000000
       14435000	      1442	80001180	40615913	srai	x18,x2,0x6	  x2:0x00000780 x18=0x0000001e
       14445000	      1443	80001184	409a04b3	sub	x9,x20,x9	 x20:0x8001bff7  x9:0x7c3d0000  x9=0x03c4bff7
       14455000	      1444	80001188	c08b3317	auipc	x6,0xc08b3	  x6=0x408b4184
       14465000	      1445	8000118c	4bea8b93	addi	x23,x21,1214	 x21:0xfffffa3d x23=0xfffffefb
       14475000	      1446	80001190	60cd8013	addi	x0,x27,1548	 x27:0xc9925d2f
       14485000	      1447	80001194	017b1c13	slli	x24,x22,0x17	 x22:0xc4bbeffd x24=0xfe800000
       14495000	      1448	80001198	69c09117	auipc	x2,0x69c09	  x2=0xe9c0a194
       14505000	      1449	8000119c	0117c3b3	xor	x7,x15,x17	 x15:0x00000000 x17:0x00000001  x7=0x00000001
       14515000	      1450	800011a0	00c50533	add	x10,x10,x12	 x10:0x1eb55000 x12:0xffffff99 x10=0x1eb54f99
       14525000	      1451	800011a4	4199da13	srai	x20,x19,0x19	 x19:0x59f82c51 x20=0x0000002c
       14535000	      1452	800011a8	004d2133	slt	x2,x26,x4	 x26:0x7c3d0000  x4:0x00000000  x2=0x00000000
       14545000	      1453	800011ac	00a7f5b3	and	x11,x15,x10	 x15:0x00000000 x10:0x1eb54f99 x11=0x00000000
       14555000	      1454	800011b0	0093a233	slt	x4,x7,x9	  x7:0x00000001  x9:0x03c4bff7  x4=0x00000001
       14565000	      1455	800011b4	5ed2c193	xori	x3,x5,1517	  x5:0x80009fc4  x3=0x80009a29
       14575000	      1456	800011b8	004624b3	slt	x9,x12,x4	 x12:0xffffff99  x4:0x00000001  x9=0x00000001
       14585000	      1457	800011bc	40320033	sub	x0,x4,x3	  x4:0x00000001  x3:0x80009a29
       14595000	      1458	800011c0	033b8863	beq	x23,x19,800011f0	 x23:0xfffffefb x19:0x59f82c51
       14605000	      1459	800011c4	019b47b3	xor	x15,x22,x25	 x22:0xc4bbeffd x25:0x00000001 x15=0xc4bbeffc
       14615000	      1460	800011c8	00d8c733	xor	x14,x17,x13	 x17:0x00000001 x13:0x80009f54 x14=0x80009f55
       14625000	      1461	800011cc	014cd233	srl	x4,x25,x20	 x25:0x00000001 x20:0x0000002c  x4=0x00000000
       14635000	      1462	800011d0	c684e213	ori	x4,x9,-920	  x9:0x00000001  x4=0xfffffc69
       14645000	      1463	800011d4	003a5893	srli	x17,x20,0x3	 x20:0x0000002c x17=0x00000005
       14655000	      1464	800011d8	1904ce13	xori	x28,x9,400	  x9:0x00000001 x28=0x00000191
       14665000	      1465	800011dc	4152d533	sra	x10,x5,x21	  x5:0x80009fc4 x21:0xfffffa3d x10=0xfffffffc
       14675000	      1466	800011e0	01781a93	slli	x21,x16,0x17	 x16:0x00000000 x21=0x00000000
       14685000	      1467	800011e4	00f8d263	bge	x17,x15,800011e8	 x17:0x00000005 x15:0xc4bbeffc
       14695000	      1468	00000000	00000013	addi	x0,x0,0	  x0:0x00000000
       14705000	      1469	800011e4	00000013	addi	x0,x0,0	  x0:0x00000000
       14715000	      1470	800011e8	01339833	sll	x16,x7,x19	  x7:0x00000001 x19:0x59f82c51 x16=0x00020000
       14725000	      1471	800011ec	01095213	srli	x4,x18,0x10	 x18:0x0000001e  x4=0x00000000
       14735000	      1472	800011f0	0161ebb3	or	x23,x3,x22	  x3:0x80009a29 x22:0xc4bbeffd x23=0xc4bbfffd
       14745000	      1473	800011f4	0a5efb13	andi	x22,x29,165	 x29:0x59f82c51 x22=0x00000001
       14755000	      1474	800011f8	00230033	add	x0,x6,x2	  x6:0x408b4184  x2:0x00000000
       14765000	      1475	800011fc	0043a933	slt	x18,x7,x4	  x7:0x00000001  x4:0x00000000 x18=0x00000000
       14775000	      1476	80001200	41fc8c33	sub	x24,x25,x31	 x25:0x00000001 x31:0x00000000 x24=0x00000001
       14785000	      1477	80001204	0291fe63	bgeu	x3,x9,80001240	  x3:0x80009a29  x9:0x00000001
       14795000	      1478	00000000	00000013	addi	x0,x0,0	  x0:0x00000000
       14805000	      1479	8000123c	00000013	addi	x0,x0,0	  x0:0x00000000
       14815000	      1480	80001240	00c26f33	or	x30,x4,x12	  x4:0x00000000 x12:0xffffff99 x30=0xffffff99
       14825000	      1481	80001244	40c2dbb3	sra	x23,x5,x12	  x5:0x80009fc4 x12:0xffffff99 x23=0xffffffc0
       14835000	      1482	80001248	01e92fb3	slt	x31,x18,x30	 x18:0x00000000 x30:0xffffff99 x31=0x00000000
       14845000	      1483	8000124c	e7296d37	lui	x26,0xe7296	 x26=0xe7296000
       14855000	      1484	80001250	c15ff093	andi	x1,x31,-1003	 x31:0x00000000  x1=0x00000000
       14865000	      1485	80001254	033b1c63	bne	x22,x19,8000128c	 x22:0x00000001 x19:0x59f82c51
       14875000	      1486	00000000	00000013	addi	x0,x0,0	  x0:0x00000000
       14885000	      1487	80001288	00000013	addi	x0,x0,0	  x0:0x00000000
       14895000	      1488	8000128c	022f0a63	beq	x30,x2,800012c0	 x30:0xffffff99  x2:0x00000000
       14905000	      1489	80001290	012e6f33	or	x30,x28,x18	 x28:0x00000191 x18:0x00000000 x30=0x00000191
       14915000	      1490	80001294	018b1813	slli	x16,x22,0x18	 x22:0x00000001 x16=0x01000000
       14925000	      1491	80001298	a527c793	xori	x15,x15,-1454	 x15:0xc4bbeffc x15=0x3b4415ae
       14935000	      1492	8000129c	02cd8a63	beq	x27,x12,800012d0	 x27:0xc9925d2f x12:0xffffff99
       14945000	      1493	800012a0	0132dcb3	srl	x25,x5,x19	  x5:0x80009fc4 x19:0x59f82c51 x25=0x00004000
       14955000	      1494	800012a4	01a3c263	blt	x7,x26,800012a8	  x7:0x00000001 x26:0xe7296000
       14965000	      1495	800012a8	8e146f13	ori	x30,x8,-1823	  x8:0x00000000 x30=0xfffff8e1
       14975000	      1496	800012ac	00752ab3	slt	x21,x10,x7	 x10:0xfffffffc  x7:0x00000001 x21=0x00000001
       14985000	      1497	800012b0	05009063	bne	x1,x16,800012f0	  x1:0x00000000 x16:0x01000000
       14995000	      1498	00000000	00000013	addi	x0,x0,0	  x0:0x00000000
       15005000	      1499	800012ec	00000013	addi	x0,x0,0	  x0:0x00000000
       15015000	      1500	800012f0	76f805b7	lui	x11,0x76f80	 x11=0x76f80000
       15025000	      1501	800012f4	00559463	bne	x11,x5,800012fc	 x11:0x76f80000  x5:0x80009fc4
       15035000	      1502	00000000	00000013	addi	x0,x0,0	  x0:0x00000000
       15045000	      1503	800012f8	00000013	addi	x0,x0,0	  x0:0x00000000
       15055000	      1504	800012fc	0104f463	bgeu	x9,x16,80001304	  x9:0x00000001 x16:0x01000000
       15065000	      1505	80001300	01b9b8b3	sltu	x17,x19,x27	 x19:0x59f82c51 x27:0xc9925d2f x17=0x00000001
       15075000	      1506	80001304	41550133	sub	x2,x10,x21	 x10:0xfffffffc x21:0x00000001  x2=0xfffffffb
       15085000	      1507	80001308	40a48ab3	sub	x21,x9,x10	  x9:0x00000001 x10:0xfffffffc x21=0x00000005
       15095000	      1508	8000130c	01096d33	or	x26,x18,x16	 x18:0x00000000 x16:0x01000000 x26=0x01000000
       15105000	      1509	80001310	02a2dc63	bge	x5,x10,80001348	  x5:0x80009fc4 x10:0xfffffffc
       15115000	      1510	80001314	408f04b3	sub	x9,x30,x8	 x30:0xfffff8e1  x8:0x00000000  x9=0xfffff8e1
       15125000	      1511	80001318	04f1e663	bltu	x3,x15,80001364	  x3:0x80009a29 x15:0x3b4415ae
       15135000	      1512	8000131c	00495713	srli	x14,x18,0x4	 x18:0x00000000 x14=0x00000000
       15145000	      1513	80001320	01ff1a63	bne	x30,x31,80001334	 x30:0xfffff8e1 x31:0x00000000
       15155000	      1514	00000000	00000013	addi	x0,x0,0	  x0:0x00000000
       15165000	      1515	80001330	00000013	addi	x0,x0,0	  x0:0x00000000
       15175000	      1516	80001334	7418cf93	xori	x31,x17,1857	 x17:0x00000001 x31=0x00000740
       15185000	      1517	80001338	19822597	auipc	x11,0x19822	 x11=0x99823334
       15195000	      1518	8000133c	4119db93	srai	x23,x19,0x11	 x19:0x59f82c51 x23=0x00002cfc
       15205000	      1519	80001340	3afc0313	addi	x6,x24,943	 x24:0x00000001  x6=0x000003b0
       15215000	      1520	80001344	00705463	bge	x0,x7,8000134c	  x0:0x00000000  x7:0x00000001
       15225000	      1521	80001348	96f47513	andi	x10,x8,-1681	  x8:0x00000000 x10=0x00000000
       15235000	      1522	8000134c	c541fd13	andi	x26,x3,-940	  x3:0x80009a29 x26=0x80009800
       15245000	      1523	80001350	40155433	sra	x8,x10,x1	 x10:0x00000000  x1:0x00000000  x8=0x00000000
       15255000	      1524	80001354	c805ce13	xori	x28,x11,-896	 x11:0x99823334 x28=0x667dcfb4
       15265000	      1525	80001358	00c525b3	slt	x11,x10,x12	 x10:0x00000000 x12:0xffffff99 x11=0x00000000
       15275000	      1526	8000135c	013917b3	sll	x15,x18,x19	 x18:0x00000000 x19:0x59f82c51 x15=0x00000000
       15285000	      1527	80001360	017971b3	and	x3,x18,x23	 x18:0x00000000 x23:0x00002cfc  x3=0x00000000
       15295000	      1528	80001364	4127d9b3	sra	x19,x15,x18	 x15:0x00000000 x18:0x00000000 x19=0x00000000
       15305000	      1529	80001368	03548a63	beq	x9,x21,8000139c	  x9:0xfffff8e1 x21:0x00000005
       15315000	      1530	8000136c	6193f413	andi	x8,x7,1561	  x7:0x00000001  x8=0x00000001
       15325000	      1531	80001370	00fd4db3	xor	x27,x26,x15	 x26:0x80009800 x15:0x00000000 x27=0x80009800
       15335000	      1532	80001374	03c97c63	bgeu	x18,x28,800013ac	 x18:0x00000000 x28:0x667dcfb4
       15345000	      1533	80001378	68307f37	lui	x30,0x68307	 x30=0x68307000
       15355000	      1534	8000137c	114c3793	sltiu	x15,x24,276	 x24:0x00000001 x15=0x00000001
       15365000	      1535	80001380	db65c213	xori	x4,x11,-586	 x11:0x00000000  x4=0xfffffdb6
       15375000	      1536	80001384	00bda3b3	slt	x7,x27,x11	 x27:0x80009800 x11:0x00000000  x7=0x00000001
       15385000	      1537	80001388	00b0e1b3	or	x3,x1,x11	  x1:0x00000000 x11:0x00000000  x3=0x00000000
       15395000	      1538	8000138c	00000013	addi	x0,x0,0	  x0:0x00000000
       15405000	      1539	80001390	213c3313	sltiu	x6,x24,531	 x24:0x00000001  x6=0x00000001
       15415000	      1540	80001394	054f0663	beq	x30,x20,800013e0	 x30:0x68307000 x20:0x0000002c
       15425000	      1541	80001398	0445c863	blt	x11,x4,800013e8	 x11:0x00000000  x4:0xfffffdb6
       15435000	      1542	8000139c	00491493	slli	x9,x18,0x4	 x18:0x00000000  x9=0x00000000
       15445000	      1543	800013a0	00d97663	bgeu	x18,x13,800013ac	 x18:0x00000000 x13:0x80009f54
       15455000	      1544	800013a4	40175433	sra	x8,x14,x1	 x14:0x00000000  x1:0x00000000  x8=0x00000000
       15465000	      1545	800013a8	95a68893	addi	x17,x13,-1702	 x13:0x80009f54 x17=0x800098ae
       15475000	      1546	800013ac	adb3ff13	andi	x30,x7,-1317	  x7:0x00000001 x30=0x00000001
       15485000	      1547	800013b0	a97af9b7	lui	x19,0xa97af	 x19=0xa97af000
       15495000	      1548	800013b4	0ffc9997	auipc	x19,0xffc9	 x19=0x8ffca3b0
       15505000	      1549	800013b8	96e2b893	sltiu	x17,x5,-1682	  x5:0x80009fc4 x17=0x00000001
       15515000	      1550	800013bc	d0e90e13	addi	x28,x18,-754	 x18:0x00000000 x28=0xfffffd0e
       15525000	      1551	800013c0	00000013	addi	x0,x0,0	  x0:0x00000000
       15535000	      1552	800013c4	79dda993	slti	x19,x27,1949	 x27:0x80009800 x19=0x00000001
       15545000	      1553	800013c8	012150b3	srl	x1,x2,x18	  x2:0xfffffffb x18:0x00000000  x1=0xfffffffb
       15555000	      1554	800013cc	411ad913	srai	x18,x21,0x11	 x21:0x00000005 x18=0x00000000
       15565000	      1555	800013d0	0372d063	bge	x5,x23,800013f0	  x5:0x80009fc4 x23:0x00002cfc
       15575000	      1556	800013d4	d81d7613	andi	x12,x26,-639	 x26:0x80009800 x12=0x80009800
       15585000	      1557	800013d8	00000013	addi	x0,x0,0	  x0:0x00000000
       15595000	      1558	800013dc	02db1e63	bne	x22,x13,80001418	 x22:0x00000001 x13:0x80009f54
       15605000	      1559	00000000	00000013	addi	x0,x0,0	  x0:0x00000000
       15615000	      1560	80001414	00000013	addi	x0,x0,0	  x0:0x00000000
       15625000	      1561	80001418	00be17b3	sll	x15,x28,x11	 x28:0xfffffd0e x11:0x00000000 x15=0xfffffd0e
       15635000	      1562	8000141c	006a0533	add	x10,x20,x6	 x20:0x0000002c  x6:0x00000001 x10=0x0000002d
       15645000	      1563	80001420	01805093	srli	x1,x0,0x18	  x0:0x00000000  x1=0x00000000
       15655000	      1564	80001424	00474833	xor	x16,x14,x4	 x14:0x00000000  x4:0xfffffdb6 x16=0xfffffdb6
       15665000	      1565	80001428	408e5033	sra	x0,x28,x8	 x28:0xfffffd0e  x8:0x00000000
       15675000	      1566	8000142c	60e92393	slti	x7,x18,1550	 x18:0x00000000  x7=0x00000001
       15685000	      1567	80001430	01b3e633	or	x12,x7,x27	  x7:0x00000001 x27:0x80009800 x12=0x80009801
       15695000	      1568	80001434	017eb7b3	sltu	x15,x29,x23	 x29:0x59f82c51 x23:0x00002cfc x15=0x00000000
       15705000	      1569	80001438	1ce8f413	andi	x8,x17,462	 x17:0x00000001  x8=0x00000000
       15715000	      1570	8000143c	03879c63	bne	x15,x24,80001474	 x15:0x00000000 x24:0x00000001
       15725000	      1571	00000000	00000013	addi	x0,x0,0	  x0:0x00000000
       15735000	      1572	80001470	00000013	addi	x0,x0,0	  x0:0x00000000
       15745000	      1573	80001474	002ef3b3	and	x7,x29,x2	 x29:0x59f82c51  x2:0xfffffffb  x7=0x59f82c51
       15755000	      1574	80001478	d5dcc897	auipc	x17,0xd5dcc	 x17=0x55dcd474
       15765000	      1575	8000147c	40818db3	sub	x27,x3,x8	  x3:0x00000000  x8:0x00000000 x27=0x00000000
       15775000	      1576	80001480	01b533b3	sltu	x7,x10,x27	 x10:0x0000002d x27:0x00000000  x7=0x00000000
       15785000	      1577	80001484	415edf13	srai	x30,x29,0x15	 x29:0x59f82c51 x30=0x000002cf
       15795000	      1578	80001488	05bec663	blt	x29,x27,800014d4	 x29:0x59f82c51 x27:0x00000000
       15805000	      1579	8000148c	2c13f493	andi	x9,x7,705	  x7:0x00000000  x9=0x00000000
       15815000	      1580	80001490	c836c1b7	lui	x3,0xc836c	  x3=0xc836c000
       15825000	      1581	80001494	8f987913	andi	x18,x16,-1799	 x16:0xfffffdb6 x18=0xfffff8b0
       15835000	      1582	80001498	ea9bb213	sltiu	x4,x23,-343	 x23:0x00002cfc  x4=0x00000001
       15845000	      1583	8000149c	0088a513	slti	x10,x17,8	 x17:0x55dcd474 x10=0x00000000
       15855000	      1584	800014a0	01ceecb3	or	x25,x29,x28	 x29:0x59f82c51 x28:0xfffffd0e x25=0xfffffd5f
       15865000	      1585	800014a4	01945e33	srl	x28,x8,x25	  x8:0x00000000 x25:0xfffffd5f x28=0x00000000
       15875000	      1586	800014a8	b5b2ea93	ori	x21,x5,-1189	  x5:0x80009fc4 x21=0xffffffdf
       15885000	      1587	800014ac	00930933	add	x18,x6,x9	  x6:0x00000001  x9:0x00000000 x18=0x00000001
       15895000	      1588	800014b0	00000013	addi	x0,x0,0	  x0:0x00000000
       15905000	      1589	800014b4	48bce413	ori	x8,x25,1163	 x25:0xfffffd5f  x8=0xfffffddf
       15915000	      1590	800014b8	015a3f33	sltu	x30,x20,x21	 x20:0x0000002c x21:0xffffffdf x30=0x00000001
       15925000	      1591	800014bc	01021cb3	sll	x25,x4,x16	  x4:0x00000001 x16:0xfffffdb6 x25=0x00400000
       15935000	      1592	800014c0	01236463	bltu	x6,x18,800014c8	  x6:0x00000001 x18:0x00000001
       15945000	      1593	800014c4	03284863	blt	x16,x18,800014f4	 x16:0xfffffdb6 x18:0x00000001
       15955000	      1594	00000000	00000013	addi	x0,x0,0	  x0:0x00000000
       15965000	      1595	800014f0	00000013	addi	x0,x0,0	  x0:0x00000000
       15975000	      1596	800014f4	d84670b7	lui	x1,0xd8467	  x1=0xd8467000
       15985000	      1597	800014f8	a6be8613	addi	x12,x29,-1429	 x29:0x59f82c51 x12=0x59f826bc
       15995000	      1598	800014fc	b0d17b13	andi	x22,x2,-1267	  x2:0xfffffffb x22=0xfffffb09
       16005000	      1599	80001500	016b95b3	sll	x11,x23,x22	 x23:0x00002cfc x22:0xfffffb09 x11=0x0059f800
       16015000	      1600	80001504	deb9f313	andi	x6,x19,-533	 x19:0x00000001  x6=0x00000001
       16025000	      1601	80001508	0505c063	blt	x11,x16,80001548	 x11:0x0059f800 x16:0xfffffdb6
       16035000	      1602	8000150c	733ccf93	xori	x31,x25,1843	 x25:0x00400000 x31=0x00400733
       16045000	      1603	80001510	f8278613	addi	x12,x15,-126	 x15:0x00000000 x12=0xffffff82
       16055000	      1604	80001514	0031c933	xor	x18,x3,x3	  x3:0xc836c000  x3:0xc836c000 x18=0x00000000
       16065000	      1605	80001518	01d55433	srl	x8,x10,x29	 x10:0x00000000 x29:0x59f82c51  x8=0x00000000
       16075000	      1606	8000151c	01c305b3	add	x11,x6,x28	  x6:0x00000001 x28:0x00000000 x11=0x00000001
       16085000	      1607	80001520	aaa1e613	ori	x12,x3,-1366	  x3:0xc836c000 x12=0xfffffaaa
       16095000	      1608	80001524	01cf7e33	and	x28,x30,x28	 x30:0x00000001 x28:0x00000000 x28=0x00000000
       16105000	      1609	80001528	508ab797	auipc	x15,0x508ab	 x15=0xd08ac524
       16115000	      1610	8000152c	0037e4b3	or	x9,x15,x3	 x15:0xd08ac524  x3:0xc836c000  x9=0xd8bec524
       16125000	      1611	80001530	0064d513	srli	x10,x9,0x6	  x9:0xd8bec524 x10=0x0362fb14
       16135000	      1612	80001534	006e6b33	or	x22,x28,x6	 x28:0x00000000  x6:0x00000001 x22=0x00000001
       16145000	      1613	80001538	396cca93	xori	x21,x25,918	 x25:0x00400000 x21=0x00400396
       16155000	      1614	8000153c	00c8ccb3	xor	x25,x17,x12	 x17:0x55dcd474 x12:0xfffffaaa x25=0xaa232ede
       16165000	      1615	80001540	01543cb3	sltu	x25,x8,x21	  x8:0x00000000 x21:0x00400396 x25=0x00000001
       16175000	      1616	80001544	00ab0c33	add	x24,x22,x10	 x22:0x00000001 x10:0x0362fb14 x24=0x0362fb15
       16185000	      1617	80001548	d1c2fa17	auipc	x20,0xd1c2f	 x20=0x51c30544
       16195000	      1618	8000154c	2469f393	andi	x7,x19,582	 x19:0x00000001  x7=0x00000000
       16205000	      1619	80001550	00b84463	blt	x16,x11,80001558	 x16:0xfffffdb6 x11:0x00000001
       16215000	      1620	00000000	00000013	addi	x0,x0,0	  x0:0x00000000
       16225000	      1621	80001554	00000013	addi	x0,x0,0	  x0:0x00000000
       16235000	      1622	80001558	01177c63	bgeu	x14,x17,80001570	 x14:0x00000000 x17:0x55dcd474
       16245000	      1623	8000155c	00ea9f13	slli	x30,x21,0xe	 x21:0x00400396 x30=0x00e58000
       16255000	      1624	80001560	41675a33	sra	x20,x14,x22	 x14:0x00000000 x22:0x00000001 x20=0x00000000
       16265000	      1625	80001564	01561e13	slli	x28,x12,0x15	 x12:0xfffffaaa x28=0x55400000
       16275000	      1626	80001568	01261593	slli	x11,x12,0x12	 x12:0xfffffaaa x11=0xeaa80000
       16285000	      1627	8000156c	73002093	slti	x1,x0,1840	  x0:0x00000000  x1=0x00000001
       16295000	      1628	80001570	00eb7ab3	and	x21,x22,x14	 x22:0x00000001 x14:0x00000000 x21=0x00000000
       16305000	      1629	80001574	00000013	addi	x0,x0,0	  x0:0x00000000
       16315000	      1630	80001578	002e4863	blt	x28,x2,80001588	 x28:0x55400000  x2:0xfffffffb
       16325000	      1631	8000157c	00195663	bge	x18,x1,80001588	 x18:0x00000000  x1:0x00000001
       16335000	      1632	80001580	04176863	bltu	x14,x1,800015d0	 x14:0x00000000  x1:0x00000001
       16345000	      1633	00000000	00000013	addi	x0,x0,0	  x0:0x00000000
       16355000	      1634	800015cc	00000013	addi	x0,x0,0	  x0:0x00000000
       16365000	      1635	800015d0	df8c8f93	addi	x31,x25,-520	 x25:0x00000001 x31=0xfffffdf9
       16375000	      1636	800015d4	742fe193	ori	x3,x31,1858	 x31:0xfffffdf9  x3=0xfffffffb
       16385000	      1637	800015d8	01615a13	srli	x20,x2,0x16	  x2:0xfffffffb x20=0x000003ff
       16395000	      1638	800015dc	a031a893	slti	x17,x3,-1533	  x3:0xfffffffb x17=0x00000000
       16405000	      1639	800015e0	00299ab3	sll	x21,x19,x2	 x19:0x00000001  x2:0xfffffffb x21=0x08000000
       16415000	      1640	800015e4	00775413	srli	x8,x14,0x7	 x14:0x00000000  x8=0x00000000
       16425000	      1641	800015e8	5f004113	xori	x2,x0,1520	  x0:0x00000000  x2=0x000005f0
       16435000	      1642	800015ec	01826bb3	or	x23,x4,x24	  x4:0x00000001 x24:0x0362fb15 x23=0x0362fb15
       16445000	      1643	800015f0	01150263	beq	x10,x17,800015f4	 x10:0x0362fb14 x17:0x00000000
       16455000	      1644	800015f4	00389463	bne	x17,x3,800015fc	 x17:0x00000000  x3:0xfffffffb
       16465000	      1645	00000000	00000013	addi	x0,x0,0	  x0:0x00000000
       16475000	      1646	800015f8	00000013	addi	x0,x0,0	  x0:0x00000000
       16485000	      1647	800015fc	012e6e63	bltu	x28,x18,80001618	 x28:0x55400000 x18:0x00000000
       16495000	      1648	80001600	00539713	slli	x14,x7,0x5	  x7:0x00000000 x14=0x00000000
       16505000	      1649	80001604	41d1de33	sra	x28,x3,x29	  x3:0xfffffffb x29:0x59f82c51 x28=0xffffffff
       16515000	      1650	80001608	401cd613	srai	x12,x25,0x1	 x25:0x00000001 x12=0x00000000
       16525000	      1651	8000160c	001e55b3	srl	x11,x28,x1	 x28:0xffffffff  x1:0x00000001 x11=0x7fffffff
       16535000	      1652	80001610	a3670713	addi	x14,x14,-1482	 x14:0x00000000 x14=0xfffffa36
       16545000	      1653	80001614	1d74fd93	andi	x27,x9,471	  x9:0xd8bec524 x27=0x00000104
       16555000	      1654	80001618	06d81863	bne	x16,x13,80001688	 x16:0xfffffdb6 x13:0x80009f54
       16565000	      1655	00000000	00000013	addi	x0,x0,0	  x0:0x00000000
       16575000	      1656	80001684	00000013	addi	x0,x0,0	  x0:0x00000000
       16585000	      1657	80001688	00e7d7b3	srl	x15,x15,x14	 x15:0xd08ac524 x14:0xfffffa36 x15=0x00000342
       16595000	      1658	8000168c	41fe5413	srai	x8,x28,0x1f	 x28:0xffffffff  x8=0xffffffff
       16605000	      1659	80001690	4089dc33	sra	x24,x19,x8	 x19:0x00000001  x8:0xffffffff x24=0x00000000
       16615000	      1660	80001694	00039263	bne	x7,x0,80001698	  x7:0x00000000  x0:0x00000000
       16625000	      1661	80001698	14ae3f93	sltiu	x31,x28,330	 x28:0xffffffff x31=0x00000000
       16635000	      1662	8000169c	c8a2ff13	andi	x30,x5,-886	  x5:0x80009fc4 x30=0x80009c80
       16645000	      1663	800016a0	034a8c63	beq	x21,x20,800016d8	 x21:0x08000000 x20:0x000003ff
       16655000	      1664	800016a4	01750d33	add	x26,x10,x23	 x10:0x0362fb14 x23:0x0362fb15 x26=0x06c5f629
       16665000	      1665	800016a8	ca533f13	sltiu	x30,x6,-859	  x6:0x00000001 x30=0x00000001
       16675000	      1666	800016ac	397e2f13	slti	x30,x28,919	 x28:0xffffffff x30=0x00000001
       16685000	      1667	800016b0	0049da13	srli	x20,x19,0x4	 x19:0x00000001 x20=0x00000000
       16695000	      1668	800016b4	03128a63	beq	x5,x17,800016e8	  x5:0x80009fc4 x17:0x00000000
       16705000	      1669	800016b8	2c6b0193	addi	x3,x22,710	 x22:0x00000001  x3=0x000002c7
       16715000	      1670	800016bc	015affb3	and	x31,x21,x21	 x21:0x08000000 x21:0x08000000 x31=0x08000000
       16725000	      1671	800016c0	03618a63	beq	x3,x22,800016f4	  x3:0x000002c7 x22:0x00000001
       16735000	      1672	800016c4	006404b3	add	x9,x8,x6	  x8:0xffffffff  x6:0x00000001  x9=0x00000000
       16745000	      1673	800016c8	01305233	srl	x4,x0,x19	  x0:0x00000000 x19:0x00000001  x4=0x00000000
       16755000	      1674	800016cc	73a00513	addi	x10,x0,1850	  x0:0x00000000 x10=0x0000073a
       16765000	      1675	800016d0	9f9c3993	sltiu	x19,x24,-1543	 x24:0x00000000 x19=0x00000001
       16775000	      1676	800016d4	fc5098b7	lui	x17,0xfc509	 x17=0xfc509000
       16785000	      1677	800016d8	00dfa3b3	slt	x7,x31,x13	 x31:0x08000000 x13:0x80009f54  x7=0x00000000
       16795000	      1678	800016dc	0132a0b3	slt	x1,x5,x19	  x5:0x80009fc4 x19:0x00000001  x1=0x00000001
       16805000	      1679	800016e0	00000013	addi	x0,x0,0	  x0:0x00000000
       16815000	      1680	800016e4	002e99b3	sll	x19,x29,x2	 x29:0x59f82c51  x2:0x000005f0 x19=0x2c510000
       16825000	      1681	800016e8	0194e7b3	or	x15,x9,x25	  x9:0x00000000 x25:0x00000001 x15=0x00000001
       16835000	      1682	800016ec	058f6663	bltu	x30,x24,80001738	 x30:0x00000001 x24:0x00000000
       16845000	      1683	800016f0	019e4863	blt	x28,x25,80001700	 x28:0xffffffff x25:0x00000001
       16855000	      1684	00000000	00000013	addi	x0,x0,0	  x0:0x00000000
       16865000	      1685	800016fc	00000013	addi	x0,x0,0	  x0:0x00000000
       16875000	      1686	80001700	0193dc93	srli	x25,x7,0x19	  x7:0x00000000 x25=0x00000000
       16885000	      1687	80001704	0183dd13	srli	x26,x7,0x18	  x7:0x00000000 x26=0x00000000
       16895000	      1688	80001708	04eed863	bge	x29,x14,80001758	 x29:0x59f82c51 x14:0xfffffa36
       16905000	      1689	00000000	00000013	addi	x0,x0,0	  x0:0x00000000
       16915000	      1690	80001754	00000013	addi	x0,x0,0	  x0:0x00000000
       16925000	      1691	80001758	007fd8b3	srl	x17,x31,x7	 x31:0x08000000  x7:0x00000000 x17=0x08000000
       16935000	      1692	8000175c	8a788313	addi	x6,x17,-1881	 x17:0x08000000  x6=0x07fff8a7
       16945000	      1693	80001760	01cf9533	sll	x10,x31,x28	 x31:0x08000000 x28:0xffffffff x10=0x00000000
       16955000	      1694	80001764	02e90a63	beq	x18,x14,80001798	 x18:0x00000000 x14:0xfffffa36
       16965000	      1695	80001768	01934463	blt	x6,x25,80001770	  x6:0x07fff8a7 x25:0x00000000
       16975000	      1696	8000176c	00ec6e33	or	x28,x24,x14	 x24:0x00000000 x14:0xfffffa36 x28=0xfffffa36
       16985000	      1697	80001770	d86e3817	auipc	x16,0xd86e3	 x16=0x586e476c
       16995000	      1698	80001774	00000013	addi	x0,x0,0	  x0:0x00000000
       17005000	      1699	80001778	402f8cb3	sub	x25,x31,x2	 x31:0x08000000  x2:0x000005f0 x25=0x07fffa10
       17015000	      1700	8000177c	1516df17	auipc	x30,0x1516d	 x30=0x9516e778
       17025000	      1701	80001780	0153b033	sltu	x0,x7,x21	  x7:0x00000000 x21:0x08000000
       17035000	      1702	80001784	00b67b33	and	x22,x12,x11	 x12:0x00000000 x11:0x7fffffff x22=0x00000000
       17045000	      1703	80001788	4fa719b7	lui	x19,0x4fa71	 x19=0x4fa71000
       17055000	      1704	8000178c	40e70333	sub	x6,x14,x14	 x14:0xfffffa36 x14:0xfffffa36  x6=0x00000000
       17065000	      1705	80001790	00db58b3	srl	x17,x22,x13	 x22:0x00000000 x13:0x80009f54 x17=0x00000000
       17075000	      1706	80001794	011b8263	beq	x23,x17,80001798	 x23:0x0362fb15 x17:0x00000000
       17085000	      1707	80001798	00581263	bne	x16,x5,8000179c	 x16:0x586e476c  x5:0x80009fc4
       17095000	      1708	00000000	00000013	addi	x0,x0,0	  x0:0x00000000
       17105000	      1709	80001798	00000013	addi	x0,x0,0	  x0:0x00000000
       17115000	      1710	8000179c	00b7d113	srli	x2,x15,0xb	 x15:0x00000001  x2=0x00000000
       17125000	      1711	800017a0	1abb2313	slti	x6,x22,427	 x22:0x00000000  x6=0x00000001
       17135000	      1712	800017a4	9533c113	xori	x2,x7,-1709	  x7:0x00000000  x2=0xfffff953
       17145000	      1713	800017a8	013ac133	xor	x2,x21,x19	 x21:0x08000000 x19:0x4fa71000  x2=0x47a71000
       17155000	      1714	800017ac	03136663	bltu	x6,x17,800017d8	  x6:0x00000001 x17:0x00000000
       17165000	      1715	800017b0	01ca5d13	srli	x26,x20,0x1c	 x20:0x00000000 x26=0x00000000
       17175000	      1716	800017b4	02ebec63	bltu	x23,x14,800017ec	 x23:0x0362fb15 x14:0xfffffa36
       17185000	      1717	00000000	00000013	addi	x0,x0,0	  x0:0x00000000
       17195000	      1718	800017e8	00000013	addi	x0,x0,0	  x0:0x00000000
       17205000	      1719	800017ec	a3d0bd93	sltiu	x27,x1,-1475	  x1:0x00000001 x27=0x00000001
       17215000	      1720	800017f0	008e18b3	sll	x17,x28,x8	 x28:0xfffffa36  x8:0xffffffff x17=0x00000000
       17225000	      1721	800017f4	96f38093	addi	x1,x7,-1681	  x7:0x00000000  x1=0xfffff96f
       17235000	      1722	800017f8	43fd2793	slti	x15,x26,1087	 x26:0x00000000 x15=0x00000001
       17245000	      1723	800017fc	419e8f33	sub	x30,x29,x25	 x29:0x59f82c51 x25:0x07fffa10 x30=0x51f83241
       17255000	      1724	80001800	00000013	addi	x0,x0,0	  x0:0x00000000
       17265000	      1725	80001804	01ba9e63	bne	x21,x27,80001820	 x21:0x08000000 x27:0x00000001
       17275000	      1726	00000000	00000013	addi	x0,x0,0	  x0:0x00000000
       17285000	      1727	8000181c	00000013	addi	x0,x0,0	  x0:0x00000000
       17295000	      1728	80001820	059f9663	bne	x31,x25,8000186c	 x31:0x08000000 x25:0x07fffa10
       17305000	      1729	00000000	00000013	addi	x0,x0,0	  x0:0x00000000
       17315000	      1730	80001868	00000013	addi	x0,x0,0	  x0:0x00000000
       17325000	      1731	8000186c	0006d433	srl	x8,x13,x0	 x13:0x80009f54  x0:0x00000000  x8=0x80009f54
       17335000	      1732	80001870	63442d13	slti	x26,x8,1588	  x8:0x80009f54 x26=0x00000001
       17345000	      1733	80001874	01975033	srl	x0,x14,x25	 x14:0xfffffa36 x25:0x07fffa10
       17355000	      1734	80001878	a36ae193	ori	x3,x21,-1482	 x21:0x08000000  x3=0xfffffa36
       17365000	      1735	8000187c	00f689b3	add	x19,x13,x15	 x13:0x80009f54 x15:0x00000001 x19=0x80009f55
       17375000	      1736	80001880	b2c42113	slti	x2,x8,-1236	  x8:0x80009f54  x2=0x00000001
       17385000	      1737	80001884	01699713	slli	x14,x19,0x16	 x19:0x80009f55 x14=0xd5400000
       17395000	      1738	80001888	d3d17d93	andi	x27,x2,-707	  x2:0x00000001 x27=0x00000001
       17405000	      1739	8000188c	03425063	bge	x4,x20,800018ac	  x4:0x00000000 x20:0x00000000
       17415000	      1740	00000000	00000013	addi	x0,x0,0	  x0:0x00000000
       17425000	      1741	800018a8	00000013	addi	x0,x0,0	  x0:0x00000000
       17435000	      1742	800018ac	004d3db3	sltu	x27,x26,x4	 x26:0x00000001  x4:0x00000000 x27=0x00000000
       17445000	      1743	800018b0	d0417c93	andi	x25,x2,-764	  x2:0x00000001 x25=0x00000000
       17455000	      1744	800018b4	000ff433	and	x8,x31,x0	 x31:0x08000000  x0:0x00000000  x8=0x00000000
       17465000	      1745	800018b8	1333a513	slti	x10,x7,307	  x7:0x00000000 x10=0x00000001
       17475000	      1746	800018bc	00edd213	srli	x4,x27,0xe	 x27:0x00000000  x4=0x00000000
       17485000	      1747	800018c0	0096a8b3	slt	x17,x13,x9	 x13:0x80009f54  x9:0x00000000 x17=0x00000001
       17495000	      1748	800018c4	0c66bb93	sltiu	x23,x13,198	 x13:0x80009f54 x23=0x00000000
       17505000	      1749	800018c8	a1f98713	addi	x14,x19,-1505	 x19:0x80009f55 x14=0x80009974
       17515000	      1750	800018cc	030ee463	bltu	x29,x16,800018f4	 x29:0x59f82c51 x16:0x586e476c
       17525000	      1751	800018d0	01e09913	slli	x18,x1,0x1e	  x1:0xfffff96f x18=0xc0000000
       17535000	      1752	800018d4	05957863	bgeu	x10,x25,80001924	 x10:0x00000001 x25:0x00000000
       17545000	      1753	00000000	00000013	addi	x0,x0,0	  x0:0x00000000
       17555000	      1754	80001920	00000013	addi	x0,x0,0	  x0:0x00000000
       17565000	      1755	80001924	003f9593	slli	x11,x31,0x3	 x31:0x08000000 x11=0x40000000
       17575000	      1756	80001928	015a17b3	sll	x15,x20,x21	 x20:0x00000000 x21:0x08000000 x15=0x00000000
       17585000	      1757	8000192c	00cb1a33	sll	x20,x22,x12	 x22:0x00000000 x12:0x00000000 x20=0x00000000
       17595000	      1758	80001930	40e20c33	sub	x24,x4,x14	  x4:0x00000000 x14:0x80009974 x24=0x7fff668c
       17605000	      1759	80001934	e2038a37	lui	x20,0xe2038	 x20=0xe2038000
       17615000	      1760	80001938	01998a33	add	x20,x19,x25	 x19:0x80009f55 x25:0x00000000 x20=0x80009f55
       17625000	      1761	8000193c	03315c63	bge	x2,x19,80001974	  x2:0x00000001 x19:0x80009f55
       17635000	      1762	00000000	00000013	addi	x0,x0,0	  x0:0x00000000
       17645000	      1763	80001970	00000013	addi	x0,x0,0	  x0:0x00000000
       17655000	      1764	80001974	00977db3	and	x27,x14,x9	 x14:0x80009974  x9:0x00000000 x27=0x00000000
       17665000	      1765	80001978	02647c63	bgeu	x8,x6,800019b0	  x8:0x00000000  x6:0x00000001
       17675000	      1766	8000197c	00ae1833	sll	x16,x28,x10	 x28:0xfffffa36 x10:0x00000001 x16=0xfffff46c
       17685000	      1767	80001980	00474233	xor	x4,x14,x4	 x14:0x80009974  x4:0x00000000  x4=0x80009974
       17695000	      1768	80001984	00316863	bltu	x2,x3,80001994	  x2:0x00000001  x3:0xfffffa36
       17705000	      1769	00000000	00000013	addi	x0,x0,0	  x0:0x00000000
       17715000	      1770	80001990	00000013	addi	x0,x0,0	  x0:0x00000000
       17725000	      1771	80001994	00000013	addi	x0,x0,0	  x0:0x00000000
       17735000	      1772	80001998	6f716b13	ori	x22,x2,1783	  x2:0x00000001 x22=0x000006f7
       17745000	      1773	8000199c	03065c63	bge	x12,x16,800019d4	 x12:0x00000000 x16:0xfffff46c
       17755000	      1774	00000000	00000013	addi	x0,x0,0	  x0:0x00000000
       17765000	      1775	800019d0	00000013	addi	x0,x0,0	  x0:0x00000000
       17775000	      1776	800019d4	011cd733	srl	x14,x25,x17	 x25:0x00000000 x17:0x00000001 x14=0x00000000
       17785000	      1777	800019d8	5cc43713	sltiu	x14,x8,1484	  x8:0x00000000 x14=0x00000001
       17795000	      1778	800019dc	1ddb6613	ori	x12,x22,477	 x22:0x000006f7 x12=0x000007ff
       17805000	      1779	800019e0	00788463	beq	x17,x7,800019e8	 x17:0x00000001  x7:0x00000000
       17815000	      1780	800019e4	bbc0d517	auipc	x10,0xbbc0d	 x10=0x3bc0e9e0
       17825000	      1781	800019e8	0438c663	blt	x17,x3,80001a34	 x17:0x00000001  x3:0xfffffa36
       17835000	      1782	800019ec	01715cb3	srl	x25,x2,x23	  x2:0x00000001 x23:0x00000000 x25=0x00000001
       17845000	      1783	800019f0	0036a4b3	slt	x9,x13,x3	 x13:0x80009f54  x3:0xfffffa36  x9=0x00000001
       17855000	      1784	800019f4	001a7bb3	and	x23,x20,x1	 x20:0x80009f55  x1:0xfffff96f x23=0x80009945
       17865000	      1785	800019f8	a4122513	slti	x10,x4,-1471	  x4:0x80009974 x10=0x00000001
       17875000	      1786	800019fc	41a5d013	srai	x0,x11,0x1a	 x11:0x40000000
       17885000	      1787	80001a00	0a73ff37	lui	x30,0xa73f	 x30=0x0a73f000
       17895000	      1788	80001a04	88d78493	addi	x9,x15,-1907	 x15:0x00000000  x9=0xfffff88d
       17905000	      1789	80001a08	00e1e663	bltu	x3,x14,80001a14	  x3:0xfffffa36 x14:0x00000001
       17915000	      1790	80001a0c	60813713	sltiu	x14,x2,1544	  x2:0x00000001 x14=0x00000001
       17925000	      1791	80001a10	005887b3	add	x15,x17,x5	 x17:0x00000001  x5:0x80009fc4 x15=0x80009fc5
       17935000	      1792	80001a14	01f7aa33	slt	x20,x15,x31	 x15:0x80009fc5 x31:0x08000000 x20=0x00000001
       17945000	      1793	80001a18	024bfe63	bgeu	x23,x4,80001a54	 x23:0x80009945  x4:0x80009974
       17955000	      1794	80001a1c	41e78fb3	sub	x31,x15,x30	 x15:0x80009fc5 x30:0x0a73f000 x31=0x758cafc5
       17965000	      1795	80001a20	02fbfc63	bgeu	x23,x15,80001a58	 x23:0x80009945 x15:0x80009fc5
       17975000	      1796	80001a24	013c5093	srli	x1,x24,0x13	 x24:0x7fff668c  x1=0x00000fff
       17985000	      1797	80001a28	09066197	auipc	x3,0x9066	  x3=0x89067a24
       17995000	      1798	80001a2c	00821713	slli	x14,x4,0x8	  x4:0x80009974 x14=0x00997400
       18005000	      1799	80001a30	e8bdbf93	sltiu	x31,x27,-373	 x27:0x00000000 x31=0x00000001
       18015000	      1800	80001a34	00e7d113	srli	x2,x15,0xe	 x15:0x80009fc5  x2=0x00020002
       18025000	      1801	80001a38	03ea6863	bltu	x20,x30,80001a68	 x20:0x00000001 x30:0x0a73f000
       18035000	      1802	00000000	00000013	addi	x0,x0,0	  x0:0x00000000
       18045000	      1803	80001a64	00000013	addi	x0,x0,0	  x0:0x00000000
       18055000	      1804	80001a68	01e11613	slli	x12,x2,0x1e	  x2:0x00020002 x12=0x80000000
       18065000	      1805	80001a6c	3497a337	lui	x6,0x3497a	  x6=0x3497a000
       18075000	      1806	80001a70	97917f93	andi	x31,x2,-1671	  x2:0x00020002 x31=0x00020000
       18085000	      1807	80001a74	095d9117	auipc	x2,0x95d9	  x2=0x895daa70
       18095000	      1808	80001a78	05b9c663	blt	x19,x27,80001ac4	 x19:0x80009f55 x27:0x00000000
       18105000	      1809	00000000	00000013	addi	x0,x0,0	  x0:0x00000000
       18115000	      1810	80001ac0	00000013	addi	x0,x0,0	  x0:0x00000000
       18125000	      1811	80001ac4	411781b3	sub	x3,x15,x17	 x15:0x80009fc5 x17:0x00000001  x3=0x80009fc4
       18135000	      1812	80001ac8	40b285b3	sub	x11,x5,x11	  x5:0x80009fc4 x11:0x40000000 x11=0x40009fc4
       18145000	      1813	80001acc	01b72c33	slt	x24,x14,x27	 x14:0x00997400 x27:0x00000000 x24=0x00000000
       18155000	      1814	80001ad0	4075db93	srai	x23,x11,0x7	 x11:0x40009fc4 x23=0x0080013f
       18165000	      1815	80001ad4	00c8d013	srli	x0,x17,0xc	 x17:0x00000001
       18175000	      1816	80001ad8	00000013	addi	x0,x0,0	  x0:0x00000000
       18185000	      1817	80001adc	0019d193	srli	x3,x19,0x1	 x19:0x80009f55  x3=0x40004faa
       18195000	      1818	80001ae0	003f8db3	add	x27,x31,x3	 x31:0x00020000  x3:0x40004faa x27=0x40024faa
       18205000	      1819	80001ae4	0046a083	lw	x1,4(x13)	 x13:0x80009f54  x1=0x800005e8 PA:0x80009f58
       18215000	      1820	80001ae8	00c68693	addi	x13,x13,12	 x13:0x80009f54 x13=0x80009f60
       18225000	      1821	80001aec	138ebf93	sltiu	x31,x29,312	 x29:0x59f82c51 x31=0x00000000
       18235000	      1822	80001af0	01671113	slli	x2,x14,0x16	 x14:0x00997400  x2=0x00000000
       18245000	      1823	80001af4	0d8cfb13	andi	x22,x25,216	 x25:0x00000001 x22=0x00000000
       18255000	      1824	80001af8	00ec5633	srl	x12,x24,x14	 x24:0x00000000 x14:0x00997400 x12=0x00000000
       18265000	      1825	80001afc	65f2eb13	ori	x22,x5,1631	  x5:0x80009fc4 x22=0x80009fdf
       18275000	      1826	80001b00	00108d93	addi	x27,x1,1	  x1:0x800005e8 x27=0x800005e9
       18285000	      1827	80001b04	000d8de7	jalr	x27,x27,0	 x27:0x800005e9 x27=0x80001b04
       18295000	      1828	00000000	00000013	addi	x0,x0,0	  x0:0x00000000
       18305000	      1829	800005e8	00000013	addi	x0,x0,0	  x0:0x00000000
       18315000	      1830	800005ec	00000717	auipc	x14,0x0	 x14=0x800005e8
       18325000	      1831	800005f0	df070713	addi	x14,x14,-528	 x14:0x800005e8 x14=0x800003d8
       18335000	      1832	800005f4	b51f0417	auipc	x8,0xb51f0	  x8=0x351f05f0
       18345000	      1833	800005f8	19970713	addi	x14,x14,409	 x14:0x800003d8 x14=0x80000571
       18355000	      1834	800005fc	015aa9b3	slt	x19,x21,x21	 x21:0x08000000 x21:0x08000000 x19=0x00000000
       18365000	      1835	80000600	ff3f3a93	sltiu	x21,x30,-13	 x30:0x0a73f000 x21=0x00000001
       18375000	      1836	80000604	00bc1cb3	sll	x25,x24,x11	 x24:0x00000000 x11:0x40009fc4 x25=0x00000000
       18385000	      1837	80000608	0198c463	blt	x17,x25,80000610	 x17:0x00000001 x25:0x00000000
       18395000	      1838	8000060c	41dbdf13	srai	x30,x23,0x1d	 x23:0x0080013f x30=0x00000000
       18405000	      1839	80000610	e68700e7	jalr	x1,x14,-408	 x14:0x80000571  x1=0x80000610
       18415000	      1840	00000000	00000013	addi	x0,x0,0	  x0:0x00000000
       18425000	      1841	800003d8	00000013	addi	x0,x0,0	  x0:0x00000000
       18435000	      1842	800003dc	00844863	blt	x8,x8,800003ec	  x8:0x351f05f0  x8:0x351f05f0
       18445000	      1843	800003e0	55f88893	addi	x17,x17,1375	 x17:0x00000001 x17=0x00000560
       18455000	      1844	800003e4	01298033	add	x0,x19,x18	 x19:0x00000000 x18:0xc0000000
       18465000	      1845	800003e8	014f5033	srl	x0,x30,x20	 x30:0x00000000 x20:0x00000001
       18475000	      1846	800003ec	fec68693	addi	x13,x13,-20	 x13:0x80009f60 x13=0x80009f4c
       18485000	      1847	800003f0	a7f1a497	auipc	x9,0xa7f1a	  x9=0x27f1a3ec
       18495000	      1848	800003f4	010d2c33	slt	x24,x26,x16	 x26:0x00000001 x16:0xfffff46c x24=0x00000000
       18505000	      1849	800003f8	91fce993	ori	x19,x25,-1761	 x25:0x00000000 x19=0xfffff91f
       18515000	      1850	800003fc	0016a223	sw	x1,4(x13)	 x13:0x80009f4c  x1:0x80000610 PA:0x80009f50
       18525000	      1851	80000400	41765a13	srai	x20,x12,0x17	 x12:0x00000000 x20=0x00000000
       18535000	      1852	80000404	00000013	addi	x0,x0,0	  x0:0x00000000
       18545000	      1853	80000408	408dd1b3	sra	x3,x27,x8	 x27:0x80001b04  x8:0x351f05f0  x3=0xffff8000
       18555000	      1854	8000040c	01941b13	slli	x22,x8,0x19	  x8:0x351f05f0 x22=0xe0000000
       18565000	      1855	80000410	00002e17	auipc	x28,0x2	 x28=0x8000240c
       18575000	      1856	80000414	8b8e0e13	addi	x28,x28,-1864	 x28:0x8000240c x28=0x80001cc4
       18585000	      1857	80000418	3f5e0e13	addi	x28,x28,1013	 x28:0x80001cc4 x28=0x800020b9
       18595000	      1858	8000041c	00080a33	add	x20,x16,x0	 x16:0xfffff46c  x0:0x00000000 x20=0xfffff46c
       18605000	      1859	80000420	005e4333	xor	x6,x28,x5	 x28:0x800020b9  x5:0x80009fc4  x6=0x0000bf7d
       18615000	      1860	80000424	00435113	srli	x2,x6,0x4	  x6:0x0000bf7d  x2=0x00000bf7
       18625000	      1861	80000428	001cf933	and	x18,x25,x1	 x25:0x00000000  x1:0x80000610 x18=0x00000000
       18635000	      1862	8000042c	9f826a93	ori	x21,x4,-1544	  x4:0x80009974 x21=0xfffff9fc
       18645000	      1863	80000430	13344893	xori	x17,x8,307	  x8:0x351f05f0 x17=0x351f04c3
       18655000	      1864	80000434	01520333	add	x6,x4,x21	  x4:0x80009974 x21:0xfffff9fc  x6=0x80009370
       18665000	      1865	80000438	00e16463	bltu	x2,x14,80000440	  x2:0x00000bf7 x14:0x80000571
       18675000	      1866	00000000	00000013	addi	x0,x0,0	  x0:0x00000000
       18685000	      1867	8000043c	00000013	addi	x0,x0,0	  x0:0x00000000
       18695000	      1868	80000440	c0be00e7	jalr	x1,x28,-1013	 x28:0x800020b9  x1=0x80000440
       18705000	      1869	00000000	00000013	addi	x0,x0,0	  x0:0x00000000
       18715000	      1870	80001cc4	00000013	addi	x0,x0,0	  x0:0x00000000
       18725000	      1871	80001cc8	0065c863	blt	x11,x6,80001cd8	 x11:0x40009fc4  x6:0x80009370
       18735000	      1872	80001ccc	01bbcf33	xor	x30,x23,x27	 x23:0x0080013f x27:0x80001b04 x30=0x80801a3b
       18745000	      1873	80001cd0	0076fd33	and	x26,x13,x7	 x13:0x80009f4c  x7:0x00000000 x26=0x00000000
       18755000	      1874	80001cd4	2c565517	auipc	x10,0x2c565	 x10=0xac566cd0
       18765000	      1875	80001cd8	ff468693	addi	x13,x13,-12	 x13:0x80009f4c x13=0x80009f40
       18775000	      1876	80001cdc	0016a223	sw	x1,4(x13)	 x13:0x80009f40  x1:0x80000440 PA:0x80009f44
       18785000	      1877	80001ce0	34a51a97	auipc	x21,0x34a51	 x21=0xb4a52cdc
       18795000	      1878	80001ce4	406d0733	sub	x14,x26,x6	 x26:0x00000000  x6:0x80009370 x14=0x7fff6c90
       18805000	      1879	80001ce8	0159c033	xor	x0,x19,x21	 x19:0xfffff91f x21:0xb4a52cdc
       18815000	      1880	80001cec	00007417	auipc	x8,0x7	  x8=0x80008ce8
       18825000	      1881	80001cf0	24740413	addi	x8,x8,583	  x8:0x80008ce8  x8=0x80008f2f
       18835000	      1882	80001cf4	407d5113	srai	x2,x26,0x7	 x26:0x00000000  x2=0x00000000
       18845000	      1883	80001cf8	cc341883	lh	x17,-829(x8)	  x8:0x80008f2f x17=0x00000000 PA:0x80008bf2
       18855000	      1884	80001cfc	9f944203	lbu	x4,-1543(x8)	  x8:0x80008f2f  x4=0x00000000 PA:0x80008928
       18865000	      1885	80001d00	4171df13	srai	x30,x3,0x17	  x3:0xffff8000 x30=0xffffffff
       18875000	      1886	80001d04	cd241da3	sh	x18,-805(x8)	  x8:0x80008f2f x18:0x00000000 PA:0x80008c0a
       18885000	      1887	80001d08	c2341da3	sh	x3,-965(x8)	  x8:0x80008f2f  x3:0xffff8000 PA:0x80008b6a
       18895000	      1888	80001d0c	527b0013	addi	x0,x22,1319	 x22:0xe0000000
       18905000	      1889	80001d10	94340d03	lb	x26,-1725(x8)	  x8:0x80008f2f x26=0x00000000 PA:0x80008872
       18915000	      1890	80001d14	406f5333	sra	x6,x30,x6	 x30:0xffffffff  x6:0x80009370  x6=0xffffffff
       18925000	      1891	80001d18	c1640323	sb	x22,-1018(x8)	  x8:0x80008f2f x22:0xe0000000 PA:0x80008b35
       18935000	      1892	80001d1c	e5641fa3	sh	x22,-417(x8)	  x8:0x80008f2f x22:0xe0000000 PA:0x80008d8e
       18945000	      1893	80001d20	0072bcb3	sltu	x25,x5,x7	  x5:0x80009fc4  x7:0x00000000 x25=0x00000000
       18955000	      1894	80001d24	c4640703	lb	x14,-954(x8)	  x8:0x80008f2f x14=0x00000000 PA:0x80008b75
       18965000	      1895	80001d28	01579093	slli	x1,x15,0x15	 x15:0x80009fc5  x1=0xf8a00000
       18975000	      1896	80001d2c	405ed893	srai	x17,x29,0x5	 x29:0x59f82c51 x17=0x02cfc162
       18985000	      1897	80001d30	05740f23	sb	x23,94(x8)	  x8:0x80008f2f x23:0x0080013f PA:0x80008f8d
       18995000	      1898	80001d34	d8241ea3	sh	x2,-611(x8)	  x8:0x80008f2f  x2:0x00000000 PA:0x80008ccc
       19005000	      1899	80001d38	00db5ab3	srl	x21,x22,x13	 x22:0xe0000000 x13:0x80009f40 x21=0xe0000000
       19015000	      1900	80001d3c	97d401a3	sb	x29,-1693(x8)	  x8:0x80008f2f x29:0x59f82c51 PA:0x80008892
       19025000	      1901	80001d40	dcc40983	lb	x19,-564(x8)	  x8:0x80008f2f x19=0x00000000 PA:0x80008cfb
       19035000	      1902	80001d44	a5244203	lbu	x4,-1454(x8)	  x8:0x80008f2f  x4=0x00000000 PA:0x80008981
       19045000	      1903	80001d48	01e4c233	xor	x4,x9,x30	  x9:0x27f1a3ec x30:0xffffffff  x4=0xd80e5c13
       19055000	      1904	80001d4c	ac540223	sb	x5,-1340(x8)	  x8:0x80008f2f  x5:0x80009fc4 PA:0x800089f3
       19065000	      1905	80001d50	08540ea3	sb	x5,157(x8)	  x8:0x80008f2f  x5:0x80009fc4 PA:0x80008fcc
       19075000	      1906	80001d54	e9944903	lbu	x18,-359(x8)	  x8:0x80008f2f x18=0x00000000 PA:0x80008dc8
       19085000	      1907	80001d58	c5340b23	sb	x19,-938(x8)	  x8:0x80008f2f x19:0x00000000 PA:0x80008b85
       19095000	      1908	80001d5c	04440fa3	sb	x4,95(x8)	  x8:0x80008f2f  x4:0xd80e5c13 PA:0x80008f8e
       19105000	      1909	80001d60	0000da33	srl	x20,x1,x0	  x1:0xf8a00000  x0:0x00000000 x20=0xf8a00000
       19115000	      1910	80001d64	bff44383	lbu	x7,-1025(x8)	  x8:0x80008f2f  x7=0x00000000 PA:0x80008b2e
       19125000	      1911	80001d68	c7d40da3	sb	x29,-901(x8)	  x8:0x80008f2f x29:0x59f82c51 PA:0x80008baa
       19135000	      1912	80001d6c	c3f40383	lb	x7,-961(x8)	  x8:0x80008f2f  x7=0x00000000 PA:0x80008b6e
       19145000	      1913	80001d70	e7a40783	lb	x15,-390(x8)	  x8:0x80008f2f x15=0x00000000 PA:0x80008da9
       19155000	      1914	80001d74	4070d933	sra	x18,x1,x7	  x1:0xf8a00000  x7:0x00000000 x18=0xf8a00000
       19165000	      1915	80001d78	c25414a3	sh	x5,-983(x8)	  x8:0x80008f2f  x5:0x80009fc4 PA:0x80008b58
       19175000	      1916	80001d7c	e5765917	auipc	x18,0xe5765	 x18=0x65766d78
       19185000	      1917	80001d80	008733b3	sltu	x7,x14,x8	 x14:0x00000000  x8:0x80008f2f  x7=0x00000001
       19195000	      1918	80001d84	ae7d2e13	slti	x28,x26,-1305	 x26:0x00000000 x28=0x00000000
       19205000	      1919	80001d88	bbb40623	sb	x27,-1108(x8)	  x8:0x80008f2f x27:0x80001b04 PA:0x80008adb
       19215000	      1920	80001d8c	09440923	sb	x20,146(x8)	  x8:0x80008f2f x20:0xf8a00000 PA:0x80008fc1
       19225000	      1921	80001d90	d9e403a3	sb	x30,-633(x8)	  x8:0x80008f2f x30:0xffffffff PA:0x80008cb6
       19235000	      1922	80001d94	d9f40183	lb	x3,-609(x8)	  x8:0x80008f2f  x3=0x00000000 PA:0x80008cce
       19245000	      1923	80001d98	35da7517	auipc	x10,0x35da7	 x10=0xb5da8d94
       19255000	      1924	80001d9c	0094c833	xor	x16,x9,x9	  x9:0x27f1a3ec  x9:0x27f1a3ec x16=0x00000000
       19265000	      1925	80001da0	a0040103	lb	x2,-1536(x8)	  x8:0x80008f2f  x2=0x00000000 PA:0x8000892f
       19275000	      1926	00000000	00000013	addi	x0,x0,0	  x0:0x00000000
       19285000	      1927	80001da4	000173b3	and	x7,x2,x0	  x2:0x00000000  x0:0x00000000  x7=0x00000000
       19295000	      1928	80001da8	474b8313	addi	x6,x23,1140	 x23:0x0080013f  x6=0x008005b3
       19305000	      1929	80001dac	00569933	sll	x18,x13,x5	 x13:0x80009f40  x5:0x80009fc4 x18=0x0009f400
       19315000	      1930	80001db0	01a8e833	or	x16,x17,x26	 x17:0x02cfc162 x26:0x00000000 x16=0x02cfc162
       19325000	      1931	80001db4	0150fc33	and	x24,x1,x21	  x1:0xf8a00000 x21:0xe0000000 x24=0xe0000000
       19335000	      1932	80001db8	01436e33	or	x28,x6,x20	  x6:0x008005b3 x20:0xf8a00000 x28=0xf8a005b3
       19345000	      1933	80001dbc	21fe5617	auipc	x12,0x21fe5	 x12=0xa1fe6db8
       19355000	      1934	80001dc0	20fa6413	ori	x8,x20,527	 x20:0xf8a00000  x8=0xf8a0020f
       19365000	      1935	80001dc4	40205433	sra	x8,x0,x2	  x0:0x00000000  x2:0x00000000  x8=0x00000000
       19375000	      1936	80001dc8	41f707b3	sub	x15,x14,x31	 x14:0x00000000 x31:0x00000000 x15=0x00000000
       19385000	      1937	80001dcc	00437733	and	x14,x6,x4	  x6:0x008005b3  x4:0xd80e5c13 x14=0x00000413
       19395000	      1938	80001dd0	0145d813	srli	x16,x11,0x14	 x11:0x40009fc4 x16=0x00000400
       19405000	      1939	80001dd4	00755f33	srl	x30,x10,x7	 x10:0xb5da8d94  x7:0x00000000 x30=0xb5da8d94
       19415000	      1940	80001dd8	0030bcb3	sltu	x25,x1,x3	  x1:0xf8a00000  x3:0x00000000 x25=0x00000000
       19425000	      1941	80001ddc	57b14313	xori	x6,x2,1403	  x2:0x00000000  x6=0x0000057b
       19435000	      1942	80001de0	018c4c63	blt	x24,x24,80001df8	 x24:0xe0000000 x24:0xe0000000
       19445000	      1943	80001de4	41f35193	srai	x3,x6,0x1f	  x6:0x0000057b  x3=0x00000000
       19455000	      1944	80001de8	014b5d93	srli	x27,x22,0x14	 x22:0xe0000000 x27=0x00000e00
       19465000	      1945	80001dec	052f0663	beq	x30,x18,80001e38	 x30:0xb5da8d94 x18:0x0009f400
       19475000	      1946	80001df0	04c6e863	bltu	x13,x12,80001e40	 x13:0x80009f40 x12:0xa1fe6db8
       19485000	      1947	00000000	00000013	addi	x0,x0,0	  x0:0x00000000
       19495000	      1948	80001e3c	00000013	addi	x0,x0,0	  x0:0x00000000
       19505000	      1949	80001e40	47628d13	addi	x26,x5,1142	  x5:0x80009fc4 x26=0x8000a43a
       19515000	      1950	80001e44	5ba10813	addi	x16,x2,1466	  x2:0x00000000 x16=0x000005ba
       19525000	      1951	80001e48	49d038b7	lui	x17,0x49d03	 x17=0x49d03000
       19535000	      1952	80001e4c	00b75613	srli	x12,x14,0xb	 x14:0x00000413 x12=0x00000000
       19545000	      1953	80001e50	0554d063	bge	x9,x21,80001e90	  x9:0x27f1a3ec x21:0xe0000000
       19555000	      1954	00000000	00000013	addi	x0,x0,0	  x0:0x00000000
       19565000	      1955	80001e8c	00000013	addi	x0,x0,0	  x0:0x00000000
       19575000	      1956	80001e90	00411313	slli	x6,x2,0x4	  x2:0x00000000  x6=0x00000000
       19585000	      1957	80001e94	79d68113	addi	x2,x13,1949	 x13:0x80009f40  x2=0x8000a6dd
       19595000	      1958	80001e98	01990cb3	add	x25,x18,x25	 x18:0x0009f400 x25:0x00000000 x25=0x0009f400
       19605000	      1959	80001e9c	01a87ab3	and	x21,x16,x26	 x16:0x000005ba x26:0x8000a43a x21=0x0000043a
       19615000	      1960	80001ea0	01335933	srl	x18,x6,x19	  x6:0x00000000 x19:0x00000000 x18=0x00000000
       19625000	      1961	80001ea4	00a41b93	slli	x23,x8,0xa	  x8:0x00000000 x23=0x00000000
       19635000	      1962	80001ea8	0019db13	srli	x22,x19,0x1	 x19:0x00000000 x22=0x00000000
       19645000	      1963	80001eac	00000013	addi	x0,x0,0	  x0:0x00000000
       19655000	      1964	80001eb0	5e49af13	slti	x30,x19,1508	 x19:0x00000000 x30=0x00000001
       19665000	      1965	80001eb4	04186263	bltu	x16,x1,80001ef8	 x16:0x000005ba  x1:0xf8a00000
       19675000	      1966	00000000	00000013	addi	x0,x0,0	  x0:0x00000000
       19685000	      1967	80001ef4	00000013	addi	x0,x0,0	  x0:0x00000000
       19695000	      1968	80001ef8	40b00d33	sub	x26,x0,x11	  x0:0x00000000 x11:0x40009fc4 x26=0xbfff603c
       19705000	      1969	80001efc	02491663	bne	x18,x4,80001f28	 x18:0x00000000  x4:0xd80e5c13
       19715000	      1970	00000000	00000013	addi	x0,x0,0	  x0:0x00000000
       19725000	      1971	80001f24	00000013	addi	x0,x0,0	  x0:0x00000000
       19735000	      1972	80001f28	02c70e63	beq	x14,x12,80001f64	 x14:0x00000413 x12:0x00000000
       19745000	      1973	80001f2c	00590c63	beq	x18,x5,80001f44	 x18:0x00000000  x5:0x80009fc4
       19755000	      1974	80001f30	2d907393	andi	x7,x0,729	  x0:0x00000000  x7=0x00000000
       19765000	      1975	80001f34	09462f13	slti	x30,x12,148	 x12:0x00000000 x30=0x00000001
       19775000	      1976	80001f38	009cc0b3	xor	x1,x25,x9	 x25:0x0009f400  x9:0x27f1a3ec  x1=0x27f857ec
       19785000	      1977	80001f3c	04da8063	beq	x21,x13,80001f7c	 x21:0x0000043a x13:0x80009f40
       19795000	      1978	80001f40	00d734b3	sltu	x9,x14,x13	 x14:0x00000413 x13:0x80009f40  x9=0x00000001
       19805000	      1979	80001f44	2cae8e13	addi	x28,x29,714	 x29:0x59f82c51 x28=0x59f82f1b
       19815000	      1980	80001f48	00de41b3	xor	x3,x28,x13	 x28:0x59f82f1b x13:0x80009f40  x3=0xd9f8b05b
       19825000	      1981	80001f4c	02c55863	bge	x10,x12,80001f7c	 x10:0xb5da8d94 x12:0x00000000
       19835000	      1982	80001f50	491faf17	auipc	x30,0x491fa	 x30=0xc91fbf4c
       19845000	      1983	80001f54	03ac6e63	bltu	x24,x26,80001f90	 x24:0xe0000000 x26:0xbfff603c
       19855000	      1984	80001f58	01f88a63	beq	x17,x31,80001f6c	 x17:0x49d03000 x31:0x00000000
       19865000	      1985	80001f5c	400ad5b3	sra	x11,x21,x0	 x21:0x0000043a  x0:0x00000000 x11=0x0000043a
       19875000	      1986	80001f60	016afa63	bgeu	x21,x22,80001f74	 x21:0x0000043a x22:0x00000000
       19885000	      1987	00000000	00000013	addi	x0,x0,0	  x0:0x00000000
       19895000	      1988	80001f70	00000013	addi	x0,x0,0	  x0:0x00000000
       19905000	      1989	80001f74	01b26463	bltu	x4,x27,80001f7c	  x4:0xd80e5c13 x27:0x00000e00
       19915000	      1990	80001f78	70c78193	addi	x3,x15,1804	 x15:0x00000000  x3=0x0000070c
       19925000	      1991	80001f7c	a2f4fdb7	lui	x27,0xa2f4f	 x27=0xa2f4f000
       19935000	      1992	80001f80	005a2bb3	slt	x23,x20,x5	 x20:0xf8a00000  x5:0x80009fc4 x23=0x00000000
       19945000	      1993	80001f84	00cf8cb3	add	x25,x31,x12	 x31:0x00000000 x12:0x00000000 x25=0x00000000
       19955000	      1994	80001f88	0126b8b3	sltu	x17,x13,x18	 x13:0x80009f40 x18:0x00000000 x17=0x00000000
       19965000	      1995	80001f8c	02147c63	bgeu	x8,x1,80001fc4	  x8:0x00000000  x1:0x27f857ec
       19975000	      1996	80001f90	4f982093	slti	x1,x16,1273	 x16:0x000005ba  x1=0x00000000
       19985000	      1997	80001f94	4fad6e13	ori	x28,x26,1274	 x26:0xbfff603c x28=0xbfff64fe
       19995000	      1998	80001f98	013d8233	add	x4,x27,x19	 x27:0xa2f4f000 x19:0x00000000  x4=0xa2f4f000
       20005000	      1999	80001f9c	00dde463	bltu	x27,x13,80001fa4	 x27:0xa2f4f000 x13:0x80009f40
       20015000	      2000	80001fa0	02d28a63	beq	x5,x13,80001fd4	  x5:0x80009fc4 x13:0x80009f40
       20025000	      2001	80001fa4	8a273a93	sltiu	x21,x14,-1886	 x14:0x00000413 x21=0x00000001
       20035000	      2002	80001fa8	8c294393	xori	x7,x18,-1854	 x18:0x00000000  x7=0xfffff8c2
       20045000	      2003	80001fac	00086333	or	x6,x16,x0	 x16:0x000005ba  x0:0x00000000  x6=0x000005ba
       20055000	      2004	80001fb0	00fa5bb3	srl	x23,x20,x15	 x20:0xf8a00000 x15:0x00000000 x23=0xf8a00000
       20065000	      2005	80001fb4	01d8bf33	sltu	x30,x17,x29	 x17:0x00000000 x29:0x59f82c51 x30=0x00000001
       20075000	      2006	80001fb8	008d38b3	sltu	x17,x26,x8	 x26:0xbfff603c  x8:0x00000000 x17=0x00000000
       20085000	      2007	80001fbc	001d3bb3	sltu	x23,x26,x1	 x26:0xbfff603c  x1:0x00000000 x23=0x00000000
       20095000	      2008	80001fc0	fd39cc13	xori	x24,x19,-45	 x19:0x00000000 x24=0xffffffd3
       20105000	      2009	80001fc4	01f91663	bne	x18,x31,80001fd0	 x18:0x00000000 x31:0x00000000
       20115000	      2010	80001fc8	006a1d33	sll	x26,x20,x6	 x20:0xf8a00000  x6:0x000005ba x26=0x00000000
       20125000	      2011	80001fcc	01d8c663	blt	x17,x29,80001fd8	 x17:0x00000000 x29:0x59f82c51
       20135000	      2012	00000000	00000013	addi	x0,x0,0	  x0:0x00000000
       20145000	      2013	80001fd4	00000013	addi	x0,x0,0	  x0:0x00000000
       20155000	      2014	80001fd8	0146ac33	slt	x24,x13,x20	 x13:0x80009f40 x20:0xf8a00000 x24=0x00000001
       20165000	      2015	80001fdc	01e7d493	srli	x9,x15,0x1e	 x15:0x00000000  x9=0x00000000
       20175000	      2016	80001fe0	01104533	xor	x10,x0,x17	  x0:0x00000000 x17:0x00000000 x10=0x00000000
       20185000	      2017	80001fe4	41b9d393	srai	x7,x19,0x1b	 x19:0x00000000  x7=0x00000000
       20195000	      2018	80001fe8	b25e4917	auipc	x18,0xb25e4	 x18=0x325e5fe4
       20205000	      2019	80001fec	41dc8c33	sub	x24,x25,x29	 x25:0x00000000 x29:0x59f82c51 x24=0xa607d3af
       20215000	      2020	80001ff0	0ea78c93	addi	x25,x15,234	 x15:0x00000000 x25=0x000000ea
       20225000	      2021	80001ff4	01e4d193	srli	x3,x9,0x1e	  x9:0x00000000  x3=0x00000000
       20235000	      2022	80001ff8	f812b413	sltiu	x8,x5,-127	  x5:0x80009fc4  x8=0x00000001
       20245000	      2023	80001ffc	00f0fe63	bgeu	x1,x15,80002018	  x1:0x00000000 x15:0x00000000
       20255000	      2024	00000000	00000013	addi	x0,x0,0	  x0:0x00000000
       20265000	      2025	80002014	00000013	addi	x0,x0,0	  x0:0x00000000
       20275000	      2026	80002018	192e4813	xori	x16,x28,402	 x28:0xbfff64fe x16=0xbfff656c
       20285000	      2027	8000201c	01c41413	slli	x8,x8,0x1c	  x8:0x00000001  x8=0x10000000
       20295000	      2028	80002020	010fd8b3	srl	x17,x31,x16	 x31:0x00000000 x16:0xbfff656c x17=0x00000000
       20305000	      2029	80002024	016f0533	add	x10,x30,x22	 x30:0x00000001 x22:0x00000000 x10=0x00000001
       20315000	      2030	80002028	003374b3	and	x9,x6,x3	  x6:0x000005ba  x3:0x00000000  x9=0x00000000
       20325000	      2031	8000202c	01d9b133	sltu	x2,x19,x29	 x19:0x00000000 x29:0x59f82c51  x2=0x00000001
       20335000	      2032	80002030	009fafb3	slt	x31,x31,x9	 x31:0x00000000  x9:0x00000000 x31=0x00000000
       20345000	      2033	80002034	003be733	or	x14,x23,x3	 x23:0x00000000  x3:0x00000000 x14=0x00000000
       20355000	      2034	80002038	41a750b3	sra	x1,x14,x26	 x14:0x00000000 x26:0x00000000  x1=0x00000000
       20365000	      2035	8000203c	0fa7bf93	sltiu	x31,x15,250	 x15:0x00000000 x31=0x00000001
       20375000	      2036	80002040	1377f937	lui	x18,0x1377f	 x18=0x1377f000
       20385000	      2037	80002044	00e0a4b3	slt	x9,x1,x14	  x1:0x00000000 x14:0x00000000  x9=0x00000000
       20395000	      2038	80002048	63891cb7	lui	x25,0x63891	 x25=0x63891000
       20405000	      2039	8000204c	4134d133	sra	x2,x9,x19	  x9:0x00000000 x19:0x00000000  x2=0x00000000
       20415000	      2040	80002050	0046a083	lw	x1,4(x13)	 x13:0x80009f40  x1=0x80000440 PA:0x80009f44
       20425000	      2041	00000000	00000013	addi	x0,x0,0	  x0:0x00000000
       20435000	      2042	80002054	00a0d713	srli	x14,x1,0xa	  x1:0x80000440 x14=0x00200001
       20445000	      2043	80002058	00c68693	addi	x13,x13,12	 x13:0x80009f40 x13=0x80009f4c
       20455000	      2044	8000205c	011d1833	sll	x16,x26,x17	 x26:0x00000000 x17:0x00000000 x16=0x00000000
       20465000	      2045	80002060	00108713	addi	x14,x1,1	  x1:0x80000440 x14=0x80000441
       20475000	      2046	80002064	00070767	jalr	x14,x14,0	 x14:0x80000441 x14=0x80002064
       20485000	      2047	00000000	00000013	addi	x0,x0,0	  x0:0x00000000
       20495000	      2048	80000440	00000013	addi	x0,x0,0	  x0:0x00000000
       20505000	      2049	80000444	4066d993	srai	x19,x13,0x6	 x13:0x80009f4c x19=0xfe00027d
       20515000	      2050	80000448	00002097	auipc	x1,0x2	  x1=0x80002444
       20525000	      2051	8000044c	88008093	addi	x1,x1,-1920	  x1:0x80002444  x1=0x80001cc4
       20535000	      2052	80000450	00f47233	and	x4,x8,x15	  x8:0x10000000 x15:0x00000000  x4=0x00000000
       20545000	      2053	80000454	011ed8b3	srl	x17,x29,x17	 x29:0x59f82c51 x17:0x00000000 x17=0x59f82c51
       20555000	      2054	80000458	013124b3	slt	x9,x2,x19	  x2:0x00000000 x19:0xfe00027d  x9=0x00000000
       20565000	      2055	8000045c	2a008093	addi	x1,x1,672	  x1:0x80001cc4  x1=0x80001f64
       20575000	      2056	80000460	cfa56b93	ori	x23,x10,-774	 x10:0x00000001 x23=0xfffffcfb
       20585000	      2057	80000464	00a41c63	bne	x8,x10,8000047c	  x8:0x10000000 x10:0x00000001
       20595000	      2058	00000000	00000013	addi	x0,x0,0	  x0:0x00000000
       20605000	      2059	80000478	00000013	addi	x0,x0,0	  x0:0x00000000
       20615000	      2060	8000047c	d60080e7	jalr	x1,x1,-672	  x1:0x80001f64  x1=0x8000047c
       20625000	      2061	00000000	00000013	addi	x0,x0,0	  x0:0x00000000
       20635000	      2062	80001cc4	00000013	addi	x0,x0,0	  x0:0x00000000
       20645000	      2063	80001cc8	0065c863	blt	x11,x6,80001cd8	 x11:0x0000043a  x6:0x000005ba
       20655000	      2064	00000000	00000013	addi	x0,x0,0	  x0:0x00000000
       20665000	      2065	80001cd4	00000013	addi	x0,x0,0	  x0:0x00000000
       20675000	      2066	80001cd8	ff468693	addi	x13,x13,-12	 x13:0x80009f4c x13=0x80009f40
       20685000	      2067	80001cdc	0016a223	sw	x1,4(x13)	 x13:0x80009f40  x1:0x8000047c PA:0x80009f44
       20695000	      2068	80001ce0	34a51a97	auipc	x21,0x34a51	 x21=0xb4a52cdc
       20705000	      2069	80001ce4	406d0733	sub	x14,x26,x6	 x26:0x00000000  x6:0x000005ba x14=0xfffffa46
       20715000	      2070	80001ce8	0159c033	xor	x0,x19,x21	 x19:0xfe00027d x21:0xb4a52cdc
       20725000	      2071	80001cec	00007417	auipc	x8,0x7	  x8=0x80008ce8
       20735000	      2072	80001cf0	24740413	addi	x8,x8,583	  x8:0x80008ce8  x8=0x80008f2f
       20745000	      2073	80001cf4	407d5113	srai	x2,x26,0x7	 x26:0x00000000  x2=0x00000000
       20755000	      2074	80001cf8	cc341883	lh	x17,-829(x8)	  x8:0x80008f2f x17=0x00000000 PA:0x80008bf2
       20765000	      2075	80001cfc	9f944203	lbu	x4,-1543(x8)	  x8:0x80008f2f  x4=0x00000000 PA:0x80008928
       20775000	      2076	80001d00	4171df13	srai	x30,x3,0x17	  x3:0x00000000 x30=0x00000000
       20785000	      2077	80001d04	cd241da3	sh	x18,-805(x8)	  x8:0x80008f2f x18:0x1377f000 PA:0x80008c0a
       20795000	      2078	80001d08	c2341da3	sh	x3,-965(x8)	  x8:0x80008f2f  x3:0x00000000 PA:0x80008b6a
       20805000	      2079	80001d0c	527b0013	addi	x0,x22,1319	 x22:0x00000000
       20815000	      2080	80001d10	94340d03	lb	x26,-1725(x8)	  x8:0x80008f2f x26=0x00000000 PA:0x80008872
       20825000	      2081	80001d14	406f5333	sra	x6,x30,x6	 x30:0x00000000  x6:0x000005ba  x6=0x00000000
       20835000	      2082	80001d18	c1640323	sb	x22,-1018(x8)	  x8:0x80008f2f x22:0x00000000 PA:0x80008b35
       20845000	      2083	80001d1c	e5641fa3	sh	x22,-417(x8)	  x8:0x80008f2f x22:0x00000000 PA:0x80008d8e
       20855000	      2084	80001d20	0072bcb3	sltu	x25,x5,x7	  x5:0x80009fc4  x7:0x00000000 x25=0x00000000
       20865000	      2085	80001d24	c4640703	lb	x14,-954(x8)	  x8:0x80008f2f x14=0x00000000 PA:0x80008b75
       20875000	      2086	80001d28	01579093	slli	x1,x15,0x15	 x15:0x00000000  x1=0x00000000
       20885000	      2087	80001d2c	405ed893	srai	x17,x29,0x5	 x29:0x59f82c51 x17=0x02cfc162
       20895000	      2088	80001d30	05740f23	sb	x23,94(x8)	  x8:0x80008f2f x23:0xfffffcfb PA:0x80008f8d
       20905000	      2089	80001d34	d8241ea3	sh	x2,-611(x8)	  x8:0x80008f2f  x2:0x00000000 PA:0x80008ccc
       20915000	      2090	80001d38	00db5ab3	srl	x21,x22,x13	 x22:0x00000000 x13:0x80009f40 x21=0x00000000
       20925000	      2091	80001d3c	97d401a3	sb	x29,-1693(x8)	  x8:0x80008f2f x29:0x59f82c51 PA:0x80008892
       20935000	      2092	80001d40	dcc40983	lb	x19,-564(x8)	  x8:0x80008f2f x19=0x00000000 PA:0x80008cfb
       20945000	      2093	80001d44	a5244203	lbu	x4,-1454(x8)	  x8:0x80008f2f  x4=0x00000000 PA:0x80008981
       20955000	      2094	80001d48	01e4c233	xor	x4,x9,x30	  x9:0x00000000 x30:0x00000000  x4=0x00000000
       20965000	      2095	80001d4c	ac540223	sb	x5,-1340(x8)	  x8:0x80008f2f  x5:0x80009fc4 PA:0x800089f3
       20975000	      2096	80001d50	08540ea3	sb	x5,157(x8)	  x8:0x80008f2f  x5:0x80009fc4 PA:0x80008fcc
       20985000	      2097	80001d54	e9944903	lbu	x18,-359(x8)	  x8:0x80008f2f x18=0x00000000 PA:0x80008dc8
       20995000	      2098	80001d58	c5340b23	sb	x19,-938(x8)	  x8:0x80008f2f x19:0x00000000 PA:0x80008b85
       21005000	      2099	80001d5c	04440fa3	sb	x4,95(x8)	  x8:0x80008f2f  x4:0x00000000 PA:0x80008f8e
       21015000	      2100	80001d60	0000da33	srl	x20,x1,x0	  x1:0x00000000  x0:0x00000000 x20=0x00000000
       21025000	      2101	80001d64	bff44383	lbu	x7,-1025(x8)	  x8:0x80008f2f  x7=0x00000000 PA:0x80008b2e
       21035000	      2102	80001d68	c7d40da3	sb	x29,-901(x8)	  x8:0x80008f2f x29:0x59f82c51 PA:0x80008baa
       21045000	      2103	80001d6c	c3f40383	lb	x7,-961(x8)	  x8:0x80008f2f  x7=0x00000000 PA:0x80008b6e
       21055000	      2104	80001d70	e7a40783	lb	x15,-390(x8)	  x8:0x80008f2f x15=0x00000000 PA:0x80008da9
       21065000	      2105	80001d74	4070d933	sra	x18,x1,x7	  x1:0x00000000  x7:0x00000000 x18=0x00000000
       21075000	      2106	80001d78	c25414a3	sh	x5,-983(x8)	  x8:0x80008f2f  x5:0x80009fc4 PA:0x80008b58
       21085000	      2107	80001d7c	e5765917	auipc	x18,0xe5765	 x18=0x65766d78
       21095000	      2108	80001d80	008733b3	sltu	x7,x14,x8	 x14:0x00000000  x8:0x80008f2f  x7=0x00000001
       21105000	      2109	80001d84	ae7d2e13	slti	x28,x26,-1305	 x26:0x00000000 x28=0x00000000
       21115000	      2110	80001d88	bbb40623	sb	x27,-1108(x8)	  x8:0x80008f2f x27:0xa2f4f000 PA:0x80008adb
       21125000	      2111	80001d8c	09440923	sb	x20,146(x8)	  x8:0x80008f2f x20:0x00000000 PA:0x80008fc1
       21135000	      2112	80001d90	d9e403a3	sb	x30,-633(x8)	  x8:0x80008f2f x30:0x00000000 PA:0x80008cb6
       21145000	      2113	80001d94	d9f40183	lb	x3,-609(x8)	  x8:0x80008f2f  x3=0x00000000 PA:0x80008cce
       21155000	      2114	80001d98	35da7517	auipc	x10,0x35da7	 x10=0xb5da8d94
       21165000	      2115	80001d9c	0094c833	xor	x16,x9,x9	  x9:0x00000000  x9:0x00000000 x16=0x00000000
       21175000	      2116	80001da0	a0040103	lb	x2,-1536(x8)	  x8:0x80008f2f  x2=0x00000000 PA:0x8000892f
       21185000	      2117	00000000	00000013	addi	x0,x0,0	  x0:0x00000000
       21195000	      2118	80001da4	000173b3	and	x7,x2,x0	  x2:0x00000000  x0:0x00000000  x7=0x00000000
       21205000	      2119	80001da8	474b8313	addi	x6,x23,1140	 x23:0xfffffcfb  x6=0x0000016f
       21215000	      2120	80001dac	00569933	sll	x18,x13,x5	 x13:0x80009f40  x5:0x80009fc4 x18=0x0009f400
       21225000	      2121	80001db0	01a8e833	or	x16,x17,x26	 x17:0x02cfc162 x26:0x00000000 x16=0x02cfc162
       21235000	      2122	80001db4	0150fc33	and	x24,x1,x21	  x1:0x00000000 x21:0x00000000 x24=0x00000000
       21245000	      2123	80001db8	01436e33	or	x28,x6,x20	  x6:0x0000016f x20:0x00000000 x28=0x0000016f
       21255000	      2124	80001dbc	21fe5617	auipc	x12,0x21fe5	 x12=0xa1fe6db8
       21265000	      2125	80001dc0	20fa6413	ori	x8,x20,527	 x20:0x00000000  x8=0x0000020f
       21275000	      2126	80001dc4	40205433	sra	x8,x0,x2	  x0:0x00000000  x2:0x00000000  x8=0x00000000
       21285000	      2127	80001dc8	41f707b3	sub	x15,x14,x31	 x14:0x00000000 x31:0x00000001 x15=0xffffffff
       21295000	      2128	80001dcc	00437733	and	x14,x6,x4	  x6:0x0000016f  x4:0x00000000 x14=0x00000000
       21305000	      2129	80001dd0	0145d813	srli	x16,x11,0x14	 x11:0x0000043a x16=0x00000000
       21315000	      2130	80001dd4	00755f33	srl	x30,x10,x7	 x10:0xb5da8d94  x7:0x00000000 x30=0xb5da8d94
       21325000	      2131	80001dd8	0030bcb3	sltu	x25,x1,x3	  x1:0x00000000  x3:0x00000000 x25=0x00000000
       21335000	      2132	80001ddc	57b14313	xori	x6,x2,1403	  x2:0x00000000  x6=0x0000057b
       21345000	      2133	80001de0	018c4c63	blt	x24,x24,80001df8	 x24:0x00000000 x24:0x00000000
       21355000	      2134	80001de4	41f35193	srai	x3,x6,0x1f	  x6:0x0000057b  x3=0x00000000
       21365000	      2135	80001de8	014b5d93	srli	x27,x22,0x14	 x22:0x00000000 x27=0x00000000
       21375000	      2136	80001dec	052f0663	beq	x30,x18,80001e38	 x30:0xb5da8d94 x18:0x0009f400
       21385000	      2137	80001df0	04c6e863	bltu	x13,x12,80001e40	 x13:0x80009f40 x12:0xa1fe6db8
       21395000	      2138	00000000	00000013	addi	x0,x0,0	  x0:0x00000000
       21405000	      2139	80001e3c	00000013	addi	x0,x0,0	  x0:0x00000000
       21415000	      2140	80001e40	47628d13	addi	x26,x5,1142	  x5:0x80009fc4 x26=0x8000a43a
       21425000	      2141	80001e44	5ba10813	addi	x16,x2,1466	  x2:0x00000000 x16=0x000005ba
       21435000	      2142	80001e48	49d038b7	lui	x17,0x49d03	 x17=0x49d03000
       21445000	      2143	80001e4c	00b75613	srli	x12,x14,0xb	 x14:0x00000000 x12=0x00000000
       21455000	      2144	80001e50	0554d063	bge	x9,x21,80001e90	  x9:0x00000000 x21:0x00000000
       21465000	      2145	00000000	00000013	addi	x0,x0,0	  x0:0x00000000
       21475000	      2146	80001e8c	00000013	addi	x0,x0,0	  x0:0x00000000
       21485000	      2147	80001e90	00411313	slli	x6,x2,0x4	  x2:0x00000000  x6=0x00000000
       21495000	      2148	80001e94	79d68113	addi	x2,x13,1949	 x13:0x80009f40  x2=0x8000a6dd
       21505000	      2149	80001e98	01990cb3	add	x25,x18,x25	 x18:0x0009f400 x25:0x00000000 x25=0x0009f400
       21515000	      2150	80001e9c	01a87ab3	and	x21,x16,x26	 x16:0x000005ba x26:0x8000a43a x21=0x0000043a
       21525000	      2151	80001ea0	01335933	srl	x18,x6,x19	  x6:0x00000000 x19:0x00000000 x18=0x00000000
       21535000	      2152	80001ea4	00a41b93	slli	x23,x8,0xa	  x8:0x00000000 x23=0x00000000
       21545000	      2153	80001ea8	0019db13	srli	x22,x19,0x1	 x19:0x00000000 x22=0x00000000
       21555000	      2154	80001eac	00000013	addi	x0,x0,0	  x0:0x00000000
       21565000	      2155	80001eb0	5e49af13	slti	x30,x19,1508	 x19:0x00000000 x30=0x00000001
       21575000	      2156	80001eb4	04186263	bltu	x16,x1,80001ef8	 x16:0x000005ba  x1:0x00000000
       21585000	      2157	80001eb8	00615b13	srli	x22,x2,0x6	  x2:0x8000a6dd x22=0x0200029b
       21595000	      2158	80001ebc	017ce933	or	x18,x25,x23	 x25:0x0009f400 x23:0x00000000 x18=0x0009f400
       21605000	      2159	80001ec0	05895663	bge	x18,x24,80001f0c	 x18:0x0009f400 x24:0x00000000
       21615000	      2160	00000000	00000013	addi	x0,x0,0	  x0:0x00000000
       21625000	      2161	80001f08	00000013	addi	x0,x0,0	  x0:0x00000000
       21635000	      2162	80001f0c	006ab8b3	sltu	x17,x21,x6	 x21:0x0000043a  x6:0x00000000 x17=0x00000000
       21645000	      2163	80001f10	01298c33	add	x24,x19,x18	 x19:0x00000000 x18:0x0009f400 x24=0x0009f400
       21655000	      2164	80001f14	4107dc93	srai	x25,x15,0x10	 x15:0xffffffff x25=0xffffffff
       21665000	      2165	80001f18	41b9d833	sra	x16,x19,x27	 x19:0x00000000 x27:0x00000000 x16=0x00000000
       21675000	      2166	80001f1c	01642d33	slt	x26,x8,x22	  x8:0x00000000 x22:0x0200029b x26=0x00000001
       21685000	      2167	80001f20	002d84b3	add	x9,x27,x2	 x27:0x00000000  x2:0x8000a6dd  x9=0x8000a6dd
       21695000	      2168	80001f24	0062a233	slt	x4,x5,x6	  x5:0x80009fc4  x6:0x00000000  x4=0x00000001
       21705000	      2169	80001f28	02c70e63	beq	x14,x12,80001f64	 x14:0x00000000 x12:0x00000000
       21715000	      2170	00000000	00000013	addi	x0,x0,0	  x0:0x00000000
       21725000	      2171	80001f60	00000013	addi	x0,x0,0	  x0:0x00000000
       21735000	      2172	80001f64	c5138a13	addi	x20,x7,-943	  x7:0x00000000 x20=0xfffffc51
       21745000	      2173	80001f68	629e1fb7	lui	x31,0x629e1	 x31=0x629e1000
       21755000	      2174	80001f6c	41c25893	srai	x17,x4,0x1c	  x4:0x00000001 x17=0x00000000
       21765000	      2175	80001f70	02396c63	bltu	x18,x3,80001fa8	 x18:0x0009f400  x3:0x00000000
       21775000	      2176	80001f74	01b26463	bltu	x4,x27,80001f7c	  x4:0x00000001 x27:0x00000000
       21785000	      2177	80001f78	70c78193	addi	x3,x15,1804	 x15:0xffffffff  x3=0x0000070b
       21795000	      2178	80001f7c	a2f4fdb7	lui	x27,0xa2f4f	 x27=0xa2f4f000
       21805000	      2179	80001f80	005a2bb3	slt	x23,x20,x5	 x20:0xfffffc51  x5:0x80009fc4 x23=0x00000000
       21815000	      2180	80001f84	00cf8cb3	add	x25,x31,x12	 x31:0x629e1000 x12:0x00000000 x25=0x629e1000
       21825000	      2181	80001f88	0126b8b3	sltu	x17,x13,x18	 x13:0x80009f40 x18:0x0009f400 x17=0x00000000
       21835000	      2182	80001f8c	02147c63	bgeu	x8,x1,80001fc4	  x8:0x00000000  x1:0x00000000
       21845000	      2183	00000000	00000013	addi	x0,x0,0	  x0:0x00000000
       21855000	      2184	80001fc0	00000013	addi	x0,x0,0	  x0:0x00000000
       21865000	      2185	80001fc4	01f91663	bne	x18,x31,80001fd0	 x18:0x0009f400 x31:0x629e1000
       21875000	      2186	00000000	00000013	addi	x0,x0,0	  x0:0x00000000
       21885000	      2187	80001fcc	00000013	addi	x0,x0,0	  x0:0x00000000
       21895000	      2188	80001fd0	41755d33	sra	x26,x10,x23	 x10:0xb5da8d94 x23:0x00000000 x26=0xb5da8d94
       21905000	      2189	80001fd4	01673213	sltiu	x4,x14,22	 x14:0x00000000  x4=0x00000001
       21915000	      2190	80001fd8	0146ac33	slt	x24,x13,x20	 x13:0x80009f40 x20:0xfffffc51 x24=0x00000001
       21925000	      2191	80001fdc	01e7d493	srli	x9,x15,0x1e	 x15:0xffffffff  x9=0x00000003
       21935000	      2192	80001fe0	01104533	xor	x10,x0,x17	  x0:0x00000000 x17:0x00000000 x10=0x00000000
       21945000	      2193	80001fe4	41b9d393	srai	x7,x19,0x1b	 x19:0x00000000  x7=0x00000000
       21955000	      2194	80001fe8	b25e4917	auipc	x18,0xb25e4	 x18=0x325e5fe4
       21965000	      2195	80001fec	41dc8c33	sub	x24,x25,x29	 x25:0x629e1000 x29:0x59f82c51 x24=0x08a5e3af
       21975000	      2196	80001ff0	0ea78c93	addi	x25,x15,234	 x15:0xffffffff x25=0x000000e9
       21985000	      2197	80001ff4	01e4d193	srli	x3,x9,0x1e	  x9:0x00000003  x3=0x00000000
       21995000	      2198	80001ff8	f812b413	sltiu	x8,x5,-127	  x5:0x80009fc4  x8=0x00000001
       22005000	      2199	80001ffc	00f0fe63	bgeu	x1,x15,80002018	  x1:0x00000000 x15:0xffffffff
       22015000	      2200	80002000	41275a33	sra	x20,x14,x18	 x14:0x00000000 x18:0x325e5fe4 x20=0x00000000
       22025000	      2201	80002004	4380ed13	ori	x26,x1,1080	  x1:0x00000000 x26=0x00000438
       22035000	      2202	80002008	01931e13	slli	x28,x6,0x19	  x6:0x00000000 x28=0x00000000
       22045000	      2203	8000200c	0116fb33	and	x22,x13,x17	 x13:0x80009f40 x17:0x00000000 x22=0x00000000
       22055000	      2204	80002010	00a4a933	slt	x18,x9,x10	  x9:0x00000003 x10:0x00000000 x18=0x00000000
       22065000	      2205	80002014	00cb47b3	xor	x15,x22,x12	 x22:0x00000000 x12:0x00000000 x15=0x00000000
       22075000	      2206	80002018	192e4813	xori	x16,x28,402	 x28:0x00000000 x16=0x00000192
       22085000	      2207	8000201c	01c41413	slli	x8,x8,0x1c	  x8:0x00000001  x8=0x10000000
       22095000	      2208	80002020	010fd8b3	srl	x17,x31,x16	 x31:0x629e1000 x16:0x00000192 x17=0x000018a7
       22105000	      2209	80002024	016f0533	add	x10,x30,x22	 x30:0x00000001 x22:0x00000000 x10=0x00000001
       22115000	      2210	80002028	003374b3	and	x9,x6,x3	  x6:0x00000000  x3:0x00000000  x9=0x00000000
       22125000	      2211	8000202c	01d9b133	sltu	x2,x19,x29	 x19:0x00000000 x29:0x59f82c51  x2=0x00000001
       22135000	      2212	80002030	009fafb3	slt	x31,x31,x9	 x31:0x629e1000  x9:0x00000000 x31=0x00000000
       22145000	      2213	80002034	003be733	or	x14,x23,x3	 x23:0x00000000  x3:0x00000000 x14=0x00000000
       22155000	      2214	80002038	41a750b3	sra	x1,x14,x26	 x14:0x00000000 x26:0x00000438  x1=0x00000000
       22165000	      2215	8000203c	0fa7bf93	sltiu	x31,x15,250	 x15:0x00000000 x31=0x00000001
       22175000	      2216	80002040	1377f937	lui	x18,0x1377f	 x18=0x1377f000
       22185000	      2217	80002044	00e0a4b3	slt	x9,x1,x14	  x1:0x00000000 x14:0x00000000  x9=0x00000000
       22195000	      2218	80002048	63891cb7	lui	x25,0x63891	 x25=0x63891000
       22205000	      2219	8000204c	4134d133	sra	x2,x9,x19	  x9:0x00000000 x19:0x00000000  x2=0x00000000
       22215000	      2220	80002050	0046a083	lw	x1,4(x13)	 x13:0x80009f40  x1=0x8000047c PA:0x80009f44
       22225000	      2221	00000000	00000013	addi	x0,x0,0	  x0:0x00000000
       22235000	      2222	80002054	00a0d713	srli	x14,x1,0xa	  x1:0x8000047c x14=0x00200001
       22245000	      2223	80002058	00c68693	addi	x13,x13,12	 x13:0x80009f40 x13=0x80009f4c
       22255000	      2224	8000205c	011d1833	sll	x16,x26,x17	 x26:0x00000438 x17:0x000018a7 x16=0x00021c00
       22265000	      2225	80002060	00108713	addi	x14,x1,1	  x1:0x8000047c x14=0x8000047d
       22275000	      2226	80002064	00070767	jalr	x14,x14,0	 x14:0x8000047d x14=0x80002064
       22285000	      2227	00000000	00000013	addi	x0,x0,0	  x0:0x00000000
       22295000	      2228	8000047c	00000013	addi	x0,x0,0	  x0:0x00000000
       22305000	      2229	80000480	401b8b33	sub	x22,x23,x1	 x23:0x00000000  x1:0x8000047c x22=0x7ffffb84
       22315000	      2230	80000484	0041e593	ori	x11,x3,4	  x3:0x00000000 x11=0x00000004
       22325000	      2231	80000488	ed91a593	slti	x11,x3,-295	  x3:0x00000000 x11=0x00000000
       22335000	      2232	8000048c	9c0dfb13	andi	x22,x27,-1600	 x27:0xa2f4f000 x22=0xa2f4f000
       22345000	      2233	80000490	00a08863	beq	x1,x10,800004a0	  x1:0x8000047c x10:0x00000001
       22355000	      2234	80000494	0084ac33	slt	x24,x9,x8	  x9:0x00000000  x8:0x10000000 x24=0x00000001
       22365000	      2235	80000498	02677663	bgeu	x14,x6,800004c4	 x14:0x80002064  x6:0x00000000
       22375000	      2236	00000000	00000013	addi	x0,x0,0	  x0:0x00000000
       22385000	      2237	800004c0	00000013	addi	x0,x0,0	  x0:0x00000000
       22395000	      2238	800004c4	6cbf3313	sltiu	x6,x30,1739	 x30:0x00000001  x6=0x00000001
       22405000	      2239	800004c8	00c1b0b3	sltu	x1,x3,x12	  x3:0x00000000 x12:0x00000000  x1=0x00000000
       22415000	      2240	800004cc	01e2a8b3	slt	x17,x5,x30	  x5:0x80009fc4 x30:0x00000001 x17=0x00000001
       22425000	      2241	800004d0	4159da13	srai	x20,x19,0x15	 x19:0x00000000 x20=0x00000000
       22435000	      2242	800004d4	5dbb0913	addi	x18,x22,1499	 x22:0xa2f4f000 x18=0xa2f4f5db
       22445000	      2243	800004d8	4130dc13	srai	x24,x1,0x13	  x1:0x00000000 x24=0x00000000
       22455000	      2244	800004dc	58bbe493	ori	x9,x23,1419	 x23:0x00000000  x9=0x0000058b
       22465000	      2245	800004e0	0109bb33	sltu	x22,x19,x16	 x19:0x00000000 x16:0x00021c00 x22=0x00000001
       22475000	      2246	800004e4	03ea9863	bne	x21,x30,80000514	 x21:0x0000043a x30:0x00000001
       22485000	      2247	00000000	00000013	addi	x0,x0,0	  x0:0x00000000
       22495000	      2248	80000510	00000013	addi	x0,x0,0	  x0:0x00000000
       22505000	      2249	80000514	6dfe4b13	xori	x22,x28,1759	 x28:0x00000000 x22=0x000006df
       22515000	      2250	80000518	00858533	add	x10,x11,x8	 x11:0x00000000  x8:0x10000000 x10=0x10000000
       22525000	      2251	8000051c	ebe14017	auipc	x0,0xebe14	
       22535000	      2252	80000520	40cd58b3	sra	x17,x26,x12	 x26:0x00000438 x12:0x00000000 x17=0x00000438
       22545000	      2253	80000524	fecbe713	ori	x14,x23,-20	 x23:0x00000000 x14=0xffffffec
       22555000	      2254	80000528	0054d663	bge	x9,x5,80000534	  x9:0x0000058b  x5:0x80009fc4
       22565000	      2255	00000000	00000013	addi	x0,x0,0	  x0:0x00000000
       22575000	      2256	80000530	00000013	addi	x0,x0,0	  x0:0x00000000
       22585000	      2257	80000534	415a8833	sub	x16,x21,x21	 x21:0x0000043a x21:0x0000043a x16=0x00000000
       22595000	      2258	80000538	dc6bba17	auipc	x20,0xdc6bb	 x20=0x5c6bb534
       22605000	      2259	8000053c	40ffd913	srai	x18,x31,0xf	 x31:0x00000001 x18=0x00000000
       22615000	      2260	80000540	019b7633	and	x12,x22,x25	 x22:0x000006df x25:0x63891000 x12=0x00000000
       22625000	      2261	80000544	c417cb13	xori	x22,x15,-959	 x15:0x00000000 x22=0xfffffc41
       22635000	      2262	80000548	0046a083	lw	x1,4(x13)	 x13:0x80009f4c  x1=0x80000610 PA:0x80009f50
       22645000	      2263	8000054c	01468693	addi	x13,x13,20	 x13:0x80009f4c x13=0x80009f60
       22655000	      2264	80000550	2c596a93	ori	x21,x18,709	 x18:0x00000000 x21=0x000002c5
       22665000	      2265	80000554	00b99613	slli	x12,x19,0xb	 x19:0x00000000 x12=0x00000000
       22675000	      2266	80000558	41b28833	sub	x16,x5,x27	  x5:0x80009fc4 x27:0xa2f4f000 x16=0xdd0bafc4
       22685000	      2267	8000055c	513f3c13	sltiu	x24,x30,1299	 x30:0x00000001 x24=0x00000001
       22695000	      2268	80000560	40c951b3	sra	x3,x18,x12	 x18:0x00000000 x12:0x00000000  x3=0x00000000
       22705000	      2269	80000564	fcbfec93	ori	x25,x31,-53	 x31:0x00000001 x25=0xffffffcb
       22715000	      2270	80000568	0135bcb3	sltu	x25,x11,x19	 x11:0x00000000 x19:0x00000000 x25=0x00000000
       22725000	      2271	8000056c	00000013	addi	x0,x0,0	  x0:0x00000000
       22735000	      2272	80000570	00b843b3	xor	x7,x16,x11	 x16:0xdd0bafc4 x11:0x00000000  x7=0xdd0bafc4
       22745000	      2273	80000574	00108c93	addi	x25,x1,1	  x1:0x80000610 x25=0x80000611
       22755000	      2274	80000578	000c8ce7	jalr	x25,x25,0	 x25:0x80000611 x25=0x80000578
       22765000	      2275	00000000	00000013	addi	x0,x0,0	  x0:0x00000000
       22775000	      2276	80000610	00000013	addi	x0,x0,0	  x0:0x00000000
       22785000	      2277	80000614	00c84933	xor	x18,x16,x12	 x16:0xdd0bafc4 x12:0x00000000 x18=0xdd0bafc4
       22795000	      2278	80000618	024ecc63	blt	x29,x4,80000650	 x29:0x59f82c51  x4:0x00000001
       22805000	      2279	8000061c	b1ace217	auipc	x4,0xb1ace	  x4=0x31ace618
       22815000	      2280	80000620	409dd833	sra	x16,x27,x9	 x27:0xa2f4f000  x9:0x0000058b x16=0xfff45e9e
       22825000	      2281	80000624	a65df113	andi	x2,x27,-1435	 x27:0xa2f4f000  x2=0xa2f4f000
       22835000	      2282	80000628	01668a63	beq	x13,x22,8000063c	 x13:0x80009f60 x22:0xfffffc41
       22845000	      2283	8000062c	0171f033	and	x0,x3,x23	  x3:0x00000000 x23:0x00000000
       22855000	      2284	80000630	411005b3	sub	x11,x0,x17	  x0:0x00000000 x17:0x00000438 x11=0xfffffbc8
       22865000	      2285	80000634	01475813	srli	x16,x14,0x14	 x14:0xffffffec x16=0x00000fff
       22875000	      2286	80000638	03131863	bne	x6,x17,80000668	  x6:0x00000001 x17:0x00000438
       22885000	      2287	00000000	00000013	addi	x0,x0,0	  x0:0x00000000
       22895000	      2288	80000664	00000013	addi	x0,x0,0	  x0:0x00000000
       22905000	      2289	80000668	0044f233	and	x4,x9,x4	  x9:0x0000058b  x4:0x31ace618  x4=0x00000408
       22915000	      2290	8000066c	009cde33	srl	x28,x25,x9	 x25:0x80000578  x9:0x0000058b x28=0x00100000
       22925000	      2291	80000670	2e6e2c13	slti	x24,x28,742	 x28:0x00100000 x24=0x00000000
       22935000	      2292	80000674	d8ebfc93	andi	x25,x23,-626	 x23:0x00000000 x25=0x00000000
       22945000	      2293	80000678	772a8c17	auipc	x24,0x772a8	 x24=0xf72a8674
       22955000	      2294	8000067c	0069dbb3	srl	x23,x19,x6	 x19:0x00000000  x6:0x00000001 x23=0x00000000
       22965000	      2295	80000680	e7086d17	auipc	x26,0xe7086	 x26=0x6708667c
       22975000	      2296	80000684	0046a083	lw	x1,4(x13)	 x13:0x80009f60  x1=0x8000014c PA:0x80009f64
       22985000	      2297	80000688	74322613	slti	x12,x4,1859	  x4:0x00000408 x12=0x00000001
       22995000	      2298	8000068c	00000013	addi	x0,x0,0	  x0:0x00000000
       23005000	      2299	80000690	02468693	addi	x13,x13,36	 x13:0x80009f60 x13=0x80009f84
       23015000	      2300	80000694	00000013	addi	x0,x0,0	  x0:0x00000000
       23025000	      2301	80000698	015321b3	slt	x3,x6,x21	  x6:0x00000001 x21:0x000002c5  x3=0x00000001
       23035000	      2302	8000069c	012ae433	or	x8,x21,x18	 x21:0x000002c5 x18:0xdd0bafc4  x8=0xdd0bafc5
       23045000	      2303	800006a0	db3d1a17	auipc	x20,0xdb3d1	 x20=0x5b3d169c
       23055000	      2304	800006a4	4443fd13	andi	x26,x7,1092	  x7:0xdd0bafc4 x26=0x00000444
       23065000	      2305	800006a8	018fc4b3	xor	x9,x31,x24	 x31:0x00000001 x24:0xf72a8674  x9=0xf72a8675
       23075000	      2306	800006ac	017a1413	slli	x8,x20,0x17	 x20:0x5b3d169c  x8=0x4e000000
       23085000	      2307	800006b0	00108193	addi	x3,x1,1	  x1:0x8000014c  x3=0x8000014d
       23095000	      2308	800006b4	000181e7	jalr	x3,x3,0	  x3:0x8000014d  x3=0x800006b4
       23105000	      2309	00000000	00000013	addi	x0,x0,0	  x0:0x00000000
       23115000	      2310	8000014c	00000013	addi	x0,x0,0	  x0:0x00000000
       23125000	      2311	80000150	00008117	auipc	x2,0x8	  x2=0x8000814c
       23135000	      2312	80000154	2b910113	addi	x2,x2,697	  x2:0x8000814c  x2=0x80008405
       23145000	      2313	80000158	00000013	addi	x0,x0,0	  x0:0x00000000
       23155000	      2314	8000015c	00000013	addi	x0,x0,0	  x0:0x00000000
       23165000	      2315	80000160	09614603	lbu	x12,150(x2)	  x2:0x80008405 x12=0x00000000 PA:0x8000849b
       23175000	      2316	80000164	04414d03	lbu	x26,68(x2)	  x2:0x80008405 x26=0x00000000 PA:0x80008449
       23185000	      2317	80000168	fd610ba3	sb	x22,-41(x2)	  x2:0x80008405 x22:0xfffffc41 PA:0x800083dc
       23195000	      2318	8000016c	05014e03	lbu	x28,80(x2)	  x2:0x80008405 x28=0x00000000 PA:0x80008455
       23205000	      2319	80000170	08b10123	sb	x11,130(x2)	  x2:0x80008405 x11:0xfffffbc8 PA:0x80008487
       23215000	      2320	80000174	f9114403	lbu	x8,-111(x2)	  x2:0x80008405  x8=0x00000000 PA:0x80008396
       23225000	      2321	80000178	00d14d83	lbu	x27,13(x2)	  x2:0x80008405 x27=0x00000000 PA:0x80008412
       23235000	      2322	8000017c	00000013	addi	x0,x0,0	  x0:0x00000000
       23245000	      2323	80000180	fe414083	lbu	x1,-28(x2)	  x2:0x80008405  x1=0x00000000 PA:0x800083e9
       23255000	      2324	80000184	bede0a13	addi	x20,x28,-1043	 x28:0x00000000 x20=0xfffffbed
       23265000	      2325	80000188	f6312183	lw	x3,-157(x2)	  x2:0x80008405  x3=0x00000000 PA:0x80008368
       23275000	      2326	8000018c	f0814403	lbu	x8,-248(x2)	  x2:0x80008405  x8=0x00000000 PA:0x8000830d
       23285000	      2327	80000190	04b10323	sb	x11,70(x2)	  x2:0x80008405 x11:0xfffffbc8 PA:0x8000844b
       23295000	      2328	80000194	fb910903	lb	x18,-71(x2)	  x2:0x80008405 x18=0x00000000 PA:0x800083be
       23305000	      2329	80000198	07814903	lbu	x18,120(x2)	  x2:0x80008405 x18=0x00000000 PA:0x8000847d
       23315000	      2330	8000019c	00d49613	slli	x12,x9,0xd	  x9:0xf72a8675 x12=0x50cea000
       23325000	      2331	800001a0	f7610383	lb	x7,-138(x2)	  x2:0x80008405  x7=0x00000000 PA:0x8000837b
       23335000	      2332	800001a4	0ab14803	lbu	x16,171(x2)	  x2:0x80008405 x16=0x00000000 PA:0x800084b0
       23345000	      2333	800001a8	0d26a213	slti	x4,x13,210	 x13:0x80009f84  x4=0x00000001
       23355000	      2334	800001ac	f2712603	lw	x12,-217(x2)	  x2:0x80008405 x12=0x00000000 PA:0x8000832c
       23365000	      2335	800001b0	f7915d83	lhu	x27,-135(x2)	  x2:0x80008405 x27=0x00000000 PA:0x8000837e
       23375000	      2336	00000000	00000013	addi	x0,x0,0	  x0:0x00000000
       23385000	      2337	800001b4	e97d8f93	addi	x31,x27,-361	 x27:0x00000000 x31=0xfffffe97
       23395000	      2338	800001b8	0e714f03	lbu	x30,231(x2)	  x2:0x80008405 x30=0x00000000 PA:0x800084ec
       23405000	      2339	00000000	00000013	addi	x0,x0,0	  x0:0x00000000
       23415000	      2340	800001bc	41ea0bb3	sub	x23,x20,x30	 x20:0xfffffbed x30:0x00000000 x23=0xfffffbed
       23425000	      2341	800001c0	0b810f03	lb	x30,184(x2)	  x2:0x80008405 x30=0x00000000 PA:0x800084bd
       23435000	      2342	800001c4	0cf14d83	lbu	x27,207(x2)	  x2:0x80008405 x27=0x00000000 PA:0x800084d4
       23445000	      2343	800001c8	41265a33	sra	x20,x12,x18	 x12:0x00000000 x18:0x00000000 x20=0x00000000
       23455000	      2344	800001cc	400f5493	srai	x9,x30,0x0	 x30:0x00000000  x9=0x00000000
       23465000	      2345	800001d0	0184c533	xor	x10,x9,x24	  x9:0x00000000 x24:0xf72a8674 x10=0xf72a8674
       23475000	      2346	800001d4	09810ea3	sb	x24,157(x2)	  x2:0x80008405 x24:0xf72a8674 PA:0x800084a2
       23485000	      2347	800001d8	fd115983	lhu	x19,-47(x2)	  x2:0x80008405 x19=0x00000000 PA:0x800083d6
       23495000	      2348	800001dc	fe714f03	lbu	x30,-25(x2)	  x2:0x80008405 x30=0x00000000 PA:0x800083ec
       23505000	      2349	800001e0	a88e8413	addi	x8,x29,-1400	 x29:0x59f82c51  x8=0x59f826d9
       23515000	      2350	800001e4	01c38733	add	x14,x7,x28	  x7:0x00000000 x28:0x00000000 x14=0x00000000
       23525000	      2351	800001e8	0ab11203	lh	x4,171(x2)	  x2:0x80008405  x4=0x00000000 PA:0x800084b0
       23535000	      2352	800001ec	fe314503	lbu	x10,-29(x2)	  x2:0x80008405 x10=0x00000000 PA:0x800083e8
       23545000	      2353	800001f0	fce10603	lb	x12,-50(x2)	  x2:0x80008405 x12=0x00000000 PA:0x800083d3
       23555000	      2354	800001f4	00000013	addi	x0,x0,0	  x0:0x00000000
       23565000	      2355	800001f8	1c863c13	sltiu	x24,x12,456	 x12:0x00000000 x24=0x00000001
       23575000	      2356	800001fc	7bf94537	lui	x10,0x7bf94	 x10=0x7bf94000
       23585000	      2357	80000200	00916bb3	or	x23,x2,x9	  x2:0x80008405  x9:0x00000000 x23=0x80008405
       23595000	      2358	80000204	02eee463	bltu	x29,x14,8000022c	 x29:0x59f82c51 x14:0x00000000
       23605000	      2359	80000208	006178b3	and	x17,x2,x6	  x2:0x80008405  x6:0x00000001 x17=0x00000001
       23615000	      2360	8000020c	01613533	sltu	x10,x2,x22	  x2:0x80008405 x22:0xfffffc41 x10=0x00000001
       23625000	      2361	80000210	0170fd33	and	x26,x1,x23	  x1:0x00000000 x23:0x80008405 x26=0x00000000
       23635000	      2362	80000214	41d781b3	sub	x3,x15,x29	 x15:0x00000000 x29:0x59f82c51  x3=0xa607d3af
       23645000	      2363	80000218	40a05613	srai	x12,x0,0xa	  x0:0x00000000 x12=0x00000000
       23655000	      2364	8000021c	0122ea33	or	x20,x5,x18	  x5:0x80009fc4 x18:0x00000000 x20=0x80009fc4
       23665000	      2365	80000220	f7688f13	addi	x30,x17,-138	 x17:0x00000001 x30=0xffffff77
       23675000	      2366	80000224	007d2333	slt	x6,x26,x7	 x26:0x00000000  x7:0x00000000  x6=0x00000000
       23685000	      2367	80000228	40535133	sra	x2,x6,x5	  x6:0x00000000  x5:0x80009fc4  x2=0x00000000
       23695000	      2368	8000022c	00000013	addi	x0,x0,0	  x0:0x00000000
       23705000	      2369	80000230	02008863	beq	x1,x0,80000260	  x1:0x00000000  x0:0x00000000
       23715000	      2370	00000000	00000013	addi	x0,x0,0	  x0:0x00000000
       23725000	      2371	8000025c	00000013	addi	x0,x0,0	  x0:0x00000000
       23735000	      2372	80000260	873a6e13	ori	x28,x20,-1933	 x20:0x80009fc4 x28=0xfffffff7
       23745000	      2373	80000264	413f5f13	srai	x30,x30,0x13	 x30:0xffffff77 x30=0xffffffff
       23755000	      2374	80000268	4c102f13	slti	x30,x0,1217	  x0:0x00000000 x30=0x00000001
       23765000	      2375	8000026c	00000013	addi	x0,x0,0	  x0:0x00000000
       23775000	      2376	80000270	cf9f60b7	lui	x1,0xcf9f6	  x1=0xcf9f6000
       23785000	      2377	80000274	007d34b3	sltu	x9,x26,x7	 x26:0x00000000  x7:0x00000000  x9=0x00000000
       23795000	      2378	80000278	000b8033	add	x0,x23,x0	 x23:0x80008405  x0:0x00000000
       23805000	      2379	8000027c	00ac2a33	slt	x20,x24,x10	 x24:0x00000001 x10:0x00000001 x20=0x00000000
       23815000	      2380	80000280	065c4063	blt	x24,x5,800002e0	 x24:0x00000001  x5:0x80009fc4
       23825000	      2381	80000284	df8a9d37	lui	x26,0xdf8a9	 x26=0xdf8a9000
       23835000	      2382	80000288	29826337	lui	x6,0x29826	  x6=0x29826000
       23845000	      2383	8000028c	01707933	and	x18,x0,x23	  x0:0x00000000 x23:0x80008405 x18=0x00000000
       23855000	      2384	80000290	d464ab17	auipc	x22,0xd464a	 x22=0x5464a28c
       23865000	      2385	80000294	83324f93	xori	x31,x4,-1997	  x4:0x00000000 x31=0xfffff833
       23875000	      2386	80000298	00002b17	auipc	x22,0x2	 x22=0x80002294
       23885000	      2387	8000029c	dd0b0b13	addi	x22,x22,-560	 x22:0x80002294 x22=0x80002064
       23895000	      2388	800002a0	22ab0b13	addi	x22,x22,554	 x22:0x80002064 x22=0x8000228e
       23905000	      2389	800002a4	b9764993	xori	x19,x12,-1129	 x12:0x00000000 x19=0xfffffb97
       23915000	      2390	800002a8	00da7c63	bgeu	x20,x13,800002c0	 x20:0x00000000 x13:0x80009f84
       23925000	      2391	800002ac	51318893	addi	x17,x3,1299	  x3:0xa607d3af x17=0xa607d8c2
       23935000	      2392	800002b0	01a21f33	sll	x30,x4,x26	  x4:0x00000000 x26:0xdf8a9000 x30=0x00000000
       23945000	      2393	800002b4	009484b3	add	x9,x9,x9	  x9:0x00000000  x9:0x00000000  x9=0x00000000
       23955000	      2394	800002b8	57640a93	addi	x21,x8,1398	  x8:0x59f826d9 x21=0x59f82c4f
       23965000	      2395	800002bc	017a91b3	sll	x3,x21,x23	 x21:0x59f82c4f x23:0x80008405  x3=0x3f0589e0
       23975000	      2396	800002c0	dd7b00e7	jalr	x1,x22,-553	 x22:0x8000228e  x1=0x800002c0
       23985000	      2397	00000000	00000013	addi	x0,x0,0	  x0:0x00000000
       23995000	      2398	80002064	00000013	addi	x0,x0,0	  x0:0x00000000
       24005000	      2399	80002068	0064c7b3	xor	x15,x9,x6	  x9:0x00000000  x6:0x29826000 x15=0x29826000
       24015000	      2400	8000206c	011125b3	slt	x11,x2,x17	  x2:0x00000000 x17:0xa607d8c2 x11=0x00000000
       24025000	      2401	80002070	01bb8663	beq	x23,x27,8000207c	 x23:0x80008405 x27:0x00000000
       24035000	      2402	80002074	00f37733	and	x14,x6,x15	  x6:0x29826000 x15:0x29826000 x14=0x29826000
       24045000	      2403	80002078	0097d713	srli	x14,x15,0x9	 x15:0x29826000 x14=0x0014c130
       24055000	      2404	8000207c	fc068693	addi	x13,x13,-64	 x13:0x80009f84 x13=0x80009f44
       24065000	      2405	80002080	01abdb33	srl	x22,x23,x26	 x23:0x80008405 x26:0xdf8a9000 x22=0x80008405
       24075000	      2406	80002084	0016a223	sw	x1,4(x13)	 x13:0x80009f44  x1:0x800002c0 PA:0x80009f48
       24085000	      2407	80002088	012595b3	sll	x11,x11,x18	 x11:0x00000000 x18:0x00000000 x11=0x00000000
       24095000	      2408	8000208c	40340b33	sub	x22,x8,x3	  x8:0x59f826d9  x3:0x3f0589e0 x22=0x1af29cf9
       24105000	      2409	80002090	7e84f413	andi	x8,x9,2024	  x9:0x00000000  x8=0x00000000
       24115000	      2410	80002094	01d06c33	or	x24,x0,x29	  x0:0x00000000 x29:0x59f82c51 x24=0x59f82c51
       24125000	      2411	80002098	5e70ff13	andi	x30,x1,1511	  x1:0x800002c0 x30=0x000000c0
       24135000	      2412	8000209c	00edd433	srl	x8,x27,x14	 x27:0x00000000 x14:0x0014c130  x8=0x00000000
       24145000	      2413	800020a0	01a2f233	and	x4,x5,x26	  x5:0x80009fc4 x26:0xdf8a9000  x4=0x80009000
       24155000	      2414	800020a4	ae777093	andi	x1,x14,-1305	 x14:0x0014c130  x1=0x0014c020
       24165000	      2415	800020a8	b313e813	ori	x16,x7,-1231	  x7:0x00000000 x16=0xfffffb31
       24175000	      2416	800020ac	00a31a63	bne	x6,x10,800020c0	  x6:0x29826000 x10:0x00000001
       24185000	      2417	00000000	00000013	addi	x0,x0,0	  x0:0x00000000
       24195000	      2418	800020bc	00000013	addi	x0,x0,0	  x0:0x00000000
       24205000	      2419	800020c0	00000013	addi	x0,x0,0	  x0:0x00000000
       24215000	      2420	800020c4	1bb32413	slti	x8,x6,443	  x6:0x29826000  x8=0x00000000
       24225000	      2421	800020c8	0046a083	lw	x1,4(x13)	 x13:0x80009f44  x1=0x800002c0 PA:0x80009f48
       24235000	      2422	800020cc	4093d913	srai	x18,x7,0x9	  x7:0x00000000 x18=0x00000000
       24245000	      2423	800020d0	82070b13	addi	x22,x14,-2016	 x14:0x0014c130 x22=0x0014b950
       24255000	      2424	800020d4	04068693	addi	x13,x13,64	 x13:0x80009f44 x13=0x80009f84
       24265000	      2425	800020d8	0e4ef393	andi	x7,x29,228	 x29:0x59f82c51  x7=0x00000040
       24275000	      2426	800020dc	c5398893	addi	x17,x19,-941	 x19:0xfffffb97 x17=0xfffff7ea
       24285000	      2427	800020e0	00008913	addi	x18,x1,0	  x1:0x800002c0 x18=0x800002c0
       24295000	      2428	800020e4	00090967	jalr	x18,x18,0	 x18:0x800002c0 x18=0x800020e4
       24305000	      2429	00000000	00000013	addi	x0,x0,0	  x0:0x00000000
       24315000	      2430	800002c0	00000013	addi	x0,x0,0	  x0:0x00000000
       24325000	      2431	800002c4	693fca13	xori	x20,x31,1683	 x31:0xfffff833 x20=0xfffffea0
       24335000	      2432	800002c8	d8140893	addi	x17,x8,-639	  x8:0x00000000 x17=0xfffffd81
       24345000	      2433	800002cc	00000013	addi	x0,x0,0	  x0:0x00000000
       24355000	      2434	800002d0	4072d1b3	sra	x3,x5,x7	  x5:0x80009fc4  x7:0x00000040  x3=0x80009fc4
       24365000	      2435	800002d4	fef9f1b7	lui	x3,0xfef9f	  x3=0xfef9f000
       24375000	      2436	800002d8	02a39463	bne	x7,x10,80000300	  x7:0x00000040 x10:0x00000001
       24385000	      2437	00000000	00000013	addi	x0,x0,0	  x0:0x00000000
       24395000	      2438	800002fc	00000013	addi	x0,x0,0	  x0:0x00000000
       24405000	      2439	80000300	04434263	blt	x6,x4,80000344	  x6:0x29826000  x4:0x80009000
       24415000	      2440	80000304	01bdbf33	sltu	x30,x27,x27	 x27:0x00000000 x27:0x00000000 x30=0x00000000
       24425000	      2441	80000308	0329fc63	bgeu	x19,x18,80000340	 x19:0xfffffb97 x18:0x800020e4
       24435000	      2442	00000000	00000013	addi	x0,x0,0	  x0:0x00000000
       24445000	      2443	8000033c	00000013	addi	x0,x0,0	  x0:0x00000000
       24455000	      2444	80000340	4157ae37	lui	x28,0x4157a	 x28=0x4157a000
       24465000	      2445	80000344	019c2bb3	slt	x23,x24,x25	 x24:0x59f82c51 x25:0x00000000 x23=0x00000000
       24475000	      2446	80000348	02e68a63	beq	x13,x14,8000037c	 x13:0x80009f84 x14:0x0014c130
       24485000	      2447	8000034c	00000013	addi	x0,x0,0	  x0:0x00000000
       24495000	      2448	80000350	4012db33	sra	x22,x5,x1	  x5:0x80009fc4  x1:0x800002c0 x22=0x80009fc4
       24505000	      2449	80000354	00eca433	slt	x8,x25,x14	 x25:0x00000000 x14:0x0014c130  x8=0x00000001
       24515000	      2450	80000358	34b4af13	slti	x30,x9,843	  x9:0x00000000 x30=0x00000001
       24525000	      2451	8000035c	00d1f4b3	and	x9,x3,x13	  x3:0xfef9f000 x13:0x80009f84  x9=0x80009000
       24535000	      2452	80000360	00d55c33	srl	x24,x10,x13	 x10:0x00000001 x13:0x80009f84 x24=0x00000000
       24545000	      2453	80000364	01fe9263	bne	x29,x31,80000368	 x29:0x59f82c51 x31:0xfffff833
       24555000	      2454	00000000	00000013	addi	x0,x0,0	  x0:0x00000000
       24565000	      2455	80000364	00000013	addi	x0,x0,0	  x0:0x00000000
       24575000	      2456	80000368	00a8b033	sltu	x0,x17,x10	 x17:0xfffffd81 x10:0x00000001
       24585000	      2457	8000036c	0145ea63	bltu	x11,x20,80000380	 x11:0x00000000 x20:0xfffffea0
       24595000	      2458	00000000	00000013	addi	x0,x0,0	  x0:0x00000000
       24605000	      2459	8000037c	00000013	addi	x0,x0,0	  x0:0x00000000
       24615000	      2460	80000380	014dda93	srli	x21,x27,0x14	 x27:0x00000000 x21=0x00000000
       24625000	      2461	80000384	02aeee63	bltu	x29,x10,800003c0	 x29:0x59f82c51 x10:0x00000001
       24635000	      2462	80000388	017ffb33	and	x22,x31,x23	 x31:0xfffff833 x23:0x00000000 x22=0x00000000
       24645000	      2463	8000038c	00006d17	auipc	x26,0x6	 x26=0x80006388
       24655000	      2464	80000390	5b4d0d13	addi	x26,x26,1460	 x26:0x80006388 x26=0x8000693c
       24665000	      2465	80000394	00eb4b33	xor	x22,x22,x14	 x22:0x00000000 x14:0x0014c130 x22=0x0014c130
       24675000	      2466	80000398	99c6a093	slti	x1,x13,-1636	 x13:0x80009f84  x1=0x00000001
       24685000	      2467	8000039c	00a45093	srli	x1,x8,0xa	  x8:0x00000001  x1=0x00000000
       24695000	      2468	800003a0	00000013	addi	x0,x0,0	  x0:0x00000000
       24705000	      2469	800003a4	01973bb3	sltu	x23,x14,x25	 x14:0x0014c130 x25:0x00000000 x23=0x00000000
       24715000	      2470	800003a8	00152cb3	slt	x25,x10,x1	 x10:0x00000001  x1:0x00000000 x25=0x00000000
       24725000	      2471	800003ac	e66d0d13	addi	x26,x26,-410	 x26:0x8000693c x26=0x800067a2
       24735000	      2472	800003b0	960da813	slti	x16,x27,-1696	 x27:0x00000000 x16=0x00000000
       24745000	      2473	800003b4	2d320f13	addi	x30,x4,723	  x4:0x80009000 x30=0x800092d3
       24755000	      2474	800003b8	01095b13	srli	x22,x18,0x10	 x18:0x800020e4 x22=0x00008000
       24765000	      2475	800003bc	19bd00e7	jalr	x1,x26,411	 x26:0x800067a2  x1=0x800003bc
       24775000	      2476	00000000	00000013	addi	x0,x0,0	  x0:0x00000000
       24785000	      2477	8000693c	00000013	addi	x0,x0,0	  x0:0x00000000
       24795000	      2478	80006940	00bbd633	srl	x12,x23,x11	 x23:0x00000000 x11:0x00000000 x12=0x00000000
       24805000	      2479	80006944	01cdb033	sltu	x0,x27,x28	 x27:0x00000000 x28:0x4157a000
       24815000	      2480	80006948	fcc68693	addi	x13,x13,-52	 x13:0x80009f84 x13=0x80009f50
       24825000	      2481	8000694c	00c6e033	or	x0,x13,x12	 x13:0x80009f50 x12:0x00000000
       24835000	      2482	80006950	d1978637	lui	x12,0xd1978	 x12=0xd1978000
       24845000	      2483	80006954	00f63433	sltu	x8,x12,x15	 x12:0xd1978000 x15:0x29826000  x8=0x00000000
       24855000	      2484	80006958	00b69133	sll	x2,x13,x11	 x13:0x80009f50 x11:0x00000000  x2=0x80009f50
       24865000	      2485	8000695c	00000013	addi	x0,x0,0	  x0:0x00000000
       24875000	      2486	80006960	01011a33	sll	x20,x2,x16	  x2:0x80009f50 x16:0x00000000 x20=0x80009f50
       24885000	      2487	80006964	0093dc13	srli	x24,x7,0x9	  x7:0x00000040 x24=0x00000000
       24895000	      2488	80006968	0016a223	sw	x1,4(x13)	 x13:0x80009f50  x1:0x800003bc PA:0x80009f54
       24905000	      2489	8000696c	41c55713	srai	x14,x10,0x1c	 x10:0x00000001 x14=0x00000000
       24915000	      2490	80006970	04167663	bgeu	x12,x1,800069bc	 x12:0xd1978000  x1:0x800003bc
       24925000	      2491	00000000	00000013	addi	x0,x0,0	  x0:0x00000000
       24935000	      2492	800069b8	00000013	addi	x0,x0,0	  x0:0x00000000
       24945000	      2493	800069bc	bd0f6c13	ori	x24,x30,-1072	 x30:0x800092d3 x24=0xfffffbd3
       24955000	      2494	800069c0	40fd5493	srai	x9,x26,0xf	 x26:0x800067a2  x9=0xffff0000
       24965000	      2495	800069c4	44e02393	slti	x7,x0,1102	  x0:0x00000000  x7=0x00000001
       24975000	      2496	800069c8	00000013	addi	x0,x0,0	  x0:0x00000000
       24985000	      2497	800069cc	00995d33	srl	x26,x18,x9	 x18:0x800020e4  x9:0xffff0000 x26=0x800020e4
       24995000	      2498	800069d0	04d7d063	bge	x15,x13,80006a10	 x15:0x29826000 x13:0x80009f50
       25005000	      2499	00000000	00000013	addi	x0,x0,0	  x0:0x00000000
       25015000	      2500	80006a0c	00000013	addi	x0,x0,0	  x0:0x00000000
       25025000	      2501	80006a10	00eee433	or	x8,x29,x14	 x29:0x59f82c51 x14:0x00000000  x8=0x59f82c51
       25035000	      2502	80006a14	00845533	srl	x10,x8,x8	  x8:0x59f82c51  x8:0x59f82c51 x10=0x00002cfc
       25045000	      2503	80006a18	082bee13	ori	x28,x23,130	 x23:0x00000000 x28=0x00000082
       25055000	      2504	80006a1c	015f8033	add	x0,x31,x21	 x31:0xfffff833 x21:0x00000000
       25065000	      2505	80006a20	39f0cc13	xori	x24,x1,927	  x1:0x800003bc x24=0x80000023
       25075000	      2506	80006a24	039e8a63	beq	x29,x25,80006a58	 x29:0x59f82c51 x25:0x00000000
       25085000	      2507	80006a28	0425d663	bge	x11,x2,80006a74	 x11:0x00000000  x2:0x80009f50
       25095000	      2508	00000000	00000013	addi	x0,x0,0	  x0:0x00000000
       25105000	      2509	80006a70	00000013	addi	x0,x0,0	  x0:0x00000000
       25115000	      2510	80006a74	001d5233	srl	x4,x26,x1	 x26:0x800020e4  x1:0x800003bc  x4=0x00000008
       25125000	      2511	80006a78	40d6dd93	srai	x27,x13,0xd	 x13:0x80009f50 x27=0xfffc0004
       25135000	      2512	80006a7c	010c8ab3	add	x21,x25,x16	 x25:0x00000000 x16:0x00000000 x21=0x00000000
       25145000	      2513	80006a80	019b1db3	sll	x27,x22,x25	 x22:0x00008000 x25:0x00000000 x27=0x00008000
       25155000	      2514	80006a84	01c59513	slli	x10,x11,0x1c	 x11:0x00000000 x10=0x00000000
       25165000	      2515	80006a88	00bbbab3	sltu	x21,x23,x11	 x23:0x00000000 x11:0x00000000 x21=0x00000000
       25175000	      2516	80006a8c	f5cd0b13	addi	x22,x26,-164	 x26:0x800020e4 x22=0x80002040
       25185000	      2517	80006a90	0050f663	bgeu	x1,x5,80006a9c	  x1:0x800003bc  x5:0x80009fc4
       25195000	      2518	80006a94	5e1b7213	andi	x4,x22,1505	 x22:0x80002040  x4=0x00000040
       25205000	      2519	80006a98	0064bc33	sltu	x24,x9,x6	  x9:0xffff0000  x6:0x29826000 x24=0x00000000
       25215000	      2520	80006a9c	01231213	slli	x4,x6,0x12	  x6:0x29826000  x4=0x80000000
       25225000	      2521	80006aa0	c8377413	andi	x8,x14,-893	 x14:0x00000000  x8=0x00000000
       25235000	      2522	80006aa4	01f31e63	bne	x6,x31,80006ac0	  x6:0x29826000 x31:0xfffff833
       25245000	      2523	00000000	00000013	addi	x0,x0,0	  x0:0x00000000
       25255000	      2524	80006abc	00000013	addi	x0,x0,0	  x0:0x00000000
       25265000	      2525	80006ac0	0047cc33	xor	x24,x15,x4	 x15:0x29826000  x4:0x80000000 x24=0xa9826000
       25275000	      2526	80006ac4	fffa5b37	lui	x22,0xfffa5	 x22=0xfffa5000
       25285000	      2527	80006ac8	42f9f013	andi	x0,x19,1071	 x19:0xfffffb97
       25295000	      2528	80006acc	0046a083	lw	x1,4(x13)	 x13:0x80009f50  x1=0x800003bc PA:0x80009f54
       25305000	      2529	80006ad0	4196d913	srai	x18,x13,0x19	 x13:0x80009f50 x18=0xffffffc0
       25315000	      2530	80006ad4	41aa5f33	sra	x30,x20,x26	 x20:0x80009f50 x26:0x800020e4 x30=0xf80009f5
       25325000	      2531	80006ad8	b90e3c93	sltiu	x25,x28,-1136	 x28:0x00000082 x25=0x00000001
       25335000	      2532	80006adc	d6252593	slti	x11,x10,-670	 x10:0x00000000 x11=0x00000000
       25345000	      2533	80006ae0	03468693	addi	x13,x13,52	 x13:0x80009f50 x13=0x80009f84
       25355000	      2534	80006ae4	01379393	slli	x7,x15,0x13	 x15:0x29826000  x7=0x00000000
       25365000	      2535	80006ae8	00008713	addi	x14,x1,0	  x1:0x800003bc x14=0x800003bc
       25375000	      2536	80006aec	00070767	jalr	x14,x14,0	 x14:0x800003bc x14=0x80006aec
       25385000	      2537	00000000	00000013	addi	x0,x0,0	  x0:0x00000000
       25395000	      2538	800003bc	00000013	addi	x0,x0,0	  x0:0x00000000
       25405000	      2539	800003c0	00000013	addi	x0,x0,0	  x0:0x00000000
       25415000	      2540	800003c4	98a0a213	slti	x4,x1,-1654	  x1:0x800003bc  x4=0x00000001
       25425000	      2541	800003c8	00000e97	auipc	x29,0x0	 x29=0x800003c4
       25435000	      2542	800003cc	00ce8e93	addi	x29,x29,12	 x29:0x800003c4 x29=0x800003d0
       25445000	      2543	800003d0	000e8067	jalr	x0,x29,0	 x29:0x800003d0
       25455000	      2544	00000000	00000013	addi	x0,x0,0	  x0:0x00000000
       25465000	      2545	800003d0	00000013	addi	x0,x0,0	  x0:0x00000000
       25475000	      2546	800003d4	00100193	addi	x3,x0,1	  x0:0x00000000  x3=0x00000001
       25485000	      2547	800003d8	00000073	ecall	
       25495000	      2548	800003dc	00844863	blt	x8,x8,800003ec	  x8:0x00000000  x8:0x00000000
