		Time			Cycle	PC		Insn	Decoded instruction	Register and memory contents
          65000	         5	80000004	00000293	addi	x5,x0,0	  x0:0x00000000  x5=0x00000000
          75000	         6	80000008	00000313	addi	x6,x0,0	  x0:0x00000000  x6=0x00000000
          85000	         7	8000000c	00628263	beq	x5,x6,80000010	  x5:0x00000000  x6:0x00000000
          95000	         8	00000000	00000013	addi	x0,x0,0	  x0:0x00000000
         105000	         9	8000000c	00000013	addi	x0,x0,0	  x0:0x00000000
         115000	        10	80000010	00000f97	auipc	x31,0x0	 x31=0x8000000c
         125000	        11	80000014	00cf8f93	addi	x31,x31,12	 x31:0x8000000c x31=0x80000018
         135000	        12	80000018	000f8067	jalr	x0,x31,0	 x31:0x80000018
         145000	        13	00000000	00000013	addi	x0,x0,0	  x0:0x00000000
         155000	        14	80000018	00000013	addi	x0,x0,0	  x0:0x00000000
         165000	        15	8000001c	40000437	lui	x8,0x40000	  x8=0x40000000
         175000	        16	80000020	10040413	addi	x8,x8,256	  x8:0x40000000  x8=0x40000100
         185000	        17	80000024	00000013	addi	x0,x0,0	  x0:0x00000000
         195000	        18	80000028	0000aa17	auipc	x20,0xa	 x20=0x8000a024
         205000	        19	8000002c	fa0a0a13	addi	x20,x20,-96	 x20:0x8000a024 x20=0x80009fc4
         215000	        20	80000030	00007417	auipc	x8,0x7	  x8=0x8000702c
         225000	        21	80000034	aa040413	addi	x8,x8,-1376	  x8:0x8000702c  x8=0x80006acc
         235000	        22	80000038	00046413	ori	x8,x8,0	  x8:0x80006acc  x8=0x80006acc
         245000	        23	8000003c	00000013	addi	x0,x0,0	  x0:0x00000000
         255000	        24	80000040	00000417	auipc	x8,0x0	  x8=0x8000003c
         265000	        25	80000044	02040413	addi	x8,x8,32	  x8:0x8000003c  x8=0x8000005c
         275000	        26	80000048	00000013	addi	x0,x0,0	  x0:0x00000000
         285000	        27	8000004c	00000013	addi	x0,x0,0	  x0:0x00000000
         295000	        28	80000050	00002437	lui	x8,0x2	  x8=0x00002000
         305000	        29	80000054	80040413	addi	x8,x8,-2048	  x8:0x00002000  x8=0x00001800
         315000	        30	80000058	00000013	addi	x0,x0,0	  x0:0x00000000
         325000	        31	8000005c	00000013	addi	x0,x0,0	  x0:0x00000000
         335000	        32	80000060	80000037	lui	x0,0x80000	
         345000	        33	80000064	00000013	addi	x0,x0,0	  x0:0x00000000
         355000	        34	80000068	00000093	addi	x1,x0,0	  x0:0x00000000  x1=0x00000000
         365000	        35	8000006c	00000113	addi	x2,x0,0	  x0:0x00000000  x2=0x00000000
         375000	        36	80000070	00000193	addi	x3,x0,0	  x0:0x00000000  x3=0x00000000
         385000	        37	80000074	fd8e0237	lui	x4,0xfd8e0	  x4=0xfd8e0000
         395000	        38	80000078	eec20213	addi	x4,x4,-276	  x4:0xfd8e0000  x4=0xfd8dfeec
         405000	        39	8000007c	800002b7	lui	x5,0x80000	  x5=0x80000000
         415000	        40	80000080	cb330337	lui	x6,0xcb330	  x6=0xcb330000
         425000	        41	80000084	4cf30313	addi	x6,x6,1231	  x6:0xcb330000  x6=0xcb3304cf
         435000	        42	80000088	f4e393b7	lui	x7,0xf4e39	  x7=0xf4e39000
         445000	        43	8000008c	aae38393	addi	x7,x7,-1362	  x7:0xf4e39000  x7=0xf4e38aae
         455000	        44	80000090	80000437	lui	x8,0x80000	  x8=0x80000000
         465000	        45	80000094	00000493	addi	x9,x0,0	  x0:0x00000000  x9=0x00000000
         475000	        46	80000098	f881c537	lui	x10,0xf881c	 x10=0xf881c000
         485000	        47	8000009c	b3a50513	addi	x10,x10,-1222	 x10:0xf881c000 x10=0xf881bb3a
         495000	        48	800000a0	6e4985b7	lui	x11,0x6e498	 x11=0x6e498000
         505000	        49	800000a4	e2758593	addi	x11,x11,-473	 x11:0x6e498000 x11=0x6e497e27
         515000	        50	800000a8	f083c637	lui	x12,0xf083c	 x12=0xf083c000
         525000	        51	800000ac	c7860613	addi	x12,x12,-904	 x12:0xf083c000 x12=0xf083bc78
         535000	        52	800000b0	00200693	addi	x13,x0,2	  x0:0x00000000 x13=0x00000002
         545000	        53	800000b4	fe4d6737	lui	x14,0xfe4d6	 x14=0xfe4d6000
         555000	        54	800000b8	23970713	addi	x14,x14,569	 x14:0xfe4d6000 x14=0xfe4d6239
         565000	        55	800000bc	00000793	addi	x15,x0,0	  x0:0x00000000 x15=0x00000000
         575000	        56	800000c0	80000837	lui	x16,0x80000	 x16=0x80000000
         585000	        57	800000c4	800008b7	lui	x17,0x80000	 x17=0x80000000
         595000	        58	800000c8	00000913	addi	x18,x0,0	  x0:0x00000000 x18=0x00000000
         605000	        59	800000cc	00000a93	addi	x21,x0,0	  x0:0x00000000 x21=0x00000000
         615000	        60	800000d0	fd9bfb37	lui	x22,0xfd9bf	 x22=0xfd9bf000
         625000	        61	800000d4	815b0b13	addi	x22,x22,-2027	 x22:0xfd9bf000 x22=0xfd9be815
         635000	        62	800000d8	00000b93	addi	x23,x0,0	  x0:0x00000000 x23=0x00000000
         645000	        63	800000dc	f6e12c37	lui	x24,0xf6e12	 x24=0xf6e12000
         655000	        64	800000e0	7cbc0c13	addi	x24,x24,1995	 x24:0xf6e12000 x24=0xf6e127cb
         665000	        65	800000e4	f58d4cb7	lui	x25,0xf58d4	 x25=0xf58d4000
         675000	        66	800000e8	030c8c93	addi	x25,x25,48	 x25:0xf58d4000 x25=0xf58d4030
         685000	        67	800000ec	00000d13	addi	x26,x0,0	  x0:0x00000000 x26=0x00000000
         695000	        68	800000f0	80000db7	lui	x27,0x80000	 x27=0x80000000
         705000	        69	800000f4	80000e37	lui	x28,0x80000	 x28=0x80000000
         715000	        70	800000f8	8ade0eb7	lui	x29,0x8ade0	 x29=0x8ade0000
         725000	        71	800000fc	7e8e8e93	addi	x29,x29,2024	 x29:0x8ade0000 x29=0x8ade07e8
         735000	        72	80000100	00000f13	addi	x30,x0,0	  x0:0x00000000 x30=0x00000000
         745000	        73	80000104	80000fb7	lui	x31,0x80000	 x31=0x80000000
         755000	        74	80000108	0000a997	auipc	x19,0xa	 x19=0x8000a104
         765000	        75	8000010c	e8098993	addi	x19,x19,-384	 x19:0x8000a104 x19=0x80009f84
         775000	        76	80000110	00008497	auipc	x9,0x8	  x9=0x8000810c
         785000	        77	80000114	66648493	addi	x9,x9,1638	  x9:0x8000810c  x9=0x80008772
         795000	        78	80000118	fc049223	sh	x0,-60(x9)	  x9:0x80008772  x0:0x00000000 PA:0x80008736
         805000	        79	8000011c	2aa44e93	xori	x29,x8,682	  x8:0x80000000 x29=0x800002aa
         815000	        80	80000120	007ec933	xor	x18,x29,x7	 x29:0x800002aa  x7:0xf4e38aae x18=0x74e38804
         825000	        81	80000124	62f10213	addi	x4,x2,1583	  x2:0x00000000  x4=0x0000062f
         835000	        82	80000128	01f2dbb3	srl	x23,x5,x31	  x5:0x80000000 x31:0x80000000 x23=0x80000000
         845000	        83	8000012c	ff348fa3	sb	x19,-1(x9)	  x9:0x80008772 x19:0x80009f84 PA:0x80008771
         855000	        84	80000130	00191893	slli	x17,x18,0x1	 x18:0x74e38804 x17=0xe9c71008
         865000	        85	80000134	fe748723	sb	x7,-18(x9)	  x9:0x80008772  x7:0xf4e38aae PA:0x80008760
         875000	        86	80000138	0244d183	lhu	x3,36(x9)	  x9:0x80008772  x3=0x00000000 PA:0x80008796
         885000	        87	8000013c	01bd7cb3	and	x25,x26,x27	 x26:0x00000000 x27:0x80000000 x25=0x00000000
         895000	        88	80000140	000f9293	slli	x5,x31,0x0	 x31:0x80000000  x5=0x80000000
         905000	        89	80000144	cc9c0013	addi	x0,x24,-823	 x24:0xf6e127cb
         915000	        90	80000148	04048b03	lb	x22,64(x9)	  x9:0x80008772 x22=0x00000000 PA:0x800087b2
         925000	        91	8000014c	88067193	andi	x3,x12,-1920	 x12:0xf083bc78  x3=0xf083b800
         935000	        92	80000150	03c49f03	lh	x30,60(x9)	  x9:0x80008772 x30=0x00000000 PA:0x800087ae
         945000	        93	80000154	00ee9b13	slli	x22,x29,0xe	 x29:0x800002aa x22=0x00aa8000
         955000	        94	80000158	41958c33	sub	x24,x11,x25	 x11:0x6e497e27 x25:0x00000000 x24=0x6e497e27
         965000	        95	8000015c	012002b3	add	x5,x0,x18	  x0:0x00000000 x18:0x74e38804  x5=0x74e38804
         975000	        96	80000160	83521797	auipc	x15,0x83521	 x15=0x0352115c
         985000	        97	80000164	ff548203	lb	x4,-11(x9)	  x9:0x80008772  x4=0x00000000 PA:0x80008767
         995000	        98	80000168	02249003	lh	x0,34(x9)	  x9:0x80008772 PA:0x80008794
        1005000	        99	8000016c	406f8133	sub	x2,x31,x6	 x31:0x80000000  x6:0xcb3304cf  x2=0xb4ccfb31
        1015000	       100	80000170	40fe5b33	sra	x22,x28,x15	 x28:0x80000000 x15:0x0352115c x22=0xfffffff8
        1025000	       101	80000174	afd2cf13	xori	x30,x5,-1283	  x5:0x74e38804 x30=0x8b1c72f9
        1035000	       102	80000178	f5f80ab7	lui	x21,0xf5f80	 x21=0xf5f80000
        1045000	       103	8000017c	00917cb3	and	x25,x2,x9	  x2:0xb4ccfb31  x9:0x80008772 x25=0x80008330
        1055000	       104	80000180	016da833	slt	x16,x27,x22	 x27:0x80000000 x22:0xfffffff8 x16=0x00000001
        1065000	       105	80000184	00000013	addi	x0,x0,0	  x0:0x00000000
        1075000	       106	80000188	416b86b3	sub	x13,x23,x22	 x23:0x80000000 x22:0xfffffff8 x13=0x80000008
        1085000	       107	8000018c	40283e17	auipc	x28,0x40283	 x28=0xc0283188
        1095000	       108	80000190	fe24d203	lhu	x4,-30(x9)	  x9:0x80008772  x4=0x00000000 PA:0x80008754
        1105000	       109	80000194	12a9b413	sltiu	x8,x19,298	 x19:0x80009f84  x8=0x00000000
        1115000	       110	80000198	00e59d33	sll	x26,x11,x14	 x11:0x6e497e27 x14:0xfe4d6239 x26=0x4e000000
        1125000	       111	8000019c	40c926b7	lui	x13,0x40c92	 x13=0x40c92000
        1135000	       112	800001a0	01d48c23	sb	x29,24(x9)	  x9:0x80008772 x29:0x800002aa PA:0x8000878a
        1145000	       113	800001a4	003d58b3	srl	x17,x26,x3	 x26:0x4e000000  x3:0xf083b800 x17=0x4e000000
        1155000	       114	800001a8	033a4063	blt	x20,x19,800001c8	 x20:0x80009fc4 x19:0x80009f84
        1165000	       115	800001ac	a3124093	xori	x1,x4,-1487	  x4:0x00000000  x1=0xfffffa31
        1175000	       116	800001b0	182e8d17	auipc	x26,0x182e8	 x26=0x982e81ac
        1185000	       117	800001b4	005a1113	slli	x2,x20,0x5	 x20:0x80009fc4  x2=0x0013f880
        1195000	       118	800001b8	402e80b3	sub	x1,x29,x2	 x29:0x800002aa  x2:0x0013f880  x1=0x7fec0a2a
        1205000	       119	800001bc	0560e663	bltu	x1,x22,80000208	  x1:0x7fec0a2a x22:0xfffffff8
        1215000	       120	00000000	00000013	addi	x0,x0,0	  x0:0x00000000
        1225000	       121	80000204	00000013	addi	x0,x0,0	  x0:0x00000000
        1235000	       122	80000208	fc168913	addi	x18,x13,-63	 x13:0x40c92000 x18=0x40c91fc1
        1245000	       123	8000020c	3227eb93	ori	x23,x15,802	 x15:0x0352115c x23=0x0352137e
        1255000	       124	80000210	018147b3	xor	x15,x2,x24	  x2:0x0013f880 x24:0x6e497e27 x15=0x6e5a86a7
        1265000	       125	80000214	0188cf33	xor	x30,x17,x24	 x17:0x4e000000 x24:0x6e497e27 x30=0x20497e27
        1275000	       126	80000218	01f7dcb3	srl	x25,x15,x31	 x15:0x6e5a86a7 x31:0x80000000 x25=0x6e5a86a7
        1285000	       127	8000021c	41f508b3	sub	x17,x10,x31	 x10:0xf881bb3a x31:0x80000000 x17=0x7881bb3a
        1295000	       128	80000220	01ad9c33	sll	x24,x27,x26	 x27:0x80000000 x26:0x982e81ac x24=0x00000000
        1305000	       129	80000224	03fae463	bltu	x21,x31,8000024c	 x21:0xf5f80000 x31:0x80000000
        1315000	       130	80000228	01de5493	srli	x9,x28,0x1d	 x28:0xc0283188  x9=0x00000006
        1325000	       131	8000022c	016892b3	sll	x5,x17,x22	 x17:0x7881bb3a x22:0xfffffff8  x5=0x3a000000
        1335000	       132	80000230	78510493	addi	x9,x2,1925	  x2:0x0013f880  x9=0x00140005
        1345000	       133	80000234	41428233	sub	x4,x5,x20	  x5:0x3a000000 x20:0x80009fc4  x4=0xb9ff603c
        1355000	       134	80000238	04ea6863	bltu	x20,x14,80000288	 x20:0x80009fc4 x14:0xfe4d6239
        1365000	       135	00000000	00000013	addi	x0,x0,0	  x0:0x00000000
        1375000	       136	80000284	00000013	addi	x0,x0,0	  x0:0x00000000
        1385000	       137	80000288	3c640493	addi	x9,x8,966	  x8:0x00000000  x9=0x000003c6
        1395000	       138	8000028c	41010133	sub	x2,x2,x16	  x2:0x0013f880 x16:0x00000001  x2=0x0013f87f
        1405000	       139	80000290	30028897	auipc	x17,0x30028	 x17=0xb002828c
        1415000	       140	80000294	41be0e33	sub	x28,x28,x27	 x28:0xc0283188 x27:0x80000000 x28=0x40283188
        1425000	       141	80000298	00000013	addi	x0,x0,0	  x0:0x00000000
        1435000	       142	8000029c	0061fdb3	and	x27,x3,x6	  x3:0xf083b800  x6:0xcb3304cf x27=0xc0030000
        1445000	       143	800002a0	005e4cb3	xor	x25,x28,x5	 x28:0x40283188  x5:0x3a000000 x25=0x7a283188
        1455000	       144	800002a4	416b8733	sub	x14,x23,x22	 x23:0x0352137e x22:0xfffffff8 x14=0x03521386
        1465000	       145	800002a8	61652a93	slti	x21,x10,1558	 x10:0xf881bb3a x21=0x00000001
        1475000	       146	800002ac	a74dfe13	andi	x28,x27,-1420	 x27:0xc0030000 x28=0xc0030000
        1485000	       147	800002b0	4138df13	srai	x30,x17,0x13	 x17:0xb002828c x30=0xfffff600
        1495000	       148	800002b4	01b3f863	bgeu	x7,x27,800002c4	  x7:0xf4e38aae x27:0xc0030000
        1505000	       149	00000000	00000013	addi	x0,x0,0	  x0:0x00000000
        1515000	       150	800002c0	00000013	addi	x0,x0,0	  x0:0x00000000
        1525000	       151	800002c4	01a3b133	sltu	x2,x7,x26	  x7:0xf4e38aae x26:0x982e81ac  x2=0x00000000
        1535000	       152	800002c8	005e7bb3	and	x23,x28,x5	 x28:0xc0030000  x5:0x3a000000 x23=0x00000000
        1545000	       153	800002cc	00145033	srl	x0,x8,x1	  x8:0x00000000  x1:0x7fec0a2a
        1555000	       154	800002d0	40fb5793	srai	x15,x22,0xf	 x22:0xfffffff8 x15=0xffffffff
        1565000	       155	800002d4	41b75733	sra	x14,x14,x27	 x14:0x03521386 x27:0xc0030000 x14=0x03521386
        1575000	       156	800002d8	00839813	slli	x16,x7,0x8	  x7:0xf4e38aae x16=0xe38aae00
        1585000	       157	800002dc	40365813	srai	x16,x12,0x3	 x12:0xf083bc78 x16=0xfe10778f
        1595000	       158	800002e0	015de663	bltu	x27,x21,800002ec	 x27:0xc0030000 x21:0x00000001
        1605000	       159	800002e4	02e2c463	blt	x5,x14,8000030c	  x5:0x3a000000 x14:0x03521386
        1615000	       160	800002e8	41e856b3	sra	x13,x16,x30	 x16:0xfe10778f x30:0xfffff600 x13=0xfe10778f
        1625000	       161	800002ec	01749c63	bne	x9,x23,80000304	  x9:0x000003c6 x23:0x00000000
        1635000	       162	00000000	00000013	addi	x0,x0,0	  x0:0x00000000
        1645000	       163	80000300	00000013	addi	x0,x0,0	  x0:0x00000000
        1655000	       164	80000304	00246633	or	x12,x8,x2	  x8:0x00000000  x2:0x00000000 x12=0x00000000
        1665000	       165	80000308	005a0c33	add	x24,x20,x5	 x20:0x80009fc4  x5:0x3a000000 x24=0xba009fc4
        1675000	       166	8000030c	0fdf9e63	bne	x31,x29,80000408	 x31:0x80000000 x29:0x800002aa
        1685000	       167	00000000	00000013	addi	x0,x0,0	  x0:0x00000000
        1695000	       168	80000404	00000013	addi	x0,x0,0	  x0:0x00000000
        1705000	       169	80000408	0117fc33	and	x24,x15,x17	 x15:0xffffffff x17:0xb002828c x24=0xb002828c
        1715000	       170	8000040c	19c3d937	lui	x18,0x19c3d	 x18=0x19c3d000
        1725000	       171	80000410	419a0533	sub	x10,x20,x25	 x20:0x80009fc4 x25:0x7a283188 x10=0x05d86e3c
        1735000	       172	80000414	b67daf17	auipc	x30,0xb67da	 x30=0x367da410
        1745000	       173	80000418	41565e13	srai	x28,x12,0x15	 x12:0x00000000 x28=0x00000000
        1755000	       174	8000041c	029b5863	bge	x22,x9,8000044c	 x22:0xfffffff8  x9:0x000003c6
        1765000	       175	80000420	6a0a4b93	xori	x23,x20,1696	 x20:0x80009fc4 x23=0x80009964
        1775000	       176	80000424	00b98863	beq	x19,x11,80000434	 x19:0x80009f84 x11:0x6e497e27
        1785000	       177	80000428	01c45c63	bge	x8,x28,80000440	  x8:0x00000000 x28:0x00000000
        1795000	       178	00000000	00000013	addi	x0,x0,0	  x0:0x00000000
        1805000	       179	8000043c	00000013	addi	x0,x0,0	  x0:0x00000000
        1815000	       180	80000440	02715863	bge	x2,x7,80000470	  x2:0x00000000  x7:0xf4e38aae
        1825000	       181	00000000	00000013	addi	x0,x0,0	  x0:0x00000000
        1835000	       182	8000046c	00000013	addi	x0,x0,0	  x0:0x00000000
        1845000	       183	80000470	04d70663	beq	x14,x13,800004bc	 x14:0x03521386 x13:0xfe10778f
        1855000	       184	80000474	0018e7b3	or	x15,x17,x1	 x17:0xb002828c  x1:0x7fec0a2a x15=0xffee8aae
        1865000	       185	80000478	01610533	add	x10,x2,x22	  x2:0x00000000 x22:0xfffffff8 x10=0xfffffff8
        1875000	       186	8000047c	00f8d913	srli	x18,x17,0xf	 x17:0xb002828c x18=0x00016005
        1885000	       187	80000480	401b51b3	sra	x3,x22,x1	 x22:0xfffffff8  x1:0x7fec0a2a  x3=0xffffffff
        1895000	       188	80000484	008bbe33	sltu	x28,x23,x8	 x23:0x80009964  x8:0x00000000 x28=0x00000000
        1905000	       189	80000488	03665263	bge	x12,x22,800004ac	 x12:0x00000000 x22:0xfffffff8
        1915000	       190	00000000	00000013	addi	x0,x0,0	  x0:0x00000000
        1925000	       191	800004a8	00000013	addi	x0,x0,0	  x0:0x00000000
        1935000	       192	800004ac	046b6663	bltu	x22,x6,800004f8	 x22:0xfffffff8  x6:0xcb3304cf
        1945000	       193	800004b0	40e65293	srai	x5,x12,0xe	 x12:0x00000000  x5=0x00000000
        1955000	       194	800004b4	014188b3	add	x17,x3,x20	  x3:0xffffffff x20:0x80009fc4 x17=0x80009fc3
        1965000	       195	800004b8	00ab2b33	slt	x22,x22,x10	 x22:0xfffffff8 x10:0xfffffff8 x22=0x00000000
        1975000	       196	800004bc	00d6f7b3	and	x15,x13,x13	 x13:0xfe10778f x13:0xfe10778f x15=0xfe10778f
        1985000	       197	800004c0	36570313	addi	x6,x14,869	 x14:0x03521386  x6=0x035216eb
        1995000	       198	800004c4	01a35b13	srli	x22,x6,0x1a	  x6:0x035216eb x22=0x00000000
        2005000	       199	800004c8	fa51c313	xori	x6,x3,-91	  x3:0xffffffff  x6=0x0000005a
        2015000	       200	800004cc	014e6d33	or	x26,x28,x20	 x28:0x00000000 x20:0x80009fc4 x26=0x80009fc4
        2025000	       201	800004d0	5581e293	ori	x5,x3,1368	  x3:0xffffffff  x5=0xffffffff
        2035000	       202	800004d4	01da6bb3	or	x23,x20,x29	 x20:0x80009fc4 x29:0x800002aa x23=0x80009fee
        2045000	       203	800004d8	01933033	sltu	x0,x6,x25	  x6:0x0000005a x25:0x7a283188
        2055000	       204	800004dc	001bf863	bgeu	x23,x1,800004ec	 x23:0x80009fee  x1:0x7fec0a2a
        2065000	       205	00000000	00000013	addi	x0,x0,0	  x0:0x00000000
        2075000	       206	800004e8	00000013	addi	x0,x0,0	  x0:0x00000000
        2085000	       207	800004ec	0011dd13	srli	x26,x3,0x1	  x3:0xffffffff x26=0x7fffffff
        2095000	       208	800004f0	01274133	xor	x2,x14,x18	 x14:0x03521386 x18:0x00016005  x2=0x03537383
        2105000	       209	800004f4	00051f33	sll	x30,x10,x0	 x10:0xfffffff8  x0:0x00000000 x30=0xfffffff8
        2115000	       210	800004f8	49e13213	sltiu	x4,x2,1182	  x2:0x03537383  x4=0x00000000
        2125000	       211	800004fc	05d49063	bne	x9,x29,8000053c	  x9:0x000003c6 x29:0x800002aa
        2135000	       212	00000000	00000013	addi	x0,x0,0	  x0:0x00000000
        2145000	       213	80000538	00000013	addi	x0,x0,0	  x0:0x00000000
        2155000	       214	8000053c	00000013	addi	x0,x0,0	  x0:0x00000000
        2165000	       215	80000540	c2043513	sltiu	x10,x8,-992	  x8:0x00000000 x10=0x00000001
        2175000	       216	80000544	010c5793	srli	x15,x24,0x10	 x24:0xb002828c x15=0x0000b002
        2185000	       217	80000548	1e014693	xori	x13,x2,480	  x2:0x03537383 x13=0x03537263
        2195000	       218	8000054c	361e4a93	xori	x21,x28,865	 x28:0x00000000 x21=0x00000361
        2205000	       219	80000550	6612a337	lui	x6,0x6612a	  x6=0x6612a000
        2215000	       220	80000554	86540a93	addi	x21,x8,-1947	  x8:0x00000000 x21=0xfffff865
        2225000	       221	80000558	00e5dc93	srli	x25,x11,0xe	 x11:0x6e497e27 x25=0x0001b925
        2235000	       222	8000055c	400da697	auipc	x13,0x400da	 x13=0xc00da558
        2245000	       223	80000560	01c1f733	and	x14,x3,x28	  x3:0xffffffff x28:0x00000000 x14=0x00000000
        2255000	       224	80000564	3486a513	slti	x10,x13,840	 x13:0xc00da558 x10=0x00000001
        2265000	       225	80000568	01bb2533	slt	x10,x22,x27	 x22:0x00000000 x27:0xc0030000 x10=0x00000000
        2275000	       226	8000056c	4119d5b3	sra	x11,x19,x17	 x19:0x80009f84 x17:0x80009fc3 x11=0xf00013f0
        2285000	       227	80000570	8ec27513	andi	x10,x4,-1812	  x4:0x00000000 x10=0x00000000
        2295000	       228	80000574	ae1eea93	ori	x21,x29,-1311	 x29:0x800002aa x21=0xfffffaeb
        2305000	       229	80000578	c4130897	auipc	x17,0xc4130	 x17=0x44130574
        2315000	       230	8000057c	17f26613	ori	x12,x4,383	  x4:0x00000000 x12=0x0000017f
        2325000	       231	80000580	003d86b3	add	x13,x27,x3	 x27:0xc0030000  x3:0xffffffff x13=0xc002ffff
        2335000	       232	80000584	41d3d693	srai	x13,x7,0x1d	  x7:0xf4e38aae x13=0xffffffff
        2345000	       233	80000588	004c1eb3	sll	x29,x24,x4	 x24:0xb002828c  x4:0x00000000 x29=0xb002828c
        2355000	       234	8000058c	05de9663	bne	x29,x29,800005d8	 x29:0xb002828c x29:0xb002828c
        2365000	       235	80000590	001b5c63	bge	x22,x1,800005a8	 x22:0x00000000  x1:0x7fec0a2a
        2375000	       236	80000594	02b6d263	bge	x13,x11,800005b8	 x13:0xffffffff x11:0xf00013f0
        2385000	       237	00000000	00000013	addi	x0,x0,0	  x0:0x00000000
        2395000	       238	800005b4	00000013	addi	x0,x0,0	  x0:0x00000000
        2405000	       239	800005b8	9c1d8f13	addi	x30,x27,-1599	 x27:0xc0030000 x30=0xc002f9c1
        2415000	       240	800005bc	01159833	sll	x16,x11,x17	 x11:0xf00013f0 x17:0x44130574 x16=0x3f000000
        2425000	       241	800005c0	70a9b413	sltiu	x8,x19,1802	 x19:0x80009f84  x8=0x00000000
        2435000	       242	800005c4	00000013	addi	x0,x0,0	  x0:0x00000000
        2445000	       243	800005c8	01ee9893	slli	x17,x29,0x1e	 x29:0xb002828c x17=0x00000000
        2455000	       244	800005cc	01f53eb3	sltu	x29,x10,x31	 x10:0x00000000 x31:0x80000000 x29=0x00000001
        2465000	       245	800005d0	0566d663	bge	x13,x22,8000061c	 x13:0xffffffff x22:0x00000000
        2475000	       246	800005d4	00a5e4b3	or	x9,x11,x10	 x11:0xf00013f0 x10:0x00000000  x9=0xf00013f0
        2485000	       247	800005d8	a2227013	andi	x0,x4,-1502	  x4:0x00000000
        2495000	       248	800005dc	03391063	bne	x18,x19,800005fc	 x18:0x00016005 x19:0x80009f84
        2505000	       249	00000000	00000013	addi	x0,x0,0	  x0:0x00000000
        2515000	       250	800005f8	00000013	addi	x0,x0,0	  x0:0x00000000
        2525000	       251	800005fc	908fbe17	auipc	x28,0x908fb	 x28=0x108fb5f8
        2535000	       252	80000600	007dc233	xor	x4,x27,x7	 x27:0xc0030000  x7:0xf4e38aae  x4=0x34e08aae
        2545000	       253	80000604	7bedbc93	sltiu	x25,x27,1982	 x27:0xc0030000 x25=0x00000000
        2555000	       254	80000608	01011933	sll	x18,x2,x16	  x2:0x03537383 x16:0x3f000000 x18=0x03537383
        2565000	       255	8000060c	23426693	ori	x13,x4,564	  x4:0x34e08aae x13=0x34e08abe
        2575000	       256	80000610	01c20eb3	add	x29,x4,x28	  x4:0x34e08aae x28:0x108fb5f8 x29=0x457040a6
        2585000	       257	80000614	01ed8c63	beq	x27,x30,8000062c	 x27:0xc0030000 x30:0xc002f9c1
        2595000	       258	80000618	0010e733	or	x14,x1,x1	  x1:0x7fec0a2a  x1:0x7fec0a2a x14=0x7fec0a2a
        2605000	       259	8000061c	005ceeb3	or	x29,x25,x5	 x25:0x00000000  x5:0xffffffff x29=0xffffffff
        2615000	       260	80000620	400a00b3	sub	x1,x20,x0	 x20:0x80009fc4  x0:0x00000000  x1=0x80009fc4
        2625000	       261	80000624	41ffd6b3	sra	x13,x31,x31	 x31:0x80000000 x31:0x80000000 x13=0x80000000
        2635000	       262	80000628	00a02eb3	slt	x29,x0,x10	  x0:0x00000000 x10:0x00000000 x29=0x00000000
        2645000	       263	8000062c	40420db3	sub	x27,x4,x4	  x4:0x34e08aae  x4:0x34e08aae x27=0x00000000
        2655000	       264	80000630	00109533	sll	x10,x1,x1	  x1:0x80009fc4  x1:0x80009fc4 x10=0x0009fc40
        2665000	       265	80000634	01756863	bltu	x10,x23,80000644	 x10:0x0009fc40 x23:0x80009fee
        2675000	       266	00000000	00000013	addi	x0,x0,0	  x0:0x00000000
        2685000	       267	80000640	00000013	addi	x0,x0,0	  x0:0x00000000
        2695000	       268	80000644	00ea5793	srli	x15,x20,0xe	 x20:0x80009fc4 x15=0x00020002
        2705000	       269	80000648	01859333	sll	x6,x11,x24	 x11:0xf00013f0 x24:0xb002828c  x6=0x013f0000
        2715000	       270	8000064c	01dac933	xor	x18,x21,x29	 x21:0xfffffaeb x29:0x00000000 x18=0xfffffaeb
        2725000	       271	80000650	4113ddb3	sra	x27,x7,x17	  x7:0xf4e38aae x17:0x00000000 x27=0xf4e38aae
        2735000	       272	80000654	0322e263	bltu	x5,x18,80000678	  x5:0xffffffff x18:0xfffffaeb
        2745000	       273	80000658	013ac863	blt	x21,x19,80000668	 x21:0xfffffaeb x19:0x80009f84
        2755000	       274	8000065c	40530933	sub	x18,x6,x5	  x6:0x013f0000  x5:0xffffffff x18=0x013f0001
        2765000	       275	80000660	004a5663	bge	x20,x4,8000066c	 x20:0x80009fc4  x4:0x34e08aae
        2775000	       276	80000664	63a0c1b7	lui	x3,0x63a0c	  x3=0x63a0c000
        2785000	       277	80000668	016bf0b3	and	x1,x23,x22	 x23:0x80009fee x22:0x00000000  x1=0x00000000
        2795000	       278	8000066c	0650ee63	bltu	x1,x5,800006e8	  x1:0x00000000  x5:0xffffffff
        2805000	       279	00000000	00000013	addi	x0,x0,0	  x0:0x00000000
        2815000	       280	800006e4	00000013	addi	x0,x0,0	  x0:0x00000000
        2825000	       281	800006e8	2bb56193	ori	x3,x10,699	 x10:0x0009fc40  x3=0x0009fefb
        2835000	       282	800006ec	6f146d13	ori	x26,x8,1777	  x8:0x00000000 x26=0x000006f1
        2845000	       283	800006f0	417adc13	srai	x24,x21,0x17	 x21:0xfffffaeb x24=0xffffffff
        2855000	       284	800006f4	00e4c6b3	xor	x13,x9,x14	  x9:0xf00013f0 x14:0x7fec0a2a x13=0x8fec19da
        2865000	       285	800006f8	406753b3	sra	x7,x14,x6	 x14:0x7fec0a2a  x6:0x013f0000  x7=0x7fec0a2a
        2875000	       286	800006fc	00574033	xor	x0,x14,x5	 x14:0x7fec0a2a  x5:0xffffffff
        2885000	       287	80000700	3beea413	slti	x8,x29,958	 x29:0x00000000  x8=0x00000001
        2895000	       288	80000704	019dc633	xor	x12,x27,x25	 x27:0xf4e38aae x25:0x00000000 x12=0xf4e38aae
        2905000	       289	80000708	00f35c33	srl	x24,x6,x15	  x6:0x013f0000 x15:0x00020002 x24=0x004fc000
        2915000	       290	8000070c	0097d463	bge	x15,x9,80000714	 x15:0x00020002  x9:0xf00013f0
        2925000	       291	00000000	00000013	addi	x0,x0,0	  x0:0x00000000
        2935000	       292	80000710	00000013	addi	x0,x0,0	  x0:0x00000000
        2945000	       293	80000714	03fe4463	blt	x28,x31,8000073c	 x28:0x108fb5f8 x31:0x80000000
        2955000	       294	80000718	014b2d33	slt	x26,x22,x20	 x22:0x00000000 x20:0x80009fc4 x26=0x00000000
        2965000	       295	8000071c	00905393	srli	x7,x0,0x9	  x0:0x00000000  x7=0x00000000
        2975000	       296	80000720	03f47063	bgeu	x8,x31,80000740	  x8:0x00000001 x31:0x80000000
        2985000	       297	80000724	4104dd33	sra	x26,x9,x16	  x9:0xf00013f0 x16:0x3f000000 x26=0xf00013f0
        2995000	       298	80000728	04ab8663	beq	x23,x10,80000774	 x23:0x80009fee x10:0x0009fc40
        3005000	       299	8000072c	00000013	addi	x0,x0,0	  x0:0x00000000
        3015000	       300	80000730	d6a64e13	xori	x28,x12,-662	 x12:0xf4e38aae x28=0x0b1c77c4
        3025000	       301	80000734	047a6263	bltu	x20,x7,80000778	 x20:0x80009fc4  x7:0x00000000
        3035000	       302	80000738	4145d313	srai	x6,x11,0x14	 x11:0xf00013f0  x6=0xffffff00
        3045000	       303	8000073c	025d9863	bne	x27,x5,8000076c	 x27:0xf4e38aae  x5:0xffffffff
        3055000	       304	00000000	00000013	addi	x0,x0,0	  x0:0x00000000
        3065000	       305	80000768	00000013	addi	x0,x0,0	  x0:0x00000000
        3075000	       306	8000076c	df013593	sltiu	x11,x2,-528	  x2:0x03537383 x11=0x00000001
        3085000	       307	80000770	0171d913	srli	x18,x3,0x17	  x3:0x0009fefb x18=0x00000000
        3095000	       308	80000774	0540d663	bge	x1,x20,800007c0	  x1:0x00000000 x20:0x80009fc4
        3105000	       309	00000000	00000013	addi	x0,x0,0	  x0:0x00000000
        3115000	       310	800007bc	00000013	addi	x0,x0,0	  x0:0x00000000
        3125000	       311	800007c0	00f314b3	sll	x9,x6,x15	  x6:0xffffff00 x15:0x00020002  x9=0xfffffc00
        3135000	       312	800007c4	403e8533	sub	x10,x29,x3	 x29:0x00000000  x3:0x0009fefb x10=0xfff60105
        3145000	       313	800007c8	2cb20893	addi	x17,x4,715	  x4:0x34e08aae x17=0x34e08d79
        3155000	       314	800007cc	00f2c8b3	xor	x17,x5,x15	  x5:0xffffffff x15:0x00020002 x17=0xfffdfffd
        3165000	       315	800007d0	00c3ac33	slt	x24,x7,x12	  x7:0x00000000 x12:0xf4e38aae x24=0x00000000
        3175000	       316	800007d4	00f3ebb3	or	x23,x7,x15	  x7:0x00000000 x15:0x00020002 x23=0x00020002
        3185000	       317	800007d8	00000f97	auipc	x31,0x0	 x31=0x800007d4
        3195000	       318	800007dc	00cf8f93	addi	x31,x31,12	 x31:0x800007d4 x31=0x800007e0
        3205000	       319	800007e0	000f8067	jalr	x0,x31,0	 x31:0x800007e0
        3215000	       320	00000000	00000013	addi	x0,x0,0	  x0:0x00000000
        3225000	       321	800007e0	00000013	addi	x0,x0,0	  x0:0x00000000
        3235000	       322	800007e4	00100193	addi	x3,x0,1	  x0:0x00000000  x3=0x00000001
        3245000	       323	800007e8	00000073	ecall	
        3255000	       324	800007ec	553ff513	andi	x10,x31,1363	 x31:0x800007e0 x10=0x00000540
