		Time			Cycle	PC		Insn	Decoded instruction	Register and memory contents
          65000	         5	80000004	00000293	addi	x5,x0,0	  x0:0x00000000  x5=0x00000000
          75000	         6	80000008	00000313	addi	x6,x0,0	  x0:0x00000000  x6=0x00000000
          85000	         7	8000000c	00628263	beq	x5,x6,80000010	  x5:0x00000000  x6:0x00000000
          95000	         8	00000000	00000013	addi	x0,x0,0	  x0:0x00000000
         105000	         9	8000000c	00000013	addi	x0,x0,0	  x0:0x00000000
         115000	        10	80000010	00000497	auipc	x9,0x0	  x9=0x8000000c
         125000	        11	80000014	00c48493	addi	x9,x9,12	  x9:0x8000000c  x9=0x80000018
         135000	        12	80000018	00048067	jalr	x0,x9,0	  x9:0x80000018
         145000	        13	00000000	00000013	addi	x0,x0,0	  x0:0x00000000
         155000	        14	80000018	00000013	addi	x0,x0,0	  x0:0x00000000
         165000	        15	8000001c	400005b7	lui	x11,0x40000	 x11=0x40000000
         175000	        16	80000020	10058593	addi	x11,x11,256	 x11:0x40000000 x11=0x40000100
         185000	        17	80000024	00000013	addi	x0,x0,0	  x0:0x00000000
         195000	        18	80000028	0000a897	auipc	x17,0xa	 x17=0x8000a024
         205000	        19	8000002c	fa088893	addi	x17,x17,-96	 x17:0x8000a024 x17=0x80009fc4
         215000	        20	80000030	00007597	auipc	x11,0x7	 x11=0x8000702c
         225000	        21	80000034	bdc58593	addi	x11,x11,-1060	 x11:0x8000702c x11=0x80006c08
         235000	        22	80000038	0005e593	ori	x11,x11,0	 x11:0x80006c08 x11=0x80006c08
         245000	        23	8000003c	00000013	addi	x0,x0,0	  x0:0x00000000
         255000	        24	80000040	00000597	auipc	x11,0x0	 x11=0x8000003c
         265000	        25	80000044	02058593	addi	x11,x11,32	 x11:0x8000003c x11=0x8000005c
         275000	        26	80000048	00000013	addi	x0,x0,0	  x0:0x00000000
         285000	        27	8000004c	00000013	addi	x0,x0,0	  x0:0x00000000
         295000	        28	80000050	000025b7	lui	x11,0x2	 x11=0x00002000
         305000	        29	80000054	80058593	addi	x11,x11,-2048	 x11:0x00002000 x11=0x00001800
         315000	        30	80000058	00000013	addi	x0,x0,0	  x0:0x00000000
         325000	        31	8000005c	00000013	addi	x0,x0,0	  x0:0x00000000
         335000	        32	80000060	00b00013	addi	x0,x0,11	  x0:0x00000000
         345000	        33	80000064	00a00093	addi	x1,x0,10	  x0:0x00000000  x1=0x0000000a
         355000	        34	80000068	00000113	addi	x2,x0,0	  x0:0x00000000  x2=0x00000000
         365000	        35	8000006c	800001b7	lui	x3,0x80000	  x3=0x80000000
         375000	        36	80000070	00f00213	addi	x4,x0,15	  x0:0x00000000  x4=0x0000000f
         385000	        37	80000074	00000293	addi	x5,x0,0	  x0:0x00000000  x5=0x00000000
         395000	        38	80000078	80000337	lui	x6,0x80000	  x6=0x80000000
         405000	        39	8000007c	00500393	addi	x7,x0,5	  x0:0x00000000  x7=0x00000005
         415000	        40	80000080	f52df437	lui	x8,0xf52df	  x8=0xf52df000
         425000	        41	80000084	72a40413	addi	x8,x8,1834	  x8:0xf52df000  x8=0xf52df72a
         435000	        42	80000088	00000493	addi	x9,x0,0	  x0:0x00000000  x9=0x00000000
         445000	        43	8000008c	00a00513	addi	x10,x0,10	  x0:0x00000000 x10=0x0000000a
         455000	        44	80000090	f551e5b7	lui	x11,0xf551e	 x11=0xf551e000
         465000	        45	80000094	55f58593	addi	x11,x11,1375	 x11:0xf551e000 x11=0xf551e55f
         475000	        46	80000098	80000637	lui	x12,0x80000	 x12=0x80000000
         485000	        47	8000009c	00000693	addi	x13,x0,0	  x0:0x00000000 x13=0x00000000
         495000	        48	800000a0	80000737	lui	x14,0x80000	 x14=0x80000000
         505000	        49	800000a4	f20367b7	lui	x15,0xf2036	 x15=0xf2036000
         515000	        50	800000a8	5fa78793	addi	x15,x15,1530	 x15:0xf2036000 x15=0xf20365fa
         525000	        51	800000ac	80000837	lui	x16,0x80000	 x16=0x80000000
         535000	        52	800000b0	e189f9b7	lui	x19,0xe189f	 x19=0xe189f000
         545000	        53	800000b4	83a98993	addi	x19,x19,-1990	 x19:0xe189f000 x19=0xe189e83a
         555000	        54	800000b8	00000a13	addi	x20,x0,0	  x0:0x00000000 x20=0x00000000
         565000	        55	800000bc	00000a93	addi	x21,x0,0	  x0:0x00000000 x21=0x00000000
         575000	        56	800000c0	733b8b37	lui	x22,0x733b8	 x22=0x733b8000
         585000	        57	800000c4	a36b0b13	addi	x22,x22,-1482	 x22:0x733b8000 x22=0x733b7a36
         595000	        58	800000c8	80000bb7	lui	x23,0x80000	 x23=0x80000000
         605000	        59	800000cc	60e83c37	lui	x24,0x60e83	 x24=0x60e83000
         615000	        60	800000d0	a10c0c13	addi	x24,x24,-1520	 x24:0x60e83000 x24=0x60e82a10
         625000	        61	800000d4	f0337cb7	lui	x25,0xf0337	 x25=0xf0337000
         635000	        62	800000d8	f5dc8c93	addi	x25,x25,-163	 x25:0xf0337000 x25=0xf0336f5d
         645000	        63	800000dc	c462cd37	lui	x26,0xc462c	 x26=0xc462c000
         655000	        64	800000e0	203d0d13	addi	x26,x26,515	 x26:0xc462c000 x26=0xc462c203
         665000	        65	800000e4	00000d93	addi	x27,x0,0	  x0:0x00000000 x27=0x00000000
         675000	        66	800000e8	e0693e37	lui	x28,0xe0693	 x28=0xe0693000
         685000	        67	800000ec	de0e0e13	addi	x28,x28,-544	 x28:0xe0693000 x28=0xe0692de0
         695000	        68	800000f0	80000eb7	lui	x29,0x80000	 x29=0x80000000
         705000	        69	800000f4	c0b1ff37	lui	x30,0xc0b1f	 x30=0xc0b1f000
         715000	        70	800000f8	7a7f0f13	addi	x30,x30,1959	 x30:0xc0b1f000 x30=0xc0b1f7a7
         725000	        71	800000fc	00700f93	addi	x31,x0,7	  x0:0x00000000 x31=0x00000007
         735000	        72	80000100	0000a917	auipc	x18,0xa	 x18=0x8000a0fc
         745000	        73	80000104	e8890913	addi	x18,x18,-376	 x18:0x8000a0fc x18=0x80009f84
         755000	        74	80000108	00008d97	auipc	x27,0x8	 x27=0x80008104
         765000	        75	8000010c	021d8d93	addi	x27,x27,33	 x27:0x80008104 x27=0x80008125
         775000	        76	80000110	00b19b93	slli	x23,x3,0xb	  x3:0x80000000 x23=0x00000000
         785000	        77	80000114	f8adc283	lbu	x5,-118(x27)	 x27:0x80008125  x5=0x00000064 PA:0x800080af
         795000	        78	80000118	074dce03	lbu	x28,116(x27)	 x27:0x80008125 x28=0x00000052 PA:0x80008199
         805000	        79	00000000	00000013	addi	x0,x0,0	  x0:0x00000000
         815000	        80	8000011c	01c59693	slli	x13,x11,0x1c	 x11:0xf551e55f x13=0xf0000000
         825000	        81	80000120	030d8d03	lb	x26,48(x27)	 x27:0x80008125 x26=0x0000000e PA:0x80008155
         835000	        82	80000124	01145a93	srli	x21,x8,0x11	  x8:0xf52df72a x21=0x00007a96
         845000	        83	80000128	0118f633	and	x12,x17,x17	 x17:0x80009fc4 x17:0x80009fc4 x12=0x80009fc4
         855000	        84	8000012c	062d8d23	sb	x2,122(x27)	 x27:0x80008125  x2:0x00000000 PA:0x8000819f
         865000	        85	80000130	023dd283	lhu	x5,35(x27)	 x27:0x80008125  x5=0x00000203 PA:0x80008148
         875000	        86	80000134	f70d8003	lb	x0,-144(x27)	 x27:0x80008125 PA:0x80008095
         885000	        87	80000138	049d8823	sb	x9,80(x27)	 x27:0x80008125  x9:0x00000000 PA:0x80008175
         895000	        88	8000013c	f2adcd03	lbu	x26,-214(x27)	 x27:0x80008125 x26=0x00000004 PA:0x8000804f
         905000	        89	80000140	b1708d13	addi	x26,x1,-1257	  x1:0x0000000a x26=0xfffffb21
         915000	        90	80000144	0bad8a83	lb	x21,186(x27)	 x27:0x80008125 x21=0xffffff94 PA:0x800081df
         925000	        91	80000148	f6fdde83	lhu	x29,-145(x27)	 x27:0x80008125 x29=0x00004e4f PA:0x80008094
         935000	        92	8000014c	0a6d8583	lb	x11,166(x27)	 x27:0x80008125 x11=0xffffff80 PA:0x800081cb
         945000	        93	80000150	fdbd8023	sb	x27,-64(x27)	 x27:0x80008125 x27:0x80008125 PA:0x800080e5
         955000	        94	80000154	6a64c093	xori	x1,x9,1702	  x9:0x00000000  x1=0x000006a6
         965000	        95	80000158	f7cdc703	lbu	x14,-132(x27)	 x27:0x80008125 x14=0x0000005a PA:0x800080a1
         975000	        96	8000015c	fa6d8183	lb	x3,-90(x27)	 x27:0x80008125  x3=0xffffff80 PA:0x800080cb
         985000	        97	80000160	f3adcc03	lbu	x24,-198(x27)	 x27:0x80008125 x24=0x00000014 PA:0x8000805f
         995000	        98	80000164	febd8c23	sb	x11,-8(x27)	 x27:0x80008125 x11:0xffffff80 PA:0x8000811d
        1005000	        99	80000168	025d97a3	sh	x5,47(x27)	 x27:0x80008125  x5:0x00000203 PA:0x80008154
        1015000	       100	8000016c	0d3d8f83	lb	x31,211(x27)	 x27:0x80008125 x31=0xffffffb3 PA:0x800081f8
        1025000	       101	80000170	0867b793	sltiu	x15,x15,134	 x15:0xf20365fa x15=0x00000000
        1035000	       102	80000174	01222333	slt	x6,x4,x18	  x4:0x0000000f x18:0x80009f84  x6=0x00000000
        1045000	       103	80000178	0147d033	srl	x0,x15,x20	 x15:0x00000000 x20:0x00000000
        1055000	       104	8000017c	054dc783	lbu	x15,84(x27)	 x27:0x80008125 x15=0x00000032 PA:0x80008179
        1065000	       105	80000180	f62dca83	lbu	x21,-158(x27)	 x27:0x80008125 x21=0x0000003c PA:0x80008087
        1075000	       106	80000184	01bdc803	lbu	x16,27(x27)	 x27:0x80008125 x16=0x000000fb PA:0x80008140
        1085000	       107	80000188	00000013	addi	x0,x0,0	  x0:0x00000000
        1095000	       108	8000018c	f65dce03	lbu	x28,-155(x27)	 x27:0x80008125 x28=0x00000041 PA:0x8000808a
        1105000	       109	80000190	f46d8a03	lb	x20,-186(x27)	 x27:0x80008125 x20=0x00000020 PA:0x8000806b
        1115000	       110	80000194	00008117	auipc	x2,0x8	  x2=0x80008190
        1125000	       111	80000198	40f10113	addi	x2,x2,1039	  x2:0x80008190  x2=0x8000859f
        1135000	       112	8000019c	fce10a03	lb	x20,-50(x2)	  x2:0x8000859f x20=0x00000026 PA:0x8000856d
        1145000	       113	800001a0	40975533	sra	x10,x14,x9	 x14:0x0000005a  x9:0x00000000 x10=0x0000005a
        1155000	       114	800001a4	47880213	addi	x4,x16,1144	 x16:0x000000fb  x4=0x00000573
        1165000	       115	800001a8	e1ebc593	xori	x11,x23,-482	 x23:0x00000000 x11=0xfffffe1e
        1175000	       116	800001ac	00000013	addi	x0,x0,0	  x0:0x00000000
        1185000	       117	800001b0	41a25d33	sra	x26,x4,x26	  x4:0x00000573 x26:0xfffffb21 x26=0x000002b9
        1195000	       118	800001b4	0150d7b3	srl	x15,x1,x21	  x1:0x000006a6 x21:0x0000003c x15=0x00000000
        1205000	       119	800001b8	01d102a3	sb	x29,5(x2)	  x2:0x8000859f x29:0x00004e4f PA:0x800085a4
        1215000	       120	800001bc	cd87f517	auipc	x10,0xcd87f	 x10=0x4d87f1b8
        1225000	       121	800001c0	41708d33	sub	x26,x1,x23	  x1:0x000006a6 x23:0x00000000 x26=0x000006a6
        1235000	       122	800001c4	61d86993	ori	x19,x16,1565	 x16:0x000000fb x19=0x000006ff
        1245000	       123	800001c8	014100a3	sb	x20,1(x2)	  x2:0x8000859f x20:0x00000026 PA:0x800085a0
        1255000	       124	800001cc	db1f0693	addi	x13,x30,-591	 x30:0xc0b1f7a7 x13=0xc0b1f558
        1265000	       125	800001d0	00000013	addi	x0,x0,0	  x0:0x00000000
        1275000	       126	800001d4	4095d9b3	sra	x19,x11,x9	 x11:0xfffffe1e  x9:0x00000000 x19=0xfffffe1e
        1285000	       127	800001d8	fec10d83	lb	x27,-20(x2)	  x2:0x8000859f x27=0x00000040 PA:0x8000858b
        1295000	       128	800001dc	01314d03	lbu	x26,19(x2)	  x2:0x8000859f x26=0x00000069 PA:0x800085b2
        1305000	       129	800001e0	1a8da013	slti	x0,x27,424	 x27:0x00000040
        1315000	       130	800001e4	4ef12e13	slti	x28,x2,1263	  x2:0x8000859f x28=0x00000001
        1325000	       131	800001e8	fdb10b23	sb	x27,-42(x2)	  x2:0x8000859f x27:0x00000040 PA:0x80008575
        1335000	       132	800001ec	fe410723	sb	x4,-18(x2)	  x2:0x8000859f  x4:0x00000573 PA:0x8000858d
        1345000	       133	800001f0	410ad6b3	sra	x13,x21,x16	 x21:0x0000003c x16:0x000000fb x13=0x00000000
        1355000	       134	800001f4	fe511783	lh	x15,-27(x2)	  x2:0x8000859f x15=0x00003e3f PA:0x80008584
        1365000	       135	800001f8	003469b3	or	x19,x8,x3	  x8:0xf52df72a  x3:0xffffff80 x19=0xffffffaa
        1375000	       136	800001fc	b63a3413	sltiu	x8,x20,-1181	 x20:0x00000026  x8=0x00000001
        1385000	       137	80000200	01f45313	srli	x6,x8,0x1f	  x8:0x00000001  x6=0x00000000
        1395000	       138	80000204	4108d5b3	sra	x11,x17,x16	 x17:0x80009fc4 x16:0x000000fb x11=0xfffffff0
        1405000	       139	80000208	fca10223	sb	x10,-60(x2)	  x2:0x8000859f x10:0x4d87f1b8 PA:0x80008563
        1415000	       140	8000020c	ff5107a3	sb	x21,-17(x2)	  x2:0x8000859f x21:0x0000003c PA:0x8000858e
        1425000	       141	80000210	02f14283	lbu	x5,47(x2)	  x2:0x8000859f  x5=0x00000085 PA:0x800085ce
        1435000	       142	80000214	fc310b03	lb	x22,-61(x2)	  x2:0x8000859f x22=0x00000019 PA:0x80008562
        1445000	       143	80000218	40165093	srai	x1,x12,0x1	 x12:0x80009fc4  x1=0xc0004fe2
        1455000	       144	8000021c	fcf11603	lh	x12,-49(x2)	  x2:0x8000859f x12=0x00002425 PA:0x8000856e
        1465000	       145	80000220	b1f00813	addi	x16,x0,-1249	  x0:0x00000000 x16=0xfffffb1f
        1475000	       146	80000224	01909433	sll	x8,x1,x25	  x1:0xc0004fe2 x25:0xf0336f5d  x8=0x40000000
        1485000	       147	80000228	fc414003	lbu	x0,-60(x2)	  x2:0x8000859f PA:0x80008563
        1495000	       148	8000022c	ffa12ea3	sw	x26,-3(x2)	  x2:0x8000859f x26:0x00000069 PA:0x8000859c
        1505000	       149	80000230	02e10383	lb	x7,46(x2)	  x2:0x8000859f  x7=0xffffff86 PA:0x800085cd
        1515000	       150	80000234	55a96337	lui	x6,0x55a96	  x6=0x55a96000
        1525000	       151	80000238	360b1f37	lui	x30,0x360b1	 x30=0x360b1000
        1535000	       152	8000023c	6fd73293	sltiu	x5,x14,1789	 x14:0x0000005a  x5=0x00000001
        1545000	       153	80000240	03114403	lbu	x8,49(x2)	  x2:0x8000859f  x8=0x0000008b PA:0x800085d0
        1555000	       154	80000244	fcc14583	lbu	x11,-52(x2)	  x2:0x8000859f x11=0x00000020 PA:0x8000856b
        1565000	       155	80000248	00009617	auipc	x12,0x9	 x12=0x80009244
        1575000	       156	8000024c	8a260613	addi	x12,x12,-1886	 x12:0x80009244 x12=0x80008ae6
        1585000	       157	80000250	408d5d93	srai	x27,x26,0x8	 x26:0x00000069 x27=0x00000000
        1595000	       158	80000254	2681ee17	auipc	x28,0x2681e	 x28=0xa681e250
        1605000	       159	80000258	c946ce93	xori	x29,x13,-876	 x13:0x00000000 x29=0xfffffc94
        1615000	       160	8000025c	0dd60b23	sb	x29,214(x12)	 x12:0x80008ae6 x29:0xfffffc94 PA:0x80008bbc
        1625000	       161	80000260	04360003	lb	x0,67(x12)	 x12:0x80008ae6 PA:0x80008b29
        1635000	       162	80000264	00c69133	sll	x2,x13,x12	 x13:0x00000000 x12:0x80008ae6  x2=0x00000000
        1645000	       163	80000268	6f9d7a93	andi	x21,x26,1785	 x26:0x00000069 x21=0x00000069
        1655000	       164	8000026c	49eb9a97	auipc	x21,0x49eb9	 x21=0xc9eb9268
        1665000	       165	80000270	fb661983	lh	x19,-74(x12)	 x12:0x80008ae6 x19=0xffff8687 PA:0x80008a9c
        1675000	       166	80000274	f7eb3e93	sltiu	x29,x22,-130	 x22:0x00000019 x29=0x00000001
        1685000	       167	80000278	ff960e03	lb	x28,-7(x12)	 x12:0x80008ae6 x28=0xffffffc4 PA:0x80008adf
        1695000	       168	8000027c	001836b3	sltu	x13,x16,x1	 x16:0xfffffb1f  x1:0xc0004fe2 x13=0x00000000
        1705000	       169	80000280	f6f64183	lbu	x3,-145(x12)	 x12:0x80008ae6  x3=0x0000003e PA:0x80008a55
        1715000	       170	80000284	0c260c83	lb	x25,194(x12)	 x12:0x80008ae6 x25=0xffffff93 PA:0x80008ba8
        1725000	       171	80000288	04960803	lb	x16,73(x12)	 x12:0x80008ae6 x16=0x00000014 PA:0x80008b2f
        1735000	       172	8000028c	05c60c03	lb	x24,92(x12)	 x12:0x80008ae6 x24=0x00000029 PA:0x80008b42
        1745000	       173	80000290	00000013	addi	x0,x0,0	  x0:0x00000000
        1755000	       174	80000294	03960703	lb	x14,57(x12)	 x12:0x80008ae6 x14=0x00000004 PA:0x80008b1f
        1765000	       175	80000298	0be65083	lhu	x1,190(x12)	 x12:0x80008ae6  x1=0x00008e8f PA:0x80008ba4
        1775000	       176	8000029c	f9560803	lb	x16,-107(x12)	 x12:0x80008ae6 x16=0x00000060 PA:0x80008a7b
        1785000	       177	800002a0	01de11b3	sll	x3,x28,x29	 x28:0xffffffc4 x29:0x00000001  x3=0xffffff88
        1795000	       178	800002a4	015b2fb3	slt	x31,x22,x21	 x22:0x00000019 x21:0xc9eb9268 x31=0x00000000
        1805000	       179	800002a8	01976bb3	or	x23,x14,x25	 x14:0x00000004 x25:0xffffff93 x23=0xffffff97
        1815000	       180	800002ac	0c262503	lw	x10,194(x12)	 x12:0x80008ae6 x10=0x90919293 PA:0x80008ba8
        1825000	       181	800002b0	007ff9b3	and	x19,x31,x7	 x31:0x00000000  x7:0xffffff86 x19=0x00000000
        1835000	       182	800002b4	996cab93	slti	x23,x25,-1642	 x25:0xffffff93 x23=0x00000000
        1845000	       183	800002b8	02164a03	lbu	x20,33(x12)	 x12:0x80008ae6 x20=0x000000ec PA:0x80008b07
        1855000	       184	800002bc	013d1813	slli	x16,x26,0x13	 x26:0x00000069 x16=0x03480000
        1865000	       185	800002c0	41a9dc33	sra	x24,x19,x26	 x19:0x00000000 x26:0x00000069 x24=0x00000000
        1875000	       186	800002c4	01b03f33	sltu	x30,x0,x27	  x0:0x00000000 x27:0x00000000 x30=0x00000000
        1885000	       187	800002c8	f1e60a23	sb	x30,-236(x12)	 x12:0x80008ae6 x30:0x00000000 PA:0x800089fa
        1895000	       188	800002cc	f86608a3	sb	x6,-111(x12)	 x12:0x80008ae6  x6:0x55a96000 PA:0x80008a77
        1905000	       189	800002d0	b71b7993	andi	x19,x22,-1167	 x22:0x00000019 x19=0x00000011
        1915000	       190	800002d4	00d85433	srl	x8,x16,x13	 x16:0x03480000 x13:0x00000000  x8=0x03480000
        1925000	       191	800002d8	00d03233	sltu	x4,x0,x13	  x0:0x00000000 x13:0x00000000  x4=0x00000000
        1935000	       192	800002dc	01cb0133	add	x2,x22,x28	 x22:0x00000019 x28:0xffffffc4  x2=0xffffffdd
        1945000	       193	800002e0	0179e7b3	or	x15,x19,x23	 x19:0x00000011 x23:0x00000000 x15=0x00000011
        1955000	       194	800002e4	b7e63813	sltiu	x16,x12,-1154	 x12:0x80008ae6 x16=0x00000001
        1965000	       195	800002e8	40a85393	srai	x7,x16,0xa	 x16:0x00000001  x7=0x00000000
        1975000	       196	800002ec	0031a333	slt	x6,x3,x3	  x3:0xffffff88  x3:0xffffff88  x6=0x00000000
        1985000	       197	800002f0	f9e62703	lw	x14,-98(x12)	 x12:0x80008ae6 x14=0x6c6d6e6f PA:0x80008a84
        1995000	       198	800002f4	a7e20a13	addi	x20,x4,-1410	  x4:0x00000000 x20=0xfffffa7e
        2005000	       199	800002f8	fe764383	lbu	x7,-25(x12)	 x12:0x80008ae6  x7=0x000000b6 PA:0x80008acd
        2015000	       200	00000000	00000013	addi	x0,x0,0	  x0:0x00000000
        2025000	       201	800002fc	08760303	lb	x6,135(x12)	 x12:0x80008ae6  x6=0x00000056 PA:0x80008b6d
        2035000	       202	80000300	fd661e23	sh	x22,-36(x12)	 x12:0x80008ae6 x22:0x00000019 PA:0x80008ac2
        2045000	       203	80000304	eb8f3817	auipc	x16,0xeb8f3	 x16=0x6b8f3300
        2055000	       204	80000308	01fb1fb3	sll	x31,x22,x31	 x22:0x00000019 x31:0x00000000 x31=0x00000019
        2065000	       205	8000030c	4185ddb3	sra	x27,x11,x24	 x11:0x00000020 x24:0x00000000 x27=0x00000020
        2075000	       206	80000310	01bfadb3	slt	x27,x31,x27	 x31:0x00000019 x27:0x00000020 x27=0x00000001
        2085000	       207	80000314	06c60223	sb	x12,100(x12)	 x12:0x80008ae6 x12:0x80008ae6 PA:0x80008b4a
        2095000	       208	80000318	08d60ca3	sb	x13,153(x12)	 x12:0x80008ae6 x13:0x00000000 PA:0x80008b7f
        2105000	       209	8000031c	00009117	auipc	x2,0x9	  x2=0x80009318
        2115000	       210	80000320	97a10113	addi	x2,x2,-1670	  x2:0x80009318  x2=0x80008c92
        2125000	       211	80000324	4104d3b3	sra	x7,x9,x16	  x9:0x00000000 x16:0x6b8f3300  x7=0x00000000
        2135000	       212	80000328	01e15f83	lhu	x31,30(x2)	  x2:0x80008c92 x31=0x00009a9b PA:0x80008cb0
        2145000	       213	8000032c	41c25513	srai	x10,x4,0x1c	  x4:0x00000000 x10=0x00000000
        2155000	       214	80000330	0165d433	srl	x8,x11,x22	 x11:0x00000020 x22:0x00000019  x8=0x00000000
        2165000	       215	80000334	f0d10b03	lb	x22,-243(x2)	  x2:0x80008c92 x22=0xffffff84 PA:0x80008b9f
        2175000	       216	80000338	0086f333	and	x6,x13,x8	 x13:0x00000000  x8:0x00000000  x6=0x00000000
        2185000	       217	8000033c	04910303	lb	x6,73(x2)	  x2:0x80008c92  x6=0xffffffc0 PA:0x80008cdb
        2195000	       218	00000000	00000013	addi	x0,x0,0	  x0:0x00000000
        2205000	       219	80000340	0c614e03	lbu	x28,198(x2)	  x2:0x80008c92 x28=0x00000043 PA:0x80008d58
        2215000	       220	80000344	0e012123	sw	x0,226(x2)	  x2:0x80008c92  x0:0x00000000 PA:0x80008d74
        2225000	       221	80000348	09411183	lh	x3,148(x2)	  x2:0x80008c92  x3=0x00000c0d PA:0x80008d26
        2235000	       222	8000034c	0bc15783	lhu	x15,188(x2)	  x2:0x80008c92 x15=0x00003435 PA:0x80008d4e
        2245000	       223	80000350	fd811b03	lh	x22,-40(x2)	  x2:0x80008c92 x22=0x00005051 PA:0x80008c6a
        2255000	       224	80000354	ffd10503	lb	x10,-3(x2)	  x2:0x80008c92 x10=0x00000074 PA:0x80008c8f
        2265000	       225	80000358	0f110aa3	sb	x17,245(x2)	  x2:0x80008c92 x17:0x80009fc4 PA:0x80008d87
        2275000	       226	8000035c	6591fb37	lui	x22,0x6591f	 x22=0x6591f000
        2285000	       227	80000360	00c720b3	slt	x1,x14,x12	 x14:0x6c6d6e6f x12:0x80008ae6  x1=0x00000000
        2295000	       228	80000364	0f615b83	lhu	x23,246(x2)	  x2:0x80008c92 x23=0x00007273 PA:0x80008d88
        2305000	       229	80000368	6f37d817	auipc	x16,0x6f37d	 x16=0xef37d364
        2315000	       230	8000036c	feb14703	lbu	x14,-21(x2)	  x2:0x80008c92 x14=0x00000066 PA:0x80008c7d
        2325000	       231	80000370	00610003	lb	x0,6(x2)	  x2:0x80008c92 PA:0x80008c98
        2335000	       232	80000374	09c10383	lb	x7,156(x2)	  x2:0x80008c92  x7=0x00000015 PA:0x80008d2e
        2345000	       233	80000378	0b415003	lhu	x0,180(x2)	  x2:0x80008c92 PA:0x80008d46
        2355000	       234	8000037c	6678fc13	andi	x24,x17,1639	 x17:0x80009fc4 x24=0x00000644
        2365000	       235	80000380	007d1533	sll	x10,x26,x7	 x26:0x00000069  x7:0x00000015 x10=0x0d200000
        2375000	       236	80000384	03811803	lh	x16,56(x2)	  x2:0x80008c92 x16=0xffffb0b1 PA:0x80008cca
        2385000	       237	80000388	f2415983	lhu	x19,-220(x2)	  x2:0x80008c92 x19=0x00009c9d PA:0x80008bb6
        2395000	       238	8000038c	406409b3	sub	x19,x8,x6	  x8:0x00000000  x6:0xffffffc0 x19=0x00000040
        2405000	       239	80000390	014ebfb3	sltu	x31,x29,x20	 x29:0x00000001 x20:0xfffffa7e x31=0x00000001
        2415000	       240	80000394	00615403	lhu	x8,6(x2)	  x2:0x80008c92  x8=0x00008283 PA:0x80008c98
        2425000	       241	80000398	0c714703	lbu	x14,199(x2)	  x2:0x80008c92 x14=0x00000042 PA:0x80008d59
        2435000	       242	8000039c	f3b107a3	sb	x27,-209(x2)	  x2:0x80008c92 x27:0x00000001 PA:0x80008bc1
        2445000	       243	800003a0	f3510da3	sb	x21,-197(x2)	  x2:0x80008c92 x21:0xc9eb9268 PA:0x80008bcd
        2455000	       244	800003a4	0de10d83	lb	x27,222(x2)	  x2:0x80008c92 x27=0x0000005b PA:0x80008d70
        2465000	       245	800003a8	4028df33	sra	x30,x17,x2	 x17:0x80009fc4  x2:0x80008c92 x30=0xffffe000
        2475000	       246	800003ac	f7510f83	lb	x31,-139(x2)	  x2:0x80008c92 x31=0xffffffec PA:0x80008c07
        2485000	       247	800003b0	017532b3	sltu	x5,x10,x23	 x10:0x0d200000 x23:0x00007273  x5=0x00000000
        2495000	       248	800003b4	42093293	sltiu	x5,x18,1056	 x18:0x80009f84  x5=0x00000000
        2505000	       249	800003b8	09611123	sh	x22,130(x2)	  x2:0x80008c92 x22:0x6591f000 PA:0x80008d14
        2515000	       250	800003bc	f8415a03	lhu	x20,-124(x2)	  x2:0x80008c92 x20=0x0000fcfd PA:0x80008c16
        2525000	       251	800003c0	08a14583	lbu	x11,138(x2)	  x2:0x80008c92 x11=0x00000007 PA:0x80008d1c
        2535000	       252	800003c4	f7810003	lb	x0,-136(x2)	  x2:0x80008c92 PA:0x80008c0a
        2545000	       253	800003c8	00910803	lb	x16,9(x2)	  x2:0x80008c92 x16=0xffffff80 PA:0x80008c9b
        2555000	       254	800003cc	f0411383	lh	x7,-252(x2)	  x2:0x80008c92  x7=0x00007c7d PA:0x80008b96
        2565000	       255	800003d0	3e8b7b17	auipc	x22,0x3e8b7	 x22=0xbe8b73cc
        2575000	       256	800003d4	00000013	addi	x0,x0,0	  x0:0x00000000
        2585000	       257	800003d8	0d910823	sb	x25,208(x2)	  x2:0x80008c92 x25:0xffffff93 PA:0x80008d62
        2595000	       258	800003dc	00009717	auipc	x14,0x9	 x14=0x800093d8
        2605000	       259	800003e0	80770713	addi	x14,x14,-2041	 x14:0x800093d8 x14=0x80008bdf
        2615000	       260	800003e4	c57710a3	sh	x23,-959(x14)	 x14:0x80008bdf x23:0x00007273 PA:0x80008820
        2625000	       261	800003e8	e6e701a3	sb	x14,-413(x14)	 x14:0x80008bdf x14:0x80008bdf PA:0x80008a42
        2635000	       262	800003ec	cb474c03	lbu	x24,-844(x14)	 x14:0x80008bdf x24=0x00000078 PA:0x80008893
        2645000	       263	800003f0	d8175f03	lhu	x30,-639(x14)	 x14:0x80008bdf x30=0x00004a4b PA:0x80008960
        2655000	       264	800003f4	3a070b83	lb	x23,928(x14)	 x14:0x80008bdf x23=0x00000064 PA:0x80008f7f
        2665000	       265	800003f8	00000013	addi	x0,x0,0	  x0:0x00000000
        2675000	       266	800003fc	00000013	addi	x0,x0,0	  x0:0x00000000
        2685000	       267	80000400	87e47193	andi	x3,x8,-1922	  x8:0x00008283  x3=0x00008002
        2695000	       268	80000404	00ae9613	slli	x12,x29,0xa	 x29:0x00000001 x12=0x00000400
        2705000	       269	80000408	6bb20213	addi	x4,x4,1723	  x4:0x00000000  x4=0x000006bb
        2715000	       270	8000040c	d8eb7113	andi	x2,x22,-626	 x22:0xbe8b73cc  x2=0xbe8b718c
        2725000	       271	80000410	41eed293	srai	x5,x29,0x1e	 x29:0x00000001  x5=0x00000000
        2735000	       272	80000414	26674083	lbu	x1,614(x14)	 x14:0x80008bdf  x1=0x0000002e PA:0x80008e45
        2745000	       273	80000418	fb972083	lw	x1,-71(x14)	 x14:0x80008bdf  x1=0x80818283 PA:0x80008b98
        2755000	       274	8000041c	2fa70a23	sb	x26,756(x14)	 x14:0x80008bdf x26:0x00000069 PA:0x80008ed3
        2765000	       275	80000420	60d18c13	addi	x24,x3,1549	  x3:0x00008002 x24=0x0000860f
        2775000	       276	80000424	0058b333	sltu	x6,x17,x5	 x17:0x80009fc4  x5:0x00000000  x6=0x00000000
        2785000	       277	80000428	fa771183	lh	x3,-89(x14)	 x14:0x80008bdf  x3=0x00006c6d PA:0x80008b86
        2795000	       278	8000042c	01cfd993	srli	x19,x31,0x1c	 x31:0xffffffec x19=0x0000000f
        2805000	       279	80000430	001f7f33	and	x30,x30,x1	 x30:0x00004a4b  x1:0x80818283 x30=0x00000203
        2815000	       280	80000434	1fff7193	andi	x3,x30,511	 x30:0x00000203  x3=0x00000003
        2825000	       281	80000438	9c6c3517	auipc	x10,0x9c6c3	 x10=0x1c6c3434
        2835000	       282	8000043c	32c74683	lbu	x13,812(x14)	 x14:0x80008bdf x13=0x000000f0 PA:0x80008f0b
        2845000	       283	80000440	f1808293	addi	x5,x1,-232	  x1:0x80818283  x5=0x8081819b
        2855000	       284	80000444	00da39b3	sltu	x19,x20,x13	 x20:0x0000fcfd x13:0x000000f0 x19=0x00000000
        2865000	       285	80000448	8fe30537	lui	x10,0x8fe30	 x10=0x8fe30000
        2875000	       286	8000044c	23972e83	lw	x29,569(x14)	 x14:0x80008bdf x29=0x00010203 PA:0x80008e18
        2885000	       287	80000450	280bf613	andi	x12,x23,640	 x23:0x00000064 x12=0x00000000
        2895000	       288	80000454	4100db13	srai	x22,x1,0x10	  x1:0x80818283 x22=0xffff8081
        2905000	       289	80000458	61d04e13	xori	x28,x0,1565	  x0:0x00000000 x28=0x0000061d
        2915000	       290	8000045c	2fd74383	lbu	x7,765(x14)	 x14:0x80008bdf  x7=0x000000c7 PA:0x80008edc
        2925000	       291	80000460	0a972803	lw	x16,169(x14)	 x14:0x80008bdf x16=0x70717273 PA:0x80008c88
        2935000	       292	80000464	ec8ef293	andi	x5,x29,-312	 x29:0x00010203  x5=0x00010200
        2945000	       293	80000468	c5470003	lb	x0,-940(x14)	 x14:0x80008bdf PA:0x80008833
        2955000	       294	8000046c	00d24d33	xor	x26,x4,x13	  x4:0x000006bb x13:0x000000f0 x26=0x0000064b
        2965000	       295	80000470	75b10993	addi	x19,x2,1883	  x2:0xbe8b718c x19=0xbe8b78e7
        2975000	       296	80000474	029df663	bgeu	x27,x9,800004a0	 x27:0x0000005b  x9:0x00000000
        2985000	       297	00000000	00000013	addi	x0,x0,0	  x0:0x00000000
        2995000	       298	8000049c	00000013	addi	x0,x0,0	  x0:0x00000000
        3005000	       299	800004a0	28063613	sltiu	x12,x12,640	 x12:0x00000000 x12=0x00000001
        3015000	       300	800004a4	3f22e117	auipc	x2,0x3f22e	  x2=0xbf22e4a0
        3025000	       301	800004a8	0250c063	blt	x1,x5,800004c8	  x1:0x80818283  x5:0x00010200
        3035000	       302	00000000	00000013	addi	x0,x0,0	  x0:0x00000000
        3045000	       303	800004c4	00000013	addi	x0,x0,0	  x0:0x00000000
        3055000	       304	800004c8	97138a93	addi	x21,x7,-1679	  x7:0x000000c7 x21=0xfffffa38
        3065000	       305	800004cc	4166d993	srai	x19,x13,0x16	 x13:0x000000f0 x19=0x00000000
        3075000	       306	800004d0	1412ce13	xori	x28,x5,321	  x5:0x00010200 x28=0x00010341
        3085000	       307	800004d4	4012d433	sra	x8,x5,x1	  x5:0x00010200  x1:0x80818283  x8=0x00002040
        3095000	       308	800004d8	40a08e33	sub	x28,x1,x10	  x1:0x80818283 x10:0x8fe30000 x28=0xf09e8283
        3105000	       309	800004dc	00b776b3	and	x13,x14,x11	 x14:0x80008bdf x11:0x00000007 x13=0x00000007
        3115000	       310	800004e0	8ab44693	xori	x13,x8,-1877	  x8:0x00002040 x13=0xffffd8eb
        3125000	       311	800004e4	ed57ab37	lui	x22,0xed57a	 x22=0xed57a000
        3135000	       312	800004e8	0177bbb3	sltu	x23,x15,x23	 x15:0x00003435 x23:0x00000064 x23=0x00000000
        3145000	       313	800004ec	54401c97	auipc	x25,0x54401	 x25=0xd44014e8
        3155000	       314	800004f0	03e0f063	bgeu	x1,x30,80000510	  x1:0x80818283 x30:0x00000203
        3165000	       315	00000000	00000013	addi	x0,x0,0	  x0:0x00000000
        3175000	       316	8000050c	00000013	addi	x0,x0,0	  x0:0x00000000
        3185000	       317	80000510	01d6c633	xor	x12,x13,x29	 x13:0xffffd8eb x29:0x00010203 x12=0xfffedae8
        3195000	       318	80000514	0271cc63	blt	x3,x7,8000054c	  x3:0x00000003  x7:0x000000c7
        3205000	       319	00000000	00000013	addi	x0,x0,0	  x0:0x00000000
        3215000	       320	80000548	00000013	addi	x0,x0,0	  x0:0x00000000
        3225000	       321	8000054c	00cf3cb3	sltu	x25,x30,x12	 x30:0x00000203 x12:0xfffedae8 x25=0x00000001
        3235000	       322	80000550	01a85433	srl	x8,x16,x26	 x16:0x70717273 x26:0x0000064b  x8=0x000e0e2e
        3245000	       323	80000554	01efe433	or	x8,x31,x30	 x31:0xffffffec x30:0x00000203  x8=0xffffffef
        3255000	       324	80000558	20e5ae13	slti	x28,x11,526	 x11:0x00000007 x28=0x00000001
        3265000	       325	8000055c	418080b3	sub	x1,x1,x24	  x1:0x80818283 x24:0x0000860f  x1=0x8080fc74
        3275000	       326	80000560	e82b3737	lui	x14,0xe82b3	 x14=0xe82b3000
        3285000	       327	80000564	40ecd633	sra	x12,x25,x14	 x25:0x00000001 x14:0xe82b3000 x12=0x00000001
        3295000	       328	80000568	030ec263	blt	x29,x16,8000058c	 x29:0x00010203 x16:0x70717273
        3305000	       329	00000000	00000013	addi	x0,x0,0	  x0:0x00000000
        3315000	       330	80000588	00000013	addi	x0,x0,0	  x0:0x00000000
        3325000	       331	8000058c	00000013	addi	x0,x0,0	  x0:0x00000000
        3335000	       332	80000590	00b89c63	bne	x17,x11,800005a8	 x17:0x80009fc4 x11:0x00000007
        3345000	       333	00000000	00000013	addi	x0,x0,0	  x0:0x00000000
        3355000	       334	800005a4	00000013	addi	x0,x0,0	  x0:0x00000000
        3365000	       335	800005a8	39643113	sltiu	x2,x8,918	  x8:0xffffffef  x2=0x00000000
        3375000	       336	800005ac	01c92db3	slt	x27,x18,x28	 x18:0x80009f84 x28:0x00000001 x27=0x00000001
        3385000	       337	800005b0	05da9663	bne	x21,x29,800005fc	 x21:0xfffffa38 x29:0x00010203
        3395000	       338	00000000	00000013	addi	x0,x0,0	  x0:0x00000000
        3405000	       339	800005f8	00000013	addi	x0,x0,0	  x0:0x00000000
        3415000	       340	800005fc	00000013	addi	x0,x0,0	  x0:0x00000000
        3425000	       341	80000600	0157da33	srl	x20,x15,x21	 x15:0x00003435 x21:0xfffffa38 x20=0x00000000
        3435000	       342	80000604	0039fa63	bgeu	x19,x3,80000618	 x19:0x00000000  x3:0x00000003
        3445000	       343	80000608	00a97bb3	and	x23,x18,x10	 x18:0x80009f84 x10:0x8fe30000 x23=0x80000000
        3455000	       344	8000060c	04875463	bge	x14,x8,80000654	 x14:0xe82b3000  x8:0xffffffef
        3465000	       345	80000610	f3266db7	lui	x27,0xf3266	 x27=0xf3266000
        3475000	       346	80000614	0013bc33	sltu	x24,x7,x1	  x7:0x000000c7  x1:0x8080fc74 x24=0x00000001
        3485000	       347	80000618	65b43193	sltiu	x3,x8,1627	  x8:0xffffffef  x3=0x00000000
        3495000	       348	8000061c	db76b737	lui	x14,0xdb76b	 x14=0xdb76b000
        3505000	       349	80000620	0341c863	blt	x3,x20,80000650	  x3:0x00000000 x20:0x00000000
        3515000	       350	80000624	01eb5213	srli	x4,x22,0x1e	 x22:0xed57a000  x4=0x00000003
        3525000	       351	80000628	00c18d33	add	x26,x3,x12	  x3:0x00000000 x12:0x00000001 x26=0x00000001
        3535000	       352	8000062c	00645b93	srli	x23,x8,0x6	  x8:0xffffffef x23=0x03ffffff
        3545000	       353	80000630	15ba8013	addi	x0,x21,347	 x21:0xfffffa38
        3555000	       354	80000634	111e6663	bltu	x28,x17,80000740	 x28:0x00000001 x17:0x80009fc4
        3565000	       355	00000000	00000013	addi	x0,x0,0	  x0:0x00000000
        3575000	       356	8000073c	00000013	addi	x0,x0,0	  x0:0x00000000
        3585000	       357	80000740	d8213993	sltiu	x19,x2,-638	  x2:0x00000000 x19=0x00000001
        3595000	       358	80000744	007e1133	sll	x2,x28,x7	 x28:0x00000001  x7:0x000000c7  x2=0x00000080
        3605000	       359	80000748	01d45863	bge	x8,x29,80000758	  x8:0xffffffef x29:0x00010203
        3615000	       360	8000074c	c6319a17	auipc	x20,0xc6319	 x20=0x46319748
        3625000	       361	80000750	0314cc63	blt	x9,x17,80000788	  x9:0x00000000 x17:0x80009fc4
        3635000	       362	80000754	ce14fb13	andi	x22,x9,-799	  x9:0x00000000 x22=0x00000000
        3645000	       363	80000758	0082b133	sltu	x2,x5,x8	  x5:0x00010200  x8:0xffffffef  x2=0x00000001
        3655000	       364	8000075c	02feca63	blt	x29,x15,80000790	 x29:0x00010203 x15:0x00003435
        3665000	       365	80000760	0289ee63	bltu	x19,x8,8000079c	 x19:0x00000001  x8:0xffffffef
        3675000	       366	00000000	00000013	addi	x0,x0,0	  x0:0x00000000
        3685000	       367	80000798	00000013	addi	x0,x0,0	  x0:0x00000000
        3695000	       368	8000079c	0190d6b3	srl	x13,x1,x25	  x1:0x8080fc74 x25:0x00000001 x13=0x40407e3a
        3705000	       369	800007a0	801d2213	slti	x4,x26,-2047	 x26:0x00000001  x4=0x00000000
        3715000	       370	800007a4	00e10f33	add	x30,x2,x14	  x2:0x00000001 x14:0xdb76b000 x30=0xdb76b001
        3725000	       371	800007a8	04cc5863	bge	x24,x12,800007f8	 x24:0x00000001 x12:0x00000001
        3735000	       372	00000000	00000013	addi	x0,x0,0	  x0:0x00000000
        3745000	       373	800007f4	00000013	addi	x0,x0,0	  x0:0x00000000
        3755000	       374	800007f8	a6e3c793	xori	x15,x7,-1426	  x7:0x000000c7 x15=0xfffffaa9
        3765000	       375	800007fc	2a74cdb7	lui	x27,0x2a74c	 x27=0x2a74c000
        3775000	       376	80000800	033a7a63	bgeu	x20,x19,80000834	 x20:0x46319748 x19:0x00000001
        3785000	       377	00000000	00000013	addi	x0,x0,0	  x0:0x00000000
        3795000	       378	80000830	00000013	addi	x0,x0,0	  x0:0x00000000
        3805000	       379	80000834	40d1d813	srai	x16,x3,0xd	  x3:0x00000000 x16=0x00000000
        3815000	       380	80000838	01273a33	sltu	x20,x14,x18	 x14:0xdb76b000 x18:0x80009f84 x20=0x00000000
        3825000	       381	8000083c	04768463	beq	x13,x7,80000884	 x13:0x40407e3a  x7:0x000000c7
        3835000	       382	80000840	e333f213	andi	x4,x7,-461	  x7:0x000000c7  x4=0x00000003
        3845000	       383	80000844	0113ccb3	xor	x25,x7,x17	  x7:0x000000c7 x17:0x80009fc4 x25=0x80009f03
        3855000	       384	80000848	8c449097	auipc	x1,0x8c449	  x1=0x0c449844
        3865000	       385	8000084c	0016bf33	sltu	x30,x13,x1	 x13:0x40407e3a  x1:0x0c449844 x30=0x00000000
        3875000	       386	80000850	b3126093	ori	x1,x4,-1231	  x4:0x00000003  x1=0xfffffb33
        3885000	       387	80000854	00000013	addi	x0,x0,0	  x0:0x00000000
        3895000	       388	80000858	009d3e33	sltu	x28,x26,x9	 x26:0x00000001  x9:0x00000000 x28=0x00000000
        3905000	       389	8000085c	403d5a13	srai	x20,x26,0x3	 x26:0x00000001 x20=0x00000000
        3915000	       390	80000860	00c71f33	sll	x30,x14,x12	 x14:0xdb76b000 x12:0x00000001 x30=0xb6ed6000
        3925000	       391	80000864	058a4663	blt	x20,x24,800008b0	 x20:0x00000000 x24:0x00000001
        3935000	       392	00000000	00000013	addi	x0,x0,0	  x0:0x00000000
        3945000	       393	800008ac	00000013	addi	x0,x0,0	  x0:0x00000000
        3955000	       394	800008b0	0fc5f663	bgeu	x11,x28,8000099c	 x11:0x00000007 x28:0x00000000
        3965000	       395	00000000	00000013	addi	x0,x0,0	  x0:0x00000000
        3975000	       396	80000998	00000013	addi	x0,x0,0	  x0:0x00000000
        3985000	       397	8000099c	00000013	addi	x0,x0,0	  x0:0x00000000
        3995000	       398	800009a0	00d573b3	and	x7,x10,x13	 x10:0x8fe30000 x13:0x40407e3a  x7=0x00400000
        4005000	       399	800009a4	00db8833	add	x16,x23,x13	 x23:0x03ffffff x13:0x40407e3a x16=0x44407e39
        4015000	       400	800009a8	02666863	bltu	x12,x6,800009d8	 x12:0x00000001  x6:0x00000000
        4025000	       401	800009ac	48625f97	auipc	x31,0x48625	 x31=0xc86259a8
        4035000	       402	800009b0	0132df13	srli	x30,x5,0x13	  x5:0x00010200 x30=0x00000000
        4045000	       403	800009b4	0350e663	bltu	x1,x21,800009e0	  x1:0xfffffb33 x21:0xfffffa38
        4055000	       404	800009b8	412587b3	sub	x15,x11,x18	 x11:0x00000007 x18:0x80009f84 x15=0x7fff6083
        4065000	       405	800009bc	016e1633	sll	x12,x28,x22	 x28:0x00000000 x22:0x00000000 x12=0x00000000
        4075000	       406	800009c0	4de88637	lui	x12,0x4de88	 x12=0x4de88000
        4085000	       407	800009c4	01b035b3	sltu	x11,x0,x27	  x0:0x00000000 x27:0x2a74c000 x11=0x00000001
        4095000	       408	800009c8	01badc13	srli	x24,x21,0x1b	 x21:0xfffffa38 x24=0x0000001f
        4105000	       409	800009cc	40c257b3	sra	x15,x4,x12	  x4:0x00000003 x12:0x4de88000 x15=0x00000003
        4115000	       410	800009d0	0182b7b3	sltu	x15,x5,x24	  x5:0x00010200 x24:0x0000001f x15=0x00000000
        4125000	       411	800009d4	003c1c63	bne	x24,x3,800009ec	 x24:0x0000001f  x3:0x00000000
        4135000	       412	00000000	00000013	addi	x0,x0,0	  x0:0x00000000
        4145000	       413	800009e8	00000013	addi	x0,x0,0	  x0:0x00000000
        4155000	       414	800009ec	01f1fdb3	and	x27,x3,x31	  x3:0x00000000 x31:0xc86259a8 x27=0x00000000
        4165000	       415	800009f0	41dfd533	sra	x10,x31,x29	 x31:0xc86259a8 x29:0x00010203 x10=0xf90c4b35
        4175000	       416	800009f4	01576863	bltu	x14,x21,80000a04	 x14:0xdb76b000 x21:0xfffffa38
        4185000	       417	00000000	00000013	addi	x0,x0,0	  x0:0x00000000
        4195000	       418	80000a00	00000013	addi	x0,x0,0	  x0:0x00000000
        4205000	       419	80000a04	030ed063	bge	x29,x16,80000a24	 x29:0x00010203 x16:0x44407e39
        4215000	       420	80000a08	cc187b93	andi	x23,x16,-831	 x16:0x44407e39 x23=0x44407c01
        4225000	       421	80000a0c	0030d1b3	srl	x3,x1,x3	  x1:0xfffffb33  x3:0x00000000  x3=0xfffffb33
        4235000	       422	80000a10	00d8ea63	bltu	x17,x13,80000a24	 x17:0x80009fc4 x13:0x40407e3a
        4245000	       423	80000a14	0188fe63	bgeu	x17,x24,80000a30	 x17:0x80009fc4 x24:0x0000001f
        4255000	       424	00000000	00000013	addi	x0,x0,0	  x0:0x00000000
        4265000	       425	80000a2c	00000013	addi	x0,x0,0	  x0:0x00000000
        4275000	       426	80000a30	01da5813	srli	x16,x20,0x1d	 x20:0x00000000 x16=0x00000000
        4285000	       427	80000a34	41475733	sra	x14,x14,x20	 x14:0xdb76b000 x20:0x00000000 x14=0xdb76b000
        4295000	       428	80000a38	006a9d93	slli	x27,x21,0x6	 x21:0xfffffa38 x27=0xfffe8e00
        4305000	       429	80000a3c	401c0633	sub	x12,x24,x1	 x24:0x0000001f  x1:0xfffffb33 x12=0x000004ec
        4315000	       430	80000a40	b5ac4093	xori	x1,x24,-1190	 x24:0x0000001f  x1=0xfffffb45
        4325000	       431	80000a44	00000013	addi	x0,x0,0	  x0:0x00000000
        4335000	       432	80000a48	6abb8813	addi	x16,x23,1707	 x23:0x44407c01 x16=0x444082ac
        4345000	       433	80000a4c	006cb333	sltu	x6,x25,x6	 x25:0x80009f03  x6:0x00000000  x6=0x00000000
        4355000	       434	80000a50	056b7463	bgeu	x22,x22,80000a98	 x22:0x00000000 x22:0x00000000
        4365000	       435	00000000	00000013	addi	x0,x0,0	  x0:0x00000000
        4375000	       436	80000a94	00000013	addi	x0,x0,0	  x0:0x00000000
        4385000	       437	80000a98	1bef3513	sltiu	x10,x30,446	 x30:0x00000000 x10=0x00000001
        4395000	       438	80000a9c	00f61633	sll	x12,x12,x15	 x12:0x000004ec x15:0x00000000 x12=0x000004ec
        4405000	       439	80000aa0	037bf263	bgeu	x23,x23,80000ac4	 x23:0x44407c01 x23:0x44407c01
        4415000	       440	00000000	00000013	addi	x0,x0,0	  x0:0x00000000
        4425000	       441	80000ac0	00000013	addi	x0,x0,0	  x0:0x00000000
        4435000	       442	80000ac4	00445433	srl	x8,x8,x4	  x8:0xffffffef  x4:0x00000003  x8=0x1ffffffd
        4445000	       443	80000ac8	414855b3	sra	x11,x16,x20	 x16:0x444082ac x20:0x00000000 x11=0x444082ac
        4455000	       444	80000acc	40a75bb3	sra	x23,x14,x10	 x14:0xdb76b000 x10:0x00000001 x23=0xedbb5800
        4465000	       445	80000ad0	27d5fc93	andi	x25,x11,637	 x11:0x444082ac x25=0x0000022c
        4475000	       446	80000ad4	51608237	lui	x4,0x51608	  x4=0x51608000
        4485000	       447	80000ad8	01e10863	beq	x2,x30,80000ae8	  x2:0x00000001 x30:0x00000000
        4495000	       448	80000adc	03396e63	bltu	x18,x19,80000b18	 x18:0x80009f84 x19:0x00000001
        4505000	       449	80000ae0	01f69a63	bne	x13,x31,80000af4	 x13:0x40407e3a x31:0xc86259a8
        4515000	       450	00000000	00000013	addi	x0,x0,0	  x0:0x00000000
        4525000	       451	80000af0	00000013	addi	x0,x0,0	  x0:0x00000000
        4535000	       452	80000af4	03557a63	bgeu	x10,x21,80000b28	 x10:0x00000001 x21:0xfffffa38
        4545000	       453	80000af8	013e32b3	sltu	x5,x28,x19	 x28:0x00000000 x19:0x00000001  x5=0x00000001
        4555000	       454	80000afc	013a8f33	add	x30,x21,x19	 x21:0xfffffa38 x19:0x00000001 x30=0xfffffa39
        4565000	       455	80000b00	01e04c63	blt	x0,x30,80000b18	  x0:0x00000000 x30:0xfffffa39
        4575000	       456	80000b04	006d9d93	slli	x27,x27,0x6	 x27:0xfffe8e00 x27=0xffa38000
        4585000	       457	80000b08	40a75433	sra	x8,x14,x10	 x14:0xdb76b000 x10:0x00000001  x8=0xedbb5800
        4595000	       458	80000b0c	3dddf793	andi	x15,x27,989	 x27:0xffa38000 x15=0x00000000
        4605000	       459	80000b10	0253fe63	bgeu	x7,x5,80000b4c	  x7:0x00400000  x5:0x00000001
        4615000	       460	00000000	00000013	addi	x0,x0,0	  x0:0x00000000
        4625000	       461	80000b48	00000013	addi	x0,x0,0	  x0:0x00000000
        4635000	       462	80000b4c	00fc5d33	srl	x26,x24,x15	 x24:0x0000001f x15:0x00000000 x26=0x0000001f
        4645000	       463	80000b50	01ab1bb3	sll	x23,x22,x26	 x22:0x00000000 x26:0x0000001f x23=0x00000000
        4655000	       464	80000b54	009165b3	or	x11,x2,x9	  x2:0x00000001  x9:0x00000000 x11=0x00000001
        4665000	       465	80000b58	00567db3	and	x27,x12,x5	 x12:0x000004ec  x5:0x00000001 x27=0x00000000
        4675000	       466	80000b5c	014fe5b3	or	x11,x31,x20	 x31:0xc86259a8 x20:0x00000000 x11=0xc86259a8
        4685000	       467	80000b60	4055d133	sra	x2,x11,x5	 x11:0xc86259a8  x5:0x00000001  x2=0xe4312cd4
        4695000	       468	80000b64	009a1533	sll	x10,x20,x9	 x20:0x00000000  x9:0x00000000 x10=0x00000000
        4705000	       469	80000b68	5fb5cd93	xori	x27,x11,1531	 x11:0xc86259a8 x27=0xc8625c53
        4715000	       470	80000b6c	840a4e93	xori	x29,x20,-1984	 x20:0x00000000 x29=0xfffff840
        4725000	       471	80000b70	0101a6b3	slt	x13,x3,x16	  x3:0xfffffb33 x16:0x444082ac x13=0x00000001
        4735000	       472	80000b74	054c5663	bge	x24,x20,80000bc0	 x24:0x0000001f x20:0x00000000
        4745000	       473	00000000	00000013	addi	x0,x0,0	  x0:0x00000000
        4755000	       474	80000bbc	00000013	addi	x0,x0,0	  x0:0x00000000
        4765000	       475	80000bc0	0183ae33	slt	x28,x7,x24	  x7:0x00400000 x24:0x0000001f x28=0x00000000
        4775000	       476	80000bc4	72934b13	xori	x22,x6,1833	  x6:0x00000000 x22=0x00000729
        4785000	       477	80000bc8	03915663	bge	x2,x25,80000bf4	  x2:0xe4312cd4 x25:0x0000022c
        4795000	       478	80000bcc	403ddf93	srai	x31,x27,0x3	 x27:0xc8625c53 x31=0xf90c4b8a
        4805000	       479	80000bd0	01bb9133	sll	x2,x23,x27	 x23:0x00000000 x27:0xc8625c53  x2=0x00000000
        4815000	       480	80000bd4	7d327513	andi	x10,x4,2003	  x4:0x51608000 x10=0x00000000
        4825000	       481	80000bd8	0141e133	or	x2,x3,x20	  x3:0xfffffb33 x20:0x00000000  x2=0xfffffb33
        4835000	       482	80000bdc	05bd7813	andi	x16,x26,91	 x26:0x0000001f x16=0x0000001b
        4845000	       483	80000be0	a38c8d13	addi	x26,x25,-1480	 x25:0x0000022c x26=0xfffffc64
        4855000	       484	80000be4	01c4ee63	bltu	x9,x28,80000c00	  x9:0x00000000 x28:0x00000000
        4865000	       485	80000be8	1f340e93	addi	x29,x8,499	  x8:0xedbb5800 x29=0xedbb59f3
        4875000	       486	80000bec	02670e63	beq	x14,x6,80000c28	 x14:0xdb76b000  x6:0x00000000
        4885000	       487	80000bf0	0082aab3	slt	x21,x5,x8	  x5:0x00000001  x8:0xedbb5800 x21=0x00000000
        4895000	       488	80000bf4	01955db3	srl	x27,x10,x25	 x10:0x00000000 x25:0x0000022c x27=0x00000000
        4905000	       489	80000bf8	29db7d37	lui	x26,0x29db7	 x26=0x29db7000
        4915000	       490	80000bfc	a0ac7593	andi	x11,x24,-1526	 x24:0x0000001f x11=0x0000000a
        4925000	       491	80000c00	07bf5e63	bge	x30,x27,80000c7c	 x30:0xfffffa39 x27:0x00000000
        4935000	       492	80000c04	797c6097	auipc	x1,0x797c6	  x1=0xf97c6c00
        4945000	       493	80000c08	e8f6a793	slti	x15,x13,-369	 x13:0x00000001 x15=0x00000000
        4955000	       494	80000c0c	002bc9b3	xor	x19,x23,x2	 x23:0x00000000  x2:0xfffffb33 x19=0xfffffb33
        4965000	       495	80000c10	00908533	add	x10,x1,x9	  x1:0xf97c6c00  x9:0x00000000 x10=0xf97c6c00
        4975000	       496	80000c14	66f04b13	xori	x22,x0,1647	  x0:0x00000000 x22=0x0000066f
        4985000	       497	80000c18	00c15193	srli	x3,x2,0xc	  x2:0xfffffb33  x3=0x000fffff
        4995000	       498	80000c1c	01ec1a33	sll	x20,x24,x30	 x24:0x0000001f x30:0xfffffa39 x20=0x3e000000
        5005000	       499	80000c20	40be5a33	sra	x20,x28,x11	 x28:0x00000000 x11:0x0000000a x20=0x00000000
        5015000	       500	80000c24	07c5c463	blt	x11,x28,80000c8c	 x11:0x0000000a x28:0x00000000
        5025000	       501	80000c28	06b1de63	bge	x3,x11,80000ca4	  x3:0x000fffff x11:0x0000000a
        5035000	       502	00000000	00000013	addi	x0,x0,0	  x0:0x00000000
        5045000	       503	80000ca0	00000013	addi	x0,x0,0	  x0:0x00000000
        5055000	       504	80000ca4	00c5bfb3	sltu	x31,x11,x12	 x11:0x0000000a x12:0x000004ec x31=0x00000001
        5065000	       505	80000ca8	03019c63	bne	x3,x16,80000ce0	  x3:0x000fffff x16:0x0000001b
        5075000	       506	00000000	00000013	addi	x0,x0,0	  x0:0x00000000
        5085000	       507	80000cdc	00000013	addi	x0,x0,0	  x0:0x00000000
        5095000	       508	80000ce0	00495e93	srli	x29,x18,0x4	 x18:0x80009f84 x29=0x080009f8
        5105000	       509	80000ce4	01ab4233	xor	x4,x22,x26	 x22:0x0000066f x26:0x29db7000  x4=0x29db766f
        5115000	       510	80000ce8	00d10c63	beq	x2,x13,80000d00	  x2:0xfffffb33 x13:0x00000001
        5125000	       511	80000cec	055ce463	bltu	x25,x21,80000d34	 x25:0x0000022c x21:0x00000000
        5135000	       512	80000cf0	41af5513	srai	x10,x30,0x1a	 x30:0xfffffa39 x10=0xffffffff
        5145000	       513	80000cf4	00be2f33	slt	x30,x28,x11	 x28:0x00000000 x11:0x0000000a x30=0x00000001
        5155000	       514	80000cf8	0322ce63	blt	x5,x18,80000d34	  x5:0x00000001 x18:0x80009f84
        5165000	       515	80000cfc	00b8ea63	bltu	x17,x11,80000d10	 x17:0x80009fc4 x11:0x0000000a
        5175000	       516	80000d00	01a5d793	srli	x15,x11,0x1a	 x11:0x0000000a x15=0x00000000
        5185000	       517	80000d04	41cadc13	srai	x24,x21,0x1c	 x21:0x00000000 x24=0x00000000
        5195000	       518	80000d08	04309863	bne	x1,x3,80000d58	  x1:0xf97c6c00  x3:0x000fffff
        5205000	       519	00000000	00000013	addi	x0,x0,0	  x0:0x00000000
        5215000	       520	80000d54	00000013	addi	x0,x0,0	  x0:0x00000000
        5225000	       521	80000d58	c125a193	slti	x3,x11,-1006	 x11:0x0000000a  x3=0x00000000
        5235000	       522	80000d5c	40e6d0b3	sra	x1,x13,x14	 x13:0x00000001 x14:0xdb76b000  x1=0x00000001
        5245000	       523	80000d60	41bf01b3	sub	x3,x30,x27	 x30:0x00000001 x27:0x00000000  x3=0x00000001
        5255000	       524	80000d64	039c4a63	blt	x24,x25,80000d98	 x24:0x00000000 x25:0x0000022c
        5265000	       525	00000000	00000013	addi	x0,x0,0	  x0:0x00000000
        5275000	       526	80000d94	00000013	addi	x0,x0,0	  x0:0x00000000
        5285000	       527	80000d98	0082fe33	and	x28,x5,x8	  x5:0x00000001  x8:0xedbb5800 x28=0x00000000
        5295000	       528	80000d9c	01dbb733	sltu	x14,x23,x29	 x23:0x00000000 x29:0x080009f8 x14=0x00000001
        5305000	       529	80000da0	01671433	sll	x8,x14,x22	 x14:0x00000001 x22:0x0000066f  x8=0x00008000
        5315000	       530	80000da4	0f9f4863	blt	x30,x25,80000e94	 x30:0x00000001 x25:0x0000022c
        5325000	       531	00000000	00000013	addi	x0,x0,0	  x0:0x00000000
        5335000	       532	80000e90	00000013	addi	x0,x0,0	  x0:0x00000000
        5345000	       533	80000e94	02f28c63	beq	x5,x15,80000ecc	  x5:0x00000001 x15:0x00000000
        5355000	       534	80000e98	35053697	auipc	x13,0x35053	 x13=0xb5053e94
        5365000	       535	80000e9c	a58666b7	lui	x13,0xa5866	 x13=0xa5866000
        5375000	       536	80000ea0	100f4a93	xori	x21,x30,256	 x30:0x00000001 x21=0x00000101
        5385000	       537	80000ea4	7f4ca113	slti	x2,x25,2036	 x25:0x0000022c  x2=0x00000001
        5395000	       538	80000ea8	c5c8bb37	lui	x22,0xc5c8b	 x22=0xc5c8b000
        5405000	       539	80000eac	00495bb3	srl	x23,x18,x4	 x18:0x80009f84  x4:0x29db766f x23=0x00010001
        5415000	       540	80000eb0	5d2adb37	lui	x22,0x5d2ad	 x22=0x5d2ad000
        5425000	       541	80000eb4	026d6063	bltu	x26,x6,80000ed4	 x26:0x29db7000  x6:0x00000000
        5435000	       542	80000eb8	00d5d713	srli	x14,x11,0xd	 x11:0x0000000a x14=0x00000000
        5445000	       543	80000ebc	01ff5c13	srli	x24,x30,0x1f	 x30:0x00000001 x24=0x00000000
        5455000	       544	80000ec0	00476fb3	or	x31,x14,x4	 x14:0x00000000  x4:0x29db766f x31=0x29db766f
        5465000	       545	80000ec4	01128633	add	x12,x5,x17	  x5:0x00000001 x17:0x80009fc4 x12=0x80009fc5
        5475000	       546	80000ec8	006fa333	slt	x6,x31,x6	 x31:0x29db766f  x6:0x00000000  x6=0x00000000
        5485000	       547	80000ecc	02697863	bgeu	x18,x6,80000efc	 x18:0x80009f84  x6:0x00000000
        5495000	       548	00000000	00000013	addi	x0,x0,0	  x0:0x00000000
        5505000	       549	80000ef8	00000013	addi	x0,x0,0	  x0:0x00000000
        5515000	       550	80000efc	a60ea113	slti	x2,x29,-1440	 x29:0x080009f8  x2=0x00000000
        5525000	       551	80000f00	001a23b3	slt	x7,x20,x1	 x20:0x00000000  x1:0x00000001  x7=0x00000001
        5535000	       552	80000f04	6fd54697	auipc	x13,0x6fd54	 x13=0xefd54f00
        5545000	       553	80000f08	012e7bb3	and	x23,x28,x18	 x28:0x00000000 x18:0x80009f84 x23=0x00000000
        5555000	       554	80000f0c	8373fa13	andi	x20,x7,-1993	  x7:0x00000001 x20=0x00000001
        5565000	       555	80000f10	0d35b313	sltiu	x6,x11,211	 x11:0x0000000a  x6=0x00000001
        5575000	       556	80000f14	3b2ca713	slti	x14,x25,946	 x25:0x0000022c x14=0x00000001
        5585000	       557	80000f18	40540e33	sub	x28,x8,x5	  x8:0x00008000  x5:0x00000001 x28=0x00007fff
        5595000	       558	80000f1c	3bf27793	andi	x15,x4,959	  x4:0x29db766f x15=0x0000022f
        5605000	       559	80000f20	012df833	and	x16,x27,x18	 x27:0x00000000 x18:0x80009f84 x16=0x00000000
        5615000	       560	80000f24	410d0db3	sub	x27,x26,x16	 x26:0x29db7000 x16:0x00000000 x27=0x29db7000
        5625000	       561	80000f28	00000013	addi	x0,x0,0	  x0:0x00000000
        5635000	       562	80000f2c	015ac9b3	xor	x19,x21,x21	 x21:0x00000101 x21:0x00000101 x19=0x00000000
        5645000	       563	80000f30	0796c1b7	lui	x3,0x796c	  x3=0x0796c000
        5655000	       564	80000f34	c517e317	auipc	x6,0xc517e	  x6=0x4517ef30
        5665000	       565	80000f38	0155a6b3	slt	x13,x11,x21	 x11:0x0000000a x21:0x00000101 x13=0x00000001
        5675000	       566	80000f3c	9c5ee013	ori	x0,x29,-1595	 x29:0x080009f8
        5685000	       567	80000f40	418e00b3	sub	x1,x28,x24	 x28:0x00007fff x24:0x00000000  x1=0x00007fff
        5695000	       568	80000f44	02445e63	bge	x8,x4,80000f80	  x8:0x00008000  x4:0x29db766f
        5705000	       569	80000f48	05498663	beq	x19,x20,80000f94	 x19:0x00000000 x20:0x00000001
        5715000	       570	80000f4c	300e4713	xori	x14,x28,768	 x28:0x00007fff x14=0x00007cff
        5725000	       571	80000f50	be7971b7	lui	x3,0xbe797	  x3=0xbe797000
        5735000	       572	80000f54	4362cb93	xori	x23,x5,1078	  x5:0x00000001 x23=0x00000437
        5745000	       573	80000f58	00f02533	slt	x10,x0,x15	  x0:0x00000000 x15:0x0000022f x10=0x00000001
        5755000	       574	80000f5c	01f8bd33	sltu	x26,x17,x31	 x17:0x80009fc4 x31:0x29db766f x26=0x00000000
        5765000	       575	80000f60	0278ea63	bltu	x17,x7,80000f94	 x17:0x80009fc4  x7:0x00000001
        5775000	       576	80000f64	bd0ba393	slti	x7,x23,-1072	 x23:0x00000437  x7=0x00000000
        5785000	       577	80000f68	40db5c33	sra	x24,x22,x13	 x22:0x5d2ad000 x13:0x00000001 x24=0x2e956800
        5795000	       578	80000f6c	0005de93	srli	x29,x11,0x0	 x11:0x0000000a x29=0x0000000a
        5805000	       579	80000f70	01c113b3	sll	x7,x2,x28	  x2:0x00000000 x28:0x00007fff  x7=0x00000000
        5815000	       580	80000f74	01b8ceb3	xor	x29,x17,x27	 x17:0x80009fc4 x27:0x29db7000 x29=0xa9dbefc4
        5825000	       581	80000f78	bc40ab13	slti	x22,x1,-1084	  x1:0x00007fff x22=0x00000000
        5835000	       582	80000f7c	0032f3b3	and	x7,x5,x3	  x5:0x00000001  x3:0xbe797000  x7=0x00000000
        5845000	       583	80000f80	0161c5b3	xor	x11,x3,x22	  x3:0xbe797000 x22:0x00000000 x11=0xbe797000
        5855000	       584	80000f84	40a85633	sra	x12,x16,x10	 x16:0x00000000 x10:0x00000001 x12=0x00000000
        5865000	       585	80000f88	00465233	srl	x4,x12,x4	 x12:0x00000000  x4:0x29db766f  x4=0x00000000
        5875000	       586	80000f8c	95fbfe13	andi	x28,x23,-1697	 x23:0x00000437 x28=0x00000017
        5885000	       587	80000f90	0b570f93	addi	x31,x14,181	 x14:0x00007cff x31=0x00007db4
        5895000	       588	80000f94	9cb9fd17	auipc	x26,0x9cb9f	 x26=0x1cb9ff90
        5905000	       589	80000f98	7f582713	slti	x14,x16,2037	 x16:0x00000000 x14=0x00000001
        5915000	       590	80000f9c	004e9033	sll	x0,x29,x4	 x29:0xa9dbefc4  x4:0x00000000
        5925000	       591	80000fa0	0017cfb3	xor	x31,x15,x1	 x15:0x0000022f  x1:0x00007fff x31=0x00007dd0
        5935000	       592	80000fa4	00000013	addi	x0,x0,0	  x0:0x00000000
        5945000	       593	80000fa8	417d80b3	sub	x1,x27,x23	 x27:0x29db7000 x23:0x00000437  x1=0x29db6bc9
        5955000	       594	80000fac	02be7c63	bgeu	x28,x11,80000fe4	 x28:0x00000017 x11:0xbe797000
        5965000	       595	80000fb0	c75319b7	lui	x19,0xc7531	 x19=0xc7531000
        5975000	       596	80000fb4	526f3f93	sltiu	x31,x30,1318	 x30:0x00000001 x31=0x00000001
        5985000	       597	80000fb8	6bf37193	andi	x3,x6,1727	  x6:0x4517ef30  x3=0x00000630
        5995000	       598	80000fbc	04c09463	bne	x1,x12,80001004	  x1:0x29db6bc9 x12:0x00000000
        6005000	       599	00000000	00000013	addi	x0,x0,0	  x0:0x00000000
        6015000	       600	80001000	00000013	addi	x0,x0,0	  x0:0x00000000
        6025000	       601	80001004	04c1d663	bge	x3,x12,80001050	  x3:0x00000630 x12:0x00000000
        6035000	       602	00000000	00000013	addi	x0,x0,0	  x0:0x00000000
        6045000	       603	8000104c	00000013	addi	x0,x0,0	  x0:0x00000000
        6055000	       604	80001050	414e8ab3	sub	x21,x29,x20	 x29:0xa9dbefc4 x20:0x00000001 x21=0xa9dbefc3
        6065000	       605	80001054	405b0f33	sub	x30,x22,x5	 x22:0x00000000  x5:0x00000001 x30=0xffffffff
        6075000	       606	80001058	71917193	andi	x3,x2,1817	  x2:0x00000000  x3=0x00000000
        6085000	       607	8000105c	050a9863	bne	x21,x16,800010ac	 x21:0xa9dbefc3 x16:0x00000000
        6095000	       608	00000000	00000013	addi	x0,x0,0	  x0:0x00000000
        6105000	       609	800010a8	00000013	addi	x0,x0,0	  x0:0x00000000
        6115000	       610	800010ac	000a1c63	bne	x20,x0,800010c4	 x20:0x00000001  x0:0x00000000
        6125000	       611	00000000	00000013	addi	x0,x0,0	  x0:0x00000000
        6135000	       612	800010c0	00000013	addi	x0,x0,0	  x0:0x00000000
        6145000	       613	800010c4	41ae5733	sra	x14,x28,x26	 x28:0x00000017 x26:0x1cb9ff90 x14=0x00000000
        6155000	       614	800010c8	418e0bb3	sub	x23,x28,x24	 x28:0x00000017 x24:0x2e956800 x23=0xd16a9817
        6165000	       615	800010cc	66daf413	andi	x8,x21,1645	 x21:0xa9dbefc3  x8=0x00000641
        6175000	       616	800010d0	e6cf7197	auipc	x3,0xe6cf7	  x3=0x66cf80cc
        6185000	       617	800010d4	08886393	ori	x7,x16,136	 x16:0x00000000  x7=0x00000088
        6195000	       618	800010d8	02e8e063	bltu	x17,x14,800010f8	 x17:0x80009fc4 x14:0x00000000
        6205000	       619	800010dc	01b8c863	blt	x17,x27,800010ec	 x17:0x80009fc4 x27:0x29db7000
        6215000	       620	00000000	00000013	addi	x0,x0,0	  x0:0x00000000
        6225000	       621	800010e8	00000013	addi	x0,x0,0	  x0:0x00000000
        6235000	       622	800010ec	41c286b3	sub	x13,x5,x28	  x5:0x00000001 x28:0x00000017 x13=0xffffffea
        6245000	       623	800010f0	00957733	and	x14,x10,x9	 x10:0x00000001  x9:0x00000000 x14=0x00000000
        6255000	       624	800010f4	63511717	auipc	x14,0x63511	 x14=0xe35120f0
        6265000	       625	800010f8	0003e533	or	x10,x7,x0	  x7:0x00000088  x0:0x00000000 x10=0x00000088
        6275000	       626	800010fc	87e08a93	addi	x21,x1,-1922	  x1:0x29db6bc9 x21=0x29db6447
        6285000	       627	80001100	b0f63a13	sltiu	x20,x12,-1265	 x12:0x00000000 x20=0x00000001
        6295000	       628	80001104	01033f33	sltu	x30,x6,x16	  x6:0x4517ef30 x16:0x00000000 x30=0x00000000
        6305000	       629	80001108	0595d463	bge	x11,x25,80001150	 x11:0xbe797000 x25:0x0000022c
        6315000	       630	8000110c	00dff6b3	and	x13,x31,x13	 x31:0x00000001 x13:0xffffffea x13=0x00000000
        6325000	       631	80001110	5a62ec93	ori	x25,x5,1446	  x5:0x00000001 x25=0x000005a7
        6335000	       632	80001114	04ba1663	bne	x20,x11,80001160	 x20:0x00000001 x11:0xbe797000
        6345000	       633	00000000	00000013	addi	x0,x0,0	  x0:0x00000000
        6355000	       634	8000115c	00000013	addi	x0,x0,0	  x0:0x00000000
        6365000	       635	80001160	03288c63	beq	x17,x18,80001198	 x17:0x80009fc4 x18:0x80009f84
        6375000	       636	80001164	02ec9663	bne	x25,x14,80001190	 x25:0x000005a7 x14:0xe35120f0
        6385000	       637	00000000	00000013	addi	x0,x0,0	  x0:0x00000000
        6395000	       638	8000118c	00000013	addi	x0,x0,0	  x0:0x00000000
        6405000	       639	80001190	00225ab3	srl	x21,x4,x2	  x4:0x00000000  x2:0x00000000 x21=0x00000000
        6415000	       640	80001194	032e4c63	blt	x28,x18,800011cc	 x28:0x00000017 x18:0x80009f84
        6425000	       641	80001198	03774e63	blt	x14,x23,800011d4	 x14:0xe35120f0 x23:0xd16a9817
        6435000	       642	8000119c	005680b3	add	x1,x13,x5	 x13:0x00000000  x5:0x00000001  x1=0x00000001
        6445000	       643	800011a0	bfe67d13	andi	x26,x12,-1026	 x12:0x00000000 x26=0x00000000
        6455000	       644	800011a4	01b15a33	srl	x20,x2,x27	  x2:0x00000000 x27:0x29db7000 x20=0x00000000
        6465000	       645	800011a8	00ed9213	slli	x4,x27,0xe	 x27:0x29db7000  x4=0xdc000000
        6475000	       646	800011ac	02d0fe63	bgeu	x1,x13,800011e8	  x1:0x00000001 x13:0x00000000
        6485000	       647	00000000	00000013	addi	x0,x0,0	  x0:0x00000000
        6495000	       648	800011e4	00000013	addi	x0,x0,0	  x0:0x00000000
        6505000	       649	800011e8	01bded33	or	x26,x27,x27	 x27:0x29db7000 x27:0x29db7000 x26=0x29db7000
        6515000	       650	800011ec	011ee737	lui	x14,0x11ee	 x14=0x011ee000
        6525000	       651	800011f0	a8ea7793	andi	x15,x20,-1394	 x20:0x00000000 x15=0x00000000
        6535000	       652	800011f4	9acd2413	slti	x8,x26,-1620	 x26:0x29db7000  x8=0x00000000
        6545000	       653	800011f8	01aa1333	sll	x6,x20,x26	 x20:0x00000000 x26:0x29db7000  x6=0x00000000
        6555000	       654	800011fc	000b9433	sll	x8,x23,x0	 x23:0xd16a9817  x0:0x00000000  x8=0xd16a9817
        6565000	       655	80001200	004a3c33	sltu	x24,x20,x4	 x20:0x00000000  x4:0xdc000000 x24=0x00000001
        6575000	       656	80001204	01e1fe33	and	x28,x3,x30	  x3:0x66cf80cc x30:0x00000000 x28=0x00000000
        6585000	       657	80001208	ee3f4613	xori	x12,x30,-285	 x30:0x00000000 x12=0xfffffee3
        6595000	       658	8000120c	003c1593	slli	x11,x24,0x3	 x24:0x00000001 x11=0x00000008
        6605000	       659	80001210	85b877b7	lui	x15,0x85b87	 x15=0x85b87000
        6615000	       660	80001214	40ac83b3	sub	x7,x25,x10	 x25:0x000005a7 x10:0x00000088  x7=0x0000051f
        6625000	       661	80001218	2d7c0e97	auipc	x29,0x2d7c0	 x29=0xad7c1214
        6635000	       662	8000121c	0060eab3	or	x21,x1,x6	  x1:0x00000001  x6:0x00000000 x21=0x00000001
        6645000	       663	80001220	00a0a1b3	slt	x3,x1,x10	  x1:0x00000001 x10:0x00000088  x3=0x00000001
        6655000	       664	80001224	04ea9e63	bne	x21,x14,80001280	 x21:0x00000001 x14:0x011ee000
        6665000	       665	00000000	00000013	addi	x0,x0,0	  x0:0x00000000
        6675000	       666	8000127c	00000013	addi	x0,x0,0	  x0:0x00000000
        6685000	       667	80001280	017df7b3	and	x15,x27,x23	 x27:0x29db7000 x23:0xd16a9817 x15=0x014a1000
        6695000	       668	80001284	01e4c0b3	xor	x1,x9,x30	  x9:0x00000000 x30:0x00000000  x1=0x00000000
        6705000	       669	80001288	f0efe813	ori	x16,x31,-242	 x31:0x00000001 x16=0xffffff0f
        6715000	       670	8000128c	01a5d733	srl	x14,x11,x26	 x11:0x00000008 x26:0x29db7000 x14=0x00000008
        6725000	       671	80001290	419b0d33	sub	x26,x22,x25	 x22:0x00000000 x25:0x000005a7 x26=0xfffffa59
        6735000	       672	80001294	00898d33	add	x26,x19,x8	 x19:0xc7531000  x8:0xd16a9817 x26=0x98bda817
        6745000	       673	80001298	0186d513	srli	x10,x13,0x18	 x13:0x00000000 x10=0x00000000
        6755000	       674	8000129c	400adb93	srai	x23,x21,0x0	 x21:0x00000001 x23=0x00000001
        6765000	       675	800012a0	02a45a63	bge	x8,x10,800012d4	  x8:0xd16a9817 x10:0x00000000
        6775000	       676	800012a4	032d7a63	bgeu	x26,x18,800012d8	 x26:0x98bda817 x18:0x80009f84
        6785000	       677	00000000	00000013	addi	x0,x0,0	  x0:0x00000000
        6795000	       678	800012d4	00000013	addi	x0,x0,0	  x0:0x00000000
        6805000	       679	800012d8	07441137	lui	x2,0x7441	  x2=0x07441000
        6815000	       680	800012dc	fe5a0e97	auipc	x29,0xfe5a0	 x29=0x7e5a12d8
        6825000	       681	800012e0	007c5093	srli	x1,x24,0x7	 x24:0x00000001  x1=0x00000000
        6835000	       682	800012e4	01987033	and	x0,x16,x25	 x16:0xffffff0f x25:0x000005a7
        6845000	       683	800012e8	01f4eb33	or	x22,x9,x31	  x9:0x00000000 x31:0x00000001 x22=0x00000001
        6855000	       684	800012ec	00954233	xor	x4,x10,x9	 x10:0x00000000  x9:0x00000000  x4=0x00000000
        6865000	       685	800012f0	3fc3e093	ori	x1,x7,1020	  x7:0x0000051f  x1=0x000007ff
        6875000	       686	800012f4	c1a83013	sltiu	x0,x16,-998	 x16:0xffffff0f
        6885000	       687	800012f8	016e51b3	srl	x3,x28,x22	 x28:0x00000000 x22:0x00000001  x3=0x00000000
        6895000	       688	800012fc	0193d233	srl	x4,x7,x25	  x7:0x0000051f x25:0x000005a7  x4=0x0000000a
        6905000	       689	80001300	00001313	slli	x6,x0,0x0	  x0:0x00000000  x6=0x00000000
        6915000	       690	80001304	05af1663	bne	x30,x26,80001350	 x30:0x00000000 x26:0x98bda817
        6925000	       691	00000000	00000013	addi	x0,x0,0	  x0:0x00000000
        6935000	       692	8000134c	00000013	addi	x0,x0,0	  x0:0x00000000
        6945000	       693	80001350	6cb73a93	sltiu	x21,x14,1739	 x14:0x00000008 x21=0x00000001
        6955000	       694	80001354	02119a63	bne	x3,x1,80001388	  x3:0x00000000  x1:0x000007ff
        6965000	       695	00000000	00000013	addi	x0,x0,0	  x0:0x00000000
        6975000	       696	80001384	00000013	addi	x0,x0,0	  x0:0x00000000
        6985000	       697	80001388	013a5863	bge	x20,x19,80001398	 x20:0x00000000 x19:0xc7531000
        6995000	       698	00000000	00000013	addi	x0,x0,0	  x0:0x00000000
        7005000	       699	80001394	00000013	addi	x0,x0,0	  x0:0x00000000
        7015000	       700	80001398	00e36533	or	x10,x6,x14	  x6:0x00000000 x14:0x00000008 x10=0x00000008
        7025000	       701	8000139c	001ab333	sltu	x6,x21,x1	 x21:0x00000001  x1:0x000007ff  x6=0x00000001
        7035000	       702	800013a0	40f95f33	sra	x30,x18,x15	 x18:0x80009f84 x15:0x014a1000 x30=0x80009f84
        7045000	       703	800013a4	05dc4663	blt	x24,x29,800013f0	 x24:0x00000001 x29:0x7e5a12d8
        7055000	       704	00000000	00000013	addi	x0,x0,0	  x0:0x00000000
        7065000	       705	800013ec	00000013	addi	x0,x0,0	  x0:0x00000000
        7075000	       706	800013f0	0344dc63	bge	x9,x20,80001428	  x9:0x00000000 x20:0x00000000
        7085000	       707	00000000	00000013	addi	x0,x0,0	  x0:0x00000000
        7095000	       708	80001424	00000013	addi	x0,x0,0	  x0:0x00000000
        7105000	       709	80001428	038adc63	bge	x21,x24,80001460	 x21:0x00000001 x24:0x00000001
        7115000	       710	00000000	00000013	addi	x0,x0,0	  x0:0x00000000
        7125000	       711	8000145c	00000013	addi	x0,x0,0	  x0:0x00000000
        7135000	       712	80001460	0548c463	blt	x17,x20,800014a8	 x17:0x80009fc4 x20:0x00000000
        7145000	       713	00000000	00000013	addi	x0,x0,0	  x0:0x00000000
        7155000	       714	800014a4	00000013	addi	x0,x0,0	  x0:0x00000000
        7165000	       715	800014a8	00e65863	bge	x12,x14,800014b8	 x12:0xfffffee3 x14:0x00000008
        7175000	       716	800014ac	109a3e97	auipc	x29,0x109a3	 x29=0x909a44a8
        7185000	       717	800014b0	01cce833	or	x16,x25,x28	 x25:0x000005a7 x28:0x00000000 x16=0x000005a7
        7195000	       718	800014b4	00864eb3	xor	x29,x12,x8	 x12:0xfffffee3  x8:0xd16a9817 x29=0x2e9566f4
        7205000	       719	800014b8	bef1c013	xori	x0,x3,-1041	  x3:0x00000000
        7215000	       720	800014bc	407fd9b3	sra	x19,x31,x7	 x31:0x00000001  x7:0x0000051f x19=0x00000000
        7225000	       721	800014c0	372dcf13	xori	x30,x27,882	 x27:0x29db7000 x30=0x29db7372
        7235000	       722	800014c4	cf718b93	addi	x23,x3,-777	  x3:0x00000000 x23=0xfffffcf7
        7245000	       723	800014c8	40d983b3	sub	x7,x19,x13	 x19:0x00000000 x13:0x00000000  x7=0x00000000
        7255000	       724	800014cc	c6c9e213	ori	x4,x19,-916	 x19:0x00000000  x4=0xfffffc6c
        7265000	       725	800014d0	01c31f33	sll	x30,x6,x28	  x6:0x00000001 x28:0x00000000 x30=0x00000001
        7275000	       726	800014d4	75152417	auipc	x8,0x75152	  x8=0xf51534d0
        7285000	       727	800014d8	009cc5b3	xor	x11,x25,x9	 x25:0x000005a7  x9:0x00000000 x11=0x000005a7
        7295000	       728	800014dc	eb643093	sltiu	x1,x8,-330	  x8:0xf51534d0  x1=0x00000001
        7305000	       729	800014e0	19a2fe13	andi	x28,x5,410	  x5:0x00000001 x28=0x00000000
        7315000	       730	800014e4	05187663	bgeu	x16,x17,80001530	 x16:0x000005a7 x17:0x80009fc4
        7325000	       731	800014e8	413a5233	sra	x4,x20,x19	 x20:0x00000000 x19:0x00000000  x4=0x00000000
        7335000	       732	800014ec	0043dc63	bge	x7,x4,80001504	  x7:0x00000000  x4:0x00000000
        7345000	       733	00000000	00000013	addi	x0,x0,0	  x0:0x00000000
        7355000	       734	80001500	00000013	addi	x0,x0,0	  x0:0x00000000
        7365000	       735	80001504	417d5513	srai	x10,x26,0x17	 x26:0x98bda817 x10=0xffffff31
        7375000	       736	80001508	44f08413	addi	x8,x1,1103	  x1:0x00000001  x8=0x00000450
        7385000	       737	8000150c	41cb5533	sra	x10,x22,x28	 x22:0x00000001 x28:0x00000000 x10=0x00000001
        7395000	       738	80001510	003d22b3	slt	x5,x26,x3	 x26:0x98bda817  x3:0x00000000  x5=0x00000001
        7405000	       739	80001514	02089863	bne	x17,x0,80001544	 x17:0x80009fc4  x0:0x00000000
        7415000	       740	00000000	00000013	addi	x0,x0,0	  x0:0x00000000
        7425000	       741	80001540	00000013	addi	x0,x0,0	  x0:0x00000000
        7435000	       742	80001544	00c39f13	slli	x30,x7,0xc	  x7:0x00000000 x30=0x00000000
        7445000	       743	80001548	849c2b13	slti	x22,x24,-1975	 x24:0x00000001 x22=0x00000000
        7455000	       744	8000154c	02687863	bgeu	x16,x6,8000157c	 x16:0x000005a7  x6:0x00000001
        7465000	       745	00000000	00000013	addi	x0,x0,0	  x0:0x00000000
        7475000	       746	80001578	00000013	addi	x0,x0,0	  x0:0x00000000
        7485000	       747	8000157c	6f71ce93	xori	x29,x3,1783	  x3:0x00000000 x29=0x000006f7
        7495000	       748	80001580	03c3e263	bltu	x7,x28,800015a4	  x7:0x00000000 x28:0x00000000
        7505000	       749	80001584	40d68ab3	sub	x21,x13,x13	 x13:0x00000000 x13:0x00000000 x21=0x00000000
        7515000	       750	80001588	02d48063	beq	x9,x13,800015a8	  x9:0x00000000 x13:0x00000000
        7525000	       751	00000000	00000013	addi	x0,x0,0	  x0:0x00000000
        7535000	       752	800015a4	00000013	addi	x0,x0,0	  x0:0x00000000
        7545000	       753	800015a8	a9a14197	auipc	x3,0xa9a14	  x3=0x29a155a4
        7555000	       754	800015ac	01b9d863	bge	x19,x27,800015bc	 x19:0x00000000 x27:0x29db7000
        7565000	       755	800015b0	f5692d13	slti	x26,x18,-170	 x18:0x80009f84 x26=0x00000001
        7575000	       756	800015b4	01937333	and	x6,x6,x25	  x6:0x00000001 x25:0x000005a7  x6=0x00000001
        7585000	       757	800015b8	6357ca13	xori	x20,x15,1589	 x15:0x014a1000 x20=0x014a1635
        7595000	       758	800015bc	40785993	srai	x19,x16,0x7	 x16:0x000005a7 x19=0x0000000b
        7605000	       759	800015c0	da1e4f13	xori	x30,x28,-607	 x28:0x00000000 x30=0xfffffda1
        7615000	       760	800015c4	005a1213	slli	x4,x20,0x5	 x20:0x014a1635  x4=0x2942c6a0
        7625000	       761	800015c8	ac2c3837	lui	x16,0xac2c3	 x16=0xac2c3000
        7635000	       762	800015cc	321d0813	addi	x16,x26,801	 x26:0x00000001 x16=0x00000322
        7645000	       763	800015d0	bd29a293	slti	x5,x19,-1070	 x19:0x0000000b  x5=0x00000000
        7655000	       764	800015d4	61948513	addi	x10,x9,1561	  x9:0x00000000 x10=0x00000619
        7665000	       765	800015d8	40ccdeb3	sra	x29,x25,x12	 x25:0x000005a7 x12:0xfffffee3 x29=0x000000b4
        7675000	       766	800015dc	2ff1f093	andi	x1,x3,767	  x3:0x29a155a4  x1=0x000000a4
        7685000	       767	800015e0	03f69e63	bne	x13,x31,8000161c	 x13:0x00000000 x31:0x00000001
        7695000	       768	00000000	00000013	addi	x0,x0,0	  x0:0x00000000
        7705000	       769	80001618	00000013	addi	x0,x0,0	  x0:0x00000000
        7715000	       770	8000161c	a5f56193	ori	x3,x10,-1441	 x10:0x00000619  x3=0xfffffe5f
        7725000	       771	80001620	055cd863	bge	x25,x21,80001670	 x25:0x000005a7 x21:0x00000000
        7735000	       772	00000000	00000013	addi	x0,x0,0	  x0:0x00000000
        7745000	       773	8000166c	00000013	addi	x0,x0,0	  x0:0x00000000
        7755000	       774	80001670	02cb8c63	beq	x23,x12,800016a8	 x23:0xfffffcf7 x12:0xfffffee3
        7765000	       775	80001674	03897663	bgeu	x18,x24,800016a0	 x18:0x80009f84 x24:0x00000001
        7775000	       776	00000000	00000013	addi	x0,x0,0	  x0:0x00000000
        7785000	       777	8000169c	00000013	addi	x0,x0,0	  x0:0x00000000
        7795000	       778	800016a0	04e94313	xori	x6,x18,78	 x18:0x80009f84  x6=0x80009fca
        7805000	       779	800016a4	bc258213	addi	x4,x11,-1086	 x11:0x000005a7  x4=0x00000169
        7815000	       780	800016a8	1dba0317	auipc	x6,0x1dba0	  x6=0x9dba16a4
        7825000	       781	800016ac	41888bb3	sub	x23,x17,x24	 x17:0x80009fc4 x24:0x00000001 x23=0x80009fc3
        7835000	       782	800016b0	e5006093	ori	x1,x0,-432	  x0:0x00000000  x1=0xfffffe50
        7845000	       783	800016b4	f3f35617	auipc	x12,0xf3f35	 x12=0x73f366b0
        7855000	       784	800016b8	00e64c63	blt	x12,x14,800016d0	 x12:0x73f366b0 x14:0x00000008
        7865000	       785	800016bc	009802b3	add	x5,x16,x9	 x16:0x00000322  x9:0x00000000  x5=0x00000322
        7875000	       786	800016c0	47953213	sltiu	x4,x10,1145	 x10:0x00000619  x4=0x00000000
        7885000	       787	800016c4	e6a8fd93	andi	x27,x17,-406	 x17:0x80009fc4 x27=0x80009e40
        7895000	       788	800016c8	ed413293	sltiu	x5,x2,-300	  x2:0x07441000  x5=0x00000001
        7905000	       789	800016cc	004dd263	bge	x27,x4,800016d0	 x27:0x80009e40  x4:0x00000000
        7915000	       790	800016d0	40ba0ab3	sub	x21,x20,x11	 x20:0x014a1635 x11:0x000005a7 x21=0x014a108e
        7925000	       791	800016d4	00000497	auipc	x9,0x0	  x9=0x800016d0
        7935000	       792	800016d8	00c48493	addi	x9,x9,12	  x9:0x800016d0  x9=0x800016dc
        7945000	       793	800016dc	00048067	jalr	x0,x9,0	  x9:0x800016dc
        7955000	       794	00000000	00000013	addi	x0,x0,0	  x0:0x00000000
        7965000	       795	800016dc	00000013	addi	x0,x0,0	  x0:0x00000000
        7975000	       796	800016e0	00100193	addi	x3,x0,1	  x0:0x00000000  x3=0x00000001
        7985000	       797	800016e4	00000073	ecall	
        7995000	       798	800016e8	00707b33	and	x22,x0,x7	  x0:0x00000000  x7:0x00000000 x22=0x00000000
